--------------- Clean Started: 05/13/2021 12:45:46 Project: Riaszto, Configuration: ARM GCC 5.4-2016-q2-update Debug ---------------
Deleting file ".\CortexM3\ARM_GCC_541\Debug\main.o"
Deleting file ".\CortexM3\ARM_GCC_541\Debug\d1302.o"
Deleting file ".\CortexM3\ARM_GCC_541\Debug\TaskFIFO.o"
Deleting file ".\CortexM3\ARM_GCC_541\Debug\PeriodicTask.o"
Deleting file ".\CortexM3\ARM_GCC_541\Debug\Keypad.o"
Deleting file ".\CortexM3\ARM_GCC_541\Debug\hb100movement.o"
Deleting file ".\CortexM3\ARM_GCC_541\Debug\EEPROM_Helper.o"
Deleting file ".\CortexM3\ARM_GCC_541\Debug\cyfitter_cfg.o"
Deleting file ".\CortexM3\ARM_GCC_541\Debug\cymetadata.o"
Deleting file ".\CortexM3\ARM_GCC_541\Debug\LCD.o"
Deleting file ".\CortexM3\ARM_GCC_541\Debug\LCD_PM.o"
Deleting file ".\CortexM3\ARM_GCC_541\Debug\LCD_LCDPort.o"
Deleting file ".\CortexM3\ARM_GCC_541\Debug\Cm3Start.o"
Deleting file ".\CortexM3\ARM_GCC_541\Debug\CyBootAsmGnu.o"
Deleting file ".\CortexM3\ARM_GCC_541\Debug\CyDmac.o"
Deleting file ".\CortexM3\ARM_GCC_541\Debug\CyFlash.o"
Deleting file ".\CortexM3\ARM_GCC_541\Debug\CyLib.o"
Deleting file ".\CortexM3\ARM_GCC_541\Debug\cyPm.o"
Deleting file ".\CortexM3\ARM_GCC_541\Debug\CySpc.o"
Deleting file ".\CortexM3\ARM_GCC_541\Debug\cyutils.o"
Deleting file ".\CortexM3\ARM_GCC_541\Debug\cy_em_eeprom.o"
Deleting file ".\CortexM3\ARM_GCC_541\Debug\ROW1.o"
Deleting file ".\CortexM3\ARM_GCC_541\Debug\ROW2.o"
Deleting file ".\CortexM3\ARM_GCC_541\Debug\ROW3.o"
Deleting file ".\CortexM3\ARM_GCC_541\Debug\ROW4.o"
Deleting file ".\CortexM3\ARM_GCC_541\Debug\COL1.o"
Deleting file ".\CortexM3\ARM_GCC_541\Debug\COL2.o"
Deleting file ".\CortexM3\ARM_GCC_541\Debug\COL3.o"
Deleting file ".\CortexM3\ARM_GCC_541\Debug\COL4.o"
Deleting file ".\CortexM3\ARM_GCC_541\Debug\SDAT_1.o"
Deleting file ".\CortexM3\ARM_GCC_541\Debug\SCLK_1.o"
Deleting file ".\CortexM3\ARM_GCC_541\Debug\SPIM.o"
Deleting file ".\CortexM3\ARM_GCC_541\Debug\SPIM_PM.o"
Deleting file ".\CortexM3\ARM_GCC_541\Debug\SPIM_INT.o"
Deleting file ".\CortexM3\ARM_GCC_541\Debug\SS.o"
Deleting file ".\CortexM3\ARM_GCC_541\Debug\SPIM_IntClock.o"
Deleting file ".\CortexM3\ARM_GCC_541\Debug\UART.o"
Deleting file ".\CortexM3\ARM_GCC_541\Debug\UART_PM.o"
Deleting file ".\CortexM3\ARM_GCC_541\Debug\UART_INT.o"
Deleting file ".\CortexM3\ARM_GCC_541\Debug\UART_BOOT.o"
Deleting file ".\CortexM3\ARM_GCC_541\Debug\UART_IntClock.o"
Deleting file ".\CortexM3\ARM_GCC_541\Debug\RADAR.o"
Deleting file ".\CortexM3\ARM_GCC_541\Debug\timer_clock.o"
Deleting file ".\CortexM3\ARM_GCC_541\Debug\Timer.o"
Deleting file ".\CortexM3\ARM_GCC_541\Debug\Timer_PM.o"
Deleting file ".\CortexM3\ARM_GCC_541\Debug\isr_Timer.o"
Deleting file ".\CortexM3\ARM_GCC_541\Debug\REED_RELAY.o"
Deleting file ".\CortexM3\ARM_GCC_541\Debug\BACKLIGHT.o"
Deleting file ".\CortexM3\ARM_GCC_541\Debug\PWM_BACKLIGHT.o"
Deleting file ".\CortexM3\ARM_GCC_541\Debug\PWM_BACKLIGHT_PM.o"
Deleting file ".\CortexM3\ARM_GCC_541\Debug\pwn1_clk.o"
Deleting file ".\CortexM3\ARM_GCC_541\Debug\PWM_BEEPER.o"
Deleting file ".\CortexM3\ARM_GCC_541\Debug\PWM_BEEPER_PM.o"
Deleting file ".\CortexM3\ARM_GCC_541\Debug\beeper_clk.o"
Deleting file ".\CortexM3\ARM_GCC_541\Debug\BEEPER.o"
Deleting file ".\CortexM3\ARM_GCC_541\Debug\ADC_SAR_PR.o"
Deleting file ".\CortexM3\ARM_GCC_541\Debug\ADC_SAR_PR_INT.o"
Deleting file ".\CortexM3\ARM_GCC_541\Debug\ADC_SAR_PR_PM.o"
Deleting file ".\CortexM3\ARM_GCC_541\Debug\PHRES.o"
Deleting file ".\CortexM3\ARM_GCC_541\Debug\ADC_SAR_PR_IRQ.o"
Deleting file ".\CortexM3\ARM_GCC_541\Debug\ADC_SAR_PR_theACLK.o"
Deleting file ".\CortexM3\ARM_GCC_541\Debug\ADC_SAR_RADAR.o"
Deleting file ".\CortexM3\ARM_GCC_541\Debug\ADC_SAR_RADAR_INT.o"
Deleting file ".\CortexM3\ARM_GCC_541\Debug\ADC_SAR_RADAR_PM.o"
Deleting file ".\CortexM3\ARM_GCC_541\Debug\ADC_SAR_RADAR_IRQ.o"
Deleting file ".\CortexM3\ARM_GCC_541\Debug\ADC_SAR_RADAR_theACLK.o"
Deleting file ".\CortexM3\ARM_GCC_541\Debug\EEPROM.o"
Deleting file ".\CortexM3\ARM_GCC_541\Debug\UART_GSM.o"
Deleting file ".\CortexM3\ARM_GCC_541\Debug\UART_GSM_PM.o"
Deleting file ".\CortexM3\ARM_GCC_541\Debug\UART_GSM_INT.o"
Deleting file ".\CortexM3\ARM_GCC_541\Debug\UART_GSM_BOOT.o"
Deleting file ".\CortexM3\ARM_GCC_541\Debug\UART_GSM_IntClock.o"
Deleting file ".\CortexM3\ARM_GCC_541\Debug\VDAC8.o"
Deleting file ".\CortexM3\ARM_GCC_541\Debug\VDAC8_PM.o"
Deleting file ".\CortexM3\ARM_GCC_541\Debug\Riaszto.hex"
Deleting file ".\CortexM3\ARM_GCC_541\Debug\Riaszto.elf"
Deleting file ".\CortexM3\ARM_GCC_541\Debug\Riaszto.map"
Deleting file ".\Riaszto.cycdx"
Deleting file ".\Riaszto.svd"
Deleting file ".\Riaszto.rpt"
Deleting file ".\Riaszto_timing.html"
Deleting file ".\CortexM3\ARM_GCC_541\Debug\.deps\SOURCE_C__ARM_GCC_GENERIC.P"
Deleting file ".\CortexM3\ARM_GCC_541\Debug\.deps\SOURCE_ASM__ARM_GCC_GENERIC.P"
--------------- Clean Succeeded: 05/13/2021 12:45:46 ---------------
