--------------- Rebuild Started: 04/25/2021 14:05:52 Project: Riaszto, Configuration: ARM GCC 5.4-2016-q2-update Debug ---------------
Deleting file ".\CortexM3\ARM_GCC_541\Debug\cyfitter_cfg.o"
Deleting file ".\CortexM3\ARM_GCC_541\Debug\cymetadata.o"
Deleting file ".\CortexM3\ARM_GCC_541\Debug\LCD.o"
Deleting file ".\CortexM3\ARM_GCC_541\Debug\LCD_PM.o"
Deleting file ".\CortexM3\ARM_GCC_541\Debug\LCD_LCDPort.o"
Deleting file ".\CortexM3\ARM_GCC_541\Debug\Cm3Start.o"
Deleting file ".\CortexM3\ARM_GCC_541\Debug\CyBootAsmGnu.o"
Deleting file ".\CortexM3\ARM_GCC_541\Debug\CyDmac.o"
Deleting file ".\CortexM3\ARM_GCC_541\Debug\CyFlash.o"
Deleting file ".\CortexM3\ARM_GCC_541\Debug\CyLib.o"
Deleting file ".\CortexM3\ARM_GCC_541\Debug\cyPm.o"
Deleting file ".\CortexM3\ARM_GCC_541\Debug\CySpc.o"
Deleting file ".\CortexM3\ARM_GCC_541\Debug\cyutils.o"
Deleting file ".\CortexM3\ARM_GCC_541\Debug\cy_em_eeprom.o"
Deleting file ".\CortexM3\ARM_GCC_541\Debug\ROW1.o"
Deleting file ".\CortexM3\ARM_GCC_541\Debug\ROW2.o"
Deleting file ".\CortexM3\ARM_GCC_541\Debug\ROW3.o"
Deleting file ".\CortexM3\ARM_GCC_541\Debug\ROW4.o"
Deleting file ".\CortexM3\ARM_GCC_541\Debug\COL1.o"
Deleting file ".\CortexM3\ARM_GCC_541\Debug\COL2.o"
Deleting file ".\CortexM3\ARM_GCC_541\Debug\COL3.o"
Deleting file ".\CortexM3\ARM_GCC_541\Debug\COL4.o"
Deleting file ".\CortexM3\ARM_GCC_541\Debug\SDAT_1.o"
Deleting file ".\CortexM3\ARM_GCC_541\Debug\SCLK_1.o"
Deleting file ".\CortexM3\ARM_GCC_541\Debug\SPIM.o"
Deleting file ".\CortexM3\ARM_GCC_541\Debug\SPIM_PM.o"
Deleting file ".\CortexM3\ARM_GCC_541\Debug\SPIM_INT.o"
Deleting file ".\CortexM3\ARM_GCC_541\Debug\SS.o"
Deleting file ".\CortexM3\ARM_GCC_541\Debug\SPIM_IntClock.o"
Deleting file ".\CortexM3\ARM_GCC_541\Debug\UART.o"
Deleting file ".\CortexM3\ARM_GCC_541\Debug\UART_PM.o"
Deleting file ".\CortexM3\ARM_GCC_541\Debug\UART_INT.o"
Deleting file ".\CortexM3\ARM_GCC_541\Debug\UART_BOOT.o"
Deleting file ".\CortexM3\ARM_GCC_541\Debug\UART_IntClock.o"
Deleting file ".\CortexM3\ARM_GCC_541\Debug\Riaszto.hex"
Deleting file ".\CortexM3\ARM_GCC_541\Debug\Riaszto.elf"
Deleting file ".\CortexM3\ARM_GCC_541\Debug\Riaszto.map"
Deleting file ".\Riaszto.rpt"
Deleting file ".\Riaszto_timing.html"
Deleting file ".\CortexM3\ARM_GCC_541\Debug\.deps\SOURCE_C__ARM_GCC_GENERIC.P"
Deleting file ".\CortexM3\ARM_GCC_541\Debug\.deps\SOURCE_ASM__ARM_GCC_GENERIC.P"
cydsfit.exe -.appdatapath "C:\Users\David\AppData\Local\Cypress Semiconductor\PSoC Creator\4.4" -.fdsnotice -.fdswarpdepfile=warp_dependencies.txt -.fdselabdepfile=elab_dependencies.txt -.fdsbldfile=generated_files.txt -.fdsreffile=referenced_files.txt -p "C:\Users\David\Documents\PSoC Creator\Keypadtest\Riaszto.cydsn\Riaszto.cyprj" -d CY8C5888LTI-LP097 -s "C:\Users\David\Documents\PSoC Creator\Keypadtest\Riaszto.cydsn\Generated_Source\PSoC5" -- -yv2 -q10 -ygs -o2 -v3 -.fftcfgtype=LE
Elaborating Design...
ADD: sdb.M0050: error: Terminal "kill" requires connection when it is visible.
 * C:\Users\David\Documents\PSoC Creator\Keypadtest\Riaszto.cydsn\TopDesign\TopDesign.cysch (Signal: Net_555)
 * C:\Users\David\Documents\PSoC Creator\Keypadtest\Riaszto.cydsn\TopDesign\TopDesign.cysch (Shape_46.21)
ADD: sdb.M0050: error: Terminal "kill" requires connection when it is visible.
 * C:\Users\David\Documents\PSoC Creator\Keypadtest\Riaszto.cydsn\TopDesign\TopDesign.cysch (Signal: Net_582)
 * C:\Users\David\Documents\PSoC Creator\Keypadtest\Riaszto.cydsn\TopDesign\TopDesign.cysch (Shape_65.21)
Error: fit.M0050: The fitter aborted due to errors, please address all errors and rebuild. (App=cydsfit)
--------------- Rebuild Failed: 04/25/2021 14:05:56 ---------------
