ARM GAS  C:\Users\David\AppData\Local\Temp\ccekZHyu.s 			page 1


   1              		.syntax unified
   2              		.cpu cortex-m3
   3              		.fpu softvfp
   4              		.eabi_attribute 20, 1
   5              		.eabi_attribute 21, 1
   6              		.eabi_attribute 23, 3
   7              		.eabi_attribute 24, 1
   8              		.eabi_attribute 25, 1
   9              		.eabi_attribute 26, 1
  10              		.eabi_attribute 30, 1
  11              		.eabi_attribute 34, 1
  12              		.eabi_attribute 18, 4
  13              		.thumb
  14              		.syntax unified
  15              		.file	"cymetadata.c"
  16              		.text
  17              	.Ltext0:
  18              		.cfi_sections	.debug_frame
  19              		.global	cy_metadata
  20              		.global	cy_meta_flashprotect
  21              		.global	cy_meta_wonvl
  22              		.global	cy_meta_custnvl
  23              		.global	cy_meta_configecc
  24              		.section	.cyconfigecc,"a",%progbits
  25              		.align	2
  26              		.type	cy_meta_configecc, %object
  27              		.size	cy_meta_configecc, 2324
  28              	cy_meta_configecc:
  29 0000 06       		.byte	6
  30 0001 4F       		.byte	79
  31 0002 00       		.byte	0
  32 0003 40       		.byte	64
  33 0004 05       		.byte	5
  34 0005 52       		.byte	82
  35 0006 00       		.byte	0
  36 0007 40       		.byte	64
  37 0008 01       		.byte	1
  38 0009 5B       		.byte	91
  39 000a 00       		.byte	0
  40 000b 40       		.byte	64
  41 000c 05       		.byte	5
  42 000d 64       		.byte	100
  43 000e 00       		.byte	0
  44 000f 40       		.byte	64
  45 0010 02       		.byte	2
  46 0011 65       		.byte	101
  47 0012 00       		.byte	0
  48 0013 40       		.byte	64
  49 0014 50       		.byte	80
  50 0015 00       		.byte	0
  51 0016 01       		.byte	1
  52 0017 40       		.byte	64
  53 0018 36       		.byte	54
  54 0019 01       		.byte	1
  55 001a 01       		.byte	1
  56 001b 40       		.byte	64
  57 001c 62       		.byte	98
ARM GAS  C:\Users\David\AppData\Local\Temp\ccekZHyu.s 			page 2


  58 001d 02       		.byte	2
  59 001e 01       		.byte	1
  60 001f 40       		.byte	64
  61 0020 43       		.byte	67
  62 0021 03       		.byte	3
  63 0022 01       		.byte	1
  64 0023 40       		.byte	64
  65 0024 61       		.byte	97
  66 0025 04       		.byte	4
  67 0026 01       		.byte	1
  68 0027 40       		.byte	64
  69 0028 50       		.byte	80
  70 0029 05       		.byte	5
  71 002a 01       		.byte	1
  72 002b 40       		.byte	64
  73 002c 52       		.byte	82
  74 002d 06       		.byte	6
  75 002e 01       		.byte	1
  76 002f 40       		.byte	64
  77 0030 46       		.byte	70
  78 0031 07       		.byte	7
  79 0032 01       		.byte	1
  80 0033 40       		.byte	64
  81 0034 04       		.byte	4
  82 0035 0A       		.byte	10
  83 0036 01       		.byte	1
  84 0037 40       		.byte	64
  85 0038 02       		.byte	2
  86 0039 0B       		.byte	11
  87 003a 01       		.byte	1
  88 003b 40       		.byte	64
  89 003c 01       		.byte	1
  90 003d 0F       		.byte	15
  91 003e 01       		.byte	1
  92 003f 40       		.byte	64
  93 0040 5C       		.byte	92
  94 0041 14       		.byte	20
  95 0042 01       		.byte	1
  96 0043 40       		.byte	64
  97 0044 51       		.byte	81
  98 0045 15       		.byte	21
  99 0046 01       		.byte	1
 100 0047 40       		.byte	64
 101 0048 4F       		.byte	79
 102 0049 16       		.byte	22
 103 004a 01       		.byte	1
 104 004b 40       		.byte	64
 105 004c 40       		.byte	64
 106 004d 17       		.byte	23
 107 004e 01       		.byte	1
 108 004f 40       		.byte	64
 109 0050 01       		.byte	1
 110 0051 19       		.byte	25
 111 0052 01       		.byte	1
 112 0053 40       		.byte	64
 113 0054 03       		.byte	3
 114 0055 1B       		.byte	27
ARM GAS  C:\Users\David\AppData\Local\Temp\ccekZHyu.s 			page 3


 115 0056 01       		.byte	1
 116 0057 40       		.byte	64
 117 0058 05       		.byte	5
 118 0059 40       		.byte	64
 119 005a 01       		.byte	1
 120 005b 40       		.byte	64
 121 005c 05       		.byte	5
 122 005d 41       		.byte	65
 123 005e 01       		.byte	1
 124 005f 40       		.byte	64
 125 0060 0B       		.byte	11
 126 0061 42       		.byte	66
 127 0062 01       		.byte	1
 128 0063 40       		.byte	64
 129 0064 06       		.byte	6
 130 0065 43       		.byte	67
 131 0066 01       		.byte	1
 132 0067 40       		.byte	64
 133 0068 01       		.byte	1
 134 0069 44       		.byte	68
 135 006a 01       		.byte	1
 136 006b 40       		.byte	64
 137 006c 03       		.byte	3
 138 006d 45       		.byte	69
 139 006e 01       		.byte	1
 140 006f 40       		.byte	64
 141 0070 04       		.byte	4
 142 0071 46       		.byte	70
 143 0072 01       		.byte	1
 144 0073 40       		.byte	64
 145 0074 01       		.byte	1
 146 0075 47       		.byte	71
 147 0076 01       		.byte	1
 148 0077 40       		.byte	64
 149 0078 04       		.byte	4
 150 0079 48       		.byte	72
 151 007a 01       		.byte	1
 152 007b 40       		.byte	64
 153 007c 12       		.byte	18
 154 007d 49       		.byte	73
 155 007e 01       		.byte	1
 156 007f 40       		.byte	64
 157 0080 04       		.byte	4
 158 0081 4C       		.byte	76
 159 0082 01       		.byte	1
 160 0083 40       		.byte	64
 161 0084 09       		.byte	9
 162 0085 4D       		.byte	77
 163 0086 01       		.byte	1
 164 0087 40       		.byte	64
 165 0088 05       		.byte	5
 166 0089 50       		.byte	80
 167 008a 01       		.byte	1
 168 008b 40       		.byte	64
 169 008c 01       		.byte	1
 170 008d 51       		.byte	81
 171 008e 01       		.byte	1
ARM GAS  C:\Users\David\AppData\Local\Temp\ccekZHyu.s 			page 4


 172 008f 40       		.byte	64
 173 0090 01       		.byte	1
 174 0091 30       		.byte	48
 175 0092 0A       		.byte	10
 176 0093 4B       		.byte	75
 177 0094 0D       		.byte	13
 178 0095 50       		.byte	80
 179 0096 16       		.byte	22
 180 0097 4B       		.byte	75
 181 0098 19       		.byte	25
 182 0099 40       		.byte	64
 183 009a 22       		.byte	34
 184 009b 4B       		.byte	75
 185 009c 01       		.byte	1
 186 009d 04       		.byte	4
 187 009e 04       		.byte	4
 188 009f 08       		.byte	8
 189 00a0 11       		.byte	17
 190 00a1 80       		.byte	-128
 191 00a2 18       		.byte	24
 192 00a3 40       		.byte	64
 193 00a4 19       		.byte	25
 194 00a5 40       		.byte	64
 195 00a6 2F       		.byte	47
 196 00a7 21       		.byte	33
 197 00a8 80       		.byte	-128
 198 00a9 0F       		.byte	15
 199 00aa 81       		.byte	-127
 200 00ab 0F       		.byte	15
 201 00ac 82       		.byte	-126
 202 00ad 72       		.byte	114
 203 00ae 83       		.byte	-125
 204 00af 38       		.byte	56
 205 00b0 87       		.byte	-121
 206 00b1 72       		.byte	114
 207 00b2 85       		.byte	-123
 208 00b3 0F       		.byte	15
 209 00b4 87       		.byte	-121
 210 00b5 38       		.byte	56
 211 00b6 00       		.byte	0
 212 00b7 10       		.byte	16
 213 00b8 03       		.byte	3
 214 00b9 8C       		.byte	-116
 215 00ba 05       		.byte	5
 216 00bb 30       		.byte	48
 217 00bc 07       		.byte	7
 218 00bd 40       		.byte	64
 219 00be 0C       		.byte	12
 220 00bf 1C       		.byte	28
 221 00c0 0E       		.byte	14
 222 00c1 02       		.byte	2
 223 00c2 11       		.byte	17
 224 00c3 AC       		.byte	-84
 225 00c4 13       		.byte	19
 226 00c5 43       		.byte	67
 227 00c6 15       		.byte	21
 228 00c7 31       		.byte	49
ARM GAS  C:\Users\David\AppData\Local\Temp\ccekZHyu.s 			page 5


 229 00c8 16       		.byte	22
 230 00c9 03       		.byte	3
 231 00ca 17       		.byte	23
 232 00cb C6       		.byte	-58
 233 00cc 1C       		.byte	28
 234 00cd 09       		.byte	9
 235 00ce 1E       		.byte	30
 236 00cf 10       		.byte	16
 237 00d0 1F       		.byte	31
 238 00d1 08       		.byte	8
 239 00d2 20       		.byte	32
 240 00d3 0C       		.byte	12
 241 00d4 21       		.byte	33
 242 00d5 31       		.byte	49
 243 00d6 22       		.byte	34
 244 00d7 11       		.byte	17
 245 00d8 23       		.byte	35
 246 00d9 4E       		.byte	78
 247 00da 24       		.byte	36
 248 00db 14       		.byte	20
 249 00dc 28       		.byte	40
 250 00dd 10       		.byte	16
 251 00de 2A       		.byte	42
 252 00df 0C       		.byte	12
 253 00e0 2F       		.byte	47
 254 00e1 53       		.byte	83
 255 00e2 31       		.byte	49
 256 00e3 0F       		.byte	15
 257 00e4 32       		.byte	50
 258 00e5 1F       		.byte	31
 259 00e6 33       		.byte	51
 260 00e7 F0       		.byte	-16
 261 00e8 37       		.byte	55
 262 00e9 8A       		.byte	-118
 263 00ea 3B       		.byte	59
 264 00eb 8A       		.byte	-118
 265 00ec 40       		.byte	64
 266 00ed 64       		.byte	100
 267 00ee 41       		.byte	65
 268 00ef 05       		.byte	5
 269 00f0 45       		.byte	69
 270 00f1 0C       		.byte	12
 271 00f2 46       		.byte	70
 272 00f3 BE       		.byte	-66
 273 00f4 48       		.byte	72
 274 00f5 0D       		.byte	13
 275 00f6 49       		.byte	73
 276 00f7 FF       		.byte	-1
 277 00f8 4A       		.byte	74
 278 00f9 FF       		.byte	-1
 279 00fa 4B       		.byte	75
 280 00fb FF       		.byte	-1
 281 00fc 4E       		.byte	78
 282 00fd F0       		.byte	-16
 283 00fe 4F       		.byte	79
 284 00ff 44       		.byte	68
 285 0100 50       		.byte	80
ARM GAS  C:\Users\David\AppData\Local\Temp\ccekZHyu.s 			page 6


 286 0101 0C       		.byte	12
 287 0102 54       		.byte	84
 288 0103 01       		.byte	1
 289 0104 58       		.byte	88
 290 0105 04       		.byte	4
 291 0106 59       		.byte	89
 292 0107 04       		.byte	4
 293 0108 5A       		.byte	90
 294 0109 04       		.byte	4
 295 010a 5B       		.byte	91
 296 010b 04       		.byte	4
 297 010c 5C       		.byte	92
 298 010d 22       		.byte	34
 299 010e 5D       		.byte	93
 300 010f 12       		.byte	18
 301 0110 5F       		.byte	95
 302 0111 01       		.byte	1
 303 0112 66       		.byte	102
 304 0113 C0       		.byte	-64
 305 0114 6A       		.byte	106
 306 0115 40       		.byte	64
 307 0116 6B       		.byte	107
 308 0117 02       		.byte	2
 309 0118 80       		.byte	-128
 310 0119 0A       		.byte	10
 311 011a 82       		.byte	-126
 312 011b 11       		.byte	17
 313 011c 84       		.byte	-124
 314 011d 3F       		.byte	63
 315 011e 87       		.byte	-121
 316 011f 04       		.byte	4
 317 0120 88       		.byte	-120
 318 0121 3F       		.byte	63
 319 0122 91       		.byte	-111
 320 0123 02       		.byte	2
 321 0124 93       		.byte	-109
 322 0125 0C       		.byte	12
 323 0126 95       		.byte	-107
 324 0127 0F       		.byte	15
 325 0128 98       		.byte	-104
 326 0129 14       		.byte	20
 327 012a 9A       		.byte	-102
 328 012b 09       		.byte	9
 329 012c 9C       		.byte	-100
 330 012d 01       		.byte	1
 331 012e 9D       		.byte	-99
 332 012f 0F       		.byte	15
 333 0130 9E       		.byte	-98
 334 0131 06       		.byte	6
 335 0132 AC       		.byte	-84
 336 0133 20       		.byte	32
 337 0134 AD       		.byte	-83
 338 0135 10       		.byte	16
 339 0136 AF       		.byte	-81
 340 0137 05       		.byte	5
 341 0138 B0       		.byte	-80
 342 0139 20       		.byte	32
ARM GAS  C:\Users\David\AppData\Local\Temp\ccekZHyu.s 			page 7


 343 013a B1       		.byte	-79
 344 013b 04       		.byte	4
 345 013c B3       		.byte	-77
 346 013d 03       		.byte	3
 347 013e B4       		.byte	-76
 348 013f 18       		.byte	24
 349 0140 B6       		.byte	-74
 350 0141 07       		.byte	7
 351 0142 B7       		.byte	-73
 352 0143 18       		.byte	24
 353 0144 B9       		.byte	-71
 354 0145 88       		.byte	-120
 355 0146 BF       		.byte	-65
 356 0147 05       		.byte	5
 357 0148 D4       		.byte	-44
 358 0149 01       		.byte	1
 359 014a D8       		.byte	-40
 360 014b 04       		.byte	4
 361 014c D9       		.byte	-39
 362 014d 04       		.byte	4
 363 014e DB       		.byte	-37
 364 014f 04       		.byte	4
 365 0150 DC       		.byte	-36
 366 0151 21       		.byte	33
 367 0152 DD       		.byte	-35
 368 0153 20       		.byte	32
 369 0154 DF       		.byte	-33
 370 0155 01       		.byte	1
 371 0156 02       		.byte	2
 372 0157 02       		.byte	2
 373 0158 03       		.byte	3
 374 0159 80       		.byte	-128
 375 015a 04       		.byte	4
 376 015b 28       		.byte	40
 377 015c 07       		.byte	7
 378 015d 40       		.byte	64
 379 015e 08       		.byte	8
 380 015f 08       		.byte	8
 381 0160 09       		.byte	9
 382 0161 40       		.byte	64
 383 0162 0A       		.byte	10
 384 0163 60       		.byte	96
 385 0164 0B       		.byte	11
 386 0165 40       		.byte	64
 387 0166 0E       		.byte	14
 388 0167 05       		.byte	5
 389 0168 10       		.byte	16
 390 0169 20       		.byte	32
 391 016a 12       		.byte	18
 392 016b 88       		.byte	-120
 393 016c 15       		.byte	21
 394 016d 40       		.byte	64
 395 016e 16       		.byte	22
 396 016f 40       		.byte	64
 397 0170 17       		.byte	23
 398 0171 02       		.byte	2
 399 0172 1A       		.byte	26
ARM GAS  C:\Users\David\AppData\Local\Temp\ccekZHyu.s 			page 8


 400 0173 20       		.byte	32
 401 0174 1D       		.byte	29
 402 0175 10       		.byte	16
 403 0176 1E       		.byte	30
 404 0177 45       		.byte	69
 405 0178 20       		.byte	32
 406 0179 02       		.byte	2
 407 017a 22       		.byte	34
 408 017b 8A       		.byte	-118
 409 017c 24       		.byte	36
 410 017d 42       		.byte	66
 411 017e 25       		.byte	37
 412 017f 40       		.byte	64
 413 0180 27       		.byte	39
 414 0181 20       		.byte	32
 415 0182 28       		.byte	40
 416 0183 80       		.byte	-128
 417 0184 2B       		.byte	43
 418 0185 02       		.byte	2
 419 0186 2F       		.byte	47
 420 0187 02       		.byte	2
 421 0188 32       		.byte	50
 422 0189 0A       		.byte	10
 423 018a 33       		.byte	51
 424 018b 80       		.byte	-128
 425 018c 34       		.byte	52
 426 018d 80       		.byte	-128
 427 018e 36       		.byte	54
 428 018f 8A       		.byte	-118
 429 0190 38       		.byte	56
 430 0191 02       		.byte	2
 431 0192 3B       		.byte	59
 432 0193 04       		.byte	4
 433 0194 3F       		.byte	63
 434 0195 04       		.byte	4
 435 0196 43       		.byte	67
 436 0197 02       		.byte	2
 437 0198 48       		.byte	72
 438 0199 01       		.byte	1
 439 019a 4A       		.byte	74
 440 019b 18       		.byte	24
 441 019c 4B       		.byte	75
 442 019d 04       		.byte	4
 443 019e 50       		.byte	80
 444 019f 20       		.byte	32
 445 01a0 52       		.byte	82
 446 01a1 40       		.byte	64
 447 01a2 58       		.byte	88
 448 01a3 20       		.byte	32
 449 01a4 59       		.byte	89
 450 01a5 85       		.byte	-123
 451 01a6 5C       		.byte	92
 452 01a7 40       		.byte	64
 453 01a8 5D       		.byte	93
 454 01a9 04       		.byte	4
 455 01aa 5E       		.byte	94
 456 01ab 20       		.byte	32
ARM GAS  C:\Users\David\AppData\Local\Temp\ccekZHyu.s 			page 9


 457 01ac 5F       		.byte	95
 458 01ad 02       		.byte	2
 459 01ae C0       		.byte	-64
 460 01af 79       		.byte	121
 461 01b0 C2       		.byte	-62
 462 01b1 C5       		.byte	-59
 463 01b2 C4       		.byte	-60
 464 01b3 8E       		.byte	-114
 465 01b4 CA       		.byte	-54
 466 01b5 19       		.byte	25
 467 01b6 CC       		.byte	-52
 468 01b7 DB       		.byte	-37
 469 01b8 CE       		.byte	-50
 470 01b9 43       		.byte	67
 471 01ba D0       		.byte	-48
 472 01bb 01       		.byte	1
 473 01bc D2       		.byte	-46
 474 01bd 0C       		.byte	12
 475 01be D6       		.byte	-42
 476 01bf FF       		.byte	-1
 477 01c0 E6       		.byte	-26
 478 01c1 08       		.byte	8
 479 01c2 02       		.byte	2
 480 01c3 63       		.byte	99
 481 01c4 04       		.byte	4
 482 01c5 7C       		.byte	124
 483 01c6 06       		.byte	6
 484 01c7 01       		.byte	1
 485 01c8 08       		.byte	8
 486 01c9 40       		.byte	64
 487 01ca 0C       		.byte	12
 488 01cb 10       		.byte	16
 489 01cc 10       		.byte	16
 490 01cd 1C       		.byte	28
 491 01ce 12       		.byte	18
 492 01cf 62       		.byte	98
 493 01d0 16       		.byte	22
 494 01d1 04       		.byte	4
 495 01d2 18       		.byte	24
 496 01d3 67       		.byte	103
 497 01d4 1A       		.byte	26
 498 01d5 18       		.byte	24
 499 01d6 1C       		.byte	28
 500 01d7 60       		.byte	96
 501 01d8 20       		.byte	32
 502 01d9 7F       		.byte	127
 503 01da 24       		.byte	36
 504 01db 18       		.byte	24
 505 01dc 28       		.byte	40
 506 01dd 08       		.byte	8
 507 01de 2C       		.byte	44
 508 01df 24       		.byte	36
 509 01e0 2E       		.byte	46
 510 01e1 80       		.byte	-128
 511 01e2 32       		.byte	50
 512 01e3 80       		.byte	-128
 513 01e4 34       		.byte	52
ARM GAS  C:\Users\David\AppData\Local\Temp\ccekZHyu.s 			page 10


 514 01e5 78       		.byte	120
 515 01e6 36       		.byte	54
 516 01e7 1F       		.byte	31
 517 01e8 3A       		.byte	58
 518 01e9 A0       		.byte	-96
 519 01ea 3B       		.byte	59
 520 01eb 80       		.byte	-128
 521 01ec 40       		.byte	64
 522 01ed 02       		.byte	2
 523 01ee 46       		.byte	70
 524 01ef 04       		.byte	4
 525 01f0 49       		.byte	73
 526 01f1 FF       		.byte	-1
 527 01f2 4A       		.byte	74
 528 01f3 07       		.byte	7
 529 01f4 4B       		.byte	75
 530 01f5 FF       		.byte	-1
 531 01f6 4C       		.byte	76
 532 01f7 40       		.byte	64
 533 01f8 4D       		.byte	77
 534 01f9 20       		.byte	32
 535 01fa 4E       		.byte	78
 536 01fb F0       		.byte	-16
 537 01fc 4F       		.byte	79
 538 01fd 05       		.byte	5
 539 01fe 50       		.byte	80
 540 01ff 08       		.byte	8
 541 0200 56       		.byte	86
 542 0201 02       		.byte	2
 543 0202 57       		.byte	87
 544 0203 11       		.byte	17
 545 0204 58       		.byte	88
 546 0205 04       		.byte	4
 547 0206 59       		.byte	89
 548 0207 04       		.byte	4
 549 0208 5A       		.byte	90
 550 0209 04       		.byte	4
 551 020a 5B       		.byte	91
 552 020b 04       		.byte	4
 553 020c 5C       		.byte	92
 554 020d 21       		.byte	33
 555 020e 5D       		.byte	93
 556 020f 12       		.byte	18
 557 0210 5F       		.byte	95
 558 0211 01       		.byte	1
 559 0212 60       		.byte	96
 560 0213 40       		.byte	64
 561 0214 61       		.byte	97
 562 0215 A8       		.byte	-88
 563 0216 62       		.byte	98
 564 0217 40       		.byte	64
 565 0218 63       		.byte	99
 566 0219 20       		.byte	32
 567 021a 80       		.byte	-128
 568 021b 6C       		.byte	108
 569 021c 82       		.byte	-126
 570 021d 03       		.byte	3
ARM GAS  C:\Users\David\AppData\Local\Temp\ccekZHyu.s 			page 11


 571 021e 84       		.byte	-124
 572 021f 31       		.byte	49
 573 0220 85       		.byte	-123
 574 0221 53       		.byte	83
 575 0222 86       		.byte	-122
 576 0223 0E       		.byte	14
 577 0224 87       		.byte	-121
 578 0225 0C       		.byte	12
 579 0226 92       		.byte	-110
 580 0227 4C       		.byte	76
 581 0228 95       		.byte	-107
 582 0229 03       		.byte	3
 583 022a 97       		.byte	-105
 584 022b 44       		.byte	68
 585 022c 99       		.byte	-103
 586 022d 20       		.byte	32
 587 022e 9B       		.byte	-101
 588 022f 45       		.byte	69
 589 0230 9F       		.byte	-97
 590 0231 08       		.byte	8
 591 0232 A1       		.byte	-95
 592 0233 0A       		.byte	10
 593 0234 A2       		.byte	-94
 594 0235 08       		.byte	8
 595 0236 A3       		.byte	-93
 596 0237 54       		.byte	84
 597 0238 A5       		.byte	-91
 598 0239 53       		.byte	83
 599 023a A6       		.byte	-90
 600 023b 13       		.byte	19
 601 023c A7       		.byte	-89
 602 023d 04       		.byte	4
 603 023e A8       		.byte	-88
 604 023f 31       		.byte	49
 605 0240 AA       		.byte	-86
 606 0241 46       		.byte	70
 607 0242 B0       		.byte	-80
 608 0243 0F       		.byte	15
 609 0244 B1       		.byte	-79
 610 0245 40       		.byte	64
 611 0246 B2       		.byte	-78
 612 0247 30       		.byte	48
 613 0248 B3       		.byte	-77
 614 0249 0F       		.byte	15
 615 024a B4       		.byte	-76
 616 024b 4A       		.byte	74
 617 024c B7       		.byte	-73
 618 024d 30       		.byte	48
 619 024e B8       		.byte	-72
 620 024f 08       		.byte	8
 621 0250 B9       		.byte	-71
 622 0251 80       		.byte	-128
 623 0252 BA       		.byte	-70
 624 0253 22       		.byte	34
 625 0254 BB       		.byte	-69
 626 0255 08       		.byte	8
 627 0256 BE       		.byte	-66
ARM GAS  C:\Users\David\AppData\Local\Temp\ccekZHyu.s 			page 12


 628 0257 04       		.byte	4
 629 0258 BF       		.byte	-65
 630 0259 01       		.byte	1
 631 025a C0       		.byte	-64
 632 025b 03       		.byte	3
 633 025c C6       		.byte	-58
 634 025d 04       		.byte	4
 635 025e C9       		.byte	-55
 636 025f FF       		.byte	-1
 637 0260 CA       		.byte	-54
 638 0261 07       		.byte	7
 639 0262 CB       		.byte	-53
 640 0263 FF       		.byte	-1
 641 0264 CC       		.byte	-52
 642 0265 40       		.byte	64
 643 0266 CD       		.byte	-51
 644 0267 20       		.byte	32
 645 0268 CE       		.byte	-50
 646 0269 F0       		.byte	-16
 647 026a CF       		.byte	-49
 648 026b 05       		.byte	5
 649 026c D0       		.byte	-48
 650 026d 08       		.byte	8
 651 026e D4       		.byte	-44
 652 026f 18       		.byte	24
 653 0270 D8       		.byte	-40
 654 0271 04       		.byte	4
 655 0272 D9       		.byte	-39
 656 0273 04       		.byte	4
 657 0274 DA       		.byte	-38
 658 0275 04       		.byte	4
 659 0276 DB       		.byte	-37
 660 0277 04       		.byte	4
 661 0278 DC       		.byte	-36
 662 0279 11       		.byte	17
 663 027a DD       		.byte	-35
 664 027b 11       		.byte	17
 665 027c DF       		.byte	-33
 666 027d 01       		.byte	1
 667 027e E0       		.byte	-32
 668 027f 40       		.byte	64
 669 0280 E1       		.byte	-31
 670 0281 A8       		.byte	-88
 671 0282 E2       		.byte	-30
 672 0283 40       		.byte	64
 673 0284 E3       		.byte	-29
 674 0285 20       		.byte	32
 675 0286 01       		.byte	1
 676 0287 02       		.byte	2
 677 0288 03       		.byte	3
 678 0289 20       		.byte	32
 679 028a 05       		.byte	5
 680 028b 10       		.byte	16
 681 028c 06       		.byte	6
 682 028d 82       		.byte	-126
 683 028e 07       		.byte	7
 684 028f 10       		.byte	16
ARM GAS  C:\Users\David\AppData\Local\Temp\ccekZHyu.s 			page 13


 685 0290 0A       		.byte	10
 686 0291 80       		.byte	-128
 687 0292 0C       		.byte	12
 688 0293 01       		.byte	1
 689 0294 0D       		.byte	13
 690 0295 08       		.byte	8
 691 0296 0E       		.byte	14
 692 0297 05       		.byte	5
 693 0298 10       		.byte	16
 694 0299 A0       		.byte	-96
 695 029a 12       		.byte	18
 696 029b 08       		.byte	8
 697 029c 14       		.byte	20
 698 029d 40       		.byte	64
 699 029e 16       		.byte	22
 700 029f 18       		.byte	24
 701 02a0 17       		.byte	23
 702 02a1 40       		.byte	64
 703 02a2 19       		.byte	25
 704 02a3 02       		.byte	2
 705 02a4 1B       		.byte	27
 706 02a5 28       		.byte	40
 707 02a6 1D       		.byte	29
 708 02a7 08       		.byte	8
 709 02a8 1E       		.byte	30
 710 02a9 06       		.byte	6
 711 02aa 1F       		.byte	31
 712 02ab 10       		.byte	16
 713 02ac 21       		.byte	33
 714 02ad 04       		.byte	4
 715 02ae 22       		.byte	34
 716 02af 49       		.byte	73
 717 02b0 25       		.byte	37
 718 02b1 40       		.byte	64
 719 02b2 29       		.byte	41
 720 02b3 02       		.byte	2
 721 02b4 2B       		.byte	43
 722 02b5 20       		.byte	32
 723 02b6 30       		.byte	48
 724 02b7 28       		.byte	40
 725 02b8 32       		.byte	50
 726 02b9 40       		.byte	64
 727 02ba 34       		.byte	52
 728 02bb 01       		.byte	1
 729 02bc 36       		.byte	54
 730 02bd 01       		.byte	1
 731 02be 39       		.byte	57
 732 02bf 08       		.byte	8
 733 02c0 3A       		.byte	58
 734 02c1 80       		.byte	-128
 735 02c2 3B       		.byte	59
 736 02c3 40       		.byte	64
 737 02c4 43       		.byte	67
 738 02c5 08       		.byte	8
 739 02c6 47       		.byte	71
 740 02c7 20       		.byte	32
 741 02c8 48       		.byte	72
ARM GAS  C:\Users\David\AppData\Local\Temp\ccekZHyu.s 			page 14


 742 02c9 20       		.byte	32
 743 02ca 4D       		.byte	77
 744 02cb 80       		.byte	-128
 745 02cc 4E       		.byte	78
 746 02cd 01       		.byte	1
 747 02ce 50       		.byte	80
 748 02cf C0       		.byte	-64
 749 02d0 57       		.byte	87
 750 02d1 82       		.byte	-126
 751 02d2 5B       		.byte	91
 752 02d3 01       		.byte	1
 753 02d4 5E       		.byte	94
 754 02d5 20       		.byte	32
 755 02d6 60       		.byte	96
 756 02d7 04       		.byte	4
 757 02d8 61       		.byte	97
 758 02d9 40       		.byte	64
 759 02da 6C       		.byte	108
 760 02db 14       		.byte	20
 761 02dc 6D       		.byte	109
 762 02dd 40       		.byte	64
 763 02de 75       		.byte	117
 764 02df 08       		.byte	8
 765 02e0 76       		.byte	118
 766 02e1 1A       		.byte	26
 767 02e2 92       		.byte	-110
 768 02e3 01       		.byte	1
 769 02e4 93       		.byte	-109
 770 02e5 40       		.byte	64
 771 02e6 94       		.byte	-108
 772 02e7 28       		.byte	40
 773 02e8 95       		.byte	-107
 774 02e9 44       		.byte	68
 775 02ea 98       		.byte	-104
 776 02eb 08       		.byte	8
 777 02ec 99       		.byte	-103
 778 02ed 10       		.byte	16
 779 02ee 9A       		.byte	-102
 780 02ef 40       		.byte	64
 781 02f0 9B       		.byte	-101
 782 02f1 20       		.byte	32
 783 02f2 9C       		.byte	-100
 784 02f3 20       		.byte	32
 785 02f4 9D       		.byte	-99
 786 02f5 85       		.byte	-123
 787 02f6 9F       		.byte	-97
 788 02f7 40       		.byte	64
 789 02f8 A7       		.byte	-89
 790 02f9 82       		.byte	-126
 791 02fa C0       		.byte	-64
 792 02fb FC       		.byte	-4
 793 02fc C2       		.byte	-62
 794 02fd F8       		.byte	-8
 795 02fe C4       		.byte	-60
 796 02ff FE       		.byte	-2
 797 0300 CA       		.byte	-54
 798 0301 03       		.byte	3
ARM GAS  C:\Users\David\AppData\Local\Temp\ccekZHyu.s 			page 15


 799 0302 CC       		.byte	-52
 800 0303 0E       		.byte	14
 801 0304 CE       		.byte	-50
 802 0305 02       		.byte	2
 803 0306 D0       		.byte	-48
 804 0307 22       		.byte	34
 805 0308 D6       		.byte	-42
 806 0309 21       		.byte	33
 807 030a D8       		.byte	-40
 808 030b 0C       		.byte	12
 809 030c 09       		.byte	9
 810 030d 14       		.byte	20
 811 030e 0C       		.byte	12
 812 030f 02       		.byte	2
 813 0310 0D       		.byte	13
 814 0311 10       		.byte	16
 815 0312 11       		.byte	17
 816 0313 20       		.byte	32
 817 0314 13       		.byte	19
 818 0315 03       		.byte	3
 819 0316 15       		.byte	21
 820 0317 10       		.byte	16
 821 0318 17       		.byte	23
 822 0319 0C       		.byte	12
 823 031a 1D       		.byte	29
 824 031b 09       		.byte	9
 825 031c 1E       		.byte	30
 826 031d 01       		.byte	1
 827 031e 1F       		.byte	31
 828 031f 10       		.byte	16
 829 0320 21       		.byte	33
 830 0321 1C       		.byte	28
 831 0322 23       		.byte	35
 832 0323 02       		.byte	2
 833 0324 25       		.byte	37
 834 0325 0C       		.byte	12
 835 0326 27       		.byte	39
 836 0327 11       		.byte	17
 837 0328 2E       		.byte	46
 838 0329 01       		.byte	1
 839 032a 30       		.byte	48
 840 032b 01       		.byte	1
 841 032c 31       		.byte	49
 842 032d 1F       		.byte	31
 843 032e 32       		.byte	50
 844 032f 02       		.byte	2
 845 0330 37       		.byte	55
 846 0331 20       		.byte	32
 847 0332 3E       		.byte	62
 848 0333 05       		.byte	5
 849 0334 3F       		.byte	63
 850 0335 40       		.byte	64
 851 0336 40       		.byte	64
 852 0337 63       		.byte	99
 853 0338 41       		.byte	65
 854 0339 02       		.byte	2
 855 033a 45       		.byte	69
ARM GAS  C:\Users\David\AppData\Local\Temp\ccekZHyu.s 			page 16


 856 033b E0       		.byte	-32
 857 033c 46       		.byte	70
 858 033d B0       		.byte	-80
 859 033e 47       		.byte	71
 860 033f 0C       		.byte	12
 861 0340 48       		.byte	72
 862 0341 1A       		.byte	26
 863 0342 49       		.byte	73
 864 0343 FF       		.byte	-1
 865 0344 4A       		.byte	74
 866 0345 FF       		.byte	-1
 867 0346 4B       		.byte	75
 868 0347 FF       		.byte	-1
 869 0348 4E       		.byte	78
 870 0349 F0       		.byte	-16
 871 034a 4F       		.byte	79
 872 034b 44       		.byte	68
 873 034c 50       		.byte	80
 874 034d 0C       		.byte	12
 875 034e 58       		.byte	88
 876 034f 04       		.byte	4
 877 0350 59       		.byte	89
 878 0351 04       		.byte	4
 879 0352 5A       		.byte	90
 880 0353 04       		.byte	4
 881 0354 5C       		.byte	92
 882 0355 10       		.byte	16
 883 0356 5D       		.byte	93
 884 0357 01       		.byte	1
 885 0358 5F       		.byte	95
 886 0359 01       		.byte	1
 887 035a 66       		.byte	102
 888 035b C0       		.byte	-64
 889 035c 6A       		.byte	106
 890 035d 40       		.byte	64
 891 035e 6B       		.byte	107
 892 035f 02       		.byte	2
 893 0360 81       		.byte	-127
 894 0361 08       		.byte	8
 895 0362 82       		.byte	-126
 896 0363 04       		.byte	4
 897 0364 85       		.byte	-123
 898 0365 04       		.byte	4
 899 0366 8A       		.byte	-118
 900 0367 04       		.byte	4
 901 0368 8F       		.byte	-113
 902 0369 12       		.byte	18
 903 036a 91       		.byte	-111
 904 036b 1D       		.byte	29
 905 036c 93       		.byte	-109
 906 036d 02       		.byte	2
 907 036e 95       		.byte	-107
 908 036f 0C       		.byte	12
 909 0370 96       		.byte	-106
 910 0371 01       		.byte	1
 911 0372 99       		.byte	-103
 912 0373 0D       		.byte	13
ARM GAS  C:\Users\David\AppData\Local\Temp\ccekZHyu.s 			page 17


 913 0374 9B       		.byte	-101
 914 0375 12       		.byte	18
 915 0376 9E       		.byte	-98
 916 0377 02       		.byte	2
 917 0378 A1       		.byte	-95
 918 0379 1F       		.byte	31
 919 037a A2       		.byte	-94
 920 037b 01       		.byte	1
 921 037c A5       		.byte	-91
 922 037d 13       		.byte	19
 923 037e A7       		.byte	-89
 924 037f 0C       		.byte	12
 925 0380 B3       		.byte	-77
 926 0381 0E       		.byte	14
 927 0382 B4       		.byte	-76
 928 0383 06       		.byte	6
 929 0384 B5       		.byte	-75
 930 0385 01       		.byte	1
 931 0386 B6       		.byte	-74
 932 0387 01       		.byte	1
 933 0388 B7       		.byte	-73
 934 0389 1C       		.byte	28
 935 038a BB       		.byte	-69
 936 038b 08       		.byte	8
 937 038c BE       		.byte	-66
 938 038d 50       		.byte	80
 939 038e BF       		.byte	-65
 940 038f 10       		.byte	16
 941 0390 C0       		.byte	-64
 942 0391 35       		.byte	53
 943 0392 C1       		.byte	-63
 944 0393 06       		.byte	6
 945 0394 C2       		.byte	-62
 946 0395 04       		.byte	4
 947 0396 C4       		.byte	-60
 948 0397 02       		.byte	2
 949 0398 C6       		.byte	-58
 950 0399 C0       		.byte	-64
 951 039a C7       		.byte	-57
 952 039b E0       		.byte	-32
 953 039c C8       		.byte	-56
 954 039d 28       		.byte	40
 955 039e C9       		.byte	-55
 956 039f FF       		.byte	-1
 957 03a0 CA       		.byte	-54
 958 03a1 FF       		.byte	-1
 959 03a2 CB       		.byte	-53
 960 03a3 FF       		.byte	-1
 961 03a4 CC       		.byte	-52
 962 03a5 62       		.byte	98
 963 03a6 CD       		.byte	-51
 964 03a7 A0       		.byte	-96
 965 03a8 CE       		.byte	-50
 966 03a9 F0       		.byte	-16
 967 03aa CF       		.byte	-49
 968 03ab 41       		.byte	65
 969 03ac D0       		.byte	-48
ARM GAS  C:\Users\David\AppData\Local\Temp\ccekZHyu.s 			page 18


 970 03ad 0C       		.byte	12
 971 03ae D4       		.byte	-44
 972 03af 09       		.byte	9
 973 03b0 D8       		.byte	-40
 974 03b1 04       		.byte	4
 975 03b2 D9       		.byte	-39
 976 03b3 04       		.byte	4
 977 03b4 DA       		.byte	-38
 978 03b5 04       		.byte	4
 979 03b6 DB       		.byte	-37
 980 03b7 04       		.byte	4
 981 03b8 DC       		.byte	-36
 982 03b9 10       		.byte	16
 983 03ba DD       		.byte	-35
 984 03bb 01       		.byte	1
 985 03bc DF       		.byte	-33
 986 03bd 01       		.byte	1
 987 03be E6       		.byte	-26
 988 03bf 40       		.byte	64
 989 03c0 E7       		.byte	-25
 990 03c1 02       		.byte	2
 991 03c2 E9       		.byte	-23
 992 03c3 10       		.byte	16
 993 03c4 EA       		.byte	-22
 994 03c5 30       		.byte	48
 995 03c6 EB       		.byte	-21
 996 03c7 10       		.byte	16
 997 03c8 ED       		.byte	-19
 998 03c9 10       		.byte	16
 999 03ca EE       		.byte	-18
 1000 03cb 10       		.byte	16
 1001 03cc EF       		.byte	-17
 1002 03cd 12       		.byte	18
 1003 03ce 00       		.byte	0
 1004 03cf 80       		.byte	-128
 1005 03d0 05       		.byte	5
 1006 03d1 10       		.byte	16
 1007 03d2 07       		.byte	7
 1008 03d3 48       		.byte	72
 1009 03d4 0A       		.byte	10
 1010 03d5 02       		.byte	2
 1011 03d6 0E       		.byte	14
 1012 03d7 01       		.byte	1
 1013 03d8 0F       		.byte	15
 1014 03d9 20       		.byte	32
 1015 03da 12       		.byte	18
 1016 03db 01       		.byte	1
 1017 03dc 17       		.byte	23
 1018 03dd 02       		.byte	2
 1019 03de 19       		.byte	25
 1020 03df 04       		.byte	4
 1021 03e0 1B       		.byte	27
 1022 03e1 02       		.byte	2
 1023 03e2 1D       		.byte	29
 1024 03e3 60       		.byte	96
 1025 03e4 20       		.byte	32
 1026 03e5 02       		.byte	2
ARM GAS  C:\Users\David\AppData\Local\Temp\ccekZHyu.s 			page 19


 1027 03e6 21       		.byte	33
 1028 03e7 02       		.byte	2
 1029 03e8 26       		.byte	38
 1030 03e9 10       		.byte	16
 1031 03ea 27       		.byte	39
 1032 03eb 12       		.byte	18
 1033 03ec 29       		.byte	41
 1034 03ed 02       		.byte	2
 1035 03ee 2B       		.byte	43
 1036 03ef 20       		.byte	32
 1037 03f0 2C       		.byte	44
 1038 03f1 50       		.byte	80
 1039 03f2 2F       		.byte	47
 1040 03f3 50       		.byte	80
 1041 03f4 31       		.byte	49
 1042 03f5 02       		.byte	2
 1043 03f6 32       		.byte	50
 1044 03f7 48       		.byte	72
 1045 03f8 35       		.byte	53
 1046 03f9 08       		.byte	8
 1047 03fa 36       		.byte	54
 1048 03fb 01       		.byte	1
 1049 03fc 37       		.byte	55
 1050 03fd 10       		.byte	16
 1051 03fe 38       		.byte	56
 1052 03ff A0       		.byte	-96
 1053 0400 39       		.byte	57
 1054 0401 04       		.byte	4
 1055 0402 3B       		.byte	59
 1056 0403 08       		.byte	8
 1057 0404 3E       		.byte	62
 1058 0405 0A       		.byte	10
 1059 0406 3F       		.byte	63
 1060 0407 40       		.byte	64
 1061 0408 43       		.byte	67
 1062 0409 24       		.byte	36
 1063 040a 44       		.byte	68
 1064 040b 10       		.byte	16
 1065 040c 45       		.byte	69
 1066 040d 20       		.byte	32
 1067 040e 47       		.byte	71
 1068 040f 02       		.byte	2
 1069 0410 48       		.byte	72
 1070 0411 40       		.byte	64
 1071 0412 49       		.byte	73
 1072 0413 01       		.byte	1
 1073 0414 4A       		.byte	74
 1074 0415 08       		.byte	8
 1075 0416 4E       		.byte	78
 1076 0417 04       		.byte	4
 1077 0418 4F       		.byte	79
 1078 0419 40       		.byte	64
 1079 041a 50       		.byte	80
 1080 041b 18       		.byte	24
 1081 041c 51       		.byte	81
 1082 041d 08       		.byte	8
 1083 041e 57       		.byte	87
ARM GAS  C:\Users\David\AppData\Local\Temp\ccekZHyu.s 			page 20


 1084 041f 11       		.byte	17
 1085 0420 5C       		.byte	92
 1086 0421 02       		.byte	2
 1087 0422 5D       		.byte	93
 1088 0423 80       		.byte	-128
 1089 0424 5F       		.byte	95
 1090 0425 14       		.byte	20
 1091 0426 60       		.byte	96
 1092 0427 20       		.byte	32
 1093 0428 61       		.byte	97
 1094 0429 08       		.byte	8
 1095 042a 67       		.byte	103
 1096 042b 02       		.byte	2
 1097 042c 84       		.byte	-124
 1098 042d 40       		.byte	64
 1099 042e 86       		.byte	-122
 1100 042f 04       		.byte	4
 1101 0430 88       		.byte	-120
 1102 0431 01       		.byte	1
 1103 0432 90       		.byte	-112
 1104 0433 80       		.byte	-128
 1105 0434 92       		.byte	-110
 1106 0435 81       		.byte	-127
 1107 0436 93       		.byte	-109
 1108 0437 60       		.byte	96
 1109 0438 94       		.byte	-108
 1110 0439 04       		.byte	4
 1111 043a 95       		.byte	-107
 1112 043b 04       		.byte	4
 1113 043c 98       		.byte	-104
 1114 043d 08       		.byte	8
 1115 043e 99       		.byte	-103
 1116 043f 1A       		.byte	26
 1117 0440 9A       		.byte	-102
 1118 0441 4A       		.byte	74
 1119 0442 9B       		.byte	-101
 1120 0443 44       		.byte	68
 1121 0444 9C       		.byte	-100
 1122 0445 60       		.byte	96
 1123 0446 9D       		.byte	-99
 1124 0447 45       		.byte	69
 1125 0448 9F       		.byte	-97
 1126 0449 11       		.byte	17
 1127 044a A1       		.byte	-95
 1128 044b 40       		.byte	64
 1129 044c A2       		.byte	-94
 1130 044d 09       		.byte	9
 1131 044e A3       		.byte	-93
 1132 044f 20       		.byte	32
 1133 0450 A4       		.byte	-92
 1134 0451 08       		.byte	8
 1135 0452 A6       		.byte	-90
 1136 0453 10       		.byte	16
 1137 0454 A8       		.byte	-88
 1138 0455 20       		.byte	32
 1139 0456 AB       		.byte	-85
 1140 0457 44       		.byte	68
ARM GAS  C:\Users\David\AppData\Local\Temp\ccekZHyu.s 			page 21


 1141 0458 C0       		.byte	-64
 1142 0459 51       		.byte	81
 1143 045a C2       		.byte	-62
 1144 045b A1       		.byte	-95
 1145 045c C4       		.byte	-60
 1146 045d 11       		.byte	17
 1147 045e CA       		.byte	-54
 1148 045f C3       		.byte	-61
 1149 0460 CC       		.byte	-52
 1150 0461 EB       		.byte	-21
 1151 0462 CE       		.byte	-50
 1152 0463 DC       		.byte	-36
 1153 0464 D0       		.byte	-48
 1154 0465 E6       		.byte	-26
 1155 0466 D2       		.byte	-46
 1156 0467 34       		.byte	52
 1157 0468 D6       		.byte	-42
 1158 0469 F0       		.byte	-16
 1159 046a D8       		.byte	-40
 1160 046b 10       		.byte	16
 1161 046c E2       		.byte	-30
 1162 046d 85       		.byte	-123
 1163 046e 00       		.byte	0
 1164 046f 01       		.byte	1
 1165 0470 01       		.byte	1
 1166 0471 06       		.byte	6
 1167 0472 0F       		.byte	15
 1168 0473 06       		.byte	6
 1169 0474 13       		.byte	19
 1170 0475 07       		.byte	7
 1171 0476 15       		.byte	21
 1172 0477 04       		.byte	4
 1173 0478 1B       		.byte	27
 1174 0479 07       		.byte	7
 1175 047a 1D       		.byte	29
 1176 047b 02       		.byte	2
 1177 047c 1E       		.byte	30
 1178 047d 02       		.byte	2
 1179 047e 21       		.byte	33
 1180 047f 07       		.byte	7
 1181 0480 25       		.byte	37
 1182 0481 07       		.byte	7
 1183 0482 26       		.byte	38
 1184 0483 02       		.byte	2
 1185 0484 32       		.byte	50
 1186 0485 01       		.byte	1
 1187 0486 34       		.byte	52
 1188 0487 02       		.byte	2
 1189 0488 35       		.byte	53
 1190 0489 01       		.byte	1
 1191 048a 37       		.byte	55
 1192 048b 06       		.byte	6
 1193 048c 39       		.byte	57
 1194 048d 20       		.byte	32
 1195 048e 3A       		.byte	58
 1196 048f 80       		.byte	-128
 1197 0490 3E       		.byte	62
ARM GAS  C:\Users\David\AppData\Local\Temp\ccekZHyu.s 			page 22


 1198 0491 14       		.byte	20
 1199 0492 40       		.byte	64
 1200 0493 64       		.byte	100
 1201 0494 41       		.byte	65
 1202 0495 03       		.byte	3
 1203 0496 42       		.byte	66
 1204 0497 10       		.byte	16
 1205 0498 44       		.byte	68
 1206 0499 02       		.byte	2
 1207 049a 45       		.byte	69
 1208 049b BE       		.byte	-66
 1209 049c 46       		.byte	70
 1210 049d FC       		.byte	-4
 1211 049e 47       		.byte	71
 1212 049f 0D       		.byte	13
 1213 04a0 48       		.byte	72
 1214 04a1 1F       		.byte	31
 1215 04a2 49       		.byte	73
 1216 04a3 FF       		.byte	-1
 1217 04a4 4A       		.byte	74
 1218 04a5 FF       		.byte	-1
 1219 04a6 4B       		.byte	75
 1220 04a7 FF       		.byte	-1
 1221 04a8 4C       		.byte	76
 1222 04a9 22       		.byte	34
 1223 04aa 4E       		.byte	78
 1224 04ab F0       		.byte	-16
 1225 04ac 4F       		.byte	79
 1226 04ad 48       		.byte	72
 1227 04ae 50       		.byte	80
 1228 04af 04       		.byte	4
 1229 04b0 58       		.byte	88
 1230 04b1 04       		.byte	4
 1231 04b2 59       		.byte	89
 1232 04b3 04       		.byte	4
 1233 04b4 5A       		.byte	90
 1234 04b5 04       		.byte	4
 1235 04b6 5C       		.byte	92
 1236 04b7 11       		.byte	17
 1237 04b8 5F       		.byte	95
 1238 04b9 01       		.byte	1
 1239 04ba 62       		.byte	98
 1240 04bb C0       		.byte	-64
 1241 04bc 64       		.byte	100
 1242 04bd 40       		.byte	64
 1243 04be 65       		.byte	101
 1244 04bf 02       		.byte	2
 1245 04c0 66       		.byte	102
 1246 04c1 10       		.byte	16
 1247 04c2 67       		.byte	103
 1248 04c3 12       		.byte	18
 1249 04c4 68       		.byte	104
 1250 04c5 C0       		.byte	-64
 1251 04c6 69       		.byte	105
 1252 04c7 02       		.byte	2
 1253 04c8 6B       		.byte	107
 1254 04c9 12       		.byte	18
ARM GAS  C:\Users\David\AppData\Local\Temp\ccekZHyu.s 			page 23


 1255 04ca 6C       		.byte	108
 1256 04cb 40       		.byte	64
 1257 04cc 6D       		.byte	109
 1258 04cd 02       		.byte	2
 1259 04ce 6E       		.byte	110
 1260 04cf 40       		.byte	64
 1261 04d0 6F       		.byte	111
 1262 04d1 02       		.byte	2
 1263 04d2 85       		.byte	-123
 1264 04d3 01       		.byte	1
 1265 04d4 86       		.byte	-122
 1266 04d5 43       		.byte	67
 1267 04d6 88       		.byte	-120
 1268 04d7 3C       		.byte	60
 1269 04d8 8A       		.byte	-118
 1270 04d9 C1       		.byte	-63
 1271 04da 8E       		.byte	-114
 1272 04db 04       		.byte	4
 1273 04dc 90       		.byte	-112
 1274 04dd 04       		.byte	4
 1275 04de 91       		.byte	-111
 1276 04df 01       		.byte	1
 1277 04e0 94       		.byte	-108
 1278 04e1 E7       		.byte	-25
 1279 04e2 96       		.byte	-106
 1280 04e3 18       		.byte	24
 1281 04e4 98       		.byte	-104
 1282 04e5 3C       		.byte	60
 1283 04e6 99       		.byte	-103
 1284 04e7 01       		.byte	1
 1285 04e8 9A       		.byte	-102
 1286 04e9 C2       		.byte	-62
 1287 04ea 9C       		.byte	-100
 1288 04eb FF       		.byte	-1
 1289 04ec A0       		.byte	-96
 1290 04ed 10       		.byte	16
 1291 04ee A4       		.byte	-92
 1292 04ef 08       		.byte	8
 1293 04f0 A8       		.byte	-88
 1294 04f1 18       		.byte	24
 1295 04f2 B0       		.byte	-80
 1296 04f3 20       		.byte	32
 1297 04f4 B2       		.byte	-78
 1298 04f5 58       		.byte	88
 1299 04f6 B4       		.byte	-76
 1300 04f7 1F       		.byte	31
 1301 04f8 B5       		.byte	-75
 1302 04f9 01       		.byte	1
 1303 04fa B6       		.byte	-74
 1304 04fb 80       		.byte	-128
 1305 04fc B8       		.byte	-72
 1306 04fd 80       		.byte	-128
 1307 04fe BA       		.byte	-70
 1308 04ff 28       		.byte	40
 1309 0500 BE       		.byte	-66
 1310 0501 01       		.byte	1
 1311 0502 D6       		.byte	-42
ARM GAS  C:\Users\David\AppData\Local\Temp\ccekZHyu.s 			page 24


 1312 0503 02       		.byte	2
 1313 0504 D7       		.byte	-41
 1314 0505 13       		.byte	19
 1315 0506 D8       		.byte	-40
 1316 0507 04       		.byte	4
 1317 0508 D9       		.byte	-39
 1318 0509 04       		.byte	4
 1319 050a DB       		.byte	-37
 1320 050b 04       		.byte	4
 1321 050c DC       		.byte	-36
 1322 050d 22       		.byte	34
 1323 050e DD       		.byte	-35
 1324 050f 20       		.byte	32
 1325 0510 DF       		.byte	-33
 1326 0511 01       		.byte	1
 1327 0512 00       		.byte	0
 1328 0513 08       		.byte	8
 1329 0514 01       		.byte	1
 1330 0515 40       		.byte	64
 1331 0516 03       		.byte	3
 1332 0517 08       		.byte	8
 1333 0518 06       		.byte	6
 1334 0519 40       		.byte	64
 1335 051a 08       		.byte	8
 1336 051b 81       		.byte	-127
 1337 051c 09       		.byte	9
 1338 051d 48       		.byte	72
 1339 051e 0A       		.byte	10
 1340 051f 04       		.byte	4
 1341 0520 0F       		.byte	15
 1342 0521 02       		.byte	2
 1343 0522 10       		.byte	16
 1344 0523 28       		.byte	40
 1345 0524 13       		.byte	19
 1346 0525 01       		.byte	1
 1347 0526 17       		.byte	23
 1348 0527 04       		.byte	4
 1349 0528 19       		.byte	25
 1350 0529 15       		.byte	21
 1351 052a 1A       		.byte	26
 1352 052b 06       		.byte	6
 1353 052c 1B       		.byte	27
 1354 052d 08       		.byte	8
 1355 052e 1C       		.byte	28
 1356 052f 04       		.byte	4
 1357 0530 1F       		.byte	31
 1358 0531 44       		.byte	68
 1359 0532 20       		.byte	32
 1360 0533 08       		.byte	8
 1361 0534 21       		.byte	33
 1362 0535 10       		.byte	16
 1363 0536 27       		.byte	39
 1364 0537 05       		.byte	5
 1365 0538 2F       		.byte	47
 1366 0539 50       		.byte	80
 1367 053a 30       		.byte	48
 1368 053b 02       		.byte	2
ARM GAS  C:\Users\David\AppData\Local\Temp\ccekZHyu.s 			page 25


 1369 053c 32       		.byte	50
 1370 053d 10       		.byte	16
 1371 053e 36       		.byte	54
 1372 053f 01       		.byte	1
 1373 0540 37       		.byte	55
 1374 0541 58       		.byte	88
 1375 0542 39       		.byte	57
 1376 0543 04       		.byte	4
 1377 0544 3E       		.byte	62
 1378 0545 01       		.byte	1
 1379 0546 3F       		.byte	63
 1380 0547 40       		.byte	64
 1381 0548 44       		.byte	68
 1382 0549 02       		.byte	2
 1383 054a 45       		.byte	69
 1384 054b 04       		.byte	4
 1385 054c 46       		.byte	70
 1386 054d 04       		.byte	4
 1387 054e 47       		.byte	71
 1388 054f 02       		.byte	2
 1389 0550 4D       		.byte	77
 1390 0551 01       		.byte	1
 1391 0552 4E       		.byte	78
 1392 0553 08       		.byte	8
 1393 0554 4F       		.byte	79
 1394 0555 04       		.byte	4
 1395 0556 54       		.byte	84
 1396 0557 80       		.byte	-128
 1397 0558 56       		.byte	86
 1398 0559 28       		.byte	40
 1399 055a 57       		.byte	87
 1400 055b 40       		.byte	64
 1401 055c 59       		.byte	89
 1402 055d 01       		.byte	1
 1403 055e 68       		.byte	104
 1404 055f 12       		.byte	18
 1405 0560 69       		.byte	105
 1406 0561 04       		.byte	4
 1407 0562 6A       		.byte	106
 1408 0563 20       		.byte	32
 1409 0564 70       		.byte	112
 1410 0565 6C       		.byte	108
 1411 0566 73       		.byte	115
 1412 0567 01       		.byte	1
 1413 0568 92       		.byte	-110
 1414 0569 01       		.byte	1
 1415 056a 93       		.byte	-109
 1416 056b 60       		.byte	96
 1417 056c 94       		.byte	-108
 1418 056d 04       		.byte	4
 1419 056e 96       		.byte	-106
 1420 056f 02       		.byte	2
 1421 0570 97       		.byte	-105
 1422 0571 8E       		.byte	-114
 1423 0572 98       		.byte	-104
 1424 0573 08       		.byte	8
 1425 0574 9A       		.byte	-102
ARM GAS  C:\Users\David\AppData\Local\Temp\ccekZHyu.s 			page 26


 1426 0575 40       		.byte	64
 1427 0576 9B       		.byte	-101
 1428 0577 58       		.byte	88
 1429 0578 9C       		.byte	-100
 1430 0579 02       		.byte	2
 1431 057a 9D       		.byte	-99
 1432 057b 80       		.byte	-128
 1433 057c 9E       		.byte	-98
 1434 057d 01       		.byte	1
 1435 057e 9F       		.byte	-97
 1436 057f 01       		.byte	1
 1437 0580 A1       		.byte	-95
 1438 0581 40       		.byte	64
 1439 0582 A2       		.byte	-94
 1440 0583 01       		.byte	1
 1441 0584 A3       		.byte	-93
 1442 0585 03       		.byte	3
 1443 0586 A4       		.byte	-92
 1444 0587 80       		.byte	-128
 1445 0588 B0       		.byte	-80
 1446 0589 80       		.byte	-128
 1447 058a B3       		.byte	-77
 1448 058b 10       		.byte	16
 1449 058c C0       		.byte	-64
 1450 058d 17       		.byte	23
 1451 058e C2       		.byte	-62
 1452 058f 8F       		.byte	-113
 1453 0590 C4       		.byte	-60
 1454 0591 2E       		.byte	46
 1455 0592 CA       		.byte	-54
 1456 0593 C0       		.byte	-64
 1457 0594 CC       		.byte	-52
 1458 0595 F5       		.byte	-11
 1459 0596 CE       		.byte	-50
 1460 0597 92       		.byte	-110
 1461 0598 D0       		.byte	-48
 1462 0599 F0       		.byte	-16
 1463 059a D2       		.byte	-46
 1464 059b 20       		.byte	32
 1465 059c D6       		.byte	-42
 1466 059d 01       		.byte	1
 1467 059e B9       		.byte	-71
 1468 059f 28       		.byte	40
 1469 05a0 BF       		.byte	-65
 1470 05a1 14       		.byte	20
 1471 05a2 D9       		.byte	-39
 1472 05a3 04       		.byte	4
 1473 05a4 DF       		.byte	-33
 1474 05a5 01       		.byte	1
 1475 05a6 27       		.byte	39
 1476 05a7 28       		.byte	40
 1477 05a8 83       		.byte	-125
 1478 05a9 28       		.byte	40
 1479 05aa E6       		.byte	-26
 1480 05ab 08       		.byte	8
 1481 05ac 04       		.byte	4
 1482 05ad 44       		.byte	68
ARM GAS  C:\Users\David\AppData\Local\Temp\ccekZHyu.s 			page 27


 1483 05ae 06       		.byte	6
 1484 05af 2A       		.byte	42
 1485 05b0 08       		.byte	8
 1486 05b1 67       		.byte	103
 1487 05b2 10       		.byte	16
 1488 05b3 02       		.byte	2
 1489 05b4 12       		.byte	18
 1490 05b5 15       		.byte	21
 1491 05b6 14       		.byte	20
 1492 05b7 67       		.byte	103
 1493 05b8 29       		.byte	41
 1494 05b9 01       		.byte	1
 1495 05ba 2C       		.byte	44
 1496 05bb 21       		.byte	33
 1497 05bc 2E       		.byte	46
 1498 05bd CA       		.byte	-54
 1499 05be 30       		.byte	48
 1500 05bf 07       		.byte	7
 1501 05c0 32       		.byte	50
 1502 05c1 80       		.byte	-128
 1503 05c2 34       		.byte	52
 1504 05c3 60       		.byte	96
 1505 05c4 36       		.byte	54
 1506 05c5 18       		.byte	24
 1507 05c6 37       		.byte	55
 1508 05c7 01       		.byte	1
 1509 05c8 3E       		.byte	62
 1510 05c9 40       		.byte	64
 1511 05ca 3F       		.byte	63
 1512 05cb 40       		.byte	64
 1513 05cc 40       		.byte	64
 1514 05cd 36       		.byte	54
 1515 05ce 41       		.byte	65
 1516 05cf 04       		.byte	4
 1517 05d0 42       		.byte	66
 1518 05d1 02       		.byte	2
 1519 05d2 44       		.byte	68
 1520 05d3 01       		.byte	1
 1521 05d4 45       		.byte	69
 1522 05d5 0C       		.byte	12
 1523 05d6 47       		.byte	71
 1524 05d7 E0       		.byte	-32
 1525 05d8 48       		.byte	72
 1526 05d9 21       		.byte	33
 1527 05da 49       		.byte	73
 1528 05db FF       		.byte	-1
 1529 05dc 4A       		.byte	74
 1530 05dd FF       		.byte	-1
 1531 05de 4B       		.byte	75
 1532 05df FF       		.byte	-1
 1533 05e0 4C       		.byte	76
 1534 05e1 62       		.byte	98
 1535 05e2 4D       		.byte	77
 1536 05e3 A0       		.byte	-96
 1537 05e4 4E       		.byte	78
 1538 05e5 F0       		.byte	-16
 1539 05e6 4F       		.byte	79
ARM GAS  C:\Users\David\AppData\Local\Temp\ccekZHyu.s 			page 28


 1540 05e7 41       		.byte	65
 1541 05e8 50       		.byte	80
 1542 05e9 0C       		.byte	12
 1543 05ea 52       		.byte	82
 1544 05eb 01       		.byte	1
 1545 05ec 58       		.byte	88
 1546 05ed 04       		.byte	4
 1547 05ee 59       		.byte	89
 1548 05ef 04       		.byte	4
 1549 05f0 5A       		.byte	90
 1550 05f1 04       		.byte	4
 1551 05f2 5B       		.byte	91
 1552 05f3 04       		.byte	4
 1553 05f4 5C       		.byte	92
 1554 05f5 02       		.byte	2
 1555 05f6 5D       		.byte	93
 1556 05f7 02       		.byte	2
 1557 05f8 5F       		.byte	95
 1558 05f9 01       		.byte	1
 1559 05fa 66       		.byte	102
 1560 05fb 40       		.byte	64
 1561 05fc 67       		.byte	103
 1562 05fd 02       		.byte	2
 1563 05fe 69       		.byte	105
 1564 05ff 10       		.byte	16
 1565 0600 6A       		.byte	106
 1566 0601 30       		.byte	48
 1567 0602 6B       		.byte	107
 1568 0603 10       		.byte	16
 1569 0604 6D       		.byte	109
 1570 0605 10       		.byte	16
 1571 0606 6E       		.byte	110
 1572 0607 10       		.byte	16
 1573 0608 6F       		.byte	111
 1574 0609 12       		.byte	18
 1575 060a 80       		.byte	-128
 1576 060b 04       		.byte	4
 1577 060c 81       		.byte	-127
 1578 060d 9A       		.byte	-102
 1579 060e 84       		.byte	-124
 1580 060f 04       		.byte	4
 1581 0610 85       		.byte	-123
 1582 0611 98       		.byte	-104
 1583 0612 87       		.byte	-121
 1584 0613 02       		.byte	2
 1585 0614 88       		.byte	-120
 1586 0615 07       		.byte	7
 1587 0616 89       		.byte	-119
 1588 0617 13       		.byte	19
 1589 0618 8A       		.byte	-118
 1590 0619 38       		.byte	56
 1591 061a 8B       		.byte	-117
 1592 061b 64       		.byte	100
 1593 061c 8C       		.byte	-116
 1594 061d 56       		.byte	86
 1595 061e 8D       		.byte	-115
 1596 061f 02       		.byte	2
ARM GAS  C:\Users\David\AppData\Local\Temp\ccekZHyu.s 			page 29


 1597 0620 8E       		.byte	-114
 1598 0621 09       		.byte	9
 1599 0622 90       		.byte	-112
 1600 0623 04       		.byte	4
 1601 0624 91       		.byte	-111
 1602 0625 FC       		.byte	-4
 1603 0626 93       		.byte	-109
 1604 0627 03       		.byte	3
 1605 0628 95       		.byte	-107
 1606 0629 21       		.byte	33
 1607 062a 96       		.byte	-106
 1608 062b 04       		.byte	4
 1609 062c 97       		.byte	-105
 1610 062d D8       		.byte	-40
 1611 062e 98       		.byte	-104
 1612 062f 0A       		.byte	10
 1613 0630 99       		.byte	-103
 1614 0631 02       		.byte	2
 1615 0632 9A       		.byte	-102
 1616 0633 10       		.byte	16
 1617 0634 9B       		.byte	-101
 1618 0635 98       		.byte	-104
 1619 0636 9C       		.byte	-100
 1620 0637 04       		.byte	4
 1621 0638 9D       		.byte	-99
 1622 0639 38       		.byte	56
 1623 063a 9F       		.byte	-97
 1624 063b C0       		.byte	-64
 1625 063c A0       		.byte	-96
 1626 063d 60       		.byte	96
 1627 063e A1       		.byte	-95
 1628 063f 9A       		.byte	-102
 1629 0640 A4       		.byte	-92
 1630 0641 01       		.byte	1
 1631 0642 A8       		.byte	-88
 1632 0643 04       		.byte	4
 1633 0644 AD       		.byte	-83
 1634 0645 98       		.byte	-104
 1635 0646 AF       		.byte	-81
 1636 0647 02       		.byte	2
 1637 0648 B0       		.byte	-80
 1638 0649 02       		.byte	2
 1639 064a B3       		.byte	-77
 1640 064b 13       		.byte	19
 1641 064c B5       		.byte	-75
 1642 064d 0F       		.byte	15
 1643 064e B6       		.byte	-74
 1644 064f 7F       		.byte	127
 1645 0650 B7       		.byte	-73
 1646 0651 E0       		.byte	-32
 1647 0652 B8       		.byte	-72
 1648 0653 80       		.byte	-128
 1649 0654 BB       		.byte	-69
 1650 0655 A0       		.byte	-96
 1651 0656 BE       		.byte	-66
 1652 0657 01       		.byte	1
 1653 0658 D6       		.byte	-42
ARM GAS  C:\Users\David\AppData\Local\Temp\ccekZHyu.s 			page 30


 1654 0659 02       		.byte	2
 1655 065a D7       		.byte	-41
 1656 065b 28       		.byte	40
 1657 065c D8       		.byte	-40
 1658 065d 04       		.byte	4
 1659 065e D9       		.byte	-39
 1660 065f 04       		.byte	4
 1661 0660 DB       		.byte	-37
 1662 0661 04       		.byte	4
 1663 0662 DF       		.byte	-33
 1664 0663 01       		.byte	1
 1665 0664 00       		.byte	0
 1666 0665 24       		.byte	36
 1667 0666 04       		.byte	4
 1668 0667 10       		.byte	16
 1669 0668 07       		.byte	7
 1670 0669 52       		.byte	82
 1671 066a 0A       		.byte	10
 1672 066b 60       		.byte	96
 1673 066c 0C       		.byte	12
 1674 066d 80       		.byte	-128
 1675 066e 0E       		.byte	14
 1676 066f A8       		.byte	-88
 1677 0670 10       		.byte	16
 1678 0671 01       		.byte	1
 1679 0672 15       		.byte	21
 1680 0673 09       		.byte	9
 1681 0674 17       		.byte	23
 1682 0675 20       		.byte	32
 1683 0676 18       		.byte	24
 1684 0677 05       		.byte	5
 1685 0678 1A       		.byte	26
 1686 0679 C0       		.byte	-64
 1687 067a 1B       		.byte	27
 1688 067b 04       		.byte	4
 1689 067c 1F       		.byte	31
 1690 067d 41       		.byte	65
 1691 067e 21       		.byte	33
 1692 067f 40       		.byte	64
 1693 0680 24       		.byte	36
 1694 0681 10       		.byte	16
 1695 0682 25       		.byte	37
 1696 0683 04       		.byte	4
 1697 0684 26       		.byte	38
 1698 0685 40       		.byte	64
 1699 0686 27       		.byte	39
 1700 0687 04       		.byte	4
 1701 0688 28       		.byte	40
 1702 0689 08       		.byte	8
 1703 068a 2F       		.byte	47
 1704 068b 82       		.byte	-126
 1705 068c 36       		.byte	54
 1706 068d 54       		.byte	84
 1707 068e 37       		.byte	55
 1708 068f 06       		.byte	6
 1709 0690 3C       		.byte	60
 1710 0691 10       		.byte	16
ARM GAS  C:\Users\David\AppData\Local\Temp\ccekZHyu.s 			page 31


 1711 0692 3E       		.byte	62
 1712 0693 06       		.byte	6
 1713 0694 3F       		.byte	63
 1714 0695 80       		.byte	-128
 1715 0696 40       		.byte	64
 1716 0697 81       		.byte	-127
 1717 0698 41       		.byte	65
 1718 0699 28       		.byte	40
 1719 069a 48       		.byte	72
 1720 069b 04       		.byte	4
 1721 069c 49       		.byte	73
 1722 069d 08       		.byte	8
 1723 069e 52       		.byte	82
 1724 069f 01       		.byte	1
 1725 06a0 67       		.byte	103
 1726 06a1 10       		.byte	16
 1727 06a2 68       		.byte	104
 1728 06a3 02       		.byte	2
 1729 06a4 6E       		.byte	110
 1730 06a5 24       		.byte	36
 1731 06a6 6F       		.byte	111
 1732 06a7 D3       		.byte	-45
 1733 06a8 74       		.byte	116
 1734 06a9 80       		.byte	-128
 1735 06aa 76       		.byte	118
 1736 06ab 02       		.byte	2
 1737 06ac 80       		.byte	-128
 1738 06ad 02       		.byte	2
 1739 06ae 81       		.byte	-127
 1740 06af 40       		.byte	64
 1741 06b0 82       		.byte	-126
 1742 06b1 04       		.byte	4
 1743 06b2 83       		.byte	-125
 1744 06b3 04       		.byte	4
 1745 06b4 85       		.byte	-123
 1746 06b5 04       		.byte	4
 1747 06b6 87       		.byte	-121
 1748 06b7 61       		.byte	97
 1749 06b8 88       		.byte	-120
 1750 06b9 01       		.byte	1
 1751 06ba 8C       		.byte	-116
 1752 06bb 04       		.byte	4
 1753 06bc 8D       		.byte	-115
 1754 06bd 41       		.byte	65
 1755 06be 8E       		.byte	-114
 1756 06bf 01       		.byte	1
 1757 06c0 91       		.byte	-111
 1758 06c1 01       		.byte	1
 1759 06c2 92       		.byte	-110
 1760 06c3 20       		.byte	32
 1761 06c4 93       		.byte	-109
 1762 06c5 10       		.byte	16
 1763 06c6 95       		.byte	-107
 1764 06c7 40       		.byte	64
 1765 06c8 96       		.byte	-106
 1766 06c9 80       		.byte	-128
 1767 06ca 97       		.byte	-105
ARM GAS  C:\Users\David\AppData\Local\Temp\ccekZHyu.s 			page 32


 1768 06cb 02       		.byte	2
 1769 06cc 98       		.byte	-104
 1770 06cd 88       		.byte	-120
 1771 06ce 9B       		.byte	-101
 1772 06cf 02       		.byte	2
 1773 06d0 9C       		.byte	-100
 1774 06d1 01       		.byte	1
 1775 06d2 9D       		.byte	-99
 1776 06d3 09       		.byte	9
 1777 06d4 9E       		.byte	-98
 1778 06d5 07       		.byte	7
 1779 06d6 9F       		.byte	-97
 1780 06d7 55       		.byte	85
 1781 06d8 A0       		.byte	-96
 1782 06d9 14       		.byte	20
 1783 06da A1       		.byte	-95
 1784 06db 28       		.byte	40
 1785 06dc A2       		.byte	-94
 1786 06dd 01       		.byte	1
 1787 06de A3       		.byte	-93
 1788 06df 40       		.byte	64
 1789 06e0 A5       		.byte	-91
 1790 06e1 04       		.byte	4
 1791 06e2 A6       		.byte	-90
 1792 06e3 10       		.byte	16
 1793 06e4 AD       		.byte	-83
 1794 06e5 80       		.byte	-128
 1795 06e6 AF       		.byte	-81
 1796 06e7 08       		.byte	8
 1797 06e8 B0       		.byte	-80
 1798 06e9 04       		.byte	4
 1799 06ea B2       		.byte	-78
 1800 06eb 40       		.byte	64
 1801 06ec B4       		.byte	-76
 1802 06ed 04       		.byte	4
 1803 06ee B7       		.byte	-73
 1804 06ef 02       		.byte	2
 1805 06f0 C0       		.byte	-64
 1806 06f1 F6       		.byte	-10
 1807 06f2 C2       		.byte	-62
 1808 06f3 FC       		.byte	-4
 1809 06f4 C4       		.byte	-60
 1810 06f5 71       		.byte	113
 1811 06f6 CA       		.byte	-54
 1812 06f7 94       		.byte	-108
 1813 06f8 CC       		.byte	-52
 1814 06f9 F0       		.byte	-16
 1815 06fa CE       		.byte	-50
 1816 06fb F0       		.byte	-16
 1817 06fc D0       		.byte	-48
 1818 06fd 0F       		.byte	15
 1819 06fe D2       		.byte	-46
 1820 06ff 04       		.byte	4
 1821 0700 D8       		.byte	-40
 1822 0701 40       		.byte	64
 1823 0702 E2       		.byte	-30
 1824 0703 10       		.byte	16
ARM GAS  C:\Users\David\AppData\Local\Temp\ccekZHyu.s 			page 33


 1825 0704 EE       		.byte	-18
 1826 0705 08       		.byte	8
 1827 0706 00       		.byte	0
 1828 0707 CD       		.byte	-51
 1829 0708 04       		.byte	4
 1830 0709 CD       		.byte	-51
 1831 070a 05       		.byte	5
 1832 070b 13       		.byte	19
 1833 070c 07       		.byte	7
 1834 070d AC       		.byte	-84
 1835 070e 08       		.byte	8
 1836 070f 02       		.byte	2
 1837 0710 09       		.byte	9
 1838 0711 02       		.byte	2
 1839 0712 0A       		.byte	10
 1840 0713 34       		.byte	52
 1841 0714 0B       		.byte	11
 1842 0715 0D       		.byte	13
 1843 0716 0C       		.byte	12
 1844 0717 0D       		.byte	13
 1845 0718 0D       		.byte	13
 1846 0719 40       		.byte	64
 1847 071a 0E       		.byte	14
 1848 071b C0       		.byte	-64
 1849 071c 10       		.byte	16
 1850 071d 02       		.byte	2
 1851 071e 11       		.byte	17
 1852 071f 49       		.byte	73
 1853 0720 12       		.byte	18
 1854 0721 0D       		.byte	13
 1855 0722 13       		.byte	19
 1856 0723 86       		.byte	-122
 1857 0724 14       		.byte	20
 1858 0725 CD       		.byte	-51
 1859 0726 15       		.byte	21
 1860 0727 E5       		.byte	-27
 1861 0728 17       		.byte	23
 1862 0729 1A       		.byte	26
 1863 072a 18       		.byte	24
 1864 072b 21       		.byte	33
 1865 072c 1A       		.byte	26
 1866 072d 02       		.byte	2
 1867 072e 1E       		.byte	30
 1868 072f 10       		.byte	16
 1869 0730 20       		.byte	32
 1870 0731 02       		.byte	2
 1871 0732 22       		.byte	34
 1872 0733 38       		.byte	56
 1873 0734 2A       		.byte	42
 1874 0735 40       		.byte	64
 1875 0736 2C       		.byte	44
 1876 0737 CD       		.byte	-51
 1877 0738 30       		.byte	48
 1878 0739 0F       		.byte	15
 1879 073a 32       		.byte	50
 1880 073b 80       		.byte	-128
 1881 073c 33       		.byte	51
ARM GAS  C:\Users\David\AppData\Local\Temp\ccekZHyu.s 			page 34


 1882 073d 0F       		.byte	15
 1883 073e 34       		.byte	52
 1884 073f 40       		.byte	64
 1885 0740 35       		.byte	53
 1886 0741 80       		.byte	-128
 1887 0742 36       		.byte	54
 1888 0743 30       		.byte	48
 1889 0744 37       		.byte	55
 1890 0745 70       		.byte	112
 1891 0746 3A       		.byte	58
 1892 0747 02       		.byte	2
 1893 0748 3B       		.byte	59
 1894 0749 88       		.byte	-120
 1895 074a 3E       		.byte	62
 1896 074b 14       		.byte	20
 1897 074c 3F       		.byte	63
 1898 074d 10       		.byte	16
 1899 074e 54       		.byte	84
 1900 074f 40       		.byte	64
 1901 0750 58       		.byte	88
 1902 0751 04       		.byte	4
 1903 0752 59       		.byte	89
 1904 0753 04       		.byte	4
 1905 0754 5B       		.byte	91
 1906 0755 04       		.byte	4
 1907 0756 5F       		.byte	95
 1908 0757 01       		.byte	1
 1909 0758 85       		.byte	-123
 1910 0759 0C       		.byte	12
 1911 075a 86       		.byte	-122
 1912 075b 10       		.byte	16
 1913 075c 88       		.byte	-120
 1914 075d 0E       		.byte	14
 1915 075e 8B       		.byte	-117
 1916 075f 73       		.byte	115
 1917 0760 8D       		.byte	-115
 1918 0761 08       		.byte	8
 1919 0762 91       		.byte	-111
 1920 0763 22       		.byte	34
 1921 0764 94       		.byte	-108
 1922 0765 03       		.byte	3
 1923 0766 95       		.byte	-107
 1924 0767 73       		.byte	115
 1925 0768 96       		.byte	-106
 1926 0769 04       		.byte	4
 1927 076a 97       		.byte	-105
 1928 076b 0C       		.byte	12
 1929 076c 99       		.byte	-103
 1930 076d 04       		.byte	4
 1931 076e 9D       		.byte	-99
 1932 076f 33       		.byte	51
 1933 0770 A0       		.byte	-96
 1934 0771 04       		.byte	4
 1935 0772 A1       		.byte	-95
 1936 0773 7F       		.byte	127
 1937 0774 A2       		.byte	-94
 1938 0775 09       		.byte	9
ARM GAS  C:\Users\David\AppData\Local\Temp\ccekZHyu.s 			page 35


 1939 0776 A5       		.byte	-91
 1940 0777 0F       		.byte	15
 1941 0778 A6       		.byte	-90
 1942 0779 10       		.byte	16
 1943 077a A7       		.byte	-89
 1944 077b 70       		.byte	112
 1945 077c A8       		.byte	-88
 1946 077d 05       		.byte	5
 1947 077e A9       		.byte	-87
 1948 077f 4C       		.byte	76
 1949 0780 AA       		.byte	-86
 1950 0781 0A       		.byte	10
 1951 0782 AB       		.byte	-85
 1952 0783 33       		.byte	51
 1953 0784 AD       		.byte	-83
 1954 0785 11       		.byte	17
 1955 0786 B0       		.byte	-80
 1956 0787 10       		.byte	16
 1957 0788 B1       		.byte	-79
 1958 0789 30       		.byte	48
 1959 078a B2       		.byte	-78
 1960 078b 0F       		.byte	15
 1961 078c B3       		.byte	-77
 1962 078d 0F       		.byte	15
 1963 078e B5       		.byte	-75
 1964 078f 4C       		.byte	76
 1965 0790 B8       		.byte	-72
 1966 0791 08       		.byte	8
 1967 0792 BB       		.byte	-69
 1968 0793 08       		.byte	8
 1969 0794 BE       		.byte	-66
 1970 0795 01       		.byte	1
 1971 0796 D4       		.byte	-44
 1972 0797 18       		.byte	24
 1973 0798 D8       		.byte	-40
 1974 0799 04       		.byte	4
 1975 079a D9       		.byte	-39
 1976 079b 04       		.byte	4
 1977 079c DB       		.byte	-37
 1978 079d 04       		.byte	4
 1979 079e DC       		.byte	-36
 1980 079f 20       		.byte	32
 1981 07a0 DD       		.byte	-35
 1982 07a1 20       		.byte	32
 1983 07a2 DF       		.byte	-33
 1984 07a3 01       		.byte	1
 1985 07a4 00       		.byte	0
 1986 07a5 10       		.byte	16
 1987 07a6 01       		.byte	1
 1988 07a7 08       		.byte	8
 1989 07a8 07       		.byte	7
 1990 07a9 55       		.byte	85
 1991 07aa 09       		.byte	9
 1992 07ab 04       		.byte	4
 1993 07ac 0E       		.byte	14
 1994 07ad 62       		.byte	98
 1995 07ae 0F       		.byte	15
ARM GAS  C:\Users\David\AppData\Local\Temp\ccekZHyu.s 			page 36


 1996 07af 04       		.byte	4
 1997 07b0 12       		.byte	18
 1998 07b1 28       		.byte	40
 1999 07b2 13       		.byte	19
 2000 07b3 02       		.byte	2
 2001 07b4 14       		.byte	20
 2002 07b5 04       		.byte	4
 2003 07b6 16       		.byte	22
 2004 07b7 0A       		.byte	10
 2005 07b8 17       		.byte	23
 2006 07b9 02       		.byte	2
 2007 07ba 18       		.byte	24
 2008 07bb 10       		.byte	16
 2009 07bc 1B       		.byte	27
 2010 07bd 01       		.byte	1
 2011 07be 1E       		.byte	30
 2012 07bf 42       		.byte	66
 2013 07c0 1F       		.byte	31
 2014 07c1 18       		.byte	24
 2015 07c2 21       		.byte	33
 2016 07c3 28       		.byte	40
 2017 07c4 22       		.byte	34
 2018 07c5 21       		.byte	33
 2019 07c6 26       		.byte	38
 2020 07c7 04       		.byte	4
 2021 07c8 27       		.byte	39
 2022 07c9 0A       		.byte	10
 2023 07ca 28       		.byte	40
 2024 07cb 81       		.byte	-127
 2025 07cc 29       		.byte	41
 2026 07cd 14       		.byte	20
 2027 07ce 30       		.byte	48
 2028 07cf 20       		.byte	32
 2029 07d0 31       		.byte	49
 2030 07d1 09       		.byte	9
 2031 07d2 32       		.byte	50
 2032 07d3 40       		.byte	64
 2033 07d4 36       		.byte	54
 2034 07d5 08       		.byte	8
 2035 07d6 37       		.byte	55
 2036 07d7 06       		.byte	6
 2037 07d8 38       		.byte	56
 2038 07d9 88       		.byte	-120
 2039 07da 39       		.byte	57
 2040 07db 20       		.byte	32
 2041 07dc 3D       		.byte	61
 2042 07dd 08       		.byte	8
 2043 07de 3F       		.byte	63
 2044 07df 94       		.byte	-108
 2045 07e0 4A       		.byte	74
 2046 07e1 04       		.byte	4
 2047 07e2 4B       		.byte	75
 2048 07e3 10       		.byte	16
 2049 07e4 5A       		.byte	90
 2050 07e5 02       		.byte	2
 2051 07e6 60       		.byte	96
 2052 07e7 04       		.byte	4
ARM GAS  C:\Users\David\AppData\Local\Temp\ccekZHyu.s 			page 37


 2053 07e8 63       		.byte	99
 2054 07e9 02       		.byte	2
 2055 07ea 66       		.byte	102
 2056 07eb 60       		.byte	96
 2057 07ec 67       		.byte	103
 2058 07ed 20       		.byte	32
 2059 07ee 80       		.byte	-128
 2060 07ef 02       		.byte	2
 2061 07f0 83       		.byte	-125
 2062 07f1 08       		.byte	8
 2063 07f2 90       		.byte	-112
 2064 07f3 88       		.byte	-120
 2065 07f4 91       		.byte	-111
 2066 07f5 21       		.byte	33
 2067 07f6 92       		.byte	-110
 2068 07f7 20       		.byte	32
 2069 07f8 95       		.byte	-107
 2070 07f9 40       		.byte	64
 2071 07fa 97       		.byte	-105
 2072 07fb 02       		.byte	2
 2073 07fc 98       		.byte	-104
 2074 07fd 88       		.byte	-120
 2075 07fe 99       		.byte	-103
 2076 07ff 14       		.byte	20
 2077 0800 9A       		.byte	-102
 2078 0801 28       		.byte	40
 2079 0802 9C       		.byte	-100
 2080 0803 03       		.byte	3
 2081 0804 9D       		.byte	-99
 2082 0805 80       		.byte	-128
 2083 0806 9E       		.byte	-98
 2084 0807 05       		.byte	5
 2085 0808 9F       		.byte	-97
 2086 0809 02       		.byte	2
 2087 080a A0       		.byte	-96
 2088 080b 34       		.byte	52
 2089 080c A3       		.byte	-93
 2090 080d 42       		.byte	66
 2091 080e A5       		.byte	-91
 2092 080f 0C       		.byte	12
 2093 0810 A6       		.byte	-90
 2094 0811 08       		.byte	8
 2095 0812 C0       		.byte	-64
 2096 0813 F6       		.byte	-10
 2097 0814 C2       		.byte	-62
 2098 0815 F4       		.byte	-12
 2099 0816 C4       		.byte	-60
 2100 0817 DE       		.byte	-34
 2101 0818 CA       		.byte	-54
 2102 0819 0F       		.byte	15
 2103 081a CC       		.byte	-52
 2104 081b CF       		.byte	-49
 2105 081c CE       		.byte	-50
 2106 081d 7E       		.byte	126
 2107 081e D6       		.byte	-42
 2108 081f 01       		.byte	1
 2109 0820 D8       		.byte	-40
ARM GAS  C:\Users\David\AppData\Local\Temp\ccekZHyu.s 			page 38


 2110 0821 7C       		.byte	124
 2111 0822 E8       		.byte	-24
 2112 0823 10       		.byte	16
 2113 0824 E8       		.byte	-24
 2114 0825 10       		.byte	16
 2115 0826 E4       		.byte	-28
 2116 0827 10       		.byte	16
 2117 0828 E6       		.byte	-26
 2118 0829 20       		.byte	32
 2119 082a EE       		.byte	-18
 2120 082b 08       		.byte	8
 2121 082c 31       		.byte	49
 2122 082d 40       		.byte	64
 2123 082e 36       		.byte	54
 2124 082f 80       		.byte	-128
 2125 0830 85       		.byte	-123
 2126 0831 40       		.byte	64
 2127 0832 CC       		.byte	-52
 2128 0833 30       		.byte	48
 2129 0834 E6       		.byte	-26
 2130 0835 10       		.byte	16
 2131 0836 07       		.byte	7
 2132 0837 02       		.byte	2
 2133 0838 58       		.byte	88
 2134 0839 40       		.byte	64
 2135 083a A6       		.byte	-90
 2136 083b 80       		.byte	-128
 2137 083c C0       		.byte	-64
 2138 083d 80       		.byte	-128
 2139 083e D4       		.byte	-44
 2140 083f 80       		.byte	-128
 2141 0840 5F       		.byte	95
 2142 0841 01       		.byte	1
 2143 0842 63       		.byte	99
 2144 0843 81       		.byte	-127
 2145 0844 83       		.byte	-125
 2146 0845 41       		.byte	65
 2147 0846 88       		.byte	-120
 2148 0847 40       		.byte	64
 2149 0848 9C       		.byte	-100
 2150 0849 40       		.byte	64
 2151 084a A6       		.byte	-90
 2152 084b 80       		.byte	-128
 2153 084c AB       		.byte	-85
 2154 084d 02       		.byte	2
 2155 084e D6       		.byte	-42
 2156 084f C0       		.byte	-64
 2157 0850 D8       		.byte	-40
 2158 0851 40       		.byte	64
 2159 0852 E2       		.byte	-30
 2160 0853 A0       		.byte	-96
 2161 0854 EC       		.byte	-20
 2162 0855 80       		.byte	-128
 2163 0856 18       		.byte	24
 2164 0857 10       		.byte	16
 2165 0858 1F       		.byte	31
 2166 0859 04       		.byte	4
ARM GAS  C:\Users\David\AppData\Local\Temp\ccekZHyu.s 			page 39


 2167 085a 54       		.byte	84
 2168 085b 80       		.byte	-128
 2169 085c A6       		.byte	-90
 2170 085d 80       		.byte	-128
 2171 085e C6       		.byte	-58
 2172 085f 30       		.byte	48
 2173 0860 D4       		.byte	-44
 2174 0861 40       		.byte	64
 2175 0862 87       		.byte	-121
 2176 0863 01       		.byte	1
 2177 0864 60       		.byte	96
 2178 0865 80       		.byte	-128
 2179 0866 A7       		.byte	-89
 2180 0867 01       		.byte	1
 2181 0868 D8       		.byte	-40
 2182 0869 02       		.byte	2
 2183 086a 1B       		.byte	27
 2184 086b 01       		.byte	1
 2185 086c 9C       		.byte	-100
 2186 086d 80       		.byte	-128
 2187 086e A7       		.byte	-89
 2188 086f 01       		.byte	1
 2189 0870 C6       		.byte	-58
 2190 0871 08       		.byte	8
 2191 0872 9C       		.byte	-100
 2192 0873 80       		.byte	-128
 2193 0874 93       		.byte	-109
 2194 0875 08       		.byte	8
 2195 0876 A4       		.byte	-92
 2196 0877 80       		.byte	-128
 2197 0878 A6       		.byte	-90
 2198 0879 80       		.byte	-128
 2199 087a B4       		.byte	-76
 2200 087b 10       		.byte	16
 2201 087c 17       		.byte	23
 2202 087d 04       		.byte	4
 2203 087e 67       		.byte	103
 2204 087f 08       		.byte	8
 2205 0880 73       		.byte	115
 2206 0881 10       		.byte	16
 2207 0882 7C       		.byte	124
 2208 0883 80       		.byte	-128
 2209 0884 80       		.byte	-128
 2210 0885 80       		.byte	-128
 2211 0886 83       		.byte	-125
 2212 0887 04       		.byte	4
 2213 0888 87       		.byte	-121
 2214 0889 10       		.byte	16
 2215 088a 8C       		.byte	-116
 2216 088b 80       		.byte	-128
 2217 088c 93       		.byte	-109
 2218 088d 08       		.byte	8
 2219 088e A4       		.byte	-92
 2220 088f 80       		.byte	-128
 2221 0890 AE       		.byte	-82
 2222 0891 80       		.byte	-128
 2223 0892 C4       		.byte	-60
ARM GAS  C:\Users\David\AppData\Local\Temp\ccekZHyu.s 			page 40


 2224 0893 20       		.byte	32
 2225 0894 D8       		.byte	-40
 2226 0895 80       		.byte	-128
 2227 0896 DC       		.byte	-36
 2228 0897 80       		.byte	-128
 2229 0898 DE       		.byte	-34
 2230 0899 20       		.byte	32
 2231 089a E0       		.byte	-32
 2232 089b 80       		.byte	-128
 2233 089c E2       		.byte	-30
 2234 089d 30       		.byte	48
 2235 089e EE       		.byte	-18
 2236 089f 10       		.byte	16
 2237 08a0 1F       		.byte	31
 2238 08a1 80       		.byte	-128
 2239 08a2 B4       		.byte	-76
 2240 08a3 80       		.byte	-128
 2241 08a4 C6       		.byte	-58
 2242 08a5 01       		.byte	1
 2243 08a6 E8       		.byte	-24
 2244 08a7 08       		.byte	8
 2245 08a8 10       		.byte	16
 2246 08a9 20       		.byte	32
 2247 08aa 79       		.byte	121
 2248 08ab 80       		.byte	-128
 2249 08ac 88       		.byte	-120
 2250 08ad 20       		.byte	32
 2251 08ae 8D       		.byte	-115
 2252 08af 40       		.byte	64
 2253 08b0 AF       		.byte	-81
 2254 08b1 80       		.byte	-128
 2255 08b2 C4       		.byte	-60
 2256 08b3 08       		.byte	8
 2257 08b4 DC       		.byte	-36
 2258 08b5 01       		.byte	1
 2259 08b6 E4       		.byte	-28
 2260 08b7 08       		.byte	8
 2261 08b8 E6       		.byte	-26
 2262 08b9 04       		.byte	4
 2263 08ba 00       		.byte	0
 2264 08bb 07       		.byte	7
 2265 08bc 08       		.byte	8
 2266 08bd 06       		.byte	6
 2267 08be 0A       		.byte	10
 2268 08bf 07       		.byte	7
 2269 08c0 10       		.byte	16
 2270 08c1 05       		.byte	5
 2271 08c2 1A       		.byte	26
 2272 08c3 05       		.byte	5
 2273 08c4 00       		.byte	0
 2274 08c5 0F       		.byte	15
 2275 08c6 00       		.byte	0
 2276 08c7 00       		.byte	0
 2277 08c8 01       		.byte	1
 2278 08c9 80       		.byte	-128
 2279 08ca 02       		.byte	2
 2280 08cb 02       		.byte	2
ARM GAS  C:\Users\David\AppData\Local\Temp\ccekZHyu.s 			page 41


 2281 08cc 40       		.byte	64
 2282 08cd 00       		.byte	0
 2283 08ce 00       		.byte	0
 2284 08cf 00       		.byte	0
 2285 08d0 04       		.byte	4
 2286 08d1 00       		.byte	0
 2287 08d2 08       		.byte	8
 2288 08d3 04       		.byte	4
 2289 08d4 04       		.byte	4
 2290 08d5 00       		.byte	0
 2291 08d6 04       		.byte	4
 2292 08d7 00       		.byte	0
 2293 08d8 00       		.byte	0
 2294 08d9 00       		.byte	0
 2295 08da 00       		.byte	0
 2296 08db 00       		.byte	0
 2297 08dc 80       		.byte	-128
 2298 08dd 00       		.byte	0
 2299 08de 7C       		.byte	124
 2300 08df BF       		.byte	-65
 2301 08e0 83       		.byte	-125
 2302 08e1 00       		.byte	0
 2303 08e2 83       		.byte	-125
 2304 08e3 02       		.byte	2
 2305 08e4 00       		.byte	0
 2306 08e5 00       		.byte	0
 2307 08e6 00       		.byte	0
 2308 08e7 00       		.byte	0
 2309 08e8 01       		.byte	1
 2310 08e9 00       		.byte	0
 2311 08ea 00       		.byte	0
 2312 08eb 01       		.byte	1
 2313 08ec 00       		.byte	0
 2314 08ed 00       		.byte	0
 2315 08ee 00       		.byte	0
 2316 08ef 00       		.byte	0
 2317 08f0 00       		.byte	0
 2318 08f1 00       		.byte	0
 2319 08f2 00       		.byte	0
 2320 08f3 00       		.byte	0
 2321 08f4 00       		.byte	0
 2322 08f5 FF       		.byte	-1
 2323 08f6 FF       		.byte	-1
 2324 08f7 00       		.byte	0
 2325 08f8 00       		.byte	0
 2326 08f9 00       		.byte	0
 2327 08fa 00       		.byte	0
 2328 08fb 00       		.byte	0
 2329 08fc 00       		.byte	0
 2330 08fd FF       		.byte	-1
 2331 08fe FF       		.byte	-1
 2332 08ff 00       		.byte	0
 2333 0900 80       		.byte	-128
 2334 0901 00       		.byte	0
 2335 0902 00       		.byte	0
 2336 0903 00       		.byte	0
 2337 0904 00       		.byte	0
ARM GAS  C:\Users\David\AppData\Local\Temp\ccekZHyu.s 			page 42


 2338 0905 40       		.byte	64
 2339 0906 40       		.byte	64
 2340 0907 00       		.byte	0
 2341 0908 40       		.byte	64
 2342 0909 00       		.byte	0
 2343 090a 0A       		.byte	10
 2344 090b 00       		.byte	0
 2345 090c 16       		.byte	22
 2346 090d 00       		.byte	0
 2347 090e 18       		.byte	24
 2348 090f 01       		.byte	1
 2349 0910 17       		.byte	23
 2350 0911 00       		.byte	0
 2351 0912 18       		.byte	24
 2352 0913 01       		.byte	1
 2353              		.section	.cywolatch,"a",%progbits
 2354              		.align	2
 2355              		.type	cy_meta_wonvl, %object
 2356              		.size	cy_meta_wonvl, 4
 2357              	cy_meta_wonvl:
 2358 0000 BC       		.byte	-68
 2359 0001 90       		.byte	-112
 2360 0002 AC       		.byte	-84
 2361 0003 AF       		.byte	-81
 2362              		.section	.cycustnvl,"a",%progbits
 2363              		.align	2
 2364              		.type	cy_meta_custnvl, %object
 2365              		.size	cy_meta_custnvl, 4
 2366              	cy_meta_custnvl:
 2367 0000 00       		.byte	0
 2368 0001 00       		.byte	0
 2369 0002 40       		.byte	64
 2370 0003 05       		.byte	5
 2371              		.section	.cymeta,"a",%progbits
 2372              		.align	2
 2373              		.type	cy_metadata, %object
 2374              		.size	cy_metadata, 12
 2375              	cy_metadata:
 2376 0000 00       		.byte	0
 2377 0001 01       		.byte	1
 2378 0002 2E       		.byte	46
 2379 0003 16       		.byte	22
 2380 0004 10       		.byte	16
 2381 0005 69       		.byte	105
 2382 0006 00       		.byte	0
 2383 0007 01       		.byte	1
 2384 0008 00       		.byte	0
 2385 0009 00       		.byte	0
 2386 000a 00       		.byte	0
 2387 000b 00       		.byte	0
 2388              		.section	.cyflashprotect,"a",%progbits
 2389              		.align	2
 2390              		.type	cy_meta_flashprotect, %object
 2391              		.size	cy_meta_flashprotect, 256
 2392              	cy_meta_flashprotect:
 2393 0000 00000000 		.space	256
 2393      00000000 
ARM GAS  C:\Users\David\AppData\Local\Temp\ccekZHyu.s 			page 43


 2393      00000000 
 2393      00000000 
 2393      00000000 
 2394              		.text
 2395              	.Letext0:
 2396              		.file 1 "c:\\program files (x86)\\cypress\\psoc creator\\4.4\\psoc creator\\import\\gnu\\arm\\5.4.
 2397              		.file 2 "c:\\program files (x86)\\cypress\\psoc creator\\4.4\\psoc creator\\import\\gnu\\arm\\5.4.
 2398              		.file 3 "Generated_Source\\PSoC5\\cymetadata.c"
 2399              		.section	.debug_info,"",%progbits
 2400              	.Ldebug_info0:
 2401 0000 35010000 		.4byte	0x135
 2402 0004 0400     		.2byte	0x4
 2403 0006 00000000 		.4byte	.Ldebug_abbrev0
 2404 000a 04       		.byte	0x4
 2405 000b 01       		.uleb128 0x1
 2406 000c 63000000 		.4byte	.LASF17
 2407 0010 0C       		.byte	0xc
 2408 0011 BD010000 		.4byte	.LASF18
 2409 0015 0A000000 		.4byte	.LASF19
 2410 0019 00000000 		.4byte	.Ldebug_line0
 2411 001d 02       		.uleb128 0x2
 2412 001e 01       		.byte	0x1
 2413 001f 06       		.byte	0x6
 2414 0020 B1010000 		.4byte	.LASF0
 2415 0024 03       		.uleb128 0x3
 2416 0025 00000000 		.4byte	.LASF9
 2417 0029 01       		.byte	0x1
 2418 002a 1D       		.byte	0x1d
 2419 002b 2F000000 		.4byte	0x2f
 2420 002f 02       		.uleb128 0x2
 2421 0030 01       		.byte	0x1
 2422 0031 08       		.byte	0x8
 2423 0032 55000000 		.4byte	.LASF1
 2424 0036 02       		.uleb128 0x2
 2425 0037 02       		.byte	0x2
 2426 0038 05       		.byte	0x5
 2427 0039 9E010000 		.4byte	.LASF2
 2428 003d 02       		.uleb128 0x2
 2429 003e 02       		.byte	0x2
 2430 003f 07       		.byte	0x7
 2431 0040 03010000 		.4byte	.LASF3
 2432 0044 02       		.uleb128 0x2
 2433 0045 04       		.byte	0x4
 2434 0046 05       		.byte	0x5
 2435 0047 A8010000 		.4byte	.LASF4
 2436 004b 02       		.uleb128 0x2
 2437 004c 04       		.byte	0x4
 2438 004d 07       		.byte	0x7
 2439 004e F1000000 		.4byte	.LASF5
 2440 0052 02       		.uleb128 0x2
 2441 0053 08       		.byte	0x8
 2442 0054 05       		.byte	0x5
 2443 0055 90010000 		.4byte	.LASF6
 2444 0059 02       		.uleb128 0x2
 2445 005a 08       		.byte	0x8
 2446 005b 07       		.byte	0x7
 2447 005c 45010000 		.4byte	.LASF7
ARM GAS  C:\Users\David\AppData\Local\Temp\ccekZHyu.s 			page 44


 2448 0060 04       		.uleb128 0x4
 2449 0061 04       		.byte	0x4
 2450 0062 05       		.byte	0x5
 2451 0063 696E7400 		.ascii	"int\000"
 2452 0067 02       		.uleb128 0x2
 2453 0068 04       		.byte	0x4
 2454 0069 07       		.byte	0x7
 2455 006a 38010000 		.4byte	.LASF8
 2456 006e 03       		.uleb128 0x3
 2457 006f 5C010000 		.4byte	.LASF10
 2458 0073 02       		.byte	0x2
 2459 0074 18       		.byte	0x18
 2460 0075 24000000 		.4byte	0x24
 2461 0079 05       		.uleb128 0x5
 2462 007a 91000000 		.4byte	0x91
 2463 007e 8A000000 		.4byte	0x8a
 2464 0082 06       		.uleb128 0x6
 2465 0083 8A000000 		.4byte	0x8a
 2466 0087 1309     		.2byte	0x913
 2467 0089 00       		.byte	0
 2468 008a 02       		.uleb128 0x2
 2469 008b 04       		.byte	0x4
 2470 008c 07       		.byte	0x7
 2471 008d 87010000 		.4byte	.LASF11
 2472 0091 07       		.uleb128 0x7
 2473 0092 6E000000 		.4byte	0x6e
 2474 0096 08       		.uleb128 0x8
 2475 0097 26010000 		.4byte	.LASF12
 2476 009b 03       		.byte	0x3
 2477 009c 1F       		.byte	0x1f
 2478 009d A7000000 		.4byte	0xa7
 2479 00a1 05       		.uleb128 0x5
 2480 00a2 03       		.byte	0x3
 2481 00a3 00000000 		.4byte	cy_meta_configecc
 2482 00a7 07       		.uleb128 0x7
 2483 00a8 79000000 		.4byte	0x79
 2484 00ac 05       		.uleb128 0x5
 2485 00ad 91000000 		.4byte	0x91
 2486 00b1 BC000000 		.4byte	0xbc
 2487 00b5 09       		.uleb128 0x9
 2488 00b6 8A000000 		.4byte	0x8a
 2489 00ba 03       		.byte	0x3
 2490 00bb 00       		.byte	0
 2491 00bc 0A       		.uleb128 0xa
 2492 00bd 16010000 		.4byte	.LASF13
 2493 00c1 03       		.byte	0x3
 2494 00c2 4F01     		.2byte	0x14f
 2495 00c4 CE000000 		.4byte	0xce
 2496 00c8 05       		.uleb128 0x5
 2497 00c9 03       		.byte	0x3
 2498 00ca 00000000 		.4byte	cy_meta_custnvl
 2499 00ce 07       		.uleb128 0x7
 2500 00cf AC000000 		.4byte	0xac
 2501 00d3 0A       		.uleb128 0xa
 2502 00d4 79010000 		.4byte	.LASF14
 2503 00d8 03       		.byte	0x3
 2504 00d9 5D01     		.2byte	0x15d
ARM GAS  C:\Users\David\AppData\Local\Temp\ccekZHyu.s 			page 45


 2505 00db E5000000 		.4byte	0xe5
 2506 00df 05       		.uleb128 0x5
 2507 00e0 03       		.byte	0x3
 2508 00e1 00000000 		.4byte	cy_meta_wonvl
 2509 00e5 07       		.uleb128 0x7
 2510 00e6 AC000000 		.4byte	0xac
 2511 00ea 05       		.uleb128 0x5
 2512 00eb 91000000 		.4byte	0x91
 2513 00ef FA000000 		.4byte	0xfa
 2514 00f3 09       		.uleb128 0x9
 2515 00f4 8A000000 		.4byte	0x8a
 2516 00f8 FF       		.byte	0xff
 2517 00f9 00       		.byte	0
 2518 00fa 0A       		.uleb128 0xa
 2519 00fb 64010000 		.4byte	.LASF15
 2520 00ff 03       		.byte	0x3
 2521 0100 6B01     		.2byte	0x16b
 2522 0102 0C010000 		.4byte	0x10c
 2523 0106 05       		.uleb128 0x5
 2524 0107 03       		.byte	0x3
 2525 0108 00000000 		.4byte	cy_meta_flashprotect
 2526 010c 07       		.uleb128 0x7
 2527 010d EA000000 		.4byte	0xea
 2528 0111 05       		.uleb128 0x5
 2529 0112 91000000 		.4byte	0x91
 2530 0116 21010000 		.4byte	0x121
 2531 011a 09       		.uleb128 0x9
 2532 011b 8A000000 		.4byte	0x8a
 2533 011f 0B       		.byte	0xb
 2534 0120 00       		.byte	0
 2535 0121 0A       		.uleb128 0xa
 2536 0122 49000000 		.4byte	.LASF16
 2537 0126 03       		.byte	0x3
 2538 0127 9801     		.2byte	0x198
 2539 0129 33010000 		.4byte	0x133
 2540 012d 05       		.uleb128 0x5
 2541 012e 03       		.byte	0x3
 2542 012f 00000000 		.4byte	cy_metadata
 2543 0133 07       		.uleb128 0x7
 2544 0134 11010000 		.4byte	0x111
 2545 0138 00       		.byte	0
 2546              		.section	.debug_abbrev,"",%progbits
 2547              	.Ldebug_abbrev0:
 2548 0000 01       		.uleb128 0x1
 2549 0001 11       		.uleb128 0x11
 2550 0002 01       		.byte	0x1
 2551 0003 25       		.uleb128 0x25
 2552 0004 0E       		.uleb128 0xe
 2553 0005 13       		.uleb128 0x13
 2554 0006 0B       		.uleb128 0xb
 2555 0007 03       		.uleb128 0x3
 2556 0008 0E       		.uleb128 0xe
 2557 0009 1B       		.uleb128 0x1b
 2558 000a 0E       		.uleb128 0xe
 2559 000b 10       		.uleb128 0x10
 2560 000c 17       		.uleb128 0x17
 2561 000d 00       		.byte	0
ARM GAS  C:\Users\David\AppData\Local\Temp\ccekZHyu.s 			page 46


 2562 000e 00       		.byte	0
 2563 000f 02       		.uleb128 0x2
 2564 0010 24       		.uleb128 0x24
 2565 0011 00       		.byte	0
 2566 0012 0B       		.uleb128 0xb
 2567 0013 0B       		.uleb128 0xb
 2568 0014 3E       		.uleb128 0x3e
 2569 0015 0B       		.uleb128 0xb
 2570 0016 03       		.uleb128 0x3
 2571 0017 0E       		.uleb128 0xe
 2572 0018 00       		.byte	0
 2573 0019 00       		.byte	0
 2574 001a 03       		.uleb128 0x3
 2575 001b 16       		.uleb128 0x16
 2576 001c 00       		.byte	0
 2577 001d 03       		.uleb128 0x3
 2578 001e 0E       		.uleb128 0xe
 2579 001f 3A       		.uleb128 0x3a
 2580 0020 0B       		.uleb128 0xb
 2581 0021 3B       		.uleb128 0x3b
 2582 0022 0B       		.uleb128 0xb
 2583 0023 49       		.uleb128 0x49
 2584 0024 13       		.uleb128 0x13
 2585 0025 00       		.byte	0
 2586 0026 00       		.byte	0
 2587 0027 04       		.uleb128 0x4
 2588 0028 24       		.uleb128 0x24
 2589 0029 00       		.byte	0
 2590 002a 0B       		.uleb128 0xb
 2591 002b 0B       		.uleb128 0xb
 2592 002c 3E       		.uleb128 0x3e
 2593 002d 0B       		.uleb128 0xb
 2594 002e 03       		.uleb128 0x3
 2595 002f 08       		.uleb128 0x8
 2596 0030 00       		.byte	0
 2597 0031 00       		.byte	0
 2598 0032 05       		.uleb128 0x5
 2599 0033 01       		.uleb128 0x1
 2600 0034 01       		.byte	0x1
 2601 0035 49       		.uleb128 0x49
 2602 0036 13       		.uleb128 0x13
 2603 0037 01       		.uleb128 0x1
 2604 0038 13       		.uleb128 0x13
 2605 0039 00       		.byte	0
 2606 003a 00       		.byte	0
 2607 003b 06       		.uleb128 0x6
 2608 003c 21       		.uleb128 0x21
 2609 003d 00       		.byte	0
 2610 003e 49       		.uleb128 0x49
 2611 003f 13       		.uleb128 0x13
 2612 0040 2F       		.uleb128 0x2f
 2613 0041 05       		.uleb128 0x5
 2614 0042 00       		.byte	0
 2615 0043 00       		.byte	0
 2616 0044 07       		.uleb128 0x7
 2617 0045 26       		.uleb128 0x26
 2618 0046 00       		.byte	0
ARM GAS  C:\Users\David\AppData\Local\Temp\ccekZHyu.s 			page 47


 2619 0047 49       		.uleb128 0x49
 2620 0048 13       		.uleb128 0x13
 2621 0049 00       		.byte	0
 2622 004a 00       		.byte	0
 2623 004b 08       		.uleb128 0x8
 2624 004c 34       		.uleb128 0x34
 2625 004d 00       		.byte	0
 2626 004e 03       		.uleb128 0x3
 2627 004f 0E       		.uleb128 0xe
 2628 0050 3A       		.uleb128 0x3a
 2629 0051 0B       		.uleb128 0xb
 2630 0052 3B       		.uleb128 0x3b
 2631 0053 0B       		.uleb128 0xb
 2632 0054 49       		.uleb128 0x49
 2633 0055 13       		.uleb128 0x13
 2634 0056 3F       		.uleb128 0x3f
 2635 0057 19       		.uleb128 0x19
 2636 0058 02       		.uleb128 0x2
 2637 0059 18       		.uleb128 0x18
 2638 005a 00       		.byte	0
 2639 005b 00       		.byte	0
 2640 005c 09       		.uleb128 0x9
 2641 005d 21       		.uleb128 0x21
 2642 005e 00       		.byte	0
 2643 005f 49       		.uleb128 0x49
 2644 0060 13       		.uleb128 0x13
 2645 0061 2F       		.uleb128 0x2f
 2646 0062 0B       		.uleb128 0xb
 2647 0063 00       		.byte	0
 2648 0064 00       		.byte	0
 2649 0065 0A       		.uleb128 0xa
 2650 0066 34       		.uleb128 0x34
 2651 0067 00       		.byte	0
 2652 0068 03       		.uleb128 0x3
 2653 0069 0E       		.uleb128 0xe
 2654 006a 3A       		.uleb128 0x3a
 2655 006b 0B       		.uleb128 0xb
 2656 006c 3B       		.uleb128 0x3b
 2657 006d 05       		.uleb128 0x5
 2658 006e 49       		.uleb128 0x49
 2659 006f 13       		.uleb128 0x13
 2660 0070 3F       		.uleb128 0x3f
 2661 0071 19       		.uleb128 0x19
 2662 0072 02       		.uleb128 0x2
 2663 0073 18       		.uleb128 0x18
 2664 0074 00       		.byte	0
 2665 0075 00       		.byte	0
 2666 0076 00       		.byte	0
 2667              		.section	.debug_aranges,"",%progbits
 2668 0000 14000000 		.4byte	0x14
 2669 0004 0200     		.2byte	0x2
 2670 0006 00000000 		.4byte	.Ldebug_info0
 2671 000a 04       		.byte	0x4
 2672 000b 00       		.byte	0
 2673 000c 0000     		.2byte	0
 2674 000e 0000     		.2byte	0
 2675 0010 00000000 		.4byte	0
ARM GAS  C:\Users\David\AppData\Local\Temp\ccekZHyu.s 			page 48


 2676 0014 00000000 		.4byte	0
 2677              		.section	.debug_line,"",%progbits
 2678              	.Ldebug_line0:
 2679 0000 3D010000 		.section	.debug_str,"MS",%progbits,1
 2679      02003701 
 2679      00000201 
 2679      FB0E0D00 
 2679      01010101 
 2680              	.LASF9:
 2681 0000 5F5F7569 		.ascii	"__uint8_t\000"
 2681      6E74385F 
 2681      7400
 2682              	.LASF19:
 2683 000a 433A5C55 		.ascii	"C:\\Users\\David\\Documents\\PSoC Creator\\Keypadte"
 2683      73657273 
 2683      5C446176 
 2683      69645C44 
 2683      6F63756D 
 2684 0038 73745C52 		.ascii	"st\\Riaszto.cydsn\000"
 2684      6961737A 
 2684      746F2E63 
 2684      7964736E 
 2684      00
 2685              	.LASF16:
 2686 0049 63795F6D 		.ascii	"cy_metadata\000"
 2686      65746164 
 2686      61746100 
 2687              	.LASF1:
 2688 0055 756E7369 		.ascii	"unsigned char\000"
 2688      676E6564 
 2688      20636861 
 2688      7200
 2689              	.LASF17:
 2690 0063 474E5520 		.ascii	"GNU C11 5.4.1 20160609 (release) [ARM/embedded-5-br"
 2690      43313120 
 2690      352E342E 
 2690      31203230 
 2690      31363036 
 2691 0096 616E6368 		.ascii	"anch revision 237715] -mcpu=cortex-m3 -mthumb -g -O"
 2691      20726576 
 2691      6973696F 
 2691      6E203233 
 2691      37373135 
 2692 00c9 67202D66 		.ascii	"g -ffunction-sections -ffat-lto-objects\000"
 2692      66756E63 
 2692      74696F6E 
 2692      2D736563 
 2692      74696F6E 
 2693              	.LASF5:
 2694 00f1 6C6F6E67 		.ascii	"long unsigned int\000"
 2694      20756E73 
 2694      69676E65 
 2694      6420696E 
 2694      7400
 2695              	.LASF3:
 2696 0103 73686F72 		.ascii	"short unsigned int\000"
 2696      7420756E 
ARM GAS  C:\Users\David\AppData\Local\Temp\ccekZHyu.s 			page 49


 2696      7369676E 
 2696      65642069 
 2696      6E7400
 2697              	.LASF13:
 2698 0116 63795F6D 		.ascii	"cy_meta_custnvl\000"
 2698      6574615F 
 2698      63757374 
 2698      6E766C00 
 2699              	.LASF12:
 2700 0126 63795F6D 		.ascii	"cy_meta_configecc\000"
 2700      6574615F 
 2700      636F6E66 
 2700      69676563 
 2700      6300
 2701              	.LASF8:
 2702 0138 756E7369 		.ascii	"unsigned int\000"
 2702      676E6564 
 2702      20696E74 
 2702      00
 2703              	.LASF7:
 2704 0145 6C6F6E67 		.ascii	"long long unsigned int\000"
 2704      206C6F6E 
 2704      6720756E 
 2704      7369676E 
 2704      65642069 
 2705              	.LASF10:
 2706 015c 75696E74 		.ascii	"uint8_t\000"
 2706      385F7400 
 2707              	.LASF15:
 2708 0164 63795F6D 		.ascii	"cy_meta_flashprotect\000"
 2708      6574615F 
 2708      666C6173 
 2708      6870726F 
 2708      74656374 
 2709              	.LASF14:
 2710 0179 63795F6D 		.ascii	"cy_meta_wonvl\000"
 2710      6574615F 
 2710      776F6E76 
 2710      6C00
 2711              	.LASF11:
 2712 0187 73697A65 		.ascii	"sizetype\000"
 2712      74797065 
 2712      00
 2713              	.LASF6:
 2714 0190 6C6F6E67 		.ascii	"long long int\000"
 2714      206C6F6E 
 2714      6720696E 
 2714      7400
 2715              	.LASF2:
 2716 019e 73686F72 		.ascii	"short int\000"
 2716      7420696E 
 2716      7400
 2717              	.LASF4:
 2718 01a8 6C6F6E67 		.ascii	"long int\000"
 2718      20696E74 
 2718      00
 2719              	.LASF0:
ARM GAS  C:\Users\David\AppData\Local\Temp\ccekZHyu.s 			page 50


 2720 01b1 7369676E 		.ascii	"signed char\000"
 2720      65642063 
 2720      68617200 
 2721              	.LASF18:
 2722 01bd 47656E65 		.ascii	"Generated_Source\\PSoC5\\cymetadata.c\000"
 2722      72617465 
 2722      645F536F 
 2722      75726365 
 2722      5C50536F 
 2723              		.ident	"GCC: (GNU Tools for ARM Embedded Processors) 5.4.1 20160609 (release) [ARM/embedded-5-bran
