ARM GAS  C:\Users\David\AppData\Local\Temp\ccyyjPFc.s 			page 1


   1              		.syntax unified
   2              		.cpu cortex-m3
   3              		.fpu softvfp
   4              		.eabi_attribute 20, 1
   5              		.eabi_attribute 21, 1
   6              		.eabi_attribute 23, 3
   7              		.eabi_attribute 24, 1
   8              		.eabi_attribute 25, 1
   9              		.eabi_attribute 26, 1
  10              		.eabi_attribute 30, 1
  11              		.eabi_attribute 34, 1
  12              		.eabi_attribute 18, 4
  13              		.thumb
  14              		.syntax unified
  15              		.file	"d1302.c"
  16              		.text
  17              	.Ltext0:
  18              		.cfi_sections	.debug_frame
  19              		.section	.text.SPIM_IO_RD_Addr,"ax",%progbits
  20              		.align	2
  21              		.global	SPIM_IO_RD_Addr
  22              		.thumb
  23              		.thumb_func
  24              		.type	SPIM_IO_RD_Addr, %function
  25              	SPIM_IO_RD_Addr:
  26              	.LFB63:
  27              		.file 1 "d1302.c"
   1:d1302.c       **** /* ========================================
   2:d1302.c       **** *
   3:d1302.c       **** * Fuggvenykonyvtar a DS1302-es modul hasznalatahoz
   4:d1302.c       **** * Felhasznalva: Oran tanult modszer a kommutnikaciohoz,
   5:d1302.c       **** * DS1302 datasheet a cimzeshez: https://www.hestore.hu/prod_getfile.php?id=9509
   6:d1302.c       **** * Le kell hogy legyen teve egy SPIM nevu SPI Bidirectional nevu SPI Master.
   7:d1302.c       **** */
   8:d1302.c       **** #include "project.h"
   9:d1302.c       **** 
  10:d1302.c       **** void SPIM_IO_RD_Addr(uint8 addr) {
  28              		.loc 1 10 0
  29              		.cfi_startproc
  30              		@ args = 0, pretend = 0, frame = 8
  31              		@ frame_needed = 0, uses_anonymous_args = 0
  32              	.LVL0:
  33 0000 10B5     		push	{r4, lr}
  34              		.cfi_def_cfa_offset 8
  35              		.cfi_offset 4, -8
  36              		.cfi_offset 14, -4
  37 0002 82B0     		sub	sp, sp, #8
  38              		.cfi_def_cfa_offset 16
  39 0004 0446     		mov	r4, r0
  11:d1302.c       ****     volatile uint8 stat;
  12:d1302.c       ****     SS_Write(1u);
  40              		.loc 1 12 0
  41 0006 0120     		movs	r0, #1
  42              	.LVL1:
  43 0008 FFF7FEFF 		bl	SS_Write
  44              	.LVL2:
  45              	.L2:
ARM GAS  C:\Users\David\AppData\Local\Temp\ccyyjPFc.s 			page 2


  13:d1302.c       ****     
  14:d1302.c       ****     do {
  15:d1302.c       ****         stat = SPIM_ReadTxStatus();
  46              		.loc 1 15 0 discriminator 1
  47 000c FFF7FEFF 		bl	SPIM_ReadTxStatus
  48              	.LVL3:
  49 0010 8DF80700 		strb	r0, [sp, #7]
  16:d1302.c       ****     }while(!(stat & SPIM_STS_TX_FIFO_NOT_FULL)); //van hely a fifo-ban
  50              		.loc 1 16 0 discriminator 1
  51 0014 9DF80730 		ldrb	r3, [sp, #7]	@ zero_extendqisi2
  52 0018 13F0040F 		tst	r3, #4
  53 001c F6D0     		beq	.L2
  17:d1302.c       ****     
  18:d1302.c       ****     SPIM_TxEnable(); //irok
  54              		.loc 1 18 0
  55 001e FFF7FEFF 		bl	SPIM_TxEnable
  56              	.LVL4:
  19:d1302.c       ****     SPIM_WriteTxData(addr|0x01); // 1 ... 1
  57              		.loc 1 19 0
  58 0022 44F00100 		orr	r0, r4, #1
  59 0026 FFF7FEFF 		bl	SPIM_WriteTxData
  60              	.LVL5:
  61              	.L3:
  20:d1302.c       ****     do {
  21:d1302.c       ****         stat = SPIM_ReadTxStatus();
  62              		.loc 1 21 0 discriminator 1
  63 002a FFF7FEFF 		bl	SPIM_ReadTxStatus
  64              	.LVL6:
  65 002e 8DF80700 		strb	r0, [sp, #7]
  22:d1302.c       ****     }while(!(stat & SPIM_STS_SPI_DONE)); // kesz a kiiras
  66              		.loc 1 22 0 discriminator 1
  67 0032 9DF80730 		ldrb	r3, [sp, #7]	@ zero_extendqisi2
  68 0036 13F0010F 		tst	r3, #1
  69 003a F6D0     		beq	.L3
  23:d1302.c       ****     SPIM_TxDisable();
  70              		.loc 1 23 0
  71 003c FFF7FEFF 		bl	SPIM_TxDisable
  72              	.LVL7:
  24:d1302.c       ****     SPIM_ClearFIFO();
  73              		.loc 1 24 0
  74 0040 FFF7FEFF 		bl	SPIM_ClearFIFO
  75              	.LVL8:
  25:d1302.c       ****     
  26:d1302.c       **** }
  76              		.loc 1 26 0
  77 0044 02B0     		add	sp, sp, #8
  78              		.cfi_def_cfa_offset 8
  79              		@ sp needed
  80 0046 10BD     		pop	{r4, pc}
  81              		.cfi_endproc
  82              	.LFE63:
  83              		.size	SPIM_IO_RD_Addr, .-SPIM_IO_RD_Addr
  84              		.section	.text.SPIM_IO_RD_Data,"ax",%progbits
  85              		.align	2
  86              		.global	SPIM_IO_RD_Data
  87              		.thumb
  88              		.thumb_func
ARM GAS  C:\Users\David\AppData\Local\Temp\ccyyjPFc.s 			page 3


  89              		.type	SPIM_IO_RD_Data, %function
  90              	SPIM_IO_RD_Data:
  91              	.LFB64:
  27:d1302.c       **** 
  28:d1302.c       **** uint8 SPIM_IO_RD_Data() {
  92              		.loc 1 28 0
  93              		.cfi_startproc
  94              		@ args = 0, pretend = 0, frame = 8
  95              		@ frame_needed = 0, uses_anonymous_args = 0
  96 0000 00B5     		push	{lr}
  97              		.cfi_def_cfa_offset 4
  98              		.cfi_offset 14, -4
  99 0002 83B0     		sub	sp, sp, #12
 100              		.cfi_def_cfa_offset 16
  29:d1302.c       ****     volatile uint8 stat, data;
  30:d1302.c       ****     SS_Write(1u);
 101              		.loc 1 30 0
 102 0004 0120     		movs	r0, #1
 103 0006 FFF7FEFF 		bl	SS_Write
 104              	.LVL9:
  31:d1302.c       ****     SPIM_TxDisable();
 105              		.loc 1 31 0
 106 000a FFF7FEFF 		bl	SPIM_TxDisable
 107              	.LVL10:
  32:d1302.c       ****     SPIM_WriteTxData(0x42); //csak az orajelert
 108              		.loc 1 32 0
 109 000e 4220     		movs	r0, #66
 110 0010 FFF7FEFF 		bl	SPIM_WriteTxData
 111              	.LVL11:
 112              	.L6:
  33:d1302.c       ****     do {
  34:d1302.c       ****     stat = SPIM_ReadTxStatus();
 113              		.loc 1 34 0 discriminator 1
 114 0014 FFF7FEFF 		bl	SPIM_ReadTxStatus
 115              	.LVL12:
 116 0018 8DF80700 		strb	r0, [sp, #7]
  35:d1302.c       ****     }while(!(stat & SPIM_STS_SPI_DONE));//megvarom, h az osszes orajelet kiadja
 117              		.loc 1 35 0 discriminator 1
 118 001c 9DF80730 		ldrb	r3, [sp, #7]	@ zero_extendqisi2
 119 0020 13F0010F 		tst	r3, #1
 120 0024 F6D0     		beq	.L6
 121              	.L7:
  36:d1302.c       ****     
  37:d1302.c       ****     do {
  38:d1302.c       ****        stat = SPIM_ReadRxStatus();
 122              		.loc 1 38 0 discriminator 1
 123 0026 FFF7FEFF 		bl	SPIM_ReadRxStatus
 124              	.LVL13:
 125 002a 8DF80700 		strb	r0, [sp, #7]
  39:d1302.c       ****     }while(!(stat & SPIM_STS_RX_FIFO_NOT_EMPTY)); // a fifo nem ures
 126              		.loc 1 39 0 discriminator 1
 127 002e 9DF80730 		ldrb	r3, [sp, #7]	@ zero_extendqisi2
 128 0032 13F0200F 		tst	r3, #32
 129 0036 F6D0     		beq	.L7
  40:d1302.c       ****     data = SPIM_ReadRxData();
 130              		.loc 1 40 0
 131 0038 FFF7FEFF 		bl	SPIM_ReadRxData
ARM GAS  C:\Users\David\AppData\Local\Temp\ccyyjPFc.s 			page 4


 132              	.LVL14:
 133 003c 8DF80600 		strb	r0, [sp, #6]
  41:d1302.c       ****     SS_Write(0u);
 134              		.loc 1 41 0
 135 0040 0020     		movs	r0, #0
 136 0042 FFF7FEFF 		bl	SS_Write
 137              	.LVL15:
  42:d1302.c       ****     SPIM_ClearFIFO();
 138              		.loc 1 42 0
 139 0046 FFF7FEFF 		bl	SPIM_ClearFIFO
 140              	.LVL16:
  43:d1302.c       ****     return (data); 
 141              		.loc 1 43 0
 142 004a 9DF80600 		ldrb	r0, [sp, #6]	@ zero_extendqisi2
  44:d1302.c       ****     
  45:d1302.c       **** }
 143              		.loc 1 45 0
 144 004e 03B0     		add	sp, sp, #12
 145              		.cfi_def_cfa_offset 4
 146              		@ sp needed
 147 0050 5DF804FB 		ldr	pc, [sp], #4
 148              		.cfi_endproc
 149              	.LFE64:
 150              		.size	SPIM_IO_RD_Data, .-SPIM_IO_RD_Data
 151              		.section	.text.get_hour,"ax",%progbits
 152              		.align	2
 153              		.global	get_hour
 154              		.thumb
 155              		.thumb_func
 156              		.type	get_hour, %function
 157              	get_hour:
 158              	.LFB65:
  46:d1302.c       **** 
  47:d1302.c       **** int get_hour() {
 159              		.loc 1 47 0
 160              		.cfi_startproc
 161              		@ args = 0, pretend = 0, frame = 0
 162              		@ frame_needed = 0, uses_anonymous_args = 0
 163 0000 08B5     		push	{r3, lr}
 164              		.cfi_def_cfa_offset 8
 165              		.cfi_offset 3, -8
 166              		.cfi_offset 14, -4
  48:d1302.c       ****    SPIM_IO_RD_Addr(0x84);
 167              		.loc 1 48 0
 168 0002 8420     		movs	r0, #132
 169 0004 FFF7FEFF 		bl	SPIM_IO_RD_Addr
 170              	.LVL17:
  49:d1302.c       ****    uint8 resp = SPIM_IO_RD_Data();
 171              		.loc 1 49 0
 172 0008 FFF7FEFF 		bl	SPIM_IO_RD_Data
 173              	.LVL18:
  50:d1302.c       ****    uint8 h_0 = (resp&0x0f);
 174              		.loc 1 50 0
 175 000c 00F00F01 		and	r1, r0, #15
 176              	.LVL19:
  51:d1302.c       ****    uint8 h_10 = (resp&0x30) >> 4;
 177              		.loc 1 51 0
ARM GAS  C:\Users\David\AppData\Local\Temp\ccyyjPFc.s 			page 5


 178 0010 C0F30113 		ubfx	r3, r0, #4, #2
 179              	.LVL20:
  52:d1302.c       ****    return h_10*10+h_0;
 180              		.loc 1 52 0
 181 0014 03EB8303 		add	r3, r3, r3, lsl #2
 182              	.LVL21:
 183 0018 5800     		lsls	r0, r3, #1
 184              	.LVL22:
  53:d1302.c       **** }
 185              		.loc 1 53 0
 186 001a 0844     		add	r0, r0, r1
 187 001c 08BD     		pop	{r3, pc}
 188              		.cfi_endproc
 189              	.LFE65:
 190              		.size	get_hour, .-get_hour
 191 001e 00BF     		.section	.text.get_minute,"ax",%progbits
 192              		.align	2
 193              		.global	get_minute
 194              		.thumb
 195              		.thumb_func
 196              		.type	get_minute, %function
 197              	get_minute:
 198              	.LFB66:
  54:d1302.c       **** 
  55:d1302.c       **** int get_minute() {
 199              		.loc 1 55 0
 200              		.cfi_startproc
 201              		@ args = 0, pretend = 0, frame = 0
 202              		@ frame_needed = 0, uses_anonymous_args = 0
 203 0000 08B5     		push	{r3, lr}
 204              		.cfi_def_cfa_offset 8
 205              		.cfi_offset 3, -8
 206              		.cfi_offset 14, -4
  56:d1302.c       ****    SPIM_IO_RD_Addr(0x82);
 207              		.loc 1 56 0
 208 0002 8220     		movs	r0, #130
 209 0004 FFF7FEFF 		bl	SPIM_IO_RD_Addr
 210              	.LVL23:
  57:d1302.c       ****    uint8 resp = SPIM_IO_RD_Data();
 211              		.loc 1 57 0
 212 0008 FFF7FEFF 		bl	SPIM_IO_RD_Data
 213              	.LVL24:
  58:d1302.c       ****    uint8 min_0 = (resp&0x0f);
 214              		.loc 1 58 0
 215 000c 00F00F01 		and	r1, r0, #15
 216              	.LVL25:
  59:d1302.c       ****    uint8 min_10 = (resp&0x70) >> 4;
 217              		.loc 1 59 0
 218 0010 C0F30213 		ubfx	r3, r0, #4, #3
 219              	.LVL26:
  60:d1302.c       ****    return min_10*10+min_0;
 220              		.loc 1 60 0
 221 0014 03EB8303 		add	r3, r3, r3, lsl #2
 222              	.LVL27:
 223 0018 5800     		lsls	r0, r3, #1
 224              	.LVL28:
  61:d1302.c       **** }
ARM GAS  C:\Users\David\AppData\Local\Temp\ccyyjPFc.s 			page 6


 225              		.loc 1 61 0
 226 001a 0844     		add	r0, r0, r1
 227 001c 08BD     		pop	{r3, pc}
 228              		.cfi_endproc
 229              	.LFE66:
 230              		.size	get_minute, .-get_minute
 231 001e 00BF     		.section	.text.get_seconds,"ax",%progbits
 232              		.align	2
 233              		.global	get_seconds
 234              		.thumb
 235              		.thumb_func
 236              		.type	get_seconds, %function
 237              	get_seconds:
 238              	.LFB67:
  62:d1302.c       **** 
  63:d1302.c       **** int get_seconds() {
 239              		.loc 1 63 0
 240              		.cfi_startproc
 241              		@ args = 0, pretend = 0, frame = 0
 242              		@ frame_needed = 0, uses_anonymous_args = 0
 243 0000 08B5     		push	{r3, lr}
 244              		.cfi_def_cfa_offset 8
 245              		.cfi_offset 3, -8
 246              		.cfi_offset 14, -4
  64:d1302.c       **** 
  65:d1302.c       ****     SPIM_IO_RD_Addr(0x80);
 247              		.loc 1 65 0
 248 0002 8020     		movs	r0, #128
 249 0004 FFF7FEFF 		bl	SPIM_IO_RD_Addr
 250              	.LVL29:
  66:d1302.c       ****     uint8 resp = SPIM_IO_RD_Data(); 
 251              		.loc 1 66 0
 252 0008 FFF7FEFF 		bl	SPIM_IO_RD_Data
 253              	.LVL30:
  67:d1302.c       ****     uint8 sec_0 = (resp&0x0f);
 254              		.loc 1 67 0
 255 000c 00F00F01 		and	r1, r0, #15
 256              	.LVL31:
  68:d1302.c       ****     uint8 sec_10 = (resp&0x70) >> 4;
 257              		.loc 1 68 0
 258 0010 C0F30213 		ubfx	r3, r0, #4, #3
 259              	.LVL32:
  69:d1302.c       ****     return sec_10*10+sec_0;
 260              		.loc 1 69 0
 261 0014 03EB8303 		add	r3, r3, r3, lsl #2
 262              	.LVL33:
 263 0018 5800     		lsls	r0, r3, #1
 264              	.LVL34:
  70:d1302.c       **** }
 265              		.loc 1 70 0
 266 001a 0844     		add	r0, r0, r1
 267 001c 08BD     		pop	{r3, pc}
 268              		.cfi_endproc
 269              	.LFE67:
 270              		.size	get_seconds, .-get_seconds
 271 001e 00BF     		.section	.text.get_day,"ax",%progbits
 272              		.align	2
ARM GAS  C:\Users\David\AppData\Local\Temp\ccyyjPFc.s 			page 7


 273              		.global	get_day
 274              		.thumb
 275              		.thumb_func
 276              		.type	get_day, %function
 277              	get_day:
 278              	.LFB68:
  71:d1302.c       **** 
  72:d1302.c       **** int get_day() {
 279              		.loc 1 72 0
 280              		.cfi_startproc
 281              		@ args = 0, pretend = 0, frame = 0
 282              		@ frame_needed = 0, uses_anonymous_args = 0
 283 0000 08B5     		push	{r3, lr}
 284              		.cfi_def_cfa_offset 8
 285              		.cfi_offset 3, -8
 286              		.cfi_offset 14, -4
  73:d1302.c       ****     SPIM_IO_RD_Addr(0x86);
 287              		.loc 1 73 0
 288 0002 8620     		movs	r0, #134
 289 0004 FFF7FEFF 		bl	SPIM_IO_RD_Addr
 290              	.LVL35:
  74:d1302.c       ****     uint8 resp = SPIM_IO_RD_Data();
 291              		.loc 1 74 0
 292 0008 FFF7FEFF 		bl	SPIM_IO_RD_Data
 293              	.LVL36:
  75:d1302.c       ****     uint8 date_0 = (resp&0x0f);
 294              		.loc 1 75 0
 295 000c 00F00F01 		and	r1, r0, #15
 296              	.LVL37:
  76:d1302.c       ****     uint8 date_10 = (resp&0x30) >> 4;
 297              		.loc 1 76 0
 298 0010 C0F30113 		ubfx	r3, r0, #4, #2
 299              	.LVL38:
  77:d1302.c       ****     return date_10*10+date_0;
 300              		.loc 1 77 0
 301 0014 03EB8303 		add	r3, r3, r3, lsl #2
 302              	.LVL39:
 303 0018 5800     		lsls	r0, r3, #1
 304              	.LVL40:
  78:d1302.c       **** }
 305              		.loc 1 78 0
 306 001a 0844     		add	r0, r0, r1
 307 001c 08BD     		pop	{r3, pc}
 308              		.cfi_endproc
 309              	.LFE68:
 310              		.size	get_day, .-get_day
 311 001e 00BF     		.section	.text.get_month,"ax",%progbits
 312              		.align	2
 313              		.global	get_month
 314              		.thumb
 315              		.thumb_func
 316              		.type	get_month, %function
 317              	get_month:
 318              	.LFB69:
  79:d1302.c       **** 
  80:d1302.c       **** int get_month() {
 319              		.loc 1 80 0
ARM GAS  C:\Users\David\AppData\Local\Temp\ccyyjPFc.s 			page 8


 320              		.cfi_startproc
 321              		@ args = 0, pretend = 0, frame = 0
 322              		@ frame_needed = 0, uses_anonymous_args = 0
 323 0000 08B5     		push	{r3, lr}
 324              		.cfi_def_cfa_offset 8
 325              		.cfi_offset 3, -8
 326              		.cfi_offset 14, -4
  81:d1302.c       ****     SPIM_IO_RD_Addr(0x88);
 327              		.loc 1 81 0
 328 0002 8820     		movs	r0, #136
 329 0004 FFF7FEFF 		bl	SPIM_IO_RD_Addr
 330              	.LVL41:
  82:d1302.c       ****     uint8 resp = SPIM_IO_RD_Data();
 331              		.loc 1 82 0
 332 0008 FFF7FEFF 		bl	SPIM_IO_RD_Data
 333              	.LVL42:
  83:d1302.c       ****     uint8 month_0 = (resp&0x0f);
  84:d1302.c       ****     uint8 month_10 = (resp&0x01) >> 4;
  85:d1302.c       ****     return month_10*10+month_0;
  86:d1302.c       **** }
 334              		.loc 1 86 0
 335 000c 00F00F00 		and	r0, r0, #15
 336              	.LVL43:
 337 0010 08BD     		pop	{r3, pc}
 338              		.cfi_endproc
 339              	.LFE69:
 340              		.size	get_month, .-get_month
 341 0012 00BF     		.section	.text.get_year,"ax",%progbits
 342              		.align	2
 343              		.global	get_year
 344              		.thumb
 345              		.thumb_func
 346              		.type	get_year, %function
 347              	get_year:
 348              	.LFB70:
  87:d1302.c       **** 
  88:d1302.c       **** int get_year() {
 349              		.loc 1 88 0
 350              		.cfi_startproc
 351              		@ args = 0, pretend = 0, frame = 0
 352              		@ frame_needed = 0, uses_anonymous_args = 0
 353 0000 08B5     		push	{r3, lr}
 354              		.cfi_def_cfa_offset 8
 355              		.cfi_offset 3, -8
 356              		.cfi_offset 14, -4
  89:d1302.c       ****     SPIM_IO_RD_Addr(0x8C);
 357              		.loc 1 89 0
 358 0002 8C20     		movs	r0, #140
 359 0004 FFF7FEFF 		bl	SPIM_IO_RD_Addr
 360              	.LVL44:
  90:d1302.c       ****     uint8 resp = SPIM_IO_RD_Data();
 361              		.loc 1 90 0
 362 0008 FFF7FEFF 		bl	SPIM_IO_RD_Data
 363              	.LVL45:
  91:d1302.c       ****     uint8 y_0 = (resp&0x0f);
 364              		.loc 1 91 0
 365 000c 00F00F01 		and	r1, r0, #15
ARM GAS  C:\Users\David\AppData\Local\Temp\ccyyjPFc.s 			page 9


 366              	.LVL46:
  92:d1302.c       ****     uint8 y_10 = (resp&0xf0) >> 4;
 367              		.loc 1 92 0
 368 0010 C0F30713 		ubfx	r3, r0, #4, #8
 369              	.LVL47:
  93:d1302.c       ****     return (y_10*10+y_0)+2000;
 370              		.loc 1 93 0
 371 0014 03EB8303 		add	r3, r3, r3, lsl #2
 372              	.LVL48:
 373 0018 5A00     		lsls	r2, r3, #1
 374 001a 8818     		adds	r0, r1, r2
 375              	.LVL49:
  94:d1302.c       **** }
 376              		.loc 1 94 0
 377 001c 00F5FA60 		add	r0, r0, #2000
 378 0020 08BD     		pop	{r3, pc}
 379              		.cfi_endproc
 380              	.LFE70:
 381              		.size	get_year, .-get_year
 382 0022 00BF     		.section	.text.print_time_string,"ax",%progbits
 383              		.align	2
 384              		.global	print_time_string
 385              		.thumb
 386              		.thumb_func
 387              		.type	print_time_string, %function
 388              	print_time_string:
 389              	.LFB71:
  95:d1302.c       **** 
  96:d1302.c       **** 
  97:d1302.c       **** void print_time_string(char* str) {    
 390              		.loc 1 97 0
 391              		.cfi_startproc
 392              		@ args = 0, pretend = 0, frame = 0
 393              		@ frame_needed = 0, uses_anonymous_args = 0
 394              	.LVL50:
 395 0000 38B5     		push	{r3, r4, r5, lr}
 396              		.cfi_def_cfa_offset 16
 397              		.cfi_offset 3, -16
 398              		.cfi_offset 4, -12
 399              		.cfi_offset 5, -8
 400              		.cfi_offset 14, -4
 401 0002 0446     		mov	r4, r0
  98:d1302.c       ****     sprintf(str, "%02d:%02d",get_hour(), get_minute());
 402              		.loc 1 98 0
 403 0004 FFF7FEFF 		bl	get_hour
 404              	.LVL51:
 405 0008 0546     		mov	r5, r0
 406 000a FFF7FEFF 		bl	get_minute
 407              	.LVL52:
 408 000e 0346     		mov	r3, r0
 409 0010 2A46     		mov	r2, r5
 410 0012 0249     		ldr	r1, .L23
 411 0014 2046     		mov	r0, r4
 412 0016 FFF7FEFF 		bl	sprintf
 413              	.LVL53:
 414 001a 38BD     		pop	{r3, r4, r5, pc}
 415              	.LVL54:
ARM GAS  C:\Users\David\AppData\Local\Temp\ccyyjPFc.s 			page 10


 416              	.L24:
 417              		.align	2
 418              	.L23:
 419 001c 00000000 		.word	.LC0
 420              		.cfi_endproc
 421              	.LFE71:
 422              		.size	print_time_string, .-print_time_string
 423              		.section	.text.print_date,"ax",%progbits
 424              		.align	2
 425              		.global	print_date
 426              		.thumb
 427              		.thumb_func
 428              		.type	print_date, %function
 429              	print_date:
 430              	.LFB72:
  99:d1302.c       **** }
 100:d1302.c       **** 
 101:d1302.c       **** void print_date(char* str) {
 431              		.loc 1 101 0
 432              		.cfi_startproc
 433              		@ args = 0, pretend = 0, frame = 0
 434              		@ frame_needed = 0, uses_anonymous_args = 0
 435              	.LVL55:
 436 0000 70B5     		push	{r4, r5, r6, lr}
 437              		.cfi_def_cfa_offset 16
 438              		.cfi_offset 4, -16
 439              		.cfi_offset 5, -12
 440              		.cfi_offset 6, -8
 441              		.cfi_offset 14, -4
 442 0002 82B0     		sub	sp, sp, #8
 443              		.cfi_def_cfa_offset 24
 444 0004 0446     		mov	r4, r0
 102:d1302.c       ****     sprintf(str, "%02d-%02d-%02d",get_year(), get_month(), get_day());
 445              		.loc 1 102 0
 446 0006 FFF7FEFF 		bl	get_year
 447              	.LVL56:
 448 000a 0546     		mov	r5, r0
 449 000c FFF7FEFF 		bl	get_month
 450              	.LVL57:
 451 0010 0646     		mov	r6, r0
 452 0012 FFF7FEFF 		bl	get_day
 453              	.LVL58:
 454 0016 0090     		str	r0, [sp]
 455 0018 3346     		mov	r3, r6
 456 001a 2A46     		mov	r2, r5
 457 001c 0249     		ldr	r1, .L27
 458 001e 2046     		mov	r0, r4
 459 0020 FFF7FEFF 		bl	sprintf
 460              	.LVL59:
 103:d1302.c       **** }
 461              		.loc 1 103 0
 462 0024 02B0     		add	sp, sp, #8
 463              		.cfi_def_cfa_offset 16
 464              		@ sp needed
 465 0026 70BD     		pop	{r4, r5, r6, pc}
 466              	.LVL60:
 467              	.L28:
ARM GAS  C:\Users\David\AppData\Local\Temp\ccyyjPFc.s 			page 11


 468              		.align	2
 469              	.L27:
 470 0028 0C000000 		.word	.LC1
 471              		.cfi_endproc
 472              	.LFE72:
 473              		.size	print_date, .-print_date
 474              		.section	.text.print_datetime,"ax",%progbits
 475              		.align	2
 476              		.global	print_datetime
 477              		.thumb
 478              		.thumb_func
 479              		.type	print_datetime, %function
 480              	print_datetime:
 481              	.LFB73:
 104:d1302.c       **** 
 105:d1302.c       **** void print_datetime(char* str) {
 482              		.loc 1 105 0
 483              		.cfi_startproc
 484              		@ args = 0, pretend = 0, frame = 0
 485              		@ frame_needed = 0, uses_anonymous_args = 0
 486              	.LVL61:
 487 0000 2DE9F043 		push	{r4, r5, r6, r7, r8, r9, lr}
 488              		.cfi_def_cfa_offset 28
 489              		.cfi_offset 4, -28
 490              		.cfi_offset 5, -24
 491              		.cfi_offset 6, -20
 492              		.cfi_offset 7, -16
 493              		.cfi_offset 8, -12
 494              		.cfi_offset 9, -8
 495              		.cfi_offset 14, -4
 496 0004 85B0     		sub	sp, sp, #20
 497              		.cfi_def_cfa_offset 48
 498 0006 0446     		mov	r4, r0
 106:d1302.c       ****      sprintf(str, "%02d-%02d-%02d %02d:%02d:%02d",get_year(), get_month(), get_day(), get_hour(), g
 499              		.loc 1 106 0
 500 0008 FFF7FEFF 		bl	get_year
 501              	.LVL62:
 502 000c 0546     		mov	r5, r0
 503 000e FFF7FEFF 		bl	get_month
 504              	.LVL63:
 505 0012 0646     		mov	r6, r0
 506 0014 FFF7FEFF 		bl	get_day
 507              	.LVL64:
 508 0018 0746     		mov	r7, r0
 509 001a FFF7FEFF 		bl	get_hour
 510              	.LVL65:
 511 001e 8046     		mov	r8, r0
 512 0020 FFF7FEFF 		bl	get_minute
 513              	.LVL66:
 514 0024 8146     		mov	r9, r0
 515 0026 FFF7FEFF 		bl	get_seconds
 516              	.LVL67:
 517 002a 0390     		str	r0, [sp, #12]
 518 002c CDF80890 		str	r9, [sp, #8]
 519 0030 CDF80480 		str	r8, [sp, #4]
 520 0034 0097     		str	r7, [sp]
 521 0036 3346     		mov	r3, r6
ARM GAS  C:\Users\David\AppData\Local\Temp\ccyyjPFc.s 			page 12


 522 0038 2A46     		mov	r2, r5
 523 003a 0349     		ldr	r1, .L31
 524 003c 2046     		mov	r0, r4
 525 003e FFF7FEFF 		bl	sprintf
 526              	.LVL68:
 107:d1302.c       **** }...
 527              		.loc 1 107 0
 528 0042 05B0     		add	sp, sp, #20
 529              		.cfi_def_cfa_offset 28
 530              		@ sp needed
 531 0044 BDE8F083 		pop	{r4, r5, r6, r7, r8, r9, pc}
 532              	.LVL69:
 533              	.L32:
 534              		.align	2
 535              	.L31:
 536 0048 1C000000 		.word	.LC2
 537              		.cfi_endproc
 538              	.LFE73:
 539              		.size	print_datetime, .-print_datetime
 540              		.section	.rodata.str1.4,"aMS",%progbits,1
 541              		.align	2
 542              	.LC0:
 543 0000 25303264 		.ascii	"%02d:%02d\000"
 543      3A253032 
 543      6400
 544 000a 0000     		.space	2
 545              	.LC1:
 546 000c 25303264 		.ascii	"%02d-%02d-%02d\000"
 546      2D253032 
 546      642D2530 
 546      326400
 547 001b 00       		.space	1
 548              	.LC2:
 549 001c 25303264 		.ascii	"%02d-%02d-%02d %02d:%02d:%02d\000"
 549      2D253032 
 549      642D2530 
 549      32642025 
 549      3032643A 
 550              		.text
 551              	.Letext0:
 552              		.file 2 "c:\\program files (x86)\\cypress\\psoc creator\\4.4\\psoc creator\\import\\gnu\\arm\\5.4.
 553              		.file 3 "c:\\program files (x86)\\cypress\\psoc creator\\4.4\\psoc creator\\import\\gnu\\arm\\5.4.
 554              		.file 4 "Generated_Source\\PSoC5/cytypes.h"
 555              		.file 5 "<built-in>"
 556              		.file 6 "Generated_Source\\PSoC5/SS.h"
 557              		.file 7 "Generated_Source\\PSoC5/SPIM.h"
 558              		.file 8 "Generated_Source\\PSoC5/core_cm3.h"
 559              		.section	.debug_info,"",%progbits
 560              	.Ldebug_info0:
 561 0000 49060000 		.4byte	0x649
 562 0004 0400     		.2byte	0x4
 563 0006 00000000 		.4byte	.Ldebug_abbrev0
 564 000a 04       		.byte	0x4
 565 000b 01       		.uleb128 0x1
 566 000c E5000000 		.4byte	.LASF51
 567 0010 0C       		.byte	0xc
 568 0011 E1010000 		.4byte	.LASF52
ARM GAS  C:\Users\David\AppData\Local\Temp\ccyyjPFc.s 			page 13


 569 0015 76000000 		.4byte	.LASF53
 570 0019 00000000 		.4byte	.Ldebug_ranges0+0
 571 001d 00000000 		.4byte	0
 572 0021 00000000 		.4byte	.Ldebug_line0
 573 0025 02       		.uleb128 0x2
 574 0026 01       		.byte	0x1
 575 0027 06       		.byte	0x6
 576 0028 D0020000 		.4byte	.LASF0
 577 002c 02       		.uleb128 0x2
 578 002d 01       		.byte	0x1
 579 002e 08       		.byte	0x8
 580 002f D7000000 		.4byte	.LASF1
 581 0033 02       		.uleb128 0x2
 582 0034 02       		.byte	0x2
 583 0035 05       		.byte	0x5
 584 0036 A3020000 		.4byte	.LASF2
 585 003a 02       		.uleb128 0x2
 586 003b 02       		.byte	0x2
 587 003c 07       		.byte	0x7
 588 003d 63000000 		.4byte	.LASF3
 589 0041 03       		.uleb128 0x3
 590 0042 4F000000 		.4byte	.LASF9
 591 0046 02       		.byte	0x2
 592 0047 3F       		.byte	0x3f
 593 0048 4C000000 		.4byte	0x4c
 594 004c 02       		.uleb128 0x2
 595 004d 04       		.byte	0x4
 596 004e 05       		.byte	0x5
 597 004f BB020000 		.4byte	.LASF4
 598 0053 02       		.uleb128 0x2
 599 0054 04       		.byte	0x4
 600 0055 07       		.byte	0x7
 601 0056 73010000 		.4byte	.LASF5
 602 005a 02       		.uleb128 0x2
 603 005b 08       		.byte	0x8
 604 005c 05       		.byte	0x5
 605 005d 6F020000 		.4byte	.LASF6
 606 0061 02       		.uleb128 0x2
 607 0062 08       		.byte	0x8
 608 0063 07       		.byte	0x7
 609 0064 2E020000 		.4byte	.LASF7
 610 0068 04       		.uleb128 0x4
 611 0069 04       		.byte	0x4
 612 006a 05       		.byte	0x5
 613 006b 696E7400 		.ascii	"int\000"
 614 006f 02       		.uleb128 0x2
 615 0070 04       		.byte	0x4
 616 0071 07       		.byte	0x7
 617 0072 03020000 		.4byte	.LASF8
 618 0076 03       		.uleb128 0x3
 619 0077 59020000 		.4byte	.LASF10
 620 007b 03       		.byte	0x3
 621 007c 2C       		.byte	0x2c
 622 007d 41000000 		.4byte	0x41
 623 0081 05       		.uleb128 0x5
 624 0082 CA000000 		.4byte	.LASF11
 625 0086 04       		.byte	0x4
ARM GAS  C:\Users\David\AppData\Local\Temp\ccyyjPFc.s 			page 14


 626 0087 E801     		.2byte	0x1e8
 627 0089 2C000000 		.4byte	0x2c
 628 008d 02       		.uleb128 0x2
 629 008e 04       		.byte	0x4
 630 008f 04       		.byte	0x4
 631 0090 BF000000 		.4byte	.LASF12
 632 0094 02       		.uleb128 0x2
 633 0095 08       		.byte	0x8
 634 0096 04       		.byte	0x4
 635 0097 DC020000 		.4byte	.LASF13
 636 009b 02       		.uleb128 0x2
 637 009c 01       		.byte	0x1
 638 009d 08       		.byte	0x8
 639 009e 84020000 		.4byte	.LASF14
 640 00a2 06       		.uleb128 0x6
 641 00a3 81000000 		.4byte	0x81
 642 00a7 02       		.uleb128 0x2
 643 00a8 08       		.byte	0x8
 644 00a9 04       		.byte	0x4
 645 00aa C4020000 		.4byte	.LASF15
 646 00ae 02       		.uleb128 0x2
 647 00af 04       		.byte	0x4
 648 00b0 07       		.byte	0x7
 649 00b1 61020000 		.4byte	.LASF16
 650 00b5 07       		.uleb128 0x7
 651 00b6 04       		.byte	0x4
 652 00b7 9B000000 		.4byte	0x9b
 653 00bb 07       		.uleb128 0x7
 654 00bc 04       		.byte	0x4
 655 00bd C1000000 		.4byte	0xc1
 656 00c1 08       		.uleb128 0x8
 657 00c2 9B000000 		.4byte	0x9b
 658 00c6 09       		.uleb128 0x9
 659 00c7 1E020000 		.4byte	.LASF17
 660 00cb 01       		.byte	0x1
 661 00cc 0A       		.byte	0xa
 662 00cd 00000000 		.4byte	.LFB63
 663 00d1 48000000 		.4byte	.LFE63-.LFB63
 664 00d5 01       		.uleb128 0x1
 665 00d6 9C       		.byte	0x9c
 666 00d7 4F010000 		.4byte	0x14f
 667 00db 0A       		.uleb128 0xa
 668 00dc BA000000 		.4byte	.LASF39
 669 00e0 01       		.byte	0x1
 670 00e1 0A       		.byte	0xa
 671 00e2 81000000 		.4byte	0x81
 672 00e6 00000000 		.4byte	.LLST0
 673 00ea 0B       		.uleb128 0xb
 674 00eb 2B000000 		.4byte	.LASF19
 675 00ef 01       		.byte	0x1
 676 00f0 0B       		.byte	0xb
 677 00f1 A2000000 		.4byte	0xa2
 678 00f5 02       		.uleb128 0x2
 679 00f6 91       		.byte	0x91
 680 00f7 77       		.sleb128 -9
 681 00f8 0C       		.uleb128 0xc
 682 00f9 0C000000 		.4byte	.LVL2
ARM GAS  C:\Users\David\AppData\Local\Temp\ccyyjPFc.s 			page 15


 683 00fd E9050000 		.4byte	0x5e9
 684 0101 0B010000 		.4byte	0x10b
 685 0105 0D       		.uleb128 0xd
 686 0106 01       		.uleb128 0x1
 687 0107 50       		.byte	0x50
 688 0108 01       		.uleb128 0x1
 689 0109 31       		.byte	0x31
 690 010a 00       		.byte	0
 691 010b 0E       		.uleb128 0xe
 692 010c 10000000 		.4byte	.LVL3
 693 0110 F4050000 		.4byte	0x5f4
 694 0114 0E       		.uleb128 0xe
 695 0115 22000000 		.4byte	.LVL4
 696 0119 FF050000 		.4byte	0x5ff
 697 011d 0C       		.uleb128 0xc
 698 011e 2A000000 		.4byte	.LVL5
 699 0122 0A060000 		.4byte	0x60a
 700 0126 33010000 		.4byte	0x133
 701 012a 0D       		.uleb128 0xd
 702 012b 01       		.uleb128 0x1
 703 012c 50       		.byte	0x50
 704 012d 04       		.uleb128 0x4
 705 012e 74       		.byte	0x74
 706 012f 00       		.sleb128 0
 707 0130 31       		.byte	0x31
 708 0131 21       		.byte	0x21
 709 0132 00       		.byte	0
 710 0133 0E       		.uleb128 0xe
 711 0134 2E000000 		.4byte	.LVL6
 712 0138 F4050000 		.4byte	0x5f4
 713 013c 0E       		.uleb128 0xe
 714 013d 40000000 		.4byte	.LVL7
 715 0141 15060000 		.4byte	0x615
 716 0145 0E       		.uleb128 0xe
 717 0146 44000000 		.4byte	.LVL8
 718 014a 20060000 		.4byte	0x620
 719 014e 00       		.byte	0
 720 014f 0F       		.uleb128 0xf
 721 0150 D1010000 		.4byte	.LASF18
 722 0154 01       		.byte	0x1
 723 0155 1C       		.byte	0x1c
 724 0156 81000000 		.4byte	0x81
 725 015a 00000000 		.4byte	.LFB64
 726 015e 54000000 		.4byte	.LFE64-.LFB64
 727 0162 01       		.uleb128 0x1
 728 0163 9C       		.byte	0x9c
 729 0164 EC010000 		.4byte	0x1ec
 730 0168 0B       		.uleb128 0xb
 731 0169 2B000000 		.4byte	.LASF19
 732 016d 01       		.byte	0x1
 733 016e 1D       		.byte	0x1d
 734 016f A2000000 		.4byte	0xa2
 735 0173 02       		.uleb128 0x2
 736 0174 91       		.byte	0x91
 737 0175 77       		.sleb128 -9
 738 0176 0B       		.uleb128 0xb
 739 0177 C5000000 		.4byte	.LASF20
ARM GAS  C:\Users\David\AppData\Local\Temp\ccyyjPFc.s 			page 16


 740 017b 01       		.byte	0x1
 741 017c 1D       		.byte	0x1d
 742 017d A2000000 		.4byte	0xa2
 743 0181 02       		.uleb128 0x2
 744 0182 91       		.byte	0x91
 745 0183 76       		.sleb128 -10
 746 0184 0C       		.uleb128 0xc
 747 0185 0A000000 		.4byte	.LVL9
 748 0189 E9050000 		.4byte	0x5e9
 749 018d 97010000 		.4byte	0x197
 750 0191 0D       		.uleb128 0xd
 751 0192 01       		.uleb128 0x1
 752 0193 50       		.byte	0x50
 753 0194 01       		.uleb128 0x1
 754 0195 31       		.byte	0x31
 755 0196 00       		.byte	0
 756 0197 0E       		.uleb128 0xe
 757 0198 0E000000 		.4byte	.LVL10
 758 019c 15060000 		.4byte	0x615
 759 01a0 0C       		.uleb128 0xc
 760 01a1 14000000 		.4byte	.LVL11
 761 01a5 0A060000 		.4byte	0x60a
 762 01a9 B4010000 		.4byte	0x1b4
 763 01ad 0D       		.uleb128 0xd
 764 01ae 01       		.uleb128 0x1
 765 01af 50       		.byte	0x50
 766 01b0 02       		.uleb128 0x2
 767 01b1 08       		.byte	0x8
 768 01b2 42       		.byte	0x42
 769 01b3 00       		.byte	0
 770 01b4 0E       		.uleb128 0xe
 771 01b5 18000000 		.4byte	.LVL12
 772 01b9 F4050000 		.4byte	0x5f4
 773 01bd 0E       		.uleb128 0xe
 774 01be 2A000000 		.4byte	.LVL13
 775 01c2 2B060000 		.4byte	0x62b
 776 01c6 0E       		.uleb128 0xe
 777 01c7 3C000000 		.4byte	.LVL14
 778 01cb 36060000 		.4byte	0x636
 779 01cf 0C       		.uleb128 0xc
 780 01d0 46000000 		.4byte	.LVL15
 781 01d4 E9050000 		.4byte	0x5e9
 782 01d8 E2010000 		.4byte	0x1e2
 783 01dc 0D       		.uleb128 0xd
 784 01dd 01       		.uleb128 0x1
 785 01de 50       		.byte	0x50
 786 01df 01       		.uleb128 0x1
 787 01e0 30       		.byte	0x30
 788 01e1 00       		.byte	0
 789 01e2 0E       		.uleb128 0xe
 790 01e3 4A000000 		.4byte	.LVL16
 791 01e7 20060000 		.4byte	0x620
 792 01eb 00       		.byte	0
 793 01ec 0F       		.uleb128 0xf
 794 01ed 22000000 		.4byte	.LASF21
 795 01f1 01       		.byte	0x1
 796 01f2 2F       		.byte	0x2f
ARM GAS  C:\Users\David\AppData\Local\Temp\ccyyjPFc.s 			page 17


 797 01f3 68000000 		.4byte	0x68
 798 01f7 00000000 		.4byte	.LFB65
 799 01fb 1E000000 		.4byte	.LFE65-.LFB65
 800 01ff 01       		.uleb128 0x1
 801 0200 9C       		.byte	0x9c
 802 0201 4E020000 		.4byte	0x24e
 803 0205 10       		.uleb128 0x10
 804 0206 4A000000 		.4byte	.LASF22
 805 020a 01       		.byte	0x1
 806 020b 31       		.byte	0x31
 807 020c 81000000 		.4byte	0x81
 808 0210 21000000 		.4byte	.LLST1
 809 0214 11       		.uleb128 0x11
 810 0215 685F3000 		.ascii	"h_0\000"
 811 0219 01       		.byte	0x1
 812 021a 32       		.byte	0x32
 813 021b 81000000 		.4byte	0x81
 814 021f 01       		.uleb128 0x1
 815 0220 51       		.byte	0x51
 816 0221 10       		.uleb128 0x10
 817 0222 6A020000 		.4byte	.LASF23
 818 0226 01       		.byte	0x1
 819 0227 33       		.byte	0x33
 820 0228 81000000 		.4byte	0x81
 821 022c 34000000 		.4byte	.LLST2
 822 0230 0C       		.uleb128 0xc
 823 0231 08000000 		.4byte	.LVL17
 824 0235 C6000000 		.4byte	0xc6
 825 0239 44020000 		.4byte	0x244
 826 023d 0D       		.uleb128 0xd
 827 023e 01       		.uleb128 0x1
 828 023f 50       		.byte	0x50
 829 0240 02       		.uleb128 0x2
 830 0241 09       		.byte	0x9
 831 0242 84       		.byte	0x84
 832 0243 00       		.byte	0
 833 0244 0E       		.uleb128 0xe
 834 0245 0C000000 		.4byte	.LVL18
 835 0249 4F010000 		.4byte	0x14f
 836 024d 00       		.byte	0
 837 024e 0F       		.uleb128 0xf
 838 024f 98020000 		.4byte	.LASF24
 839 0253 01       		.byte	0x1
 840 0254 37       		.byte	0x37
 841 0255 68000000 		.4byte	0x68
 842 0259 00000000 		.4byte	.LFB66
 843 025d 1E000000 		.4byte	.LFE66-.LFB66
 844 0261 01       		.uleb128 0x1
 845 0262 9C       		.byte	0x9c
 846 0263 B0020000 		.4byte	0x2b0
 847 0267 10       		.uleb128 0x10
 848 0268 4A000000 		.4byte	.LASF22
 849 026c 01       		.byte	0x1
 850 026d 39       		.byte	0x39
 851 026e 81000000 		.4byte	0x81
 852 0272 59000000 		.4byte	.LLST3
 853 0276 0B       		.uleb128 0xb
ARM GAS  C:\Users\David\AppData\Local\Temp\ccyyjPFc.s 			page 18


 854 0277 A6010000 		.4byte	.LASF25
 855 027b 01       		.byte	0x1
 856 027c 3A       		.byte	0x3a
 857 027d 81000000 		.4byte	0x81
 858 0281 01       		.uleb128 0x1
 859 0282 51       		.byte	0x51
 860 0283 10       		.uleb128 0x10
 861 0284 7D020000 		.4byte	.LASF26
 862 0288 01       		.byte	0x1
 863 0289 3B       		.byte	0x3b
 864 028a 81000000 		.4byte	0x81
 865 028e 6C000000 		.4byte	.LLST4
 866 0292 0C       		.uleb128 0xc
 867 0293 08000000 		.4byte	.LVL23
 868 0297 C6000000 		.4byte	0xc6
 869 029b A6020000 		.4byte	0x2a6
 870 029f 0D       		.uleb128 0xd
 871 02a0 01       		.uleb128 0x1
 872 02a1 50       		.byte	0x50
 873 02a2 02       		.uleb128 0x2
 874 02a3 09       		.byte	0x9
 875 02a4 82       		.byte	0x82
 876 02a5 00       		.byte	0
 877 02a6 0E       		.uleb128 0xe
 878 02a7 0C000000 		.4byte	.LVL24
 879 02ab 4F010000 		.4byte	0x14f
 880 02af 00       		.byte	0
 881 02b0 0F       		.uleb128 0xf
 882 02b1 FA020000 		.4byte	.LASF27
 883 02b5 01       		.byte	0x1
 884 02b6 3F       		.byte	0x3f
 885 02b7 68000000 		.4byte	0x68
 886 02bb 00000000 		.4byte	.LFB67
 887 02bf 1E000000 		.4byte	.LFE67-.LFB67
 888 02c3 01       		.uleb128 0x1
 889 02c4 9C       		.byte	0x9c
 890 02c5 12030000 		.4byte	0x312
 891 02c9 10       		.uleb128 0x10
 892 02ca 4A000000 		.4byte	.LASF22
 893 02ce 01       		.byte	0x1
 894 02cf 42       		.byte	0x42
 895 02d0 81000000 		.4byte	0x81
 896 02d4 91000000 		.4byte	.LLST5
 897 02d8 0B       		.uleb128 0xb
 898 02d9 B5020000 		.4byte	.LASF28
 899 02dd 01       		.byte	0x1
 900 02de 43       		.byte	0x43
 901 02df 81000000 		.4byte	0x81
 902 02e3 01       		.uleb128 0x1
 903 02e4 51       		.byte	0x51
 904 02e5 10       		.uleb128 0x10
 905 02e6 D0000000 		.4byte	.LASF29
 906 02ea 01       		.byte	0x1
 907 02eb 44       		.byte	0x44
 908 02ec 81000000 		.4byte	0x81
 909 02f0 A4000000 		.4byte	.LLST6
 910 02f4 0C       		.uleb128 0xc
ARM GAS  C:\Users\David\AppData\Local\Temp\ccyyjPFc.s 			page 19


 911 02f5 08000000 		.4byte	.LVL29
 912 02f9 C6000000 		.4byte	0xc6
 913 02fd 08030000 		.4byte	0x308
 914 0301 0D       		.uleb128 0xd
 915 0302 01       		.uleb128 0x1
 916 0303 50       		.byte	0x50
 917 0304 02       		.uleb128 0x2
 918 0305 09       		.byte	0x9
 919 0306 80       		.byte	0x80
 920 0307 00       		.byte	0
 921 0308 0E       		.uleb128 0xe
 922 0309 0C000000 		.4byte	.LVL30
 923 030d 4F010000 		.4byte	0x14f
 924 0311 00       		.byte	0
 925 0312 0F       		.uleb128 0xf
 926 0313 C9010000 		.4byte	.LASF30
 927 0317 01       		.byte	0x1
 928 0318 48       		.byte	0x48
 929 0319 68000000 		.4byte	0x68
 930 031d 00000000 		.4byte	.LFB68
 931 0321 1E000000 		.4byte	.LFE68-.LFB68
 932 0325 01       		.uleb128 0x1
 933 0326 9C       		.byte	0x9c
 934 0327 74030000 		.4byte	0x374
 935 032b 10       		.uleb128 0x10
 936 032c 4A000000 		.4byte	.LASF22
 937 0330 01       		.byte	0x1
 938 0331 4A       		.byte	0x4a
 939 0332 81000000 		.4byte	0x81
 940 0336 C9000000 		.4byte	.LLST7
 941 033a 0B       		.uleb128 0xb
 942 033b 09000000 		.4byte	.LASF31
 943 033f 01       		.byte	0x1
 944 0340 4B       		.byte	0x4b
 945 0341 81000000 		.4byte	0x81
 946 0345 01       		.uleb128 0x1
 947 0346 51       		.byte	0x51
 948 0347 10       		.uleb128 0x10
 949 0348 E9010000 		.4byte	.LASF32
 950 034c 01       		.byte	0x1
 951 034d 4C       		.byte	0x4c
 952 034e 81000000 		.4byte	0x81
 953 0352 DC000000 		.4byte	.LLST8
 954 0356 0C       		.uleb128 0xc
 955 0357 08000000 		.4byte	.LVL35
 956 035b C6000000 		.4byte	0xc6
 957 035f 6A030000 		.4byte	0x36a
 958 0363 0D       		.uleb128 0xd
 959 0364 01       		.uleb128 0x1
 960 0365 50       		.byte	0x50
 961 0366 02       		.uleb128 0x2
 962 0367 09       		.byte	0x9
 963 0368 86       		.byte	0x86
 964 0369 00       		.byte	0
 965 036a 0E       		.uleb128 0xe
 966 036b 0C000000 		.4byte	.LVL36
 967 036f 4F010000 		.4byte	0x14f
ARM GAS  C:\Users\David\AppData\Local\Temp\ccyyjPFc.s 			page 20


 968 0373 00       		.byte	0
 969 0374 0F       		.uleb128 0xf
 970 0375 59000000 		.4byte	.LASF33
 971 0379 01       		.byte	0x1
 972 037a 50       		.byte	0x50
 973 037b 68000000 		.4byte	0x68
 974 037f 00000000 		.4byte	.LFB69
 975 0383 12000000 		.4byte	.LFE69-.LFB69
 976 0387 01       		.uleb128 0x1
 977 0388 9C       		.byte	0x9c
 978 0389 D5030000 		.4byte	0x3d5
 979 038d 10       		.uleb128 0x10
 980 038e 4A000000 		.4byte	.LASF22
 981 0392 01       		.byte	0x1
 982 0393 52       		.byte	0x52
 983 0394 81000000 		.4byte	0x81
 984 0398 01010000 		.4byte	.LLST9
 985 039c 10       		.uleb128 0x10
 986 039d AD020000 		.4byte	.LASF34
 987 03a1 01       		.byte	0x1
 988 03a2 53       		.byte	0x53
 989 03a3 81000000 		.4byte	0x81
 990 03a7 14010000 		.4byte	.LLST10
 991 03ab 12       		.uleb128 0x12
 992 03ac 00000000 		.4byte	.LASF35
 993 03b0 01       		.byte	0x1
 994 03b1 54       		.byte	0x54
 995 03b2 81000000 		.4byte	0x81
 996 03b6 00       		.byte	0
 997 03b7 0C       		.uleb128 0xc
 998 03b8 08000000 		.4byte	.LVL41
 999 03bc C6000000 		.4byte	0xc6
 1000 03c0 CB030000 		.4byte	0x3cb
 1001 03c4 0D       		.uleb128 0xd
 1002 03c5 01       		.uleb128 0x1
 1003 03c6 50       		.byte	0x50
 1004 03c7 02       		.uleb128 0x2
 1005 03c8 09       		.byte	0x9
 1006 03c9 88       		.byte	0x88
 1007 03ca 00       		.byte	0
 1008 03cb 0E       		.uleb128 0xe
 1009 03cc 0C000000 		.4byte	.LVL42
 1010 03d0 4F010000 		.4byte	0x14f
 1011 03d4 00       		.byte	0
 1012 03d5 0F       		.uleb128 0xf
 1013 03d6 50020000 		.4byte	.LASF36
 1014 03da 01       		.byte	0x1
 1015 03db 58       		.byte	0x58
 1016 03dc 68000000 		.4byte	0x68
 1017 03e0 00000000 		.4byte	.LFB70
 1018 03e4 22000000 		.4byte	.LFE70-.LFB70
 1019 03e8 01       		.uleb128 0x1
 1020 03e9 9C       		.byte	0x9c
 1021 03ea 37040000 		.4byte	0x437
 1022 03ee 10       		.uleb128 0x10
 1023 03ef 4A000000 		.4byte	.LASF22
 1024 03f3 01       		.byte	0x1
ARM GAS  C:\Users\David\AppData\Local\Temp\ccyyjPFc.s 			page 21


 1025 03f4 5A       		.byte	0x5a
 1026 03f5 81000000 		.4byte	0x81
 1027 03f9 2B010000 		.4byte	.LLST11
 1028 03fd 11       		.uleb128 0x11
 1029 03fe 795F3000 		.ascii	"y_0\000"
 1030 0402 01       		.byte	0x1
 1031 0403 5B       		.byte	0x5b
 1032 0404 81000000 		.4byte	0x81
 1033 0408 01       		.uleb128 0x1
 1034 0409 51       		.byte	0x51
 1035 040a 10       		.uleb128 0x10
 1036 040b B5000000 		.4byte	.LASF37
 1037 040f 01       		.byte	0x1
 1038 0410 5C       		.byte	0x5c
 1039 0411 81000000 		.4byte	0x81
 1040 0415 3E010000 		.4byte	.LLST12
 1041 0419 0C       		.uleb128 0xc
 1042 041a 08000000 		.4byte	.LVL44
 1043 041e C6000000 		.4byte	0xc6
 1044 0422 2D040000 		.4byte	0x42d
 1045 0426 0D       		.uleb128 0xd
 1046 0427 01       		.uleb128 0x1
 1047 0428 50       		.byte	0x50
 1048 0429 02       		.uleb128 0x2
 1049 042a 09       		.byte	0x9
 1050 042b 8C       		.byte	0x8c
 1051 042c 00       		.byte	0
 1052 042d 0E       		.uleb128 0xe
 1053 042e 0C000000 		.4byte	.LVL45
 1054 0432 4F010000 		.4byte	0x14f
 1055 0436 00       		.byte	0
 1056 0437 09       		.uleb128 0x9
 1057 0438 F1010000 		.4byte	.LASF38
 1058 043c 01       		.byte	0x1
 1059 043d 61       		.byte	0x61
 1060 043e 00000000 		.4byte	.LFB71
 1061 0442 20000000 		.4byte	.LFE71-.LFB71
 1062 0446 01       		.uleb128 0x1
 1063 0447 9C       		.byte	0x9c
 1064 0448 A8040000 		.4byte	0x4a8
 1065 044c 13       		.uleb128 0x13
 1066 044d 73747200 		.ascii	"str\000"
 1067 0451 01       		.byte	0x1
 1068 0452 61       		.byte	0x61
 1069 0453 B5000000 		.4byte	0xb5
 1070 0457 64010000 		.4byte	.LLST13
 1071 045b 14       		.uleb128 0x14
 1072 045c F2020000 		.4byte	.LASF41
 1073 0460 05       		.byte	0x5
 1074 0461 00       		.byte	0
 1075 0462 68000000 		.4byte	0x68
 1076 0466 76040000 		.4byte	0x476
 1077 046a 15       		.uleb128 0x15
 1078 046b B5000000 		.4byte	0xb5
 1079 046f 15       		.uleb128 0x15
 1080 0470 BB000000 		.4byte	0xbb
 1081 0474 16       		.uleb128 0x16
ARM GAS  C:\Users\David\AppData\Local\Temp\ccyyjPFc.s 			page 22


 1082 0475 00       		.byte	0
 1083 0476 0E       		.uleb128 0xe
 1084 0477 08000000 		.4byte	.LVL51
 1085 047b EC010000 		.4byte	0x1ec
 1086 047f 0E       		.uleb128 0xe
 1087 0480 0E000000 		.4byte	.LVL52
 1088 0484 4E020000 		.4byte	0x24e
 1089 0488 17       		.uleb128 0x17
 1090 0489 1A000000 		.4byte	.LVL53
 1091 048d 41060000 		.4byte	0x641
 1092 0491 0D       		.uleb128 0xd
 1093 0492 01       		.uleb128 0x1
 1094 0493 50       		.byte	0x50
 1095 0494 02       		.uleb128 0x2
 1096 0495 74       		.byte	0x74
 1097 0496 00       		.sleb128 0
 1098 0497 0D       		.uleb128 0xd
 1099 0498 01       		.uleb128 0x1
 1100 0499 51       		.byte	0x51
 1101 049a 05       		.uleb128 0x5
 1102 049b 03       		.byte	0x3
 1103 049c 00000000 		.4byte	.LC0
 1104 04a0 0D       		.uleb128 0xd
 1105 04a1 01       		.uleb128 0x1
 1106 04a2 52       		.byte	0x52
 1107 04a3 02       		.uleb128 0x2
 1108 04a4 75       		.byte	0x75
 1109 04a5 00       		.sleb128 0
 1110 04a6 00       		.byte	0
 1111 04a7 00       		.byte	0
 1112 04a8 09       		.uleb128 0x9
 1113 04a9 45020000 		.4byte	.LASF40
 1114 04ad 01       		.byte	0x1
 1115 04ae 65       		.byte	0x65
 1116 04af 00000000 		.4byte	.LFB72
 1117 04b3 2C000000 		.4byte	.LFE72-.LFB72
 1118 04b7 01       		.uleb128 0x1
 1119 04b8 9C       		.byte	0x9c
 1120 04b9 28050000 		.4byte	0x528
 1121 04bd 13       		.uleb128 0x13
 1122 04be 73747200 		.ascii	"str\000"
 1123 04c2 01       		.byte	0x1
 1124 04c3 65       		.byte	0x65
 1125 04c4 B5000000 		.4byte	0xb5
 1126 04c8 90010000 		.4byte	.LLST14
 1127 04cc 14       		.uleb128 0x14
 1128 04cd F2020000 		.4byte	.LASF41
 1129 04d1 05       		.byte	0x5
 1130 04d2 00       		.byte	0
 1131 04d3 68000000 		.4byte	0x68
 1132 04d7 E7040000 		.4byte	0x4e7
 1133 04db 15       		.uleb128 0x15
 1134 04dc B5000000 		.4byte	0xb5
 1135 04e0 15       		.uleb128 0x15
 1136 04e1 BB000000 		.4byte	0xbb
 1137 04e5 16       		.uleb128 0x16
 1138 04e6 00       		.byte	0
ARM GAS  C:\Users\David\AppData\Local\Temp\ccyyjPFc.s 			page 23


 1139 04e7 0E       		.uleb128 0xe
 1140 04e8 0A000000 		.4byte	.LVL56
 1141 04ec D5030000 		.4byte	0x3d5
 1142 04f0 0E       		.uleb128 0xe
 1143 04f1 10000000 		.4byte	.LVL57
 1144 04f5 74030000 		.4byte	0x374
 1145 04f9 0E       		.uleb128 0xe
 1146 04fa 16000000 		.4byte	.LVL58
 1147 04fe 12030000 		.4byte	0x312
 1148 0502 17       		.uleb128 0x17
 1149 0503 24000000 		.4byte	.LVL59
 1150 0507 41060000 		.4byte	0x641
 1151 050b 0D       		.uleb128 0xd
 1152 050c 01       		.uleb128 0x1
 1153 050d 50       		.byte	0x50
 1154 050e 02       		.uleb128 0x2
 1155 050f 74       		.byte	0x74
 1156 0510 00       		.sleb128 0
 1157 0511 0D       		.uleb128 0xd
 1158 0512 01       		.uleb128 0x1
 1159 0513 51       		.byte	0x51
 1160 0514 05       		.uleb128 0x5
 1161 0515 03       		.byte	0x3
 1162 0516 0C000000 		.4byte	.LC1
 1163 051a 0D       		.uleb128 0xd
 1164 051b 01       		.uleb128 0x1
 1165 051c 52       		.byte	0x52
 1166 051d 02       		.uleb128 0x2
 1167 051e 75       		.byte	0x75
 1168 051f 00       		.sleb128 0
 1169 0520 0D       		.uleb128 0xd
 1170 0521 01       		.uleb128 0x1
 1171 0522 53       		.byte	0x53
 1172 0523 02       		.uleb128 0x2
 1173 0524 76       		.byte	0x76
 1174 0525 00       		.sleb128 0
 1175 0526 00       		.byte	0
 1176 0527 00       		.byte	0
 1177 0528 09       		.uleb128 0x9
 1178 0529 E3020000 		.4byte	.LASF42
 1179 052d 01       		.byte	0x1
 1180 052e 69       		.byte	0x69
 1181 052f 00000000 		.4byte	.LFB73
 1182 0533 4C000000 		.4byte	.LFE73-.LFB73
 1183 0537 01       		.uleb128 0x1
 1184 0538 9C       		.byte	0x9c
 1185 0539 D8050000 		.4byte	0x5d8
 1186 053d 13       		.uleb128 0x13
 1187 053e 73747200 		.ascii	"str\000"
 1188 0542 01       		.byte	0x1
 1189 0543 69       		.byte	0x69
 1190 0544 B5000000 		.4byte	0xb5
 1191 0548 BC010000 		.4byte	.LLST15
 1192 054c 14       		.uleb128 0x14
 1193 054d F2020000 		.4byte	.LASF41
 1194 0551 05       		.byte	0x5
 1195 0552 00       		.byte	0
ARM GAS  C:\Users\David\AppData\Local\Temp\ccyyjPFc.s 			page 24


 1196 0553 68000000 		.4byte	0x68
 1197 0557 67050000 		.4byte	0x567
 1198 055b 15       		.uleb128 0x15
 1199 055c B5000000 		.4byte	0xb5
 1200 0560 15       		.uleb128 0x15
 1201 0561 BB000000 		.4byte	0xbb
 1202 0565 16       		.uleb128 0x16
 1203 0566 00       		.byte	0
 1204 0567 0E       		.uleb128 0xe
 1205 0568 0C000000 		.4byte	.LVL62
 1206 056c D5030000 		.4byte	0x3d5
 1207 0570 0E       		.uleb128 0xe
 1208 0571 12000000 		.4byte	.LVL63
 1209 0575 74030000 		.4byte	0x374
 1210 0579 0E       		.uleb128 0xe
 1211 057a 18000000 		.4byte	.LVL64
 1212 057e 12030000 		.4byte	0x312
 1213 0582 0E       		.uleb128 0xe
 1214 0583 1E000000 		.4byte	.LVL65
 1215 0587 EC010000 		.4byte	0x1ec
 1216 058b 0E       		.uleb128 0xe
 1217 058c 24000000 		.4byte	.LVL66
 1218 0590 4E020000 		.4byte	0x24e
 1219 0594 0E       		.uleb128 0xe
 1220 0595 2A000000 		.4byte	.LVL67
 1221 0599 B0020000 		.4byte	0x2b0
 1222 059d 17       		.uleb128 0x17
 1223 059e 42000000 		.4byte	.LVL68
 1224 05a2 41060000 		.4byte	0x641
 1225 05a6 0D       		.uleb128 0xd
 1226 05a7 01       		.uleb128 0x1
 1227 05a8 50       		.byte	0x50
 1228 05a9 02       		.uleb128 0x2
 1229 05aa 74       		.byte	0x74
 1230 05ab 00       		.sleb128 0
 1231 05ac 0D       		.uleb128 0xd
 1232 05ad 01       		.uleb128 0x1
 1233 05ae 51       		.byte	0x51
 1234 05af 05       		.uleb128 0x5
 1235 05b0 03       		.byte	0x3
 1236 05b1 1C000000 		.4byte	.LC2
 1237 05b5 0D       		.uleb128 0xd
 1238 05b6 01       		.uleb128 0x1
 1239 05b7 52       		.byte	0x52
 1240 05b8 02       		.uleb128 0x2
 1241 05b9 75       		.byte	0x75
 1242 05ba 00       		.sleb128 0
 1243 05bb 0D       		.uleb128 0xd
 1244 05bc 01       		.uleb128 0x1
 1245 05bd 53       		.byte	0x53
 1246 05be 02       		.uleb128 0x2
 1247 05bf 76       		.byte	0x76
 1248 05c0 00       		.sleb128 0
 1249 05c1 0D       		.uleb128 0xd
 1250 05c2 02       		.uleb128 0x2
 1251 05c3 7D       		.byte	0x7d
 1252 05c4 00       		.sleb128 0
ARM GAS  C:\Users\David\AppData\Local\Temp\ccyyjPFc.s 			page 25


 1253 05c5 02       		.uleb128 0x2
 1254 05c6 77       		.byte	0x77
 1255 05c7 00       		.sleb128 0
 1256 05c8 0D       		.uleb128 0xd
 1257 05c9 02       		.uleb128 0x2
 1258 05ca 7D       		.byte	0x7d
 1259 05cb 04       		.sleb128 4
 1260 05cc 02       		.uleb128 0x2
 1261 05cd 78       		.byte	0x78
 1262 05ce 00       		.sleb128 0
 1263 05cf 0D       		.uleb128 0xd
 1264 05d0 02       		.uleb128 0x2
 1265 05d1 7D       		.byte	0x7d
 1266 05d2 08       		.sleb128 8
 1267 05d3 02       		.uleb128 0x2
 1268 05d4 79       		.byte	0x79
 1269 05d5 00       		.sleb128 0
 1270 05d6 00       		.byte	0
 1271 05d7 00       		.byte	0
 1272 05d8 18       		.uleb128 0x18
 1273 05d9 AC010000 		.4byte	.LASF54
 1274 05dd 08       		.byte	0x8
 1275 05de 1207     		.2byte	0x712
 1276 05e0 E4050000 		.4byte	0x5e4
 1277 05e4 06       		.uleb128 0x6
 1278 05e5 76000000 		.4byte	0x76
 1279 05e9 19       		.uleb128 0x19
 1280 05ea 41000000 		.4byte	.LASF43
 1281 05ee 41000000 		.4byte	.LASF43
 1282 05f2 06       		.byte	0x6
 1283 05f3 26       		.byte	0x26
 1284 05f4 19       		.uleb128 0x19
 1285 05f5 10000000 		.4byte	.LASF44
 1286 05f9 10000000 		.4byte	.LASF44
 1287 05fd 07       		.byte	0x7
 1288 05fe 5C       		.byte	0x5c
 1289 05ff 19       		.uleb128 0x19
 1290 0600 10020000 		.4byte	.LASF45
 1291 0604 10020000 		.4byte	.LASF45
 1292 0608 07       		.byte	0x7
 1293 0609 6B       		.byte	0x6b
 1294 060a 19       		.uleb128 0x19
 1295 060b 30000000 		.4byte	.LASF46
 1296 060f 30000000 		.4byte	.LASF46
 1297 0613 07       		.byte	0x7
 1298 0614 5E       		.byte	0x5e
 1299 0615 19       		.uleb128 0x19
 1300 0616 85010000 		.4byte	.LASF47
 1301 061a 85010000 		.4byte	.LASF47
 1302 061e 07       		.byte	0x7
 1303 061f 6C       		.byte	0x6c
 1304 0620 19       		.uleb128 0x19
 1305 0621 89020000 		.4byte	.LASF48
 1306 0625 89020000 		.4byte	.LASF48
 1307 0629 07       		.byte	0x7
 1308 062a 66       		.byte	0x66
 1309 062b 19       		.uleb128 0x19
ARM GAS  C:\Users\David\AppData\Local\Temp\ccyyjPFc.s 			page 26


 1310 062c 94010000 		.4byte	.LASF49
 1311 0630 94010000 		.4byte	.LASF49
 1312 0634 07       		.byte	0x7
 1313 0635 5D       		.byte	0x5d
 1314 0636 19       		.uleb128 0x19
 1315 0637 B9010000 		.4byte	.LASF50
 1316 063b B9010000 		.4byte	.LASF50
 1317 063f 07       		.byte	0x7
 1318 0640 60       		.byte	0x60
 1319 0641 19       		.uleb128 0x19
 1320 0642 F2020000 		.4byte	.LASF41
 1321 0646 F2020000 		.4byte	.LASF41
 1322 064a 05       		.byte	0x5
 1323 064b 00       		.byte	0
 1324 064c 00       		.byte	0
 1325              		.section	.debug_abbrev,"",%progbits
 1326              	.Ldebug_abbrev0:
 1327 0000 01       		.uleb128 0x1
 1328 0001 11       		.uleb128 0x11
 1329 0002 01       		.byte	0x1
 1330 0003 25       		.uleb128 0x25
 1331 0004 0E       		.uleb128 0xe
 1332 0005 13       		.uleb128 0x13
 1333 0006 0B       		.uleb128 0xb
 1334 0007 03       		.uleb128 0x3
 1335 0008 0E       		.uleb128 0xe
 1336 0009 1B       		.uleb128 0x1b
 1337 000a 0E       		.uleb128 0xe
 1338 000b 55       		.uleb128 0x55
 1339 000c 17       		.uleb128 0x17
 1340 000d 11       		.uleb128 0x11
 1341 000e 01       		.uleb128 0x1
 1342 000f 10       		.uleb128 0x10
 1343 0010 17       		.uleb128 0x17
 1344 0011 00       		.byte	0
 1345 0012 00       		.byte	0
 1346 0013 02       		.uleb128 0x2
 1347 0014 24       		.uleb128 0x24
 1348 0015 00       		.byte	0
 1349 0016 0B       		.uleb128 0xb
 1350 0017 0B       		.uleb128 0xb
 1351 0018 3E       		.uleb128 0x3e
 1352 0019 0B       		.uleb128 0xb
 1353 001a 03       		.uleb128 0x3
 1354 001b 0E       		.uleb128 0xe
 1355 001c 00       		.byte	0
 1356 001d 00       		.byte	0
 1357 001e 03       		.uleb128 0x3
 1358 001f 16       		.uleb128 0x16
 1359 0020 00       		.byte	0
 1360 0021 03       		.uleb128 0x3
 1361 0022 0E       		.uleb128 0xe
 1362 0023 3A       		.uleb128 0x3a
 1363 0024 0B       		.uleb128 0xb
 1364 0025 3B       		.uleb128 0x3b
 1365 0026 0B       		.uleb128 0xb
 1366 0027 49       		.uleb128 0x49
ARM GAS  C:\Users\David\AppData\Local\Temp\ccyyjPFc.s 			page 27


 1367 0028 13       		.uleb128 0x13
 1368 0029 00       		.byte	0
 1369 002a 00       		.byte	0
 1370 002b 04       		.uleb128 0x4
 1371 002c 24       		.uleb128 0x24
 1372 002d 00       		.byte	0
 1373 002e 0B       		.uleb128 0xb
 1374 002f 0B       		.uleb128 0xb
 1375 0030 3E       		.uleb128 0x3e
 1376 0031 0B       		.uleb128 0xb
 1377 0032 03       		.uleb128 0x3
 1378 0033 08       		.uleb128 0x8
 1379 0034 00       		.byte	0
 1380 0035 00       		.byte	0
 1381 0036 05       		.uleb128 0x5
 1382 0037 16       		.uleb128 0x16
 1383 0038 00       		.byte	0
 1384 0039 03       		.uleb128 0x3
 1385 003a 0E       		.uleb128 0xe
 1386 003b 3A       		.uleb128 0x3a
 1387 003c 0B       		.uleb128 0xb
 1388 003d 3B       		.uleb128 0x3b
 1389 003e 05       		.uleb128 0x5
 1390 003f 49       		.uleb128 0x49
 1391 0040 13       		.uleb128 0x13
 1392 0041 00       		.byte	0
 1393 0042 00       		.byte	0
 1394 0043 06       		.uleb128 0x6
 1395 0044 35       		.uleb128 0x35
 1396 0045 00       		.byte	0
 1397 0046 49       		.uleb128 0x49
 1398 0047 13       		.uleb128 0x13
 1399 0048 00       		.byte	0
 1400 0049 00       		.byte	0
 1401 004a 07       		.uleb128 0x7
 1402 004b 0F       		.uleb128 0xf
 1403 004c 00       		.byte	0
 1404 004d 0B       		.uleb128 0xb
 1405 004e 0B       		.uleb128 0xb
 1406 004f 49       		.uleb128 0x49
 1407 0050 13       		.uleb128 0x13
 1408 0051 00       		.byte	0
 1409 0052 00       		.byte	0
 1410 0053 08       		.uleb128 0x8
 1411 0054 26       		.uleb128 0x26
 1412 0055 00       		.byte	0
 1413 0056 49       		.uleb128 0x49
 1414 0057 13       		.uleb128 0x13
 1415 0058 00       		.byte	0
 1416 0059 00       		.byte	0
 1417 005a 09       		.uleb128 0x9
 1418 005b 2E       		.uleb128 0x2e
 1419 005c 01       		.byte	0x1
 1420 005d 3F       		.uleb128 0x3f
 1421 005e 19       		.uleb128 0x19
 1422 005f 03       		.uleb128 0x3
 1423 0060 0E       		.uleb128 0xe
ARM GAS  C:\Users\David\AppData\Local\Temp\ccyyjPFc.s 			page 28


 1424 0061 3A       		.uleb128 0x3a
 1425 0062 0B       		.uleb128 0xb
 1426 0063 3B       		.uleb128 0x3b
 1427 0064 0B       		.uleb128 0xb
 1428 0065 27       		.uleb128 0x27
 1429 0066 19       		.uleb128 0x19
 1430 0067 11       		.uleb128 0x11
 1431 0068 01       		.uleb128 0x1
 1432 0069 12       		.uleb128 0x12
 1433 006a 06       		.uleb128 0x6
 1434 006b 40       		.uleb128 0x40
 1435 006c 18       		.uleb128 0x18
 1436 006d 9742     		.uleb128 0x2117
 1437 006f 19       		.uleb128 0x19
 1438 0070 01       		.uleb128 0x1
 1439 0071 13       		.uleb128 0x13
 1440 0072 00       		.byte	0
 1441 0073 00       		.byte	0
 1442 0074 0A       		.uleb128 0xa
 1443 0075 05       		.uleb128 0x5
 1444 0076 00       		.byte	0
 1445 0077 03       		.uleb128 0x3
 1446 0078 0E       		.uleb128 0xe
 1447 0079 3A       		.uleb128 0x3a
 1448 007a 0B       		.uleb128 0xb
 1449 007b 3B       		.uleb128 0x3b
 1450 007c 0B       		.uleb128 0xb
 1451 007d 49       		.uleb128 0x49
 1452 007e 13       		.uleb128 0x13
 1453 007f 02       		.uleb128 0x2
 1454 0080 17       		.uleb128 0x17
 1455 0081 00       		.byte	0
 1456 0082 00       		.byte	0
 1457 0083 0B       		.uleb128 0xb
 1458 0084 34       		.uleb128 0x34
 1459 0085 00       		.byte	0
 1460 0086 03       		.uleb128 0x3
 1461 0087 0E       		.uleb128 0xe
 1462 0088 3A       		.uleb128 0x3a
 1463 0089 0B       		.uleb128 0xb
 1464 008a 3B       		.uleb128 0x3b
 1465 008b 0B       		.uleb128 0xb
 1466 008c 49       		.uleb128 0x49
 1467 008d 13       		.uleb128 0x13
 1468 008e 02       		.uleb128 0x2
 1469 008f 18       		.uleb128 0x18
 1470 0090 00       		.byte	0
 1471 0091 00       		.byte	0
 1472 0092 0C       		.uleb128 0xc
 1473 0093 898201   		.uleb128 0x4109
 1474 0096 01       		.byte	0x1
 1475 0097 11       		.uleb128 0x11
 1476 0098 01       		.uleb128 0x1
 1477 0099 31       		.uleb128 0x31
 1478 009a 13       		.uleb128 0x13
 1479 009b 01       		.uleb128 0x1
 1480 009c 13       		.uleb128 0x13
ARM GAS  C:\Users\David\AppData\Local\Temp\ccyyjPFc.s 			page 29


 1481 009d 00       		.byte	0
 1482 009e 00       		.byte	0
 1483 009f 0D       		.uleb128 0xd
 1484 00a0 8A8201   		.uleb128 0x410a
 1485 00a3 00       		.byte	0
 1486 00a4 02       		.uleb128 0x2
 1487 00a5 18       		.uleb128 0x18
 1488 00a6 9142     		.uleb128 0x2111
 1489 00a8 18       		.uleb128 0x18
 1490 00a9 00       		.byte	0
 1491 00aa 00       		.byte	0
 1492 00ab 0E       		.uleb128 0xe
 1493 00ac 898201   		.uleb128 0x4109
 1494 00af 00       		.byte	0
 1495 00b0 11       		.uleb128 0x11
 1496 00b1 01       		.uleb128 0x1
 1497 00b2 31       		.uleb128 0x31
 1498 00b3 13       		.uleb128 0x13
 1499 00b4 00       		.byte	0
 1500 00b5 00       		.byte	0
 1501 00b6 0F       		.uleb128 0xf
 1502 00b7 2E       		.uleb128 0x2e
 1503 00b8 01       		.byte	0x1
 1504 00b9 3F       		.uleb128 0x3f
 1505 00ba 19       		.uleb128 0x19
 1506 00bb 03       		.uleb128 0x3
 1507 00bc 0E       		.uleb128 0xe
 1508 00bd 3A       		.uleb128 0x3a
 1509 00be 0B       		.uleb128 0xb
 1510 00bf 3B       		.uleb128 0x3b
 1511 00c0 0B       		.uleb128 0xb
 1512 00c1 49       		.uleb128 0x49
 1513 00c2 13       		.uleb128 0x13
 1514 00c3 11       		.uleb128 0x11
 1515 00c4 01       		.uleb128 0x1
 1516 00c5 12       		.uleb128 0x12
 1517 00c6 06       		.uleb128 0x6
 1518 00c7 40       		.uleb128 0x40
 1519 00c8 18       		.uleb128 0x18
 1520 00c9 9742     		.uleb128 0x2117
 1521 00cb 19       		.uleb128 0x19
 1522 00cc 01       		.uleb128 0x1
 1523 00cd 13       		.uleb128 0x13
 1524 00ce 00       		.byte	0
 1525 00cf 00       		.byte	0
 1526 00d0 10       		.uleb128 0x10
 1527 00d1 34       		.uleb128 0x34
 1528 00d2 00       		.byte	0
 1529 00d3 03       		.uleb128 0x3
 1530 00d4 0E       		.uleb128 0xe
 1531 00d5 3A       		.uleb128 0x3a
 1532 00d6 0B       		.uleb128 0xb
 1533 00d7 3B       		.uleb128 0x3b
 1534 00d8 0B       		.uleb128 0xb
 1535 00d9 49       		.uleb128 0x49
 1536 00da 13       		.uleb128 0x13
 1537 00db 02       		.uleb128 0x2
ARM GAS  C:\Users\David\AppData\Local\Temp\ccyyjPFc.s 			page 30


 1538 00dc 17       		.uleb128 0x17
 1539 00dd 00       		.byte	0
 1540 00de 00       		.byte	0
 1541 00df 11       		.uleb128 0x11
 1542 00e0 34       		.uleb128 0x34
 1543 00e1 00       		.byte	0
 1544 00e2 03       		.uleb128 0x3
 1545 00e3 08       		.uleb128 0x8
 1546 00e4 3A       		.uleb128 0x3a
 1547 00e5 0B       		.uleb128 0xb
 1548 00e6 3B       		.uleb128 0x3b
 1549 00e7 0B       		.uleb128 0xb
 1550 00e8 49       		.uleb128 0x49
 1551 00e9 13       		.uleb128 0x13
 1552 00ea 02       		.uleb128 0x2
 1553 00eb 18       		.uleb128 0x18
 1554 00ec 00       		.byte	0
 1555 00ed 00       		.byte	0
 1556 00ee 12       		.uleb128 0x12
 1557 00ef 34       		.uleb128 0x34
 1558 00f0 00       		.byte	0
 1559 00f1 03       		.uleb128 0x3
 1560 00f2 0E       		.uleb128 0xe
 1561 00f3 3A       		.uleb128 0x3a
 1562 00f4 0B       		.uleb128 0xb
 1563 00f5 3B       		.uleb128 0x3b
 1564 00f6 0B       		.uleb128 0xb
 1565 00f7 49       		.uleb128 0x49
 1566 00f8 13       		.uleb128 0x13
 1567 00f9 1C       		.uleb128 0x1c
 1568 00fa 0B       		.uleb128 0xb
 1569 00fb 00       		.byte	0
 1570 00fc 00       		.byte	0
 1571 00fd 13       		.uleb128 0x13
 1572 00fe 05       		.uleb128 0x5
 1573 00ff 00       		.byte	0
 1574 0100 03       		.uleb128 0x3
 1575 0101 08       		.uleb128 0x8
 1576 0102 3A       		.uleb128 0x3a
 1577 0103 0B       		.uleb128 0xb
 1578 0104 3B       		.uleb128 0x3b
 1579 0105 0B       		.uleb128 0xb
 1580 0106 49       		.uleb128 0x49
 1581 0107 13       		.uleb128 0x13
 1582 0108 02       		.uleb128 0x2
 1583 0109 17       		.uleb128 0x17
 1584 010a 00       		.byte	0
 1585 010b 00       		.byte	0
 1586 010c 14       		.uleb128 0x14
 1587 010d 2E       		.uleb128 0x2e
 1588 010e 01       		.byte	0x1
 1589 010f 3F       		.uleb128 0x3f
 1590 0110 19       		.uleb128 0x19
 1591 0111 03       		.uleb128 0x3
 1592 0112 0E       		.uleb128 0xe
 1593 0113 3A       		.uleb128 0x3a
 1594 0114 0B       		.uleb128 0xb
ARM GAS  C:\Users\David\AppData\Local\Temp\ccyyjPFc.s 			page 31


 1595 0115 3B       		.uleb128 0x3b
 1596 0116 0B       		.uleb128 0xb
 1597 0117 27       		.uleb128 0x27
 1598 0118 19       		.uleb128 0x19
 1599 0119 49       		.uleb128 0x49
 1600 011a 13       		.uleb128 0x13
 1601 011b 3C       		.uleb128 0x3c
 1602 011c 19       		.uleb128 0x19
 1603 011d 01       		.uleb128 0x1
 1604 011e 13       		.uleb128 0x13
 1605 011f 00       		.byte	0
 1606 0120 00       		.byte	0
 1607 0121 15       		.uleb128 0x15
 1608 0122 05       		.uleb128 0x5
 1609 0123 00       		.byte	0
 1610 0124 49       		.uleb128 0x49
 1611 0125 13       		.uleb128 0x13
 1612 0126 00       		.byte	0
 1613 0127 00       		.byte	0
 1614 0128 16       		.uleb128 0x16
 1615 0129 18       		.uleb128 0x18
 1616 012a 00       		.byte	0
 1617 012b 00       		.byte	0
 1618 012c 00       		.byte	0
 1619 012d 17       		.uleb128 0x17
 1620 012e 898201   		.uleb128 0x4109
 1621 0131 01       		.byte	0x1
 1622 0132 11       		.uleb128 0x11
 1623 0133 01       		.uleb128 0x1
 1624 0134 31       		.uleb128 0x31
 1625 0135 13       		.uleb128 0x13
 1626 0136 00       		.byte	0
 1627 0137 00       		.byte	0
 1628 0138 18       		.uleb128 0x18
 1629 0139 34       		.uleb128 0x34
 1630 013a 00       		.byte	0
 1631 013b 03       		.uleb128 0x3
 1632 013c 0E       		.uleb128 0xe
 1633 013d 3A       		.uleb128 0x3a
 1634 013e 0B       		.uleb128 0xb
 1635 013f 3B       		.uleb128 0x3b
 1636 0140 05       		.uleb128 0x5
 1637 0141 49       		.uleb128 0x49
 1638 0142 13       		.uleb128 0x13
 1639 0143 3F       		.uleb128 0x3f
 1640 0144 19       		.uleb128 0x19
 1641 0145 3C       		.uleb128 0x3c
 1642 0146 19       		.uleb128 0x19
 1643 0147 00       		.byte	0
 1644 0148 00       		.byte	0
 1645 0149 19       		.uleb128 0x19
 1646 014a 2E       		.uleb128 0x2e
 1647 014b 00       		.byte	0
 1648 014c 3F       		.uleb128 0x3f
 1649 014d 19       		.uleb128 0x19
 1650 014e 3C       		.uleb128 0x3c
 1651 014f 19       		.uleb128 0x19
ARM GAS  C:\Users\David\AppData\Local\Temp\ccyyjPFc.s 			page 32


 1652 0150 6E       		.uleb128 0x6e
 1653 0151 0E       		.uleb128 0xe
 1654 0152 03       		.uleb128 0x3
 1655 0153 0E       		.uleb128 0xe
 1656 0154 3A       		.uleb128 0x3a
 1657 0155 0B       		.uleb128 0xb
 1658 0156 3B       		.uleb128 0x3b
 1659 0157 0B       		.uleb128 0xb
 1660 0158 00       		.byte	0
 1661 0159 00       		.byte	0
 1662 015a 00       		.byte	0
 1663              		.section	.debug_loc,"",%progbits
 1664              	.Ldebug_loc0:
 1665              	.LLST0:
 1666 0000 00000000 		.4byte	.LVL0
 1667 0004 08000000 		.4byte	.LVL1
 1668 0008 0100     		.2byte	0x1
 1669 000a 50       		.byte	0x50
 1670 000b 08000000 		.4byte	.LVL1
 1671 000f 48000000 		.4byte	.LFE63
 1672 0013 0400     		.2byte	0x4
 1673 0015 F3       		.byte	0xf3
 1674 0016 01       		.uleb128 0x1
 1675 0017 50       		.byte	0x50
 1676 0018 9F       		.byte	0x9f
 1677 0019 00000000 		.4byte	0
 1678 001d 00000000 		.4byte	0
 1679              	.LLST1:
 1680 0021 0C000000 		.4byte	.LVL18
 1681 0025 1A000000 		.4byte	.LVL22
 1682 0029 0100     		.2byte	0x1
 1683 002b 50       		.byte	0x50
 1684 002c 00000000 		.4byte	0
 1685 0030 00000000 		.4byte	0
 1686              	.LLST2:
 1687 0034 14000000 		.4byte	.LVL20
 1688 0038 18000000 		.4byte	.LVL21
 1689 003c 0100     		.2byte	0x1
 1690 003e 53       		.byte	0x53
 1691 003f 18000000 		.4byte	.LVL21
 1692 0043 1A000000 		.4byte	.LVL22
 1693 0047 0800     		.2byte	0x8
 1694 0049 70       		.byte	0x70
 1695 004a 00       		.sleb128 0
 1696 004b 09       		.byte	0x9
 1697 004c FE       		.byte	0xfe
 1698 004d 24       		.byte	0x24
 1699 004e 32       		.byte	0x32
 1700 004f 25       		.byte	0x25
 1701 0050 9F       		.byte	0x9f
 1702 0051 00000000 		.4byte	0
 1703 0055 00000000 		.4byte	0
 1704              	.LLST3:
 1705 0059 0C000000 		.4byte	.LVL24
 1706 005d 1A000000 		.4byte	.LVL28
 1707 0061 0100     		.2byte	0x1
 1708 0063 50       		.byte	0x50
ARM GAS  C:\Users\David\AppData\Local\Temp\ccyyjPFc.s 			page 33


 1709 0064 00000000 		.4byte	0
 1710 0068 00000000 		.4byte	0
 1711              	.LLST4:
 1712 006c 14000000 		.4byte	.LVL26
 1713 0070 18000000 		.4byte	.LVL27
 1714 0074 0100     		.2byte	0x1
 1715 0076 53       		.byte	0x53
 1716 0077 18000000 		.4byte	.LVL27
 1717 007b 1A000000 		.4byte	.LVL28
 1718 007f 0800     		.2byte	0x8
 1719 0081 70       		.byte	0x70
 1720 0082 00       		.sleb128 0
 1721 0083 09       		.byte	0x9
 1722 0084 FD       		.byte	0xfd
 1723 0085 24       		.byte	0x24
 1724 0086 31       		.byte	0x31
 1725 0087 25       		.byte	0x25
 1726 0088 9F       		.byte	0x9f
 1727 0089 00000000 		.4byte	0
 1728 008d 00000000 		.4byte	0
 1729              	.LLST5:
 1730 0091 0C000000 		.4byte	.LVL30
 1731 0095 1A000000 		.4byte	.LVL34
 1732 0099 0100     		.2byte	0x1
 1733 009b 50       		.byte	0x50
 1734 009c 00000000 		.4byte	0
 1735 00a0 00000000 		.4byte	0
 1736              	.LLST6:
 1737 00a4 14000000 		.4byte	.LVL32
 1738 00a8 18000000 		.4byte	.LVL33
 1739 00ac 0100     		.2byte	0x1
 1740 00ae 53       		.byte	0x53
 1741 00af 18000000 		.4byte	.LVL33
 1742 00b3 1A000000 		.4byte	.LVL34
 1743 00b7 0800     		.2byte	0x8
 1744 00b9 70       		.byte	0x70
 1745 00ba 00       		.sleb128 0
 1746 00bb 09       		.byte	0x9
 1747 00bc FD       		.byte	0xfd
 1748 00bd 24       		.byte	0x24
 1749 00be 31       		.byte	0x31
 1750 00bf 25       		.byte	0x25
 1751 00c0 9F       		.byte	0x9f
 1752 00c1 00000000 		.4byte	0
 1753 00c5 00000000 		.4byte	0
 1754              	.LLST7:
 1755 00c9 0C000000 		.4byte	.LVL36
 1756 00cd 1A000000 		.4byte	.LVL40
 1757 00d1 0100     		.2byte	0x1
 1758 00d3 50       		.byte	0x50
 1759 00d4 00000000 		.4byte	0
 1760 00d8 00000000 		.4byte	0
 1761              	.LLST8:
 1762 00dc 14000000 		.4byte	.LVL38
 1763 00e0 18000000 		.4byte	.LVL39
 1764 00e4 0100     		.2byte	0x1
 1765 00e6 53       		.byte	0x53
ARM GAS  C:\Users\David\AppData\Local\Temp\ccyyjPFc.s 			page 34


 1766 00e7 18000000 		.4byte	.LVL39
 1767 00eb 1A000000 		.4byte	.LVL40
 1768 00ef 0800     		.2byte	0x8
 1769 00f1 70       		.byte	0x70
 1770 00f2 00       		.sleb128 0
 1771 00f3 09       		.byte	0x9
 1772 00f4 FE       		.byte	0xfe
 1773 00f5 24       		.byte	0x24
 1774 00f6 32       		.byte	0x32
 1775 00f7 25       		.byte	0x25
 1776 00f8 9F       		.byte	0x9f
 1777 00f9 00000000 		.4byte	0
 1778 00fd 00000000 		.4byte	0
 1779              	.LLST9:
 1780 0101 0C000000 		.4byte	.LVL42
 1781 0105 10000000 		.4byte	.LVL43
 1782 0109 0100     		.2byte	0x1
 1783 010b 50       		.byte	0x50
 1784 010c 00000000 		.4byte	0
 1785 0110 00000000 		.4byte	0
 1786              	.LLST10:
 1787 0114 0C000000 		.4byte	.LVL42
 1788 0118 10000000 		.4byte	.LVL43
 1789 011c 0500     		.2byte	0x5
 1790 011e 70       		.byte	0x70
 1791 011f 00       		.sleb128 0
 1792 0120 3F       		.byte	0x3f
 1793 0121 1A       		.byte	0x1a
 1794 0122 9F       		.byte	0x9f
 1795 0123 00000000 		.4byte	0
 1796 0127 00000000 		.4byte	0
 1797              	.LLST11:
 1798 012b 0C000000 		.4byte	.LVL45
 1799 012f 1C000000 		.4byte	.LVL49
 1800 0133 0100     		.2byte	0x1
 1801 0135 50       		.byte	0x50
 1802 0136 00000000 		.4byte	0
 1803 013a 00000000 		.4byte	0
 1804              	.LLST12:
 1805 013e 14000000 		.4byte	.LVL47
 1806 0142 18000000 		.4byte	.LVL48
 1807 0146 0100     		.2byte	0x1
 1808 0148 53       		.byte	0x53
 1809 0149 18000000 		.4byte	.LVL48
 1810 014d 1C000000 		.4byte	.LVL49
 1811 0151 0900     		.2byte	0x9
 1812 0153 70       		.byte	0x70
 1813 0154 00       		.sleb128 0
 1814 0155 09       		.byte	0x9
 1815 0156 F8       		.byte	0xf8
 1816 0157 24       		.byte	0x24
 1817 0158 09       		.byte	0x9
 1818 0159 FC       		.byte	0xfc
 1819 015a 25       		.byte	0x25
 1820 015b 9F       		.byte	0x9f
 1821 015c 00000000 		.4byte	0
 1822 0160 00000000 		.4byte	0
ARM GAS  C:\Users\David\AppData\Local\Temp\ccyyjPFc.s 			page 35


 1823              	.LLST13:
 1824 0164 00000000 		.4byte	.LVL50
 1825 0168 07000000 		.4byte	.LVL51-1
 1826 016c 0100     		.2byte	0x1
 1827 016e 50       		.byte	0x50
 1828 016f 07000000 		.4byte	.LVL51-1
 1829 0173 1C000000 		.4byte	.LVL54
 1830 0177 0100     		.2byte	0x1
 1831 0179 54       		.byte	0x54
 1832 017a 1C000000 		.4byte	.LVL54
 1833 017e 20000000 		.4byte	.LFE71
 1834 0182 0400     		.2byte	0x4
 1835 0184 F3       		.byte	0xf3
 1836 0185 01       		.uleb128 0x1
 1837 0186 50       		.byte	0x50
 1838 0187 9F       		.byte	0x9f
 1839 0188 00000000 		.4byte	0
 1840 018c 00000000 		.4byte	0
 1841              	.LLST14:
 1842 0190 00000000 		.4byte	.LVL55
 1843 0194 09000000 		.4byte	.LVL56-1
 1844 0198 0100     		.2byte	0x1
 1845 019a 50       		.byte	0x50
 1846 019b 09000000 		.4byte	.LVL56-1
 1847 019f 28000000 		.4byte	.LVL60
 1848 01a3 0100     		.2byte	0x1
 1849 01a5 54       		.byte	0x54
 1850 01a6 28000000 		.4byte	.LVL60
 1851 01aa 2C000000 		.4byte	.LFE72
 1852 01ae 0400     		.2byte	0x4
 1853 01b0 F3       		.byte	0xf3
 1854 01b1 01       		.uleb128 0x1
 1855 01b2 50       		.byte	0x50
 1856 01b3 9F       		.byte	0x9f
 1857 01b4 00000000 		.4byte	0
 1858 01b8 00000000 		.4byte	0
 1859              	.LLST15:
 1860 01bc 00000000 		.4byte	.LVL61
 1861 01c0 0B000000 		.4byte	.LVL62-1
 1862 01c4 0100     		.2byte	0x1
 1863 01c6 50       		.byte	0x50
 1864 01c7 0B000000 		.4byte	.LVL62-1
 1865 01cb 48000000 		.4byte	.LVL69
 1866 01cf 0100     		.2byte	0x1
 1867 01d1 54       		.byte	0x54
 1868 01d2 48000000 		.4byte	.LVL69
 1869 01d6 4C000000 		.4byte	.LFE73
 1870 01da 0400     		.2byte	0x4
 1871 01dc F3       		.byte	0xf3
 1872 01dd 01       		.uleb128 0x1
 1873 01de 50       		.byte	0x50
 1874 01df 9F       		.byte	0x9f
 1875 01e0 00000000 		.4byte	0
 1876 01e4 00000000 		.4byte	0
 1877              		.section	.debug_aranges,"",%progbits
 1878 0000 6C000000 		.4byte	0x6c
 1879 0004 0200     		.2byte	0x2
ARM GAS  C:\Users\David\AppData\Local\Temp\ccyyjPFc.s 			page 36


 1880 0006 00000000 		.4byte	.Ldebug_info0
 1881 000a 04       		.byte	0x4
 1882 000b 00       		.byte	0
 1883 000c 0000     		.2byte	0
 1884 000e 0000     		.2byte	0
 1885 0010 00000000 		.4byte	.LFB63
 1886 0014 48000000 		.4byte	.LFE63-.LFB63
 1887 0018 00000000 		.4byte	.LFB64
 1888 001c 54000000 		.4byte	.LFE64-.LFB64
 1889 0020 00000000 		.4byte	.LFB65
 1890 0024 1E000000 		.4byte	.LFE65-.LFB65
 1891 0028 00000000 		.4byte	.LFB66
 1892 002c 1E000000 		.4byte	.LFE66-.LFB66
 1893 0030 00000000 		.4byte	.LFB67
 1894 0034 1E000000 		.4byte	.LFE67-.LFB67
 1895 0038 00000000 		.4byte	.LFB68
 1896 003c 1E000000 		.4byte	.LFE68-.LFB68
 1897 0040 00000000 		.4byte	.LFB69
 1898 0044 12000000 		.4byte	.LFE69-.LFB69
 1899 0048 00000000 		.4byte	.LFB70
 1900 004c 22000000 		.4byte	.LFE70-.LFB70
 1901 0050 00000000 		.4byte	.LFB71
 1902 0054 20000000 		.4byte	.LFE71-.LFB71
 1903 0058 00000000 		.4byte	.LFB72
 1904 005c 2C000000 		.4byte	.LFE72-.LFB72
 1905 0060 00000000 		.4byte	.LFB73
 1906 0064 4C000000 		.4byte	.LFE73-.LFB73
 1907 0068 00000000 		.4byte	0
 1908 006c 00000000 		.4byte	0
 1909              		.section	.debug_ranges,"",%progbits
 1910              	.Ldebug_ranges0:
 1911 0000 00000000 		.4byte	.LFB63
 1912 0004 48000000 		.4byte	.LFE63
 1913 0008 00000000 		.4byte	.LFB64
 1914 000c 54000000 		.4byte	.LFE64
 1915 0010 00000000 		.4byte	.LFB65
 1916 0014 1E000000 		.4byte	.LFE65
 1917 0018 00000000 		.4byte	.LFB66
 1918 001c 1E000000 		.4byte	.LFE66
 1919 0020 00000000 		.4byte	.LFB67
 1920 0024 1E000000 		.4byte	.LFE67
 1921 0028 00000000 		.4byte	.LFB68
 1922 002c 1E000000 		.4byte	.LFE68
 1923 0030 00000000 		.4byte	.LFB69
 1924 0034 12000000 		.4byte	.LFE69
 1925 0038 00000000 		.4byte	.LFB70
 1926 003c 22000000 		.4byte	.LFE70
 1927 0040 00000000 		.4byte	.LFB71
 1928 0044 20000000 		.4byte	.LFE71
 1929 0048 00000000 		.4byte	.LFB72
 1930 004c 2C000000 		.4byte	.LFE72
 1931 0050 00000000 		.4byte	.LFB73
 1932 0054 4C000000 		.4byte	.LFE73
 1933 0058 00000000 		.4byte	0
 1934 005c 00000000 		.4byte	0
 1935              		.section	.debug_line,"",%progbits
 1936              	.Ldebug_line0:
ARM GAS  C:\Users\David\AppData\Local\Temp\ccyyjPFc.s 			page 37


 1937 0000 7B020000 		.section	.debug_str,"MS",%progbits,1
 1937      02006D01 
 1937      00000201 
 1937      FB0E0D00 
 1937      01010101 
 1938              	.LASF35:
 1939 0000 6D6F6E74 		.ascii	"month_10\000"
 1939      685F3130 
 1939      00
 1940              	.LASF31:
 1941 0009 64617465 		.ascii	"date_0\000"
 1941      5F3000
 1942              	.LASF44:
 1943 0010 5350494D 		.ascii	"SPIM_ReadTxStatus\000"
 1943      5F526561 
 1943      64547853 
 1943      74617475 
 1943      7300
 1944              	.LASF21:
 1945 0022 6765745F 		.ascii	"get_hour\000"
 1945      686F7572 
 1945      00
 1946              	.LASF19:
 1947 002b 73746174 		.ascii	"stat\000"
 1947      00
 1948              	.LASF46:
 1949 0030 5350494D 		.ascii	"SPIM_WriteTxData\000"
 1949      5F577269 
 1949      74655478 
 1949      44617461 
 1949      00
 1950              	.LASF43:
 1951 0041 53535F57 		.ascii	"SS_Write\000"
 1951      72697465 
 1951      00
 1952              	.LASF22:
 1953 004a 72657370 		.ascii	"resp\000"
 1953      00
 1954              	.LASF9:
 1955 004f 5F5F696E 		.ascii	"__int32_t\000"
 1955      7433325F 
 1955      7400
 1956              	.LASF33:
 1957 0059 6765745F 		.ascii	"get_month\000"
 1957      6D6F6E74 
 1957      6800
 1958              	.LASF3:
 1959 0063 73686F72 		.ascii	"short unsigned int\000"
 1959      7420756E 
 1959      7369676E 
 1959      65642069 
 1959      6E7400
 1960              	.LASF53:
 1961 0076 433A5C55 		.ascii	"C:\\Users\\David\\Documents\\PSoC Creator\\Keypadte"
 1961      73657273 
 1961      5C446176 
 1961      69645C44 
ARM GAS  C:\Users\David\AppData\Local\Temp\ccyyjPFc.s 			page 38


 1961      6F63756D 
 1962 00a4 73745C52 		.ascii	"st\\Riaszto.cydsn\000"
 1962      6961737A 
 1962      746F2E63 
 1962      7964736E 
 1962      00
 1963              	.LASF37:
 1964 00b5 795F3130 		.ascii	"y_10\000"
 1964      00
 1965              	.LASF39:
 1966 00ba 61646472 		.ascii	"addr\000"
 1966      00
 1967              	.LASF12:
 1968 00bf 666C6F61 		.ascii	"float\000"
 1968      7400
 1969              	.LASF20:
 1970 00c5 64617461 		.ascii	"data\000"
 1970      00
 1971              	.LASF11:
 1972 00ca 75696E74 		.ascii	"uint8\000"
 1972      3800
 1973              	.LASF29:
 1974 00d0 7365635F 		.ascii	"sec_10\000"
 1974      313000
 1975              	.LASF1:
 1976 00d7 756E7369 		.ascii	"unsigned char\000"
 1976      676E6564 
 1976      20636861 
 1976      7200
 1977              	.LASF51:
 1978 00e5 474E5520 		.ascii	"GNU C11 5.4.1 20160609 (release) [ARM/embedded-5-br"
 1978      43313120 
 1978      352E342E 
 1978      31203230 
 1978      31363036 
 1979 0118 616E6368 		.ascii	"anch revision 237715] -mcpu=cortex-m3 -mthumb -g -O"
 1979      20726576 
 1979      6973696F 
 1979      6E203233 
 1979      37373135 
 1980 014b 67202D66 		.ascii	"g -ffunction-sections -ffat-lto-objects\000"
 1980      66756E63 
 1980      74696F6E 
 1980      2D736563 
 1980      74696F6E 
 1981              	.LASF5:
 1982 0173 6C6F6E67 		.ascii	"long unsigned int\000"
 1982      20756E73 
 1982      69676E65 
 1982      6420696E 
 1982      7400
 1983              	.LASF47:
 1984 0185 5350494D 		.ascii	"SPIM_TxDisable\000"
 1984      5F547844 
 1984      69736162 
 1984      6C6500
 1985              	.LASF49:
ARM GAS  C:\Users\David\AppData\Local\Temp\ccyyjPFc.s 			page 39


 1986 0194 5350494D 		.ascii	"SPIM_ReadRxStatus\000"
 1986      5F526561 
 1986      64527853 
 1986      74617475 
 1986      7300
 1987              	.LASF25:
 1988 01a6 6D696E5F 		.ascii	"min_0\000"
 1988      3000
 1989              	.LASF54:
 1990 01ac 49544D5F 		.ascii	"ITM_RxBuffer\000"
 1990      52784275 
 1990      66666572 
 1990      00
 1991              	.LASF50:
 1992 01b9 5350494D 		.ascii	"SPIM_ReadRxData\000"
 1992      5F526561 
 1992      64527844 
 1992      61746100 
 1993              	.LASF30:
 1994 01c9 6765745F 		.ascii	"get_day\000"
 1994      64617900 
 1995              	.LASF18:
 1996 01d1 5350494D 		.ascii	"SPIM_IO_RD_Data\000"
 1996      5F494F5F 
 1996      52445F44 
 1996      61746100 
 1997              	.LASF52:
 1998 01e1 64313330 		.ascii	"d1302.c\000"
 1998      322E6300 
 1999              	.LASF32:
 2000 01e9 64617465 		.ascii	"date_10\000"
 2000      5F313000 
 2001              	.LASF38:
 2002 01f1 7072696E 		.ascii	"print_time_string\000"
 2002      745F7469 
 2002      6D655F73 
 2002      7472696E 
 2002      6700
 2003              	.LASF8:
 2004 0203 756E7369 		.ascii	"unsigned int\000"
 2004      676E6564 
 2004      20696E74 
 2004      00
 2005              	.LASF45:
 2006 0210 5350494D 		.ascii	"SPIM_TxEnable\000"
 2006      5F547845 
 2006      6E61626C 
 2006      6500
 2007              	.LASF17:
 2008 021e 5350494D 		.ascii	"SPIM_IO_RD_Addr\000"
 2008      5F494F5F 
 2008      52445F41 
 2008      64647200 
 2009              	.LASF7:
 2010 022e 6C6F6E67 		.ascii	"long long unsigned int\000"
 2010      206C6F6E 
 2010      6720756E 
ARM GAS  C:\Users\David\AppData\Local\Temp\ccyyjPFc.s 			page 40


 2010      7369676E 
 2010      65642069 
 2011              	.LASF40:
 2012 0245 7072696E 		.ascii	"print_date\000"
 2012      745F6461 
 2012      746500
 2013              	.LASF36:
 2014 0250 6765745F 		.ascii	"get_year\000"
 2014      79656172 
 2014      00
 2015              	.LASF10:
 2016 0259 696E7433 		.ascii	"int32_t\000"
 2016      325F7400 
 2017              	.LASF16:
 2018 0261 73697A65 		.ascii	"sizetype\000"
 2018      74797065 
 2018      00
 2019              	.LASF23:
 2020 026a 685F3130 		.ascii	"h_10\000"
 2020      00
 2021              	.LASF6:
 2022 026f 6C6F6E67 		.ascii	"long long int\000"
 2022      206C6F6E 
 2022      6720696E 
 2022      7400
 2023              	.LASF26:
 2024 027d 6D696E5F 		.ascii	"min_10\000"
 2024      313000
 2025              	.LASF14:
 2026 0284 63686172 		.ascii	"char\000"
 2026      00
 2027              	.LASF48:
 2028 0289 5350494D 		.ascii	"SPIM_ClearFIFO\000"
 2028      5F436C65 
 2028      61724649 
 2028      464F00
 2029              	.LASF24:
 2030 0298 6765745F 		.ascii	"get_minute\000"
 2030      6D696E75 
 2030      746500
 2031              	.LASF2:
 2032 02a3 73686F72 		.ascii	"short int\000"
 2032      7420696E 
 2032      7400
 2033              	.LASF34:
 2034 02ad 6D6F6E74 		.ascii	"month_0\000"
 2034      685F3000 
 2035              	.LASF28:
 2036 02b5 7365635F 		.ascii	"sec_0\000"
 2036      3000
 2037              	.LASF4:
 2038 02bb 6C6F6E67 		.ascii	"long int\000"
 2038      20696E74 
 2038      00
 2039              	.LASF15:
 2040 02c4 6C6F6E67 		.ascii	"long double\000"
 2040      20646F75 
ARM GAS  C:\Users\David\AppData\Local\Temp\ccyyjPFc.s 			page 41


 2040      626C6500 
 2041              	.LASF0:
 2042 02d0 7369676E 		.ascii	"signed char\000"
 2042      65642063 
 2042      68617200 
 2043              	.LASF13:
 2044 02dc 646F7562 		.ascii	"double\000"
 2044      6C6500
 2045              	.LASF42:
 2046 02e3 7072696E 		.ascii	"print_datetime\000"
 2046      745F6461 
 2046      74657469 
 2046      6D6500
 2047              	.LASF41:
 2048 02f2 73707269 		.ascii	"sprintf\000"
 2048      6E746600 
 2049              	.LASF27:
 2050 02fa 6765745F 		.ascii	"get_seconds\000"
 2050      7365636F 
 2050      6E647300 
 2051              		.ident	"GCC: (GNU Tools for ARM Embedded Processors) 5.4.1 20160609 (release) [ARM/embedded-5-bran
