ARM GAS  C:\Users\David\AppData\Local\Temp\cclPnig6.s 			page 1


   1              		.syntax unified
   2              		.cpu cortex-m3
   3              		.fpu softvfp
   4              		.eabi_attribute 20, 1
   5              		.eabi_attribute 21, 1
   6              		.eabi_attribute 23, 3
   7              		.eabi_attribute 24, 1
   8              		.eabi_attribute 25, 1
   9              		.eabi_attribute 26, 1
  10              		.eabi_attribute 30, 1
  11              		.eabi_attribute 34, 1
  12              		.eabi_attribute 18, 4
  13              		.thumb
  14              		.syntax unified
  15              		.file	"EEPROM_Helper.c"
  16              		.text
  17              	.Ltext0:
  18              		.cfi_sections	.debug_frame
  19              		.section	.text.StoreInt8,"ax",%progbits
  20              		.align	2
  21              		.global	StoreInt8
  22              		.thumb
  23              		.thumb_func
  24              		.type	StoreInt8, %function
  25              	StoreInt8:
  26              	.LFB63:
  27              		.file 1 "EEPROM_Helper.c"
   1:EEPROM_Helper.c **** /* ========================================
   2:EEPROM_Helper.c **** 
   3:EEPROM_Helper.c ****  *
   4:EEPROM_Helper.c ****  * ========================================
   5:EEPROM_Helper.c **** */
   6:EEPROM_Helper.c **** 
   7:EEPROM_Helper.c **** 
   8:EEPROM_Helper.c **** #include "project.h"
   9:EEPROM_Helper.c **** 
  10:EEPROM_Helper.c **** 
  11:EEPROM_Helper.c **** void StoreInt8(uint8 data, uint16 addr) {
  28              		.loc 1 11 0
  29              		.cfi_startproc
  30              		@ args = 0, pretend = 0, frame = 0
  31              		@ frame_needed = 0, uses_anonymous_args = 0
  32              	.LVL0:
  33 0000 08B5     		push	{r3, lr}
  34              		.cfi_def_cfa_offset 8
  35              		.cfi_offset 3, -8
  36              		.cfi_offset 14, -4
  12:EEPROM_Helper.c ****     EEPROM_WriteByte(data, addr);
  37              		.loc 1 12 0
  38 0002 FFF7FEFF 		bl	EEPROM_WriteByte
  39              	.LVL1:
  40 0006 08BD     		pop	{r3, pc}
  41              		.cfi_endproc
  42              	.LFE63:
  43              		.size	StoreInt8, .-StoreInt8
  44              		.section	.text.ReadInt8,"ax",%progbits
  45              		.align	2
ARM GAS  C:\Users\David\AppData\Local\Temp\cclPnig6.s 			page 2


  46              		.global	ReadInt8
  47              		.thumb
  48              		.thumb_func
  49              		.type	ReadInt8, %function
  50              	ReadInt8:
  51              	.LFB64:
  13:EEPROM_Helper.c **** }
  14:EEPROM_Helper.c **** 
  15:EEPROM_Helper.c **** uint8 ReadInt8(uint16 addr) {
  52              		.loc 1 15 0
  53              		.cfi_startproc
  54              		@ args = 0, pretend = 0, frame = 0
  55              		@ frame_needed = 0, uses_anonymous_args = 0
  56              	.LVL2:
  57 0000 08B5     		push	{r3, lr}
  58              		.cfi_def_cfa_offset 8
  59              		.cfi_offset 3, -8
  60              		.cfi_offset 14, -4
  16:EEPROM_Helper.c ****     return EEPROM_ReadByte(addr);
  61              		.loc 1 16 0
  62 0002 FFF7FEFF 		bl	EEPROM_ReadByte
  63              	.LVL3:
  17:EEPROM_Helper.c **** }
  64              		.loc 1 17 0
  65 0006 08BD     		pop	{r3, pc}
  66              		.cfi_endproc
  67              	.LFE64:
  68              		.size	ReadInt8, .-ReadInt8
  69              		.section	.text.StoreInt16,"ax",%progbits
  70              		.align	2
  71              		.global	StoreInt16
  72              		.thumb
  73              		.thumb_func
  74              		.type	StoreInt16, %function
  75              	StoreInt16:
  76              	.LFB65:
  18:EEPROM_Helper.c **** 
  19:EEPROM_Helper.c **** void StoreInt16(uint16 data, uint16 addr) {
  77              		.loc 1 19 0
  78              		.cfi_startproc
  79              		@ args = 0, pretend = 0, frame = 0
  80              		@ frame_needed = 0, uses_anonymous_args = 0
  81              	.LVL4:
  82 0000 38B5     		push	{r3, r4, r5, lr}
  83              		.cfi_def_cfa_offset 16
  84              		.cfi_offset 3, -16
  85              		.cfi_offset 4, -12
  86              		.cfi_offset 5, -8
  87              		.cfi_offset 14, -4
  88 0002 0C46     		mov	r4, r1
  89              	.LVL5:
  20:EEPROM_Helper.c ****     uint8 first_byte = (data&0xff00) >> 8;
  21:EEPROM_Helper.c ****     uint8 second_byte = data&0x00ff;
  90              		.loc 1 21 0
  91 0004 C5B2     		uxtb	r5, r0
  92              	.LVL6:
  22:EEPROM_Helper.c ****     EEPROM_WriteByte(first_byte, addr);
ARM GAS  C:\Users\David\AppData\Local\Temp\cclPnig6.s 			page 3


  93              		.loc 1 22 0
  94 0006 000A     		lsrs	r0, r0, #8
  95              	.LVL7:
  96 0008 FFF7FEFF 		bl	EEPROM_WriteByte
  97              	.LVL8:
  23:EEPROM_Helper.c ****     EEPROM_WriteByte(second_byte, addr+1);
  98              		.loc 1 23 0
  99 000c 611C     		adds	r1, r4, #1
 100 000e 89B2     		uxth	r1, r1
 101 0010 2846     		mov	r0, r5
 102 0012 FFF7FEFF 		bl	EEPROM_WriteByte
 103              	.LVL9:
 104 0016 38BD     		pop	{r3, r4, r5, pc}
 105              		.cfi_endproc
 106              	.LFE65:
 107              		.size	StoreInt16, .-StoreInt16
 108              		.section	.text.ReadInt16,"ax",%progbits
 109              		.align	2
 110              		.global	ReadInt16
 111              		.thumb
 112              		.thumb_func
 113              		.type	ReadInt16, %function
 114              	ReadInt16:
 115              	.LFB66:
  24:EEPROM_Helper.c **** }
  25:EEPROM_Helper.c **** 
  26:EEPROM_Helper.c **** uint16 ReadInt16(uint16 addr) {
 116              		.loc 1 26 0
 117              		.cfi_startproc
 118              		@ args = 0, pretend = 0, frame = 0
 119              		@ frame_needed = 0, uses_anonymous_args = 0
 120              	.LVL10:
 121 0000 38B5     		push	{r3, r4, r5, lr}
 122              		.cfi_def_cfa_offset 16
 123              		.cfi_offset 3, -16
 124              		.cfi_offset 4, -12
 125              		.cfi_offset 5, -8
 126              		.cfi_offset 14, -4
 127 0002 0546     		mov	r5, r0
  27:EEPROM_Helper.c ****     uint8 first_byte = EEPROM_ReadByte(addr);
 128              		.loc 1 27 0
 129 0004 FFF7FEFF 		bl	EEPROM_ReadByte
 130              	.LVL11:
 131 0008 0446     		mov	r4, r0
 132              	.LVL12:
  28:EEPROM_Helper.c ****     uint8 second_byte = EEPROM_ReadByte(addr+1);
 133              		.loc 1 28 0
 134 000a 681C     		adds	r0, r5, #1
 135 000c 80B2     		uxth	r0, r0
 136 000e FFF7FEFF 		bl	EEPROM_ReadByte
 137              	.LVL13:
  29:EEPROM_Helper.c ****     uint16 result = (first_byte << 8)|second_byte;
 138              		.loc 1 29 0
 139 0012 40EA0420 		orr	r0, r0, r4, lsl #8
 140              	.LVL14:
  30:EEPROM_Helper.c ****     return result;
  31:EEPROM_Helper.c **** }
ARM GAS  C:\Users\David\AppData\Local\Temp\cclPnig6.s 			page 4


 141              		.loc 1 31 0
 142 0016 80B2     		uxth	r0, r0
 143 0018 38BD     		pop	{r3, r4, r5, pc}
 144              		.cfi_endproc
 145              	.LFE66:
 146              		.size	ReadInt16, .-ReadInt16
 147 001a 00BF     		.section	.text.ReadInt8ArrayFromRow,"ax",%progbits
 148              		.align	2
 149              		.global	ReadInt8ArrayFromRow
 150              		.thumb
 151              		.thumb_func
 152              		.type	ReadInt8ArrayFromRow, %function
 153              	ReadInt8ArrayFromRow:
 154              	.LFB67:
  32:EEPROM_Helper.c **** 
  33:EEPROM_Helper.c **** 
  34:EEPROM_Helper.c **** /*
  35:EEPROM_Helper.c **** Kiolvas egymas utan n erteket egy sorbol
  36:EEPROM_Helper.c **** Egy sorban 16 db cim van.
  37:EEPROM_Helper.c **** */
  38:EEPROM_Helper.c **** void ReadInt8ArrayFromRow(uint8 * values, uint8 n, uint16 addr) {
 155              		.loc 1 38 0
 156              		.cfi_startproc
 157              		@ args = 0, pretend = 0, frame = 0
 158              		@ frame_needed = 0, uses_anonymous_args = 0
 159              	.LVL15:
 160 0000 F8B5     		push	{r3, r4, r5, r6, r7, lr}
 161              		.cfi_def_cfa_offset 24
 162              		.cfi_offset 3, -24
 163              		.cfi_offset 4, -20
 164              		.cfi_offset 5, -16
 165              		.cfi_offset 6, -12
 166              		.cfi_offset 7, -8
 167              		.cfi_offset 14, -4
 168 0002 0746     		mov	r7, r0
 169 0004 1646     		mov	r6, r2
  39:EEPROM_Helper.c ****    
  40:EEPROM_Helper.c ****     n = n > 16 ? 16 : n; //Egy sorban max. 16 elem lehet
 170              		.loc 1 40 0
 171 0006 1029     		cmp	r1, #16
 172 0008 28BF     		it	cs
 173 000a 1021     		movcs	r1, #16
 174              	.LVL16:
 175 000c 0D46     		mov	r5, r1
 176              	.LVL17:
 177              	.LBB2:
  41:EEPROM_Helper.c ****     for (uint8 i = 0; i < n; i++) {
 178              		.loc 1 41 0
 179 000e 0024     		movs	r4, #0
 180 0010 06E0     		b	.L10
 181              	.LVL18:
 182              	.L11:
  42:EEPROM_Helper.c ****         values[i] = EEPROM_ReadByte(addr+i);
 183              		.loc 1 42 0 discriminator 3
 184 0012 3019     		adds	r0, r6, r4
 185 0014 80B2     		uxth	r0, r0
 186 0016 FFF7FEFF 		bl	EEPROM_ReadByte
ARM GAS  C:\Users\David\AppData\Local\Temp\cclPnig6.s 			page 5


 187              	.LVL19:
 188 001a 3855     		strb	r0, [r7, r4]
  41:EEPROM_Helper.c ****     for (uint8 i = 0; i < n; i++) {
 189              		.loc 1 41 0 discriminator 3
 190 001c 0134     		adds	r4, r4, #1
 191              	.LVL20:
 192 001e E4B2     		uxtb	r4, r4
 193              	.LVL21:
 194              	.L10:
  41:EEPROM_Helper.c ****     for (uint8 i = 0; i < n; i++) {
 195              		.loc 1 41 0 is_stmt 0 discriminator 1
 196 0020 AC42     		cmp	r4, r5
 197 0022 F6D3     		bcc	.L11
 198              	.LBE2:
  43:EEPROM_Helper.c ****     }
  44:EEPROM_Helper.c **** }
 199              		.loc 1 44 0 is_stmt 1
 200 0024 F8BD     		pop	{r3, r4, r5, r6, r7, pc}
 201              		.cfi_endproc
 202              	.LFE67:
 203              		.size	ReadInt8ArrayFromRow, .-ReadInt8ArrayFromRow
 204 0026 00BF     		.section	.text.StoreInt8ArrayToRow,"ax",%progbits
 205              		.align	2
 206              		.global	StoreInt8ArrayToRow
 207              		.thumb
 208              		.thumb_func
 209              		.type	StoreInt8ArrayToRow, %function
 210              	StoreInt8ArrayToRow:
 211              	.LFB68:
  45:EEPROM_Helper.c **** 
  46:EEPROM_Helper.c **** void StoreInt8ArrayToRow(uint8 * values, uint16 addr) {
 212              		.loc 1 46 0
 213              		.cfi_startproc
 214              		@ args = 0, pretend = 0, frame = 0
 215              		@ frame_needed = 0, uses_anonymous_args = 0
 216              	.LVL22:
 217 0000 08B5     		push	{r3, lr}
 218              		.cfi_def_cfa_offset 8
 219              		.cfi_offset 3, -8
 220              		.cfi_offset 14, -4
 221              	.LVL23:
  47:EEPROM_Helper.c ****  
  48:EEPROM_Helper.c ****     uint8 row_number = addr / 16; //Az also egeszreszet veszi. Ennyiedik sor
  49:EEPROM_Helper.c ****     EEPROM_Write(values, row_number);  
 222              		.loc 1 49 0
 223 0002 C1F30711 		ubfx	r1, r1, #4, #8
 224              	.LVL24:
 225 0006 FFF7FEFF 		bl	EEPROM_Write
 226              	.LVL25:
 227 000a 08BD     		pop	{r3, pc}
 228              		.cfi_endproc
 229              	.LFE68:
 230              		.size	StoreInt8ArrayToRow, .-StoreInt8ArrayToRow
 231              		.text
 232              	.Letext0:
 233              		.file 2 "c:\\program files (x86)\\cypress\\psoc creator\\4.4\\psoc creator\\import\\gnu\\arm\\5.4.
 234              		.file 3 "c:\\program files (x86)\\cypress\\psoc creator\\4.4\\psoc creator\\import\\gnu\\arm\\5.4.
ARM GAS  C:\Users\David\AppData\Local\Temp\cclPnig6.s 			page 6


 235              		.file 4 "Generated_Source\\PSoC5/cytypes.h"
 236              		.file 5 "Generated_Source\\PSoC5/EEPROM.h"
 237              		.file 6 "Generated_Source\\PSoC5/core_cm3.h"
 238              		.section	.debug_info,"",%progbits
 239              	.Ldebug_info0:
 240 0000 0F030000 		.4byte	0x30f
 241 0004 0400     		.2byte	0x4
 242 0006 00000000 		.4byte	.Ldebug_abbrev0
 243 000a 04       		.byte	0x4
 244 000b 01       		.uleb128 0x1
 245 000c 9D000000 		.4byte	.LASF34
 246 0010 0C       		.byte	0xc
 247 0011 1C020000 		.4byte	.LASF35
 248 0015 00000000 		.4byte	.LASF36
 249 0019 00000000 		.4byte	.Ldebug_ranges0+0
 250 001d 00000000 		.4byte	0
 251 0021 00000000 		.4byte	.Ldebug_line0
 252 0025 02       		.uleb128 0x2
 253 0026 01       		.byte	0x1
 254 0027 06       		.byte	0x6
 255 0028 4E020000 		.4byte	.LASF0
 256 002c 02       		.uleb128 0x2
 257 002d 01       		.byte	0x1
 258 002e 08       		.byte	0x8
 259 002f 8F000000 		.4byte	.LASF1
 260 0033 02       		.uleb128 0x2
 261 0034 02       		.byte	0x2
 262 0035 05       		.byte	0x5
 263 0036 12020000 		.4byte	.LASF2
 264 003a 02       		.uleb128 0x2
 265 003b 02       		.byte	0x2
 266 003c 07       		.byte	0x7
 267 003d 5A020000 		.4byte	.LASF3
 268 0041 03       		.uleb128 0x3
 269 0042 3F000000 		.4byte	.LASF9
 270 0046 02       		.byte	0x2
 271 0047 3F       		.byte	0x3f
 272 0048 4C000000 		.4byte	0x4c
 273 004c 02       		.uleb128 0x2
 274 004d 04       		.byte	0x4
 275 004e 05       		.byte	0x5
 276 004f 39020000 		.4byte	.LASF4
 277 0053 02       		.uleb128 0x2
 278 0054 04       		.byte	0x4
 279 0055 07       		.byte	0x7
 280 0056 7D010000 		.4byte	.LASF5
 281 005a 02       		.uleb128 0x2
 282 005b 08       		.byte	0x8
 283 005c 05       		.byte	0x5
 284 005d EE010000 		.4byte	.LASF6
 285 0061 02       		.uleb128 0x2
 286 0062 08       		.byte	0x8
 287 0063 07       		.byte	0x7
 288 0064 AE010000 		.4byte	.LASF7
 289 0068 04       		.uleb128 0x4
 290 0069 04       		.byte	0x4
 291 006a 05       		.byte	0x5
ARM GAS  C:\Users\David\AppData\Local\Temp\cclPnig6.s 			page 7


 292 006b 696E7400 		.ascii	"int\000"
 293 006f 02       		.uleb128 0x2
 294 0070 04       		.byte	0x4
 295 0071 07       		.byte	0x7
 296 0072 A1010000 		.4byte	.LASF8
 297 0076 03       		.uleb128 0x3
 298 0077 DD010000 		.4byte	.LASF10
 299 007b 03       		.byte	0x3
 300 007c 2C       		.byte	0x2c
 301 007d 41000000 		.4byte	0x41
 302 0081 05       		.uleb128 0x5
 303 0082 7F000000 		.4byte	.LASF11
 304 0086 04       		.byte	0x4
 305 0087 E801     		.2byte	0x1e8
 306 0089 2C000000 		.4byte	0x2c
 307 008d 05       		.uleb128 0x5
 308 008e 9A010000 		.4byte	.LASF12
 309 0092 04       		.byte	0x4
 310 0093 E901     		.2byte	0x1e9
 311 0095 3A000000 		.4byte	0x3a
 312 0099 02       		.uleb128 0x2
 313 009a 04       		.byte	0x4
 314 009b 04       		.byte	0x4
 315 009c 74000000 		.4byte	.LASF13
 316 00a0 02       		.uleb128 0x2
 317 00a1 08       		.byte	0x8
 318 00a2 04       		.byte	0x4
 319 00a3 5F000000 		.4byte	.LASF14
 320 00a7 02       		.uleb128 0x2
 321 00a8 01       		.byte	0x1
 322 00a9 08       		.byte	0x8
 323 00aa 06020000 		.4byte	.LASF15
 324 00ae 02       		.uleb128 0x2
 325 00af 08       		.byte	0x8
 326 00b0 04       		.byte	0x4
 327 00b1 42020000 		.4byte	.LASF16
 328 00b5 02       		.uleb128 0x2
 329 00b6 04       		.byte	0x4
 330 00b7 07       		.byte	0x7
 331 00b8 E5010000 		.4byte	.LASF17
 332 00bc 06       		.uleb128 0x6
 333 00bd FC010000 		.4byte	.LASF20
 334 00c1 01       		.byte	0x1
 335 00c2 0B       		.byte	0xb
 336 00c3 00000000 		.4byte	.LFB63
 337 00c7 08000000 		.4byte	.LFE63-.LFB63
 338 00cb 01       		.uleb128 0x1
 339 00cc 9C       		.byte	0x9c
 340 00cd F9000000 		.4byte	0xf9
 341 00d1 07       		.uleb128 0x7
 342 00d2 7A000000 		.4byte	.LASF18
 343 00d6 01       		.byte	0x1
 344 00d7 0B       		.byte	0xb
 345 00d8 81000000 		.4byte	0x81
 346 00dc 00000000 		.4byte	.LLST0
 347 00e0 07       		.uleb128 0x7
 348 00e1 6F000000 		.4byte	.LASF19
ARM GAS  C:\Users\David\AppData\Local\Temp\cclPnig6.s 			page 8


 349 00e5 01       		.byte	0x1
 350 00e6 0B       		.byte	0xb
 351 00e7 8D000000 		.4byte	0x8d
 352 00eb 21000000 		.4byte	.LLST1
 353 00ef 08       		.uleb128 0x8
 354 00f0 06000000 		.4byte	.LVL1
 355 00f4 F1020000 		.4byte	0x2f1
 356 00f8 00       		.byte	0
 357 00f9 09       		.uleb128 0x9
 358 00fa 66000000 		.4byte	.LASF24
 359 00fe 01       		.byte	0x1
 360 00ff 0F       		.byte	0xf
 361 0100 81000000 		.4byte	0x81
 362 0104 00000000 		.4byte	.LFB64
 363 0108 08000000 		.4byte	.LFE64-.LFB64
 364 010c 01       		.uleb128 0x1
 365 010d 9C       		.byte	0x9c
 366 010e 2B010000 		.4byte	0x12b
 367 0112 07       		.uleb128 0x7
 368 0113 6F000000 		.4byte	.LASF19
 369 0117 01       		.byte	0x1
 370 0118 0F       		.byte	0xf
 371 0119 8D000000 		.4byte	0x8d
 372 011d 42000000 		.4byte	.LLST2
 373 0121 08       		.uleb128 0x8
 374 0122 06000000 		.4byte	.LVL3
 375 0126 FC020000 		.4byte	0x2fc
 376 012a 00       		.byte	0
 377 012b 06       		.uleb128 0x6
 378 012c 8F010000 		.4byte	.LASF21
 379 0130 01       		.byte	0x1
 380 0131 13       		.byte	0x13
 381 0132 00000000 		.4byte	.LFB65
 382 0136 18000000 		.4byte	.LFE65-.LFB65
 383 013a 01       		.uleb128 0x1
 384 013b 9C       		.byte	0x9c
 385 013c A5010000 		.4byte	0x1a5
 386 0140 07       		.uleb128 0x7
 387 0141 7A000000 		.4byte	.LASF18
 388 0145 01       		.byte	0x1
 389 0146 13       		.byte	0x13
 390 0147 8D000000 		.4byte	0x8d
 391 014b 63000000 		.4byte	.LLST3
 392 014f 07       		.uleb128 0x7
 393 0150 6F000000 		.4byte	.LASF19
 394 0154 01       		.byte	0x1
 395 0155 13       		.byte	0x13
 396 0156 8D000000 		.4byte	0x8d
 397 015a 84000000 		.4byte	.LLST4
 398 015e 0A       		.uleb128 0xa
 399 015f 54000000 		.4byte	.LASF22
 400 0163 01       		.byte	0x1
 401 0164 14       		.byte	0x14
 402 0165 81000000 		.4byte	0x81
 403 0169 A5000000 		.4byte	.LLST5
 404 016d 0B       		.uleb128 0xb
 405 016e 40010000 		.4byte	.LASF23
ARM GAS  C:\Users\David\AppData\Local\Temp\cclPnig6.s 			page 9


 406 0172 01       		.byte	0x1
 407 0173 15       		.byte	0x15
 408 0174 81000000 		.4byte	0x81
 409 0178 01       		.uleb128 0x1
 410 0179 55       		.byte	0x55
 411 017a 0C       		.uleb128 0xc
 412 017b 0C000000 		.4byte	.LVL8
 413 017f F1020000 		.4byte	0x2f1
 414 0183 8E010000 		.4byte	0x18e
 415 0187 0D       		.uleb128 0xd
 416 0188 01       		.uleb128 0x1
 417 0189 51       		.byte	0x51
 418 018a 02       		.uleb128 0x2
 419 018b 74       		.byte	0x74
 420 018c 00       		.sleb128 0
 421 018d 00       		.byte	0
 422 018e 0E       		.uleb128 0xe
 423 018f 16000000 		.4byte	.LVL9
 424 0193 F1020000 		.4byte	0x2f1
 425 0197 0D       		.uleb128 0xd
 426 0198 01       		.uleb128 0x1
 427 0199 50       		.byte	0x50
 428 019a 02       		.uleb128 0x2
 429 019b 75       		.byte	0x75
 430 019c 00       		.sleb128 0
 431 019d 0D       		.uleb128 0xd
 432 019e 01       		.uleb128 0x1
 433 019f 51       		.byte	0x51
 434 01a0 02       		.uleb128 0x2
 435 01a1 74       		.byte	0x74
 436 01a2 01       		.sleb128 1
 437 01a3 00       		.byte	0
 438 01a4 00       		.byte	0
 439 01a5 09       		.uleb128 0x9
 440 01a6 85000000 		.4byte	.LASF25
 441 01aa 01       		.byte	0x1
 442 01ab 1A       		.byte	0x1a
 443 01ac 8D000000 		.4byte	0x8d
 444 01b0 00000000 		.4byte	.LFB66
 445 01b4 1A000000 		.4byte	.LFE66-.LFB66
 446 01b8 01       		.uleb128 0x1
 447 01b9 9C       		.byte	0x9c
 448 01ba 1B020000 		.4byte	0x21b
 449 01be 07       		.uleb128 0x7
 450 01bf 6F000000 		.4byte	.LASF19
 451 01c3 01       		.byte	0x1
 452 01c4 1A       		.byte	0x1a
 453 01c5 8D000000 		.4byte	0x8d
 454 01c9 BC000000 		.4byte	.LLST6
 455 01cd 0B       		.uleb128 0xb
 456 01ce 54000000 		.4byte	.LASF22
 457 01d2 01       		.byte	0x1
 458 01d3 1B       		.byte	0x1b
 459 01d4 81000000 		.4byte	0x81
 460 01d8 01       		.uleb128 0x1
 461 01d9 54       		.byte	0x54
 462 01da 0A       		.uleb128 0xa
ARM GAS  C:\Users\David\AppData\Local\Temp\cclPnig6.s 			page 10


 463 01db 40010000 		.4byte	.LASF23
 464 01df 01       		.byte	0x1
 465 01e0 1C       		.byte	0x1c
 466 01e1 81000000 		.4byte	0x81
 467 01e5 DD000000 		.4byte	.LLST7
 468 01e9 0B       		.uleb128 0xb
 469 01ea C5010000 		.4byte	.LASF26
 470 01ee 01       		.byte	0x1
 471 01ef 1D       		.byte	0x1d
 472 01f0 8D000000 		.4byte	0x8d
 473 01f4 01       		.uleb128 0x1
 474 01f5 50       		.byte	0x50
 475 01f6 0C       		.uleb128 0xc
 476 01f7 08000000 		.4byte	.LVL11
 477 01fb FC020000 		.4byte	0x2fc
 478 01ff 0A020000 		.4byte	0x20a
 479 0203 0D       		.uleb128 0xd
 480 0204 01       		.uleb128 0x1
 481 0205 50       		.byte	0x50
 482 0206 02       		.uleb128 0x2
 483 0207 75       		.byte	0x75
 484 0208 00       		.sleb128 0
 485 0209 00       		.byte	0
 486 020a 0E       		.uleb128 0xe
 487 020b 12000000 		.4byte	.LVL13
 488 020f FC020000 		.4byte	0x2fc
 489 0213 0D       		.uleb128 0xd
 490 0214 01       		.uleb128 0x1
 491 0215 50       		.byte	0x50
 492 0216 02       		.uleb128 0x2
 493 0217 75       		.byte	0x75
 494 0218 01       		.sleb128 1
 495 0219 00       		.byte	0
 496 021a 00       		.byte	0
 497 021b 06       		.uleb128 0x6
 498 021c 2B010000 		.4byte	.LASF27
 499 0220 01       		.byte	0x1
 500 0221 26       		.byte	0x26
 501 0222 00000000 		.4byte	.LFB67
 502 0226 26000000 		.4byte	.LFE67-.LFB67
 503 022a 01       		.uleb128 0x1
 504 022b 9C       		.byte	0x9c
 505 022c 86020000 		.4byte	0x286
 506 0230 07       		.uleb128 0x7
 507 0231 0B020000 		.4byte	.LASF28
 508 0235 01       		.byte	0x1
 509 0236 26       		.byte	0x26
 510 0237 86020000 		.4byte	0x286
 511 023b F0000000 		.4byte	.LLST8
 512 023f 0F       		.uleb128 0xf
 513 0240 6E00     		.ascii	"n\000"
 514 0242 01       		.byte	0x1
 515 0243 26       		.byte	0x26
 516 0244 81000000 		.4byte	0x81
 517 0248 0E010000 		.4byte	.LLST9
 518 024c 07       		.uleb128 0x7
 519 024d 6F000000 		.4byte	.LASF19
ARM GAS  C:\Users\David\AppData\Local\Temp\cclPnig6.s 			page 11


 520 0251 01       		.byte	0x1
 521 0252 26       		.byte	0x26
 522 0253 8D000000 		.4byte	0x8d
 523 0257 3A010000 		.4byte	.LLST10
 524 025b 10       		.uleb128 0x10
 525 025c 0E000000 		.4byte	.LBB2
 526 0260 16000000 		.4byte	.LBE2-.LBB2
 527 0264 11       		.uleb128 0x11
 528 0265 6900     		.ascii	"i\000"
 529 0267 01       		.byte	0x1
 530 0268 29       		.byte	0x29
 531 0269 81000000 		.4byte	0x81
 532 026d 5B010000 		.4byte	.LLST11
 533 0271 0E       		.uleb128 0xe
 534 0272 1A000000 		.4byte	.LVL19
 535 0276 FC020000 		.4byte	0x2fc
 536 027a 0D       		.uleb128 0xd
 537 027b 01       		.uleb128 0x1
 538 027c 50       		.byte	0x50
 539 027d 05       		.uleb128 0x5
 540 027e 76       		.byte	0x76
 541 027f 00       		.sleb128 0
 542 0280 74       		.byte	0x74
 543 0281 00       		.sleb128 0
 544 0282 22       		.byte	0x22
 545 0283 00       		.byte	0
 546 0284 00       		.byte	0
 547 0285 00       		.byte	0
 548 0286 12       		.uleb128 0x12
 549 0287 04       		.byte	0x4
 550 0288 81000000 		.4byte	0x81
 551 028c 06       		.uleb128 0x6
 552 028d 4C010000 		.4byte	.LASF29
 553 0291 01       		.byte	0x1
 554 0292 2E       		.byte	0x2e
 555 0293 00000000 		.4byte	.LFB68
 556 0297 0C000000 		.4byte	.LFE68-.LFB68
 557 029b 01       		.uleb128 0x1
 558 029c 9C       		.byte	0x9c
 559 029d E0020000 		.4byte	0x2e0
 560 02a1 07       		.uleb128 0x7
 561 02a2 0B020000 		.4byte	.LASF28
 562 02a6 01       		.byte	0x1
 563 02a7 2E       		.byte	0x2e
 564 02a8 86020000 		.4byte	0x286
 565 02ac 85010000 		.4byte	.LLST12
 566 02b0 07       		.uleb128 0x7
 567 02b1 6F000000 		.4byte	.LASF19
 568 02b5 01       		.byte	0x1
 569 02b6 2E       		.byte	0x2e
 570 02b7 8D000000 		.4byte	0x8d
 571 02bb A6010000 		.4byte	.LLST13
 572 02bf 0A       		.uleb128 0xa
 573 02c0 49000000 		.4byte	.LASF30
 574 02c4 01       		.byte	0x1
 575 02c5 30       		.byte	0x30
 576 02c6 81000000 		.4byte	0x81
ARM GAS  C:\Users\David\AppData\Local\Temp\cclPnig6.s 			page 12


 577 02ca C7010000 		.4byte	.LLST14
 578 02ce 0E       		.uleb128 0xe
 579 02cf 0A000000 		.4byte	.LVL25
 580 02d3 07030000 		.4byte	0x307
 581 02d7 0D       		.uleb128 0xd
 582 02d8 01       		.uleb128 0x1
 583 02d9 50       		.byte	0x50
 584 02da 03       		.uleb128 0x3
 585 02db F3       		.byte	0xf3
 586 02dc 01       		.uleb128 0x1
 587 02dd 50       		.byte	0x50
 588 02de 00       		.byte	0
 589 02df 00       		.byte	0
 590 02e0 13       		.uleb128 0x13
 591 02e1 60010000 		.4byte	.LASF37
 592 02e5 06       		.byte	0x6
 593 02e6 1207     		.2byte	0x712
 594 02e8 EC020000 		.4byte	0x2ec
 595 02ec 14       		.uleb128 0x14
 596 02ed 76000000 		.4byte	0x76
 597 02f1 15       		.uleb128 0x15
 598 02f2 CC010000 		.4byte	.LASF31
 599 02f6 CC010000 		.4byte	.LASF31
 600 02fa 05       		.byte	0x5
 601 02fb 21       		.byte	0x21
 602 02fc 15       		.uleb128 0x15
 603 02fd 6D010000 		.4byte	.LASF32
 604 0301 6D010000 		.4byte	.LASF32
 605 0305 05       		.byte	0x5
 606 0306 23       		.byte	0x23
 607 0307 15       		.uleb128 0x15
 608 0308 2C020000 		.4byte	.LASF33
 609 030c 2C020000 		.4byte	.LASF33
 610 0310 05       		.byte	0x5
 611 0311 26       		.byte	0x26
 612 0312 00       		.byte	0
 613              		.section	.debug_abbrev,"",%progbits
 614              	.Ldebug_abbrev0:
 615 0000 01       		.uleb128 0x1
 616 0001 11       		.uleb128 0x11
 617 0002 01       		.byte	0x1
 618 0003 25       		.uleb128 0x25
 619 0004 0E       		.uleb128 0xe
 620 0005 13       		.uleb128 0x13
 621 0006 0B       		.uleb128 0xb
 622 0007 03       		.uleb128 0x3
 623 0008 0E       		.uleb128 0xe
 624 0009 1B       		.uleb128 0x1b
 625 000a 0E       		.uleb128 0xe
 626 000b 55       		.uleb128 0x55
 627 000c 17       		.uleb128 0x17
 628 000d 11       		.uleb128 0x11
 629 000e 01       		.uleb128 0x1
 630 000f 10       		.uleb128 0x10
 631 0010 17       		.uleb128 0x17
 632 0011 00       		.byte	0
 633 0012 00       		.byte	0
ARM GAS  C:\Users\David\AppData\Local\Temp\cclPnig6.s 			page 13


 634 0013 02       		.uleb128 0x2
 635 0014 24       		.uleb128 0x24
 636 0015 00       		.byte	0
 637 0016 0B       		.uleb128 0xb
 638 0017 0B       		.uleb128 0xb
 639 0018 3E       		.uleb128 0x3e
 640 0019 0B       		.uleb128 0xb
 641 001a 03       		.uleb128 0x3
 642 001b 0E       		.uleb128 0xe
 643 001c 00       		.byte	0
 644 001d 00       		.byte	0
 645 001e 03       		.uleb128 0x3
 646 001f 16       		.uleb128 0x16
 647 0020 00       		.byte	0
 648 0021 03       		.uleb128 0x3
 649 0022 0E       		.uleb128 0xe
 650 0023 3A       		.uleb128 0x3a
 651 0024 0B       		.uleb128 0xb
 652 0025 3B       		.uleb128 0x3b
 653 0026 0B       		.uleb128 0xb
 654 0027 49       		.uleb128 0x49
 655 0028 13       		.uleb128 0x13
 656 0029 00       		.byte	0
 657 002a 00       		.byte	0
 658 002b 04       		.uleb128 0x4
 659 002c 24       		.uleb128 0x24
 660 002d 00       		.byte	0
 661 002e 0B       		.uleb128 0xb
 662 002f 0B       		.uleb128 0xb
 663 0030 3E       		.uleb128 0x3e
 664 0031 0B       		.uleb128 0xb
 665 0032 03       		.uleb128 0x3
 666 0033 08       		.uleb128 0x8
 667 0034 00       		.byte	0
 668 0035 00       		.byte	0
 669 0036 05       		.uleb128 0x5
 670 0037 16       		.uleb128 0x16
 671 0038 00       		.byte	0
 672 0039 03       		.uleb128 0x3
 673 003a 0E       		.uleb128 0xe
 674 003b 3A       		.uleb128 0x3a
 675 003c 0B       		.uleb128 0xb
 676 003d 3B       		.uleb128 0x3b
 677 003e 05       		.uleb128 0x5
 678 003f 49       		.uleb128 0x49
 679 0040 13       		.uleb128 0x13
 680 0041 00       		.byte	0
 681 0042 00       		.byte	0
 682 0043 06       		.uleb128 0x6
 683 0044 2E       		.uleb128 0x2e
 684 0045 01       		.byte	0x1
 685 0046 3F       		.uleb128 0x3f
 686 0047 19       		.uleb128 0x19
 687 0048 03       		.uleb128 0x3
 688 0049 0E       		.uleb128 0xe
 689 004a 3A       		.uleb128 0x3a
 690 004b 0B       		.uleb128 0xb
ARM GAS  C:\Users\David\AppData\Local\Temp\cclPnig6.s 			page 14


 691 004c 3B       		.uleb128 0x3b
 692 004d 0B       		.uleb128 0xb
 693 004e 27       		.uleb128 0x27
 694 004f 19       		.uleb128 0x19
 695 0050 11       		.uleb128 0x11
 696 0051 01       		.uleb128 0x1
 697 0052 12       		.uleb128 0x12
 698 0053 06       		.uleb128 0x6
 699 0054 40       		.uleb128 0x40
 700 0055 18       		.uleb128 0x18
 701 0056 9742     		.uleb128 0x2117
 702 0058 19       		.uleb128 0x19
 703 0059 01       		.uleb128 0x1
 704 005a 13       		.uleb128 0x13
 705 005b 00       		.byte	0
 706 005c 00       		.byte	0
 707 005d 07       		.uleb128 0x7
 708 005e 05       		.uleb128 0x5
 709 005f 00       		.byte	0
 710 0060 03       		.uleb128 0x3
 711 0061 0E       		.uleb128 0xe
 712 0062 3A       		.uleb128 0x3a
 713 0063 0B       		.uleb128 0xb
 714 0064 3B       		.uleb128 0x3b
 715 0065 0B       		.uleb128 0xb
 716 0066 49       		.uleb128 0x49
 717 0067 13       		.uleb128 0x13
 718 0068 02       		.uleb128 0x2
 719 0069 17       		.uleb128 0x17
 720 006a 00       		.byte	0
 721 006b 00       		.byte	0
 722 006c 08       		.uleb128 0x8
 723 006d 898201   		.uleb128 0x4109
 724 0070 00       		.byte	0
 725 0071 11       		.uleb128 0x11
 726 0072 01       		.uleb128 0x1
 727 0073 31       		.uleb128 0x31
 728 0074 13       		.uleb128 0x13
 729 0075 00       		.byte	0
 730 0076 00       		.byte	0
 731 0077 09       		.uleb128 0x9
 732 0078 2E       		.uleb128 0x2e
 733 0079 01       		.byte	0x1
 734 007a 3F       		.uleb128 0x3f
 735 007b 19       		.uleb128 0x19
 736 007c 03       		.uleb128 0x3
 737 007d 0E       		.uleb128 0xe
 738 007e 3A       		.uleb128 0x3a
 739 007f 0B       		.uleb128 0xb
 740 0080 3B       		.uleb128 0x3b
 741 0081 0B       		.uleb128 0xb
 742 0082 27       		.uleb128 0x27
 743 0083 19       		.uleb128 0x19
 744 0084 49       		.uleb128 0x49
 745 0085 13       		.uleb128 0x13
 746 0086 11       		.uleb128 0x11
 747 0087 01       		.uleb128 0x1
ARM GAS  C:\Users\David\AppData\Local\Temp\cclPnig6.s 			page 15


 748 0088 12       		.uleb128 0x12
 749 0089 06       		.uleb128 0x6
 750 008a 40       		.uleb128 0x40
 751 008b 18       		.uleb128 0x18
 752 008c 9742     		.uleb128 0x2117
 753 008e 19       		.uleb128 0x19
 754 008f 01       		.uleb128 0x1
 755 0090 13       		.uleb128 0x13
 756 0091 00       		.byte	0
 757 0092 00       		.byte	0
 758 0093 0A       		.uleb128 0xa
 759 0094 34       		.uleb128 0x34
 760 0095 00       		.byte	0
 761 0096 03       		.uleb128 0x3
 762 0097 0E       		.uleb128 0xe
 763 0098 3A       		.uleb128 0x3a
 764 0099 0B       		.uleb128 0xb
 765 009a 3B       		.uleb128 0x3b
 766 009b 0B       		.uleb128 0xb
 767 009c 49       		.uleb128 0x49
 768 009d 13       		.uleb128 0x13
 769 009e 02       		.uleb128 0x2
 770 009f 17       		.uleb128 0x17
 771 00a0 00       		.byte	0
 772 00a1 00       		.byte	0
 773 00a2 0B       		.uleb128 0xb
 774 00a3 34       		.uleb128 0x34
 775 00a4 00       		.byte	0
 776 00a5 03       		.uleb128 0x3
 777 00a6 0E       		.uleb128 0xe
 778 00a7 3A       		.uleb128 0x3a
 779 00a8 0B       		.uleb128 0xb
 780 00a9 3B       		.uleb128 0x3b
 781 00aa 0B       		.uleb128 0xb
 782 00ab 49       		.uleb128 0x49
 783 00ac 13       		.uleb128 0x13
 784 00ad 02       		.uleb128 0x2
 785 00ae 18       		.uleb128 0x18
 786 00af 00       		.byte	0
 787 00b0 00       		.byte	0
 788 00b1 0C       		.uleb128 0xc
 789 00b2 898201   		.uleb128 0x4109
 790 00b5 01       		.byte	0x1
 791 00b6 11       		.uleb128 0x11
 792 00b7 01       		.uleb128 0x1
 793 00b8 31       		.uleb128 0x31
 794 00b9 13       		.uleb128 0x13
 795 00ba 01       		.uleb128 0x1
 796 00bb 13       		.uleb128 0x13
 797 00bc 00       		.byte	0
 798 00bd 00       		.byte	0
 799 00be 0D       		.uleb128 0xd
 800 00bf 8A8201   		.uleb128 0x410a
 801 00c2 00       		.byte	0
 802 00c3 02       		.uleb128 0x2
 803 00c4 18       		.uleb128 0x18
 804 00c5 9142     		.uleb128 0x2111
ARM GAS  C:\Users\David\AppData\Local\Temp\cclPnig6.s 			page 16


 805 00c7 18       		.uleb128 0x18
 806 00c8 00       		.byte	0
 807 00c9 00       		.byte	0
 808 00ca 0E       		.uleb128 0xe
 809 00cb 898201   		.uleb128 0x4109
 810 00ce 01       		.byte	0x1
 811 00cf 11       		.uleb128 0x11
 812 00d0 01       		.uleb128 0x1
 813 00d1 31       		.uleb128 0x31
 814 00d2 13       		.uleb128 0x13
 815 00d3 00       		.byte	0
 816 00d4 00       		.byte	0
 817 00d5 0F       		.uleb128 0xf
 818 00d6 05       		.uleb128 0x5
 819 00d7 00       		.byte	0
 820 00d8 03       		.uleb128 0x3
 821 00d9 08       		.uleb128 0x8
 822 00da 3A       		.uleb128 0x3a
 823 00db 0B       		.uleb128 0xb
 824 00dc 3B       		.uleb128 0x3b
 825 00dd 0B       		.uleb128 0xb
 826 00de 49       		.uleb128 0x49
 827 00df 13       		.uleb128 0x13
 828 00e0 02       		.uleb128 0x2
 829 00e1 17       		.uleb128 0x17
 830 00e2 00       		.byte	0
 831 00e3 00       		.byte	0
 832 00e4 10       		.uleb128 0x10
 833 00e5 0B       		.uleb128 0xb
 834 00e6 01       		.byte	0x1
 835 00e7 11       		.uleb128 0x11
 836 00e8 01       		.uleb128 0x1
 837 00e9 12       		.uleb128 0x12
 838 00ea 06       		.uleb128 0x6
 839 00eb 00       		.byte	0
 840 00ec 00       		.byte	0
 841 00ed 11       		.uleb128 0x11
 842 00ee 34       		.uleb128 0x34
 843 00ef 00       		.byte	0
 844 00f0 03       		.uleb128 0x3
 845 00f1 08       		.uleb128 0x8
 846 00f2 3A       		.uleb128 0x3a
 847 00f3 0B       		.uleb128 0xb
 848 00f4 3B       		.uleb128 0x3b
 849 00f5 0B       		.uleb128 0xb
 850 00f6 49       		.uleb128 0x49
 851 00f7 13       		.uleb128 0x13
 852 00f8 02       		.uleb128 0x2
 853 00f9 17       		.uleb128 0x17
 854 00fa 00       		.byte	0
 855 00fb 00       		.byte	0
 856 00fc 12       		.uleb128 0x12
 857 00fd 0F       		.uleb128 0xf
 858 00fe 00       		.byte	0
 859 00ff 0B       		.uleb128 0xb
 860 0100 0B       		.uleb128 0xb
 861 0101 49       		.uleb128 0x49
ARM GAS  C:\Users\David\AppData\Local\Temp\cclPnig6.s 			page 17


 862 0102 13       		.uleb128 0x13
 863 0103 00       		.byte	0
 864 0104 00       		.byte	0
 865 0105 13       		.uleb128 0x13
 866 0106 34       		.uleb128 0x34
 867 0107 00       		.byte	0
 868 0108 03       		.uleb128 0x3
 869 0109 0E       		.uleb128 0xe
 870 010a 3A       		.uleb128 0x3a
 871 010b 0B       		.uleb128 0xb
 872 010c 3B       		.uleb128 0x3b
 873 010d 05       		.uleb128 0x5
 874 010e 49       		.uleb128 0x49
 875 010f 13       		.uleb128 0x13
 876 0110 3F       		.uleb128 0x3f
 877 0111 19       		.uleb128 0x19
 878 0112 3C       		.uleb128 0x3c
 879 0113 19       		.uleb128 0x19
 880 0114 00       		.byte	0
 881 0115 00       		.byte	0
 882 0116 14       		.uleb128 0x14
 883 0117 35       		.uleb128 0x35
 884 0118 00       		.byte	0
 885 0119 49       		.uleb128 0x49
 886 011a 13       		.uleb128 0x13
 887 011b 00       		.byte	0
 888 011c 00       		.byte	0
 889 011d 15       		.uleb128 0x15
 890 011e 2E       		.uleb128 0x2e
 891 011f 00       		.byte	0
 892 0120 3F       		.uleb128 0x3f
 893 0121 19       		.uleb128 0x19
 894 0122 3C       		.uleb128 0x3c
 895 0123 19       		.uleb128 0x19
 896 0124 6E       		.uleb128 0x6e
 897 0125 0E       		.uleb128 0xe
 898 0126 03       		.uleb128 0x3
 899 0127 0E       		.uleb128 0xe
 900 0128 3A       		.uleb128 0x3a
 901 0129 0B       		.uleb128 0xb
 902 012a 3B       		.uleb128 0x3b
 903 012b 0B       		.uleb128 0xb
 904 012c 00       		.byte	0
 905 012d 00       		.byte	0
 906 012e 00       		.byte	0
 907              		.section	.debug_loc,"",%progbits
 908              	.Ldebug_loc0:
 909              	.LLST0:
 910 0000 00000000 		.4byte	.LVL0
 911 0004 05000000 		.4byte	.LVL1-1
 912 0008 0100     		.2byte	0x1
 913 000a 50       		.byte	0x50
 914 000b 05000000 		.4byte	.LVL1-1
 915 000f 08000000 		.4byte	.LFE63
 916 0013 0400     		.2byte	0x4
 917 0015 F3       		.byte	0xf3
 918 0016 01       		.uleb128 0x1
ARM GAS  C:\Users\David\AppData\Local\Temp\cclPnig6.s 			page 18


 919 0017 50       		.byte	0x50
 920 0018 9F       		.byte	0x9f
 921 0019 00000000 		.4byte	0
 922 001d 00000000 		.4byte	0
 923              	.LLST1:
 924 0021 00000000 		.4byte	.LVL0
 925 0025 05000000 		.4byte	.LVL1-1
 926 0029 0100     		.2byte	0x1
 927 002b 51       		.byte	0x51
 928 002c 05000000 		.4byte	.LVL1-1
 929 0030 08000000 		.4byte	.LFE63
 930 0034 0400     		.2byte	0x4
 931 0036 F3       		.byte	0xf3
 932 0037 01       		.uleb128 0x1
 933 0038 51       		.byte	0x51
 934 0039 9F       		.byte	0x9f
 935 003a 00000000 		.4byte	0
 936 003e 00000000 		.4byte	0
 937              	.LLST2:
 938 0042 00000000 		.4byte	.LVL2
 939 0046 05000000 		.4byte	.LVL3-1
 940 004a 0100     		.2byte	0x1
 941 004c 50       		.byte	0x50
 942 004d 05000000 		.4byte	.LVL3-1
 943 0051 08000000 		.4byte	.LFE64
 944 0055 0400     		.2byte	0x4
 945 0057 F3       		.byte	0xf3
 946 0058 01       		.uleb128 0x1
 947 0059 50       		.byte	0x50
 948 005a 9F       		.byte	0x9f
 949 005b 00000000 		.4byte	0
 950 005f 00000000 		.4byte	0
 951              	.LLST3:
 952 0063 00000000 		.4byte	.LVL4
 953 0067 08000000 		.4byte	.LVL7
 954 006b 0100     		.2byte	0x1
 955 006d 50       		.byte	0x50
 956 006e 08000000 		.4byte	.LVL7
 957 0072 18000000 		.4byte	.LFE65
 958 0076 0400     		.2byte	0x4
 959 0078 F3       		.byte	0xf3
 960 0079 01       		.uleb128 0x1
 961 007a 50       		.byte	0x50
 962 007b 9F       		.byte	0x9f
 963 007c 00000000 		.4byte	0
 964 0080 00000000 		.4byte	0
 965              	.LLST4:
 966 0084 00000000 		.4byte	.LVL4
 967 0088 0B000000 		.4byte	.LVL8-1
 968 008c 0100     		.2byte	0x1
 969 008e 51       		.byte	0x51
 970 008f 0B000000 		.4byte	.LVL8-1
 971 0093 18000000 		.4byte	.LFE65
 972 0097 0400     		.2byte	0x4
 973 0099 F3       		.byte	0xf3
 974 009a 01       		.uleb128 0x1
 975 009b 51       		.byte	0x51
ARM GAS  C:\Users\David\AppData\Local\Temp\cclPnig6.s 			page 19


 976 009c 9F       		.byte	0x9f
 977 009d 00000000 		.4byte	0
 978 00a1 00000000 		.4byte	0
 979              	.LLST5:
 980 00a5 04000000 		.4byte	.LVL5
 981 00a9 08000000 		.4byte	.LVL7
 982 00ad 0500     		.2byte	0x5
 983 00af 70       		.byte	0x70
 984 00b0 00       		.sleb128 0
 985 00b1 38       		.byte	0x38
 986 00b2 25       		.byte	0x25
 987 00b3 9F       		.byte	0x9f
 988 00b4 00000000 		.4byte	0
 989 00b8 00000000 		.4byte	0
 990              	.LLST6:
 991 00bc 00000000 		.4byte	.LVL10
 992 00c0 07000000 		.4byte	.LVL11-1
 993 00c4 0100     		.2byte	0x1
 994 00c6 50       		.byte	0x50
 995 00c7 07000000 		.4byte	.LVL11-1
 996 00cb 1A000000 		.4byte	.LFE66
 997 00cf 0400     		.2byte	0x4
 998 00d1 F3       		.byte	0xf3
 999 00d2 01       		.uleb128 0x1
 1000 00d3 50       		.byte	0x50
 1001 00d4 9F       		.byte	0x9f
 1002 00d5 00000000 		.4byte	0
 1003 00d9 00000000 		.4byte	0
 1004              	.LLST7:
 1005 00dd 12000000 		.4byte	.LVL13
 1006 00e1 16000000 		.4byte	.LVL14
 1007 00e5 0100     		.2byte	0x1
 1008 00e7 50       		.byte	0x50
 1009 00e8 00000000 		.4byte	0
 1010 00ec 00000000 		.4byte	0
 1011              	.LLST8:
 1012 00f0 00000000 		.4byte	.LVL15
 1013 00f4 12000000 		.4byte	.LVL18
 1014 00f8 0100     		.2byte	0x1
 1015 00fa 50       		.byte	0x50
 1016 00fb 12000000 		.4byte	.LVL18
 1017 00ff 26000000 		.4byte	.LFE67
 1018 0103 0100     		.2byte	0x1
 1019 0105 57       		.byte	0x57
 1020 0106 00000000 		.4byte	0
 1021 010a 00000000 		.4byte	0
 1022              	.LLST9:
 1023 010e 00000000 		.4byte	.LVL15
 1024 0112 0C000000 		.4byte	.LVL16
 1025 0116 0100     		.2byte	0x1
 1026 0118 51       		.byte	0x51
 1027 0119 0C000000 		.4byte	.LVL16
 1028 011d 0E000000 		.4byte	.LVL17
 1029 0121 0400     		.2byte	0x4
 1030 0123 F3       		.byte	0xf3
 1031 0124 01       		.uleb128 0x1
 1032 0125 51       		.byte	0x51
ARM GAS  C:\Users\David\AppData\Local\Temp\cclPnig6.s 			page 20


 1033 0126 9F       		.byte	0x9f
 1034 0127 0E000000 		.4byte	.LVL17
 1035 012b 26000000 		.4byte	.LFE67
 1036 012f 0100     		.2byte	0x1
 1037 0131 55       		.byte	0x55
 1038 0132 00000000 		.4byte	0
 1039 0136 00000000 		.4byte	0
 1040              	.LLST10:
 1041 013a 00000000 		.4byte	.LVL15
 1042 013e 12000000 		.4byte	.LVL18
 1043 0142 0100     		.2byte	0x1
 1044 0144 52       		.byte	0x52
 1045 0145 12000000 		.4byte	.LVL18
 1046 0149 26000000 		.4byte	.LFE67
 1047 014d 0400     		.2byte	0x4
 1048 014f F3       		.byte	0xf3
 1049 0150 01       		.uleb128 0x1
 1050 0151 52       		.byte	0x52
 1051 0152 9F       		.byte	0x9f
 1052 0153 00000000 		.4byte	0
 1053 0157 00000000 		.4byte	0
 1054              	.LLST11:
 1055 015b 0E000000 		.4byte	.LVL17
 1056 015f 12000000 		.4byte	.LVL18
 1057 0163 0200     		.2byte	0x2
 1058 0165 30       		.byte	0x30
 1059 0166 9F       		.byte	0x9f
 1060 0167 12000000 		.4byte	.LVL18
 1061 016b 1E000000 		.4byte	.LVL20
 1062 016f 0100     		.2byte	0x1
 1063 0171 54       		.byte	0x54
 1064 0172 20000000 		.4byte	.LVL21
 1065 0176 26000000 		.4byte	.LFE67
 1066 017a 0100     		.2byte	0x1
 1067 017c 54       		.byte	0x54
 1068 017d 00000000 		.4byte	0
 1069 0181 00000000 		.4byte	0
 1070              	.LLST12:
 1071 0185 00000000 		.4byte	.LVL22
 1072 0189 09000000 		.4byte	.LVL25-1
 1073 018d 0100     		.2byte	0x1
 1074 018f 50       		.byte	0x50
 1075 0190 09000000 		.4byte	.LVL25-1
 1076 0194 0C000000 		.4byte	.LFE68
 1077 0198 0400     		.2byte	0x4
 1078 019a F3       		.byte	0xf3
 1079 019b 01       		.uleb128 0x1
 1080 019c 50       		.byte	0x50
 1081 019d 9F       		.byte	0x9f
 1082 019e 00000000 		.4byte	0
 1083 01a2 00000000 		.4byte	0
 1084              	.LLST13:
 1085 01a6 00000000 		.4byte	.LVL22
 1086 01aa 06000000 		.4byte	.LVL24
 1087 01ae 0100     		.2byte	0x1
 1088 01b0 51       		.byte	0x51
 1089 01b1 06000000 		.4byte	.LVL24
ARM GAS  C:\Users\David\AppData\Local\Temp\cclPnig6.s 			page 21


 1090 01b5 0C000000 		.4byte	.LFE68
 1091 01b9 0400     		.2byte	0x4
 1092 01bb F3       		.byte	0xf3
 1093 01bc 01       		.uleb128 0x1
 1094 01bd 51       		.byte	0x51
 1095 01be 9F       		.byte	0x9f
 1096 01bf 00000000 		.4byte	0
 1097 01c3 00000000 		.4byte	0
 1098              	.LLST14:
 1099 01c7 02000000 		.4byte	.LVL23
 1100 01cb 06000000 		.4byte	.LVL24
 1101 01cf 0900     		.2byte	0x9
 1102 01d1 71       		.byte	0x71
 1103 01d2 00       		.sleb128 0
 1104 01d3 09       		.byte	0x9
 1105 01d4 F8       		.byte	0xf8
 1106 01d5 24       		.byte	0x24
 1107 01d6 09       		.byte	0x9
 1108 01d7 FC       		.byte	0xfc
 1109 01d8 25       		.byte	0x25
 1110 01d9 9F       		.byte	0x9f
 1111 01da 00000000 		.4byte	0
 1112 01de 00000000 		.4byte	0
 1113              		.section	.debug_aranges,"",%progbits
 1114 0000 44000000 		.4byte	0x44
 1115 0004 0200     		.2byte	0x2
 1116 0006 00000000 		.4byte	.Ldebug_info0
 1117 000a 04       		.byte	0x4
 1118 000b 00       		.byte	0
 1119 000c 0000     		.2byte	0
 1120 000e 0000     		.2byte	0
 1121 0010 00000000 		.4byte	.LFB63
 1122 0014 08000000 		.4byte	.LFE63-.LFB63
 1123 0018 00000000 		.4byte	.LFB64
 1124 001c 08000000 		.4byte	.LFE64-.LFB64
 1125 0020 00000000 		.4byte	.LFB65
 1126 0024 18000000 		.4byte	.LFE65-.LFB65
 1127 0028 00000000 		.4byte	.LFB66
 1128 002c 1A000000 		.4byte	.LFE66-.LFB66
 1129 0030 00000000 		.4byte	.LFB67
 1130 0034 26000000 		.4byte	.LFE67-.LFB67
 1131 0038 00000000 		.4byte	.LFB68
 1132 003c 0C000000 		.4byte	.LFE68-.LFB68
 1133 0040 00000000 		.4byte	0
 1134 0044 00000000 		.4byte	0
 1135              		.section	.debug_ranges,"",%progbits
 1136              	.Ldebug_ranges0:
 1137 0000 00000000 		.4byte	.LFB63
 1138 0004 08000000 		.4byte	.LFE63
 1139 0008 00000000 		.4byte	.LFB64
 1140 000c 08000000 		.4byte	.LFE64
 1141 0010 00000000 		.4byte	.LFB65
 1142 0014 18000000 		.4byte	.LFE65
 1143 0018 00000000 		.4byte	.LFB66
 1144 001c 1A000000 		.4byte	.LFE66
 1145 0020 00000000 		.4byte	.LFB67
 1146 0024 26000000 		.4byte	.LFE67
ARM GAS  C:\Users\David\AppData\Local\Temp\cclPnig6.s 			page 22


 1147 0028 00000000 		.4byte	.LFB68
 1148 002c 0C000000 		.4byte	.LFE68
 1149 0030 00000000 		.4byte	0
 1150 0034 00000000 		.4byte	0
 1151              		.section	.debug_line,"",%progbits
 1152              	.Ldebug_line0:
 1153 0000 E0010000 		.section	.debug_str,"MS",%progbits,1
 1153      02006101 
 1153      00000201 
 1153      FB0E0D00 
 1153      01010101 
 1154              	.LASF36:
 1155 0000 433A5C55 		.ascii	"C:\\Users\\David\\Documents\\PSoC Creator\\Keypadte"
 1155      73657273 
 1155      5C446176 
 1155      69645C44 
 1155      6F63756D 
 1156 002e 73745C52 		.ascii	"st\\Riaszto.cydsn\000"
 1156      6961737A 
 1156      746F2E63 
 1156      7964736E 
 1156      00
 1157              	.LASF9:
 1158 003f 5F5F696E 		.ascii	"__int32_t\000"
 1158      7433325F 
 1158      7400
 1159              	.LASF30:
 1160 0049 726F775F 		.ascii	"row_number\000"
 1160      6E756D62 
 1160      657200
 1161              	.LASF22:
 1162 0054 66697273 		.ascii	"first_byte\000"
 1162      745F6279 
 1162      746500
 1163              	.LASF14:
 1164 005f 646F7562 		.ascii	"double\000"
 1164      6C6500
 1165              	.LASF24:
 1166 0066 52656164 		.ascii	"ReadInt8\000"
 1166      496E7438 
 1166      00
 1167              	.LASF19:
 1168 006f 61646472 		.ascii	"addr\000"
 1168      00
 1169              	.LASF13:
 1170 0074 666C6F61 		.ascii	"float\000"
 1170      7400
 1171              	.LASF18:
 1172 007a 64617461 		.ascii	"data\000"
 1172      00
 1173              	.LASF11:
 1174 007f 75696E74 		.ascii	"uint8\000"
 1174      3800
 1175              	.LASF25:
 1176 0085 52656164 		.ascii	"ReadInt16\000"
 1176      496E7431 
 1176      3600
ARM GAS  C:\Users\David\AppData\Local\Temp\cclPnig6.s 			page 23


 1177              	.LASF1:
 1178 008f 756E7369 		.ascii	"unsigned char\000"
 1178      676E6564 
 1178      20636861 
 1178      7200
 1179              	.LASF34:
 1180 009d 474E5520 		.ascii	"GNU C11 5.4.1 20160609 (release) [ARM/embedded-5-br"
 1180      43313120 
 1180      352E342E 
 1180      31203230 
 1180      31363036 
 1181 00d0 616E6368 		.ascii	"anch revision 237715] -mcpu=cortex-m3 -mthumb -g -O"
 1181      20726576 
 1181      6973696F 
 1181      6E203233 
 1181      37373135 
 1182 0103 67202D66 		.ascii	"g -ffunction-sections -ffat-lto-objects\000"
 1182      66756E63 
 1182      74696F6E 
 1182      2D736563 
 1182      74696F6E 
 1183              	.LASF27:
 1184 012b 52656164 		.ascii	"ReadInt8ArrayFromRow\000"
 1184      496E7438 
 1184      41727261 
 1184      7946726F 
 1184      6D526F77 
 1185              	.LASF23:
 1186 0140 7365636F 		.ascii	"second_byte\000"
 1186      6E645F62 
 1186      79746500 
 1187              	.LASF29:
 1188 014c 53746F72 		.ascii	"StoreInt8ArrayToRow\000"
 1188      65496E74 
 1188      38417272 
 1188      6179546F 
 1188      526F7700 
 1189              	.LASF37:
 1190 0160 49544D5F 		.ascii	"ITM_RxBuffer\000"
 1190      52784275 
 1190      66666572 
 1190      00
 1191              	.LASF32:
 1192 016d 45455052 		.ascii	"EEPROM_ReadByte\000"
 1192      4F4D5F52 
 1192      65616442 
 1192      79746500 
 1193              	.LASF5:
 1194 017d 6C6F6E67 		.ascii	"long unsigned int\000"
 1194      20756E73 
 1194      69676E65 
 1194      6420696E 
 1194      7400
 1195              	.LASF21:
 1196 018f 53746F72 		.ascii	"StoreInt16\000"
 1196      65496E74 
 1196      313600
ARM GAS  C:\Users\David\AppData\Local\Temp\cclPnig6.s 			page 24


 1197              	.LASF12:
 1198 019a 75696E74 		.ascii	"uint16\000"
 1198      313600
 1199              	.LASF8:
 1200 01a1 756E7369 		.ascii	"unsigned int\000"
 1200      676E6564 
 1200      20696E74 
 1200      00
 1201              	.LASF7:
 1202 01ae 6C6F6E67 		.ascii	"long long unsigned int\000"
 1202      206C6F6E 
 1202      6720756E 
 1202      7369676E 
 1202      65642069 
 1203              	.LASF26:
 1204 01c5 72657375 		.ascii	"result\000"
 1204      6C7400
 1205              	.LASF31:
 1206 01cc 45455052 		.ascii	"EEPROM_WriteByte\000"
 1206      4F4D5F57 
 1206      72697465 
 1206      42797465 
 1206      00
 1207              	.LASF10:
 1208 01dd 696E7433 		.ascii	"int32_t\000"
 1208      325F7400 
 1209              	.LASF17:
 1210 01e5 73697A65 		.ascii	"sizetype\000"
 1210      74797065 
 1210      00
 1211              	.LASF6:
 1212 01ee 6C6F6E67 		.ascii	"long long int\000"
 1212      206C6F6E 
 1212      6720696E 
 1212      7400
 1213              	.LASF20:
 1214 01fc 53746F72 		.ascii	"StoreInt8\000"
 1214      65496E74 
 1214      3800
 1215              	.LASF15:
 1216 0206 63686172 		.ascii	"char\000"
 1216      00
 1217              	.LASF28:
 1218 020b 76616C75 		.ascii	"values\000"
 1218      657300
 1219              	.LASF2:
 1220 0212 73686F72 		.ascii	"short int\000"
 1220      7420696E 
 1220      7400
 1221              	.LASF35:
 1222 021c 45455052 		.ascii	"EEPROM_Helper.c\000"
 1222      4F4D5F48 
 1222      656C7065 
 1222      722E6300 
 1223              	.LASF33:
 1224 022c 45455052 		.ascii	"EEPROM_Write\000"
 1224      4F4D5F57 
ARM GAS  C:\Users\David\AppData\Local\Temp\cclPnig6.s 			page 25


 1224      72697465 
 1224      00
 1225              	.LASF4:
 1226 0239 6C6F6E67 		.ascii	"long int\000"
 1226      20696E74 
 1226      00
 1227              	.LASF16:
 1228 0242 6C6F6E67 		.ascii	"long double\000"
 1228      20646F75 
 1228      626C6500 
 1229              	.LASF0:
 1230 024e 7369676E 		.ascii	"signed char\000"
 1230      65642063 
 1230      68617200 
 1231              	.LASF3:
 1232 025a 73686F72 		.ascii	"short unsigned int\000"
 1232      7420756E 
 1232      7369676E 
 1232      65642069 
 1232      6E7400
 1233              		.ident	"GCC: (GNU Tools for ARM Embedded Processors) 5.4.1 20160609 (release) [ARM/embedded-5-bran
