ARM GAS  C:\Users\David\AppData\Local\Temp\ccDSdk2u.s 			page 1


   1              		.syntax unified
   2              		.cpu cortex-m3
   3              		.fpu softvfp
   4              		.eabi_attribute 20, 1
   5              		.eabi_attribute 21, 1
   6              		.eabi_attribute 23, 3
   7              		.eabi_attribute 24, 1
   8              		.eabi_attribute 25, 1
   9              		.eabi_attribute 26, 1
  10              		.eabi_attribute 30, 1
  11              		.eabi_attribute 34, 1
  12              		.eabi_attribute 18, 4
  13              		.thumb
  14              		.syntax unified
  15              		.file	"ESP_API.c"
  16              		.text
  17              	.Ltext0:
  18              		.cfi_sections	.debug_frame
  19              		.section	.text.isNumberic,"ax",%progbits
  20              		.align	2
  21              		.global	isNumberic
  22              		.thumb
  23              		.thumb_func
  24              		.type	isNumberic, %function
  25              	isNumberic:
  26              	.LFB63:
  27              		.file 1 "ESP_API.c"
   1:ESP_API.c     **** 
   2:ESP_API.c     **** 
   3:ESP_API.c     **** #include "project.h"
   4:ESP_API.c     **** #include "TaskFIFO.h"
   5:ESP_API.c     **** #include "ds1302.h"
   6:ESP_API.c     **** #include "GSMHandler.h"
   7:ESP_API.c     **** #include "SettingsHelper.h"
   8:ESP_API.c     **** #include "main.h"
   9:ESP_API.c     **** 
  10:ESP_API.c     **** char num_buffer[6];
  11:ESP_API.c     **** char lastNonNum = 0;
  12:ESP_API.c     **** 
  13:ESP_API.c     **** uint8 cmd_index = 0;
  14:ESP_API.c     **** 
  15:ESP_API.c     **** uint8 isNumberic(uint8 d) {
  28              		.loc 1 15 0
  29              		.cfi_startproc
  30              		@ args = 0, pretend = 0, frame = 0
  31              		@ frame_needed = 0, uses_anonymous_args = 0
  32              		@ link register save eliminated.
  33              	.LVL0:
  16:ESP_API.c     **** return (d == '0'  || d == '1' || d == '2' || d == '3' || d == '4' || d == '5' || d == '6' 
  17:ESP_API.c     ****     || d == '7'  || d == '8'  || d == '9') ? 1 : 0;
  34              		.loc 1 17 0
  35 0000 3038     		subs	r0, r0, #48
  36              	.LVL1:
  37 0002 C0B2     		uxtb	r0, r0
  18:ESP_API.c     **** }
  38              		.loc 1 18 0
  39 0004 0928     		cmp	r0, #9
ARM GAS  C:\Users\David\AppData\Local\Temp\ccDSdk2u.s 			page 2


  40 0006 8CBF     		ite	hi
  41 0008 0020     		movhi	r0, #0
  42 000a 0120     		movls	r0, #1
  43 000c 7047     		bx	lr
  44              		.cfi_endproc
  45              	.LFE63:
  46              		.size	isNumberic, .-isNumberic
  47 000e 00BF     		.section	.text.readNumFromCommandUntilNonNum,"ax",%progbits
  48              		.align	2
  49              		.global	readNumFromCommandUntilNonNum
  50              		.thumb
  51              		.thumb_func
  52              		.type	readNumFromCommandUntilNonNum, %function
  53              	readNumFromCommandUntilNonNum:
  54              	.LFB64:
  19:ESP_API.c     **** 
  20:ESP_API.c     **** int16 readNumFromCommandUntilNonNum() {
  55              		.loc 1 20 0
  56              		.cfi_startproc
  57              		@ args = 0, pretend = 0, frame = 0
  58              		@ frame_needed = 0, uses_anonymous_args = 0
  59 0000 38B5     		push	{r3, r4, r5, lr}
  60              		.cfi_def_cfa_offset 16
  61              		.cfi_offset 3, -16
  62              		.cfi_offset 4, -12
  63              		.cfi_offset 5, -8
  64              		.cfi_offset 14, -4
  21:ESP_API.c     ****     lastNonNum = 0;
  65              		.loc 1 21 0
  66 0002 0025     		movs	r5, #0
  67 0004 174B     		ldr	r3, .L11
  68 0006 1D70     		strb	r5, [r3]
  69              	.LVL2:
  22:ESP_API.c     ****     uint8 num_ind = 0;   
  23:ESP_API.c     ****     while (cmd_index < 255 && command_buffer[cmd_index] != '\0') {
  70              		.loc 1 23 0
  71 0008 16E0     		b	.L3
  72              	.LVL3:
  73              	.L7:
  74              	.LBB2:
  24:ESP_API.c     ****       char next = command_buffer[cmd_index++];
  75              		.loc 1 24 0
  76 000a 0133     		adds	r3, r3, #1
  77 000c 154A     		ldr	r2, .L11
  78 000e 5370     		strb	r3, [r2, #1]
  79              	.LVL4:
  25:ESP_API.c     ****     
  26:ESP_API.c     ****       if (isNumberic(next) == 1) {
  80              		.loc 1 26 0
  81 0010 2046     		mov	r0, r4
  82 0012 FFF7FEFF 		bl	isNumberic
  83              	.LVL5:
  84 0016 0128     		cmp	r0, #1
  85 0018 04D1     		bne	.L4
  27:ESP_API.c     ****         num_buffer[num_ind++] = next;
  86              		.loc 1 27 0
  87 001a 6B1C     		adds	r3, r5, #1
ARM GAS  C:\Users\David\AppData\Local\Temp\ccDSdk2u.s 			page 3


  88              	.LVL6:
  89 001c 124A     		ldr	r2, .L11+4
  90 001e 5455     		strb	r4, [r2, r5]
  91 0020 DDB2     		uxtb	r5, r3
  92 0022 09E0     		b	.L3
  93              	.LVL7:
  94              	.L4:
  28:ESP_API.c     ****       }
  29:ESP_API.c     ****       else {
  30:ESP_API.c     ****         lastNonNum = next;
  95              		.loc 1 30 0
  96 0024 0F4B     		ldr	r3, .L11
  97 0026 1C70     		strb	r4, [r3]
  31:ESP_API.c     ****         if (num_ind == 0)
  98              		.loc 1 31 0
  99 0028 B5B1     		cbz	r5, .L8
  32:ESP_API.c     ****           return -1;
  33:ESP_API.c     ****         num_buffer[num_ind] = '\0';
 100              		.loc 1 33 0
 101 002a 0F48     		ldr	r0, .L11+4
 102 002c 0023     		movs	r3, #0
 103 002e 4355     		strb	r3, [r0, r5]
  34:ESP_API.c     ****         return toInt(num_buffer);
 104              		.loc 1 34 0
 105 0030 FFF7FEFF 		bl	toInt
 106              	.LVL8:
 107 0034 00B2     		sxth	r0, r0
 108 0036 38BD     		pop	{r3, r4, r5, pc}
 109              	.LVL9:
 110              	.L3:
 111              	.LBE2:
  23:ESP_API.c     ****       char next = command_buffer[cmd_index++];
 112              		.loc 1 23 0
 113 0038 0A4B     		ldr	r3, .L11
 114 003a 5B78     		ldrb	r3, [r3, #1]	@ zero_extendqisi2
 115 003c FF2B     		cmp	r3, #255
 116 003e 03D0     		beq	.L6
  23:ESP_API.c     ****       char next = command_buffer[cmd_index++];
 117              		.loc 1 23 0 is_stmt 0 discriminator 1
 118 0040 0A4A     		ldr	r2, .L11+8
 119 0042 D45C     		ldrb	r4, [r2, r3]	@ zero_extendqisi2
 120 0044 002C     		cmp	r4, #0
 121 0046 E0D1     		bne	.L7
 122              	.L6:
  35:ESP_API.c     ****       }
  36:ESP_API.c     ****     }
  37:ESP_API.c     ****     if (num_ind == 0)
 123              		.loc 1 37 0 is_stmt 1
 124 0048 4DB1     		cbz	r5, .L9
  38:ESP_API.c     ****           return -1;
  39:ESP_API.c     ****     num_buffer[num_ind] = '\0';
 125              		.loc 1 39 0
 126 004a 0748     		ldr	r0, .L11+4
 127 004c 0023     		movs	r3, #0
 128 004e 4355     		strb	r3, [r0, r5]
  40:ESP_API.c     ****     return toInt(num_buffer);
 129              		.loc 1 40 0
ARM GAS  C:\Users\David\AppData\Local\Temp\ccDSdk2u.s 			page 4


 130 0050 FFF7FEFF 		bl	toInt
 131              	.LVL10:
 132 0054 00B2     		sxth	r0, r0
 133 0056 38BD     		pop	{r3, r4, r5, pc}
 134              	.LVL11:
 135              	.L8:
 136              	.LBB3:
  32:ESP_API.c     ****         num_buffer[num_ind] = '\0';
 137              		.loc 1 32 0
 138 0058 4FF0FF30 		mov	r0, #-1
 139 005c 38BD     		pop	{r3, r4, r5, pc}
 140              	.LVL12:
 141              	.L9:
 142              	.LBE3:
  38:ESP_API.c     ****           return -1;
 143              		.loc 1 38 0
 144 005e 4FF0FF30 		mov	r0, #-1
  41:ESP_API.c     **** }
 145              		.loc 1 41 0
 146 0062 38BD     		pop	{r3, r4, r5, pc}
 147              	.LVL13:
 148              	.L12:
 149              		.align	2
 150              	.L11:
 151 0064 00000000 		.word	.LANCHOR0
 152 0068 00000000 		.word	num_buffer
 153 006c 00000000 		.word	command_buffer
 154              		.cfi_endproc
 155              	.LFE64:
 156              		.size	readNumFromCommandUntilNonNum, .-readNumFromCommandUntilNonNum
 157              		.section	.text.getSysTime,"ax",%progbits
 158              		.align	2
 159              		.global	getSysTime
 160              		.thumb
 161              		.thumb_func
 162              		.type	getSysTime, %function
 163              	getSysTime:
 164              	.LFB65:
  42:ESP_API.c     **** 
  43:ESP_API.c     **** 
  44:ESP_API.c     **** void getSysTime() {
 165              		.loc 1 44 0
 166              		.cfi_startproc
 167              		@ args = 0, pretend = 0, frame = 24
 168              		@ frame_needed = 0, uses_anonymous_args = 0
 169 0000 00B5     		push	{lr}
 170              		.cfi_def_cfa_offset 4
 171              		.cfi_offset 14, -4
 172 0002 87B0     		sub	sp, sp, #28
 173              		.cfi_def_cfa_offset 32
  45:ESP_API.c     ****     char str[20];
  46:ESP_API.c     ****     print_datetime(str);
 174              		.loc 1 46 0
 175 0004 01A8     		add	r0, sp, #4
 176 0006 FFF7FEFF 		bl	print_datetime
 177              	.LVL14:
  47:ESP_API.c     ****     UART_ESP_PutString(str);
ARM GAS  C:\Users\David\AppData\Local\Temp\ccDSdk2u.s 			page 5


 178              		.loc 1 47 0
 179 000a 01A8     		add	r0, sp, #4
 180 000c FFF7FEFF 		bl	UART_ESP_PutString
 181              	.LVL15:
  48:ESP_API.c     **** }
 182              		.loc 1 48 0
 183 0010 07B0     		add	sp, sp, #28
 184              		.cfi_def_cfa_offset 4
 185              		@ sp needed
 186 0012 5DF804FB 		ldr	pc, [sp], #4
 187              		.cfi_endproc
 188              	.LFE65:
 189              		.size	getSysTime, .-getSysTime
 190 0016 00BF     		.section	.text.beepCommand,"ax",%progbits
 191              		.align	2
 192              		.global	beepCommand
 193              		.thumb
 194              		.thumb_func
 195              		.type	beepCommand, %function
 196              	beepCommand:
 197              	.LFB66:
  49:ESP_API.c     **** 
  50:ESP_API.c     **** void beepCommand() { //Csipogas -  C400 1000 / frekvencia hossz
 198              		.loc 1 50 0
 199              		.cfi_startproc
 200              		@ args = 0, pretend = 0, frame = 0
 201              		@ frame_needed = 0, uses_anonymous_args = 0
 202 0000 10B5     		push	{r4, lr}
 203              		.cfi_def_cfa_offset 8
 204              		.cfi_offset 4, -8
 205              		.cfi_offset 14, -4
  51:ESP_API.c     ****     cmd_index = 0;
 206              		.loc 1 51 0
 207 0002 0022     		movs	r2, #0
 208 0004 0D4B     		ldr	r3, .L20
 209 0006 5A70     		strb	r2, [r3, #1]
  52:ESP_API.c     ****     int16 freq = readNumFromCommandUntilNonNum();
 210              		.loc 1 52 0
 211 0008 FFF7FEFF 		bl	readNumFromCommandUntilNonNum
 212              	.LVL16:
 213 000c 0446     		mov	r4, r0
 214              	.LVL17:
  53:ESP_API.c     ****     int16 duration = readNumFromCommandUntilNonNum();
 215              		.loc 1 53 0
 216 000e FFF7FEFF 		bl	readNumFromCommandUntilNonNum
 217              	.LVL18:
  54:ESP_API.c     ****     
  55:ESP_API.c     ****     
  56:ESP_API.c     ****     if (freq < 0) {
 218              		.loc 1 56 0
 219 0012 002C     		cmp	r4, #0
 220 0014 03DA     		bge	.L16
  57:ESP_API.c     ****       UART_ESP_PutString("Not valid command! #1");
 221              		.loc 1 57 0
 222 0016 0A48     		ldr	r0, .L20+4
 223              	.LVL19:
 224 0018 FFF7FEFF 		bl	UART_ESP_PutString
ARM GAS  C:\Users\David\AppData\Local\Temp\ccDSdk2u.s 			page 6


 225              	.LVL20:
  58:ESP_API.c     ****       return;
 226              		.loc 1 58 0
 227 001c 10BD     		pop	{r4, pc}
 228              	.LVL21:
 229              	.L16:
  59:ESP_API.c     ****     }
  60:ESP_API.c     ****     
  61:ESP_API.c     ****     if (duration < 0) {
 230              		.loc 1 61 0
 231 001e 0028     		cmp	r0, #0
 232 0020 03DA     		bge	.L18
  62:ESP_API.c     ****         UART_ESP_PutString("Not valid command! #2");
 233              		.loc 1 62 0
 234 0022 0848     		ldr	r0, .L20+8
 235              	.LVL22:
 236 0024 FFF7FEFF 		bl	UART_ESP_PutString
 237              	.LVL23:
  63:ESP_API.c     ****         return;
 238              		.loc 1 63 0
 239 0028 10BD     		pop	{r4, pc}
 240              	.LVL24:
 241              	.L18:
  64:ESP_API.c     ****     }
  65:ESP_API.c     ****     
  66:ESP_API.c     ****     tone(freq, duration);
 242              		.loc 1 66 0
 243 002a 81B2     		uxth	r1, r0
 244 002c A0B2     		uxth	r0, r4
 245              	.LVL25:
 246 002e FFF7FEFF 		bl	tone
 247              	.LVL26:
  67:ESP_API.c     ****     UART_ESP_PutChar('1');
 248              		.loc 1 67 0
 249 0032 3120     		movs	r0, #49
 250 0034 FFF7FEFF 		bl	UART_ESP_PutChar
 251              	.LVL27:
 252 0038 10BD     		pop	{r4, pc}
 253              	.LVL28:
 254              	.L21:
 255 003a 00BF     		.align	2
 256              	.L20:
 257 003c 00000000 		.word	.LANCHOR0
 258 0040 00000000 		.word	.LC0
 259 0044 18000000 		.word	.LC1
 260              		.cfi_endproc
 261              	.LFE66:
 262              		.size	beepCommand, .-beepCommand
 263              		.section	.text.lcdCommand,"ax",%progbits
 264              		.align	2
 265              		.global	lcdCommand
 266              		.thumb
 267              		.thumb_func
 268              		.type	lcdCommand, %function
 269              	lcdCommand:
 270              	.LFB67:
  68:ESP_API.c     **** }
ARM GAS  C:\Users\David\AppData\Local\Temp\ccDSdk2u.s 			page 7


  69:ESP_API.c     **** 
  70:ESP_API.c     **** char first_row[16+1];
  71:ESP_API.c     **** char second_row[16+1];
  72:ESP_API.c     **** 
  73:ESP_API.c     **** void lcdCommand() {//LCD-re iras - L16 Szep napunk van ma / hossz + uzenet tordel, ha nem eleg
 271              		.loc 1 73 0
 272              		.cfi_startproc
 273              		@ args = 0, pretend = 0, frame = 0
 274              		@ frame_needed = 0, uses_anonymous_args = 0
 275 0000 38B5     		push	{r3, r4, r5, lr}
 276              		.cfi_def_cfa_offset 16
 277              		.cfi_offset 3, -16
 278              		.cfi_offset 4, -12
 279              		.cfi_offset 5, -8
 280              		.cfi_offset 14, -4
  74:ESP_API.c     ****     cmd_index = 0;
 281              		.loc 1 74 0
 282 0002 0022     		movs	r2, #0
 283 0004 224B     		ldr	r3, .L34
 284 0006 5A70     		strb	r2, [r3, #1]
  75:ESP_API.c     ****     int16 len = readNumFromCommandUntilNonNum();
 285              		.loc 1 75 0
 286 0008 FFF7FEFF 		bl	readNumFromCommandUntilNonNum
 287              	.LVL29:
  76:ESP_API.c     ****     if (len <= 0 || lastNonNum != ' ') {
 288              		.loc 1 76 0
 289 000c 0028     		cmp	r0, #0
 290              	.LVL30:
 291 000e 03DD     		ble	.L23
 292              		.loc 1 76 0 is_stmt 0 discriminator 1
 293 0010 1F4B     		ldr	r3, .L34
 294 0012 1B78     		ldrb	r3, [r3]	@ zero_extendqisi2
 295 0014 202B     		cmp	r3, #32
 296 0016 03D0     		beq	.L24
 297              	.L23:
  77:ESP_API.c     ****       UART_ESP_PutString("Not valid command! #1");
 298              		.loc 1 77 0 is_stmt 1
 299 0018 1E48     		ldr	r0, .L34+4
 300 001a FFF7FEFF 		bl	UART_ESP_PutString
 301              	.LVL31:
  78:ESP_API.c     ****       return;
 302              		.loc 1 78 0
 303 001e 38BD     		pop	{r3, r4, r5, pc}
 304              	.L24:
  79:ESP_API.c     ****     }
  80:ESP_API.c     ****     
  81:ESP_API.c     ****      uint8 row_len = len > 16 ? 16 : len;
 305              		.loc 1 81 0
 306 0020 0546     		mov	r5, r0
 307 0022 1028     		cmp	r0, #16
 308 0024 A8BF     		it	ge
 309 0026 1025     		movge	r5, #16
 310 0028 EDB2     		uxtb	r5, r5
 311              	.LVL32:
 312              	.LBB4:
  82:ESP_API.c     ****      for (uint8 i = 0; i < row_len; i++) {
 313              		.loc 1 82 0
ARM GAS  C:\Users\David\AppData\Local\Temp\ccDSdk2u.s 			page 8


 314 002a 0023     		movs	r3, #0
 315 002c 09E0     		b	.L26
 316              	.LVL33:
 317              	.L27:
  83:ESP_API.c     ****        first_row[i] = command_buffer[cmd_index++];
 318              		.loc 1 83 0 discriminator 3
 319 002e 1849     		ldr	r1, .L34
 320 0030 4A78     		ldrb	r2, [r1, #1]	@ zero_extendqisi2
 321 0032 541C     		adds	r4, r2, #1
 322 0034 4C70     		strb	r4, [r1, #1]
 323 0036 1849     		ldr	r1, .L34+8
 324 0038 895C     		ldrb	r1, [r1, r2]	@ zero_extendqisi2
 325 003a 184A     		ldr	r2, .L34+12
 326 003c D154     		strb	r1, [r2, r3]
  82:ESP_API.c     ****      for (uint8 i = 0; i < row_len; i++) {
 327              		.loc 1 82 0 discriminator 3
 328 003e 0133     		adds	r3, r3, #1
 329              	.LVL34:
 330 0040 DBB2     		uxtb	r3, r3
 331              	.LVL35:
 332              	.L26:
  82:ESP_API.c     ****      for (uint8 i = 0; i < row_len; i++) {
 333              		.loc 1 82 0 is_stmt 0 discriminator 1
 334 0042 AB42     		cmp	r3, r5
 335 0044 F3D3     		bcc	.L27
 336              	.LBE4:
  84:ESP_API.c     ****     }
  85:ESP_API.c     ****     first_row[row_len] = '\0';
 337              		.loc 1 85 0 is_stmt 1
 338 0046 0022     		movs	r2, #0
 339 0048 144B     		ldr	r3, .L34+12
 340              	.LVL36:
 341 004a 5A55     		strb	r2, [r3, r5]
  86:ESP_API.c     ****     if (len > 16) {
 342              		.loc 1 86 0
 343 004c 1028     		cmp	r0, #16
 344 004e 1ADD     		ble	.L28
  87:ESP_API.c     ****     row_len = len > 32 ? 16 : len-16; 
 345              		.loc 1 87 0
 346 0050 2028     		cmp	r0, #32
 347 0052 02DC     		bgt	.L32
 348              		.loc 1 87 0 is_stmt 0 discriminator 1
 349 0054 1038     		subs	r0, r0, #16
 350 0056 C4B2     		uxtb	r4, r0
 351 0058 00E0     		b	.L29
 352              	.L32:
 353              		.loc 1 87 0
 354 005a 1024     		movs	r4, #16
 355              	.L29:
 356              	.LVL37:
 357              	.LBB5:
  88:ESP_API.c     ****         for (uint8 i = 0; i < row_len; i++) {
 358              		.loc 1 88 0 is_stmt 1 discriminator 4
 359 005c 0023     		movs	r3, #0
 360 005e 09E0     		b	.L30
 361              	.LVL38:
 362              	.L31:
ARM GAS  C:\Users\David\AppData\Local\Temp\ccDSdk2u.s 			page 9


  89:ESP_API.c     ****            second_row[i] = command_buffer[cmd_index++];
 363              		.loc 1 89 0 discriminator 3
 364 0060 0B49     		ldr	r1, .L34
 365 0062 4A78     		ldrb	r2, [r1, #1]	@ zero_extendqisi2
 366 0064 501C     		adds	r0, r2, #1
 367 0066 4870     		strb	r0, [r1, #1]
 368 0068 0B49     		ldr	r1, .L34+8
 369 006a 895C     		ldrb	r1, [r1, r2]	@ zero_extendqisi2
 370 006c 0C4A     		ldr	r2, .L34+16
 371 006e D154     		strb	r1, [r2, r3]
  88:ESP_API.c     ****         for (uint8 i = 0; i < row_len; i++) {
 372              		.loc 1 88 0 discriminator 3
 373 0070 0133     		adds	r3, r3, #1
 374              	.LVL39:
 375 0072 DBB2     		uxtb	r3, r3
 376              	.LVL40:
 377              	.L30:
  88:ESP_API.c     ****         for (uint8 i = 0; i < row_len; i++) {
 378              		.loc 1 88 0 is_stmt 0 discriminator 1
 379 0074 A342     		cmp	r3, r4
 380 0076 F3D3     		bcc	.L31
 381              	.LBE5:
  90:ESP_API.c     ****         }
  91:ESP_API.c     ****         second_row[row_len] = '\0';
 382              		.loc 1 91 0 is_stmt 1
 383 0078 0949     		ldr	r1, .L34+16
 384 007a 0023     		movs	r3, #0
 385              	.LVL41:
 386 007c 0B55     		strb	r3, [r1, r4]
  92:ESP_API.c     ****         print_lines_to_lcd(first_row, second_row);
 387              		.loc 1 92 0
 388 007e 0748     		ldr	r0, .L34+12
 389 0080 FFF7FEFF 		bl	print_lines_to_lcd
 390              	.LVL42:
 391 0084 38BD     		pop	{r3, r4, r5, pc}
 392              	.LVL43:
 393              	.L28:
  93:ESP_API.c     ****     }
  94:ESP_API.c     ****     else {
  95:ESP_API.c     ****         print_lines_to_lcd(first_row,"                ");
 394              		.loc 1 95 0
 395 0086 0749     		ldr	r1, .L34+20
 396 0088 0448     		ldr	r0, .L34+12
 397 008a FFF7FEFF 		bl	print_lines_to_lcd
 398              	.LVL44:
 399 008e 38BD     		pop	{r3, r4, r5, pc}
 400              	.LVL45:
 401              	.L35:
 402              		.align	2
 403              	.L34:
 404 0090 00000000 		.word	.LANCHOR0
 405 0094 00000000 		.word	.LC0
 406 0098 00000000 		.word	command_buffer
 407 009c 00000000 		.word	first_row
 408 00a0 00000000 		.word	second_row
 409 00a4 30000000 		.word	.LC2
 410              		.cfi_endproc
ARM GAS  C:\Users\David\AppData\Local\Temp\ccDSdk2u.s 			page 10


 411              	.LFE67:
 412              		.size	lcdCommand, .-lcdCommand
 413              		.section	.text.smsCommand,"ax",%progbits
 414              		.align	2
 415              		.global	smsCommand
 416              		.thumb
 417              		.thumb_func
 418              		.type	smsCommand, %function
 419              	smsCommand:
 420              	.LFB68:
  96:ESP_API.c     ****     }
  97:ESP_API.c     **** }
  98:ESP_API.c     **** 
  99:ESP_API.c     **** char full_phone_num[13];
 100:ESP_API.c     **** char sms_message[221];
 101:ESP_API.c     **** 
 102:ESP_API.c     **** void smsCommand() {//SMS kuldes - K702668307 16 Szep napunk van. / szam 9 jegy + uzenet hossza + uz
 421              		.loc 1 102 0
 422              		.cfi_startproc
 423              		@ args = 0, pretend = 0, frame = 16
 424              		@ frame_needed = 0, uses_anonymous_args = 0
 425 0000 70B5     		push	{r4, r5, r6, lr}
 426              		.cfi_def_cfa_offset 16
 427              		.cfi_offset 4, -16
 428              		.cfi_offset 5, -12
 429              		.cfi_offset 6, -8
 430              		.cfi_offset 14, -4
 431 0002 84B0     		sub	sp, sp, #16
 432              		.cfi_def_cfa_offset 32
 103:ESP_API.c     ****     cmd_index = 0;
 433              		.loc 1 103 0
 434 0004 0025     		movs	r5, #0
 435 0006 314B     		ldr	r3, .L51
 436 0008 5D70     		strb	r5, [r3, #1]
 437              	.LVL46:
 104:ESP_API.c     ****     char phone_num[10];
 105:ESP_API.c     ****     uint8 phone_num_ind = 0;
 106:ESP_API.c     ****     while (command_buffer[cmd_index] != '\0') {
 438              		.loc 1 106 0
 439 000a 1EE0     		b	.L37
 440              	.LVL47:
 441              	.L42:
 107:ESP_API.c     ****         if (isNumberic(command_buffer[cmd_index])) {
 442              		.loc 1 107 0
 443 000c 2046     		mov	r0, r4
 444 000e FFF7FEFF 		bl	isNumberic
 445              	.LVL48:
 446 0012 48B1     		cbz	r0, .L38
 108:ESP_API.c     ****              phone_num[phone_num_ind++] = command_buffer[cmd_index++];
 447              		.loc 1 108 0
 448 0014 6B1C     		adds	r3, r5, #1
 449              	.LVL49:
 450 0016 0136     		adds	r6, r6, #1
 451 0018 2C4A     		ldr	r2, .L51
 452 001a 5670     		strb	r6, [r2, #1]
 453 001c 04AA     		add	r2, sp, #16
 454 001e 1544     		add	r5, r5, r2
ARM GAS  C:\Users\David\AppData\Local\Temp\ccDSdk2u.s 			page 11


 455 0020 05F80C4C 		strb	r4, [r5, #-12]
 456 0024 DDB2     		uxtb	r5, r3
 457 0026 0AE0     		b	.L39
 458              	.LVL50:
 459              	.L38:
 109:ESP_API.c     ****         }
 110:ESP_API.c     ****         else if (command_buffer[cmd_index] == ' ') {
 460              		.loc 1 110 0
 461 0028 202C     		cmp	r4, #32
 462 002a 08D1     		bne	.L39
 111:ESP_API.c     ****             cmd_index++;
 463              		.loc 1 111 0
 464 002c 0136     		adds	r6, r6, #1
 465 002e 274B     		ldr	r3, .L51
 466 0030 5E70     		strb	r6, [r3, #1]
 112:ESP_API.c     ****             phone_num[phone_num_ind] = '\0';
 467              		.loc 1 112 0
 468 0032 0022     		movs	r2, #0
 469 0034 04AB     		add	r3, sp, #16
 470 0036 2B44     		add	r3, r3, r5
 471 0038 03F80C2C 		strb	r2, [r3, #-12]
 113:ESP_API.c     ****             break;
 472              		.loc 1 113 0
 473 003c 0BE0     		b	.L40
 474              	.LVL51:
 475              	.L39:
 114:ESP_API.c     ****         }
 115:ESP_API.c     ****         if (phone_num_ind >= 10) {
 476              		.loc 1 115 0
 477 003e 092D     		cmp	r5, #9
 478 0040 03D9     		bls	.L37
 116:ESP_API.c     ****             UART_ESP_PutString("Phone num too long.");
 479              		.loc 1 116 0
 480 0042 2348     		ldr	r0, .L51+4
 481 0044 FFF7FEFF 		bl	UART_ESP_PutString
 482              	.LVL52:
 117:ESP_API.c     ****             return;
 483              		.loc 1 117 0
 484 0048 3DE0     		b	.L36
 485              	.LVL53:
 486              	.L37:
 106:ESP_API.c     ****         if (isNumberic(command_buffer[cmd_index])) {
 487              		.loc 1 106 0
 488 004a 204B     		ldr	r3, .L51
 489 004c 5E78     		ldrb	r6, [r3, #1]	@ zero_extendqisi2
 490 004e 214B     		ldr	r3, .L51+8
 491 0050 9C5D     		ldrb	r4, [r3, r6]	@ zero_extendqisi2
 492 0052 002C     		cmp	r4, #0
 493 0054 DAD1     		bne	.L42
 494              	.L40:
 118:ESP_API.c     ****         }
 119:ESP_API.c     ****     }
 120:ESP_API.c     ****     if (phone_num_ind <= 2) {
 495              		.loc 1 120 0
 496 0056 022D     		cmp	r5, #2
 497 0058 03D8     		bhi	.L43
 121:ESP_API.c     ****         UART_ESP_PutString("Phone num too short.");
ARM GAS  C:\Users\David\AppData\Local\Temp\ccDSdk2u.s 			page 12


 498              		.loc 1 121 0
 499 005a 1F48     		ldr	r0, .L51+12
 500 005c FFF7FEFF 		bl	UART_ESP_PutString
 501              	.LVL54:
 122:ESP_API.c     ****         return;
 502              		.loc 1 122 0
 503 0060 31E0     		b	.L36
 504              	.L43:
 123:ESP_API.c     ****     }
 124:ESP_API.c     ****     if (phone_num[phone_num_ind] != '\0') {
 505              		.loc 1 124 0
 506 0062 04AB     		add	r3, sp, #16
 507 0064 1D44     		add	r5, r5, r3
 508              	.LVL55:
 509 0066 15F80C3C 		ldrb	r3, [r5, #-12]	@ zero_extendqisi2
 510 006a 1BB1     		cbz	r3, .L44
 125:ESP_API.c     ****         UART_ESP_PutString("Phone num not vaild.");
 511              		.loc 1 125 0
 512 006c 1B48     		ldr	r0, .L51+16
 513 006e FFF7FEFF 		bl	UART_ESP_PutString
 514              	.LVL56:
 126:ESP_API.c     ****         return;
 515              		.loc 1 126 0
 516 0072 28E0     		b	.L36
 517              	.L44:
 127:ESP_API.c     ****     }
 128:ESP_API.c     ****     
 129:ESP_API.c     ****     sprintf(full_phone_num, "+36%s", phone_num);
 518              		.loc 1 129 0
 519 0074 01AA     		add	r2, sp, #4
 520 0076 1A49     		ldr	r1, .L51+20
 521 0078 1A48     		ldr	r0, .L51+24
 522 007a FFF7FEFF 		bl	sprintf
 523              	.LVL57:
 130:ESP_API.c     ****     
 131:ESP_API.c     ****     uint8 message_length = readNumFromCommandUntilNonNum();
 524              		.loc 1 131 0
 525 007e FFF7FEFF 		bl	readNumFromCommandUntilNonNum
 526              	.LVL58:
 527 0082 C0B2     		uxtb	r0, r0
 528              	.LVL59:
 132:ESP_API.c     ****     if (message_length <= 0) {
 529              		.loc 1 132 0
 530 0084 18B9     		cbnz	r0, .L45
 133:ESP_API.c     ****         UART_ESP_PutString("Not valid message found");
 531              		.loc 1 133 0
 532 0086 1848     		ldr	r0, .L51+28
 533              	.LVL60:
 534 0088 FFF7FEFF 		bl	UART_ESP_PutString
 535              	.LVL61:
 134:ESP_API.c     ****         return;
 536              		.loc 1 134 0
 537 008c 1BE0     		b	.L36
 538              	.LVL62:
 539              	.L45:
 135:ESP_API.c     ****     }
 136:ESP_API.c     ****     message_length = message_length > 220 ? 220 : message_length; //max 220 karakter hosszu SMS meh
ARM GAS  C:\Users\David\AppData\Local\Temp\ccDSdk2u.s 			page 13


 540              		.loc 1 136 0
 541 008e DC28     		cmp	r0, #220
 542 0090 28BF     		it	cs
 543 0092 DC20     		movcs	r0, #220
 544              	.LVL63:
 545              	.LBB6:
 137:ESP_API.c     ****     for (uint8 i = 0; i < message_length; i++) {
 546              		.loc 1 137 0
 547 0094 0023     		movs	r3, #0
 548 0096 0FE0     		b	.L46
 549              	.LVL64:
 550              	.L48:
 138:ESP_API.c     ****         if (command_buffer[cmd_index] == '\0') {
 551              		.loc 1 138 0
 552 0098 0C4A     		ldr	r2, .L51
 553 009a 5278     		ldrb	r2, [r2, #1]	@ zero_extendqisi2
 554 009c 0D49     		ldr	r1, .L51+8
 555 009e 895C     		ldrb	r1, [r1, r2]	@ zero_extendqisi2
 556 00a0 19B9     		cbnz	r1, .L47
 139:ESP_API.c     ****             UART_ESP_PutString("SMS message is not the promised length long");
 557              		.loc 1 139 0
 558 00a2 1248     		ldr	r0, .L51+32
 559              	.LVL65:
 560 00a4 FFF7FEFF 		bl	UART_ESP_PutString
 561              	.LVL66:
 140:ESP_API.c     ****             return;
 562              		.loc 1 140 0
 563 00a8 0DE0     		b	.L36
 564              	.LVL67:
 565              	.L47:
 141:ESP_API.c     ****         }
 142:ESP_API.c     ****         sms_message[i] = command_buffer[cmd_index++];
 566              		.loc 1 142 0 discriminator 2
 567 00aa 0132     		adds	r2, r2, #1
 568 00ac 074C     		ldr	r4, .L51
 569 00ae 6270     		strb	r2, [r4, #1]
 570 00b0 0F4A     		ldr	r2, .L51+36
 571 00b2 D154     		strb	r1, [r2, r3]
 137:ESP_API.c     ****         if (command_buffer[cmd_index] == '\0') {
 572              		.loc 1 137 0 discriminator 2
 573 00b4 0133     		adds	r3, r3, #1
 574              	.LVL68:
 575 00b6 DBB2     		uxtb	r3, r3
 576              	.LVL69:
 577              	.L46:
 137:ESP_API.c     ****         if (command_buffer[cmd_index] == '\0') {
 578              		.loc 1 137 0 is_stmt 0 discriminator 1
 579 00b8 8342     		cmp	r3, r0
 580 00ba EDD3     		bcc	.L48
 581              	.LBE6:
 143:ESP_API.c     ****     }
 144:ESP_API.c     ****     
 145:ESP_API.c     ****     start_sms_sending_sequence(&gsm_fifo, sms_message, full_phone_num);
 582              		.loc 1 145 0 is_stmt 1
 583 00bc 094A     		ldr	r2, .L51+24
 584 00be 0C49     		ldr	r1, .L51+36
 585 00c0 0C48     		ldr	r0, .L51+40
ARM GAS  C:\Users\David\AppData\Local\Temp\ccDSdk2u.s 			page 14


 586              	.LVL70:
 587 00c2 FFF7FEFF 		bl	start_sms_sending_sequence
 588              	.LVL71:
 589              	.L36:
 146:ESP_API.c     ****     
 147:ESP_API.c     **** }
 590              		.loc 1 147 0
 591 00c6 04B0     		add	sp, sp, #16
 592              		.cfi_def_cfa_offset 16
 593              		@ sp needed
 594 00c8 70BD     		pop	{r4, r5, r6, pc}
 595              	.L52:
 596 00ca 00BF     		.align	2
 597              	.L51:
 598 00cc 00000000 		.word	.LANCHOR0
 599 00d0 44000000 		.word	.LC3
 600 00d4 00000000 		.word	command_buffer
 601 00d8 58000000 		.word	.LC4
 602 00dc 70000000 		.word	.LC5
 603 00e0 88000000 		.word	.LC6
 604 00e4 00000000 		.word	full_phone_num
 605 00e8 90000000 		.word	.LC7
 606 00ec A8000000 		.word	.LC8
 607 00f0 00000000 		.word	sms_message
 608 00f4 00000000 		.word	gsm_fifo
 609              		.cfi_endproc
 610              	.LFE68:
 611              		.size	smsCommand, .-smsCommand
 612              		.comm	sms_message,221,4
 613              		.comm	full_phone_num,13,4
 614              		.comm	second_row,17,4
 615              		.comm	first_row,17,4
 616              		.global	cmd_index
 617              		.global	lastNonNum
 618              		.comm	num_buffer,6,4
 619              		.section	.rodata.str1.4,"aMS",%progbits,1
 620              		.align	2
 621              	.LC0:
 622 0000 4E6F7420 		.ascii	"Not valid command! #1\000"
 622      76616C69 
 622      6420636F 
 622      6D6D616E 
 622      64212023 
 623 0016 0000     		.space	2
 624              	.LC1:
 625 0018 4E6F7420 		.ascii	"Not valid command! #2\000"
 625      76616C69 
 625      6420636F 
 625      6D6D616E 
 625      64212023 
 626 002e 0000     		.space	2
 627              	.LC2:
 628 0030 20202020 		.ascii	"                \000"
 628      20202020 
 628      20202020 
 628      20202020 
 628      00
ARM GAS  C:\Users\David\AppData\Local\Temp\ccDSdk2u.s 			page 15


 629 0041 000000   		.space	3
 630              	.LC3:
 631 0044 50686F6E 		.ascii	"Phone num too long.\000"
 631      65206E75 
 631      6D20746F 
 631      6F206C6F 
 631      6E672E00 
 632              	.LC4:
 633 0058 50686F6E 		.ascii	"Phone num too short.\000"
 633      65206E75 
 633      6D20746F 
 633      6F207368 
 633      6F72742E 
 634 006d 000000   		.space	3
 635              	.LC5:
 636 0070 50686F6E 		.ascii	"Phone num not vaild.\000"
 636      65206E75 
 636      6D206E6F 
 636      74207661 
 636      696C642E 
 637 0085 000000   		.space	3
 638              	.LC6:
 639 0088 2B333625 		.ascii	"+36%s\000"
 639      7300
 640 008e 0000     		.space	2
 641              	.LC7:
 642 0090 4E6F7420 		.ascii	"Not valid message found\000"
 642      76616C69 
 642      64206D65 
 642      73736167 
 642      6520666F 
 643              	.LC8:
 644 00a8 534D5320 		.ascii	"SMS message is not the promised length long\000"
 644      6D657373 
 644      61676520 
 644      6973206E 
 644      6F742074 
 645              		.bss
 646              		.set	.LANCHOR0,. + 0
 647              		.type	lastNonNum, %object
 648              		.size	lastNonNum, 1
 649              	lastNonNum:
 650 0000 00       		.space	1
 651              		.type	cmd_index, %object
 652              		.size	cmd_index, 1
 653              	cmd_index:
 654 0001 00       		.space	1
 655              		.text
 656              	.Letext0:
 657              		.file 2 "c:\\program files (x86)\\cypress\\psoc creator\\4.4\\psoc creator\\import\\gnu\\arm\\5.4.
 658              		.file 3 "c:\\program files (x86)\\cypress\\psoc creator\\4.4\\psoc creator\\import\\gnu\\arm\\5.4.
 659              		.file 4 "Generated_Source\\PSoC5/cytypes.h"
 660              		.file 5 "TaskFIFO.h"
 661              		.file 6 "Generated_Source\\PSoC5/core_cm3.h"
 662              		.file 7 "main.h"
 663              		.file 8 "SettingsHelper.h"
 664              		.file 9 "ds1302.h"
ARM GAS  C:\Users\David\AppData\Local\Temp\ccDSdk2u.s 			page 16


 665              		.file 10 "Generated_Source\\PSoC5/UART_ESP.h"
 666              		.file 11 "<built-in>"
 667              		.file 12 "GSMHandler.h"
 668              		.section	.debug_info,"",%progbits
 669              	.Ldebug_info0:
 670 0000 85060000 		.4byte	0x685
 671 0004 0400     		.2byte	0x4
 672 0006 00000000 		.4byte	.Ldebug_abbrev0
 673 000a 04       		.byte	0x4
 674 000b 01       		.uleb128 0x1
 675 000c C7020000 		.4byte	.LASF57
 676 0010 0C       		.byte	0xc
 677 0011 DF010000 		.4byte	.LASF58
 678 0015 11000000 		.4byte	.LASF59
 679 0019 18000000 		.4byte	.Ldebug_ranges0+0x18
 680 001d 00000000 		.4byte	0
 681 0021 00000000 		.4byte	.Ldebug_line0
 682 0025 02       		.uleb128 0x2
 683 0026 01       		.byte	0x1
 684 0027 06       		.byte	0x6
 685 0028 E1000000 		.4byte	.LASF0
 686 002c 02       		.uleb128 0x2
 687 002d 01       		.byte	0x1
 688 002e 08       		.byte	0x8
 689 002f 3D010000 		.4byte	.LASF1
 690 0033 02       		.uleb128 0x2
 691 0034 02       		.byte	0x2
 692 0035 05       		.byte	0x5
 693 0036 50000000 		.4byte	.LASF2
 694 003a 02       		.uleb128 0x2
 695 003b 02       		.byte	0x2
 696 003c 07       		.byte	0x7
 697 003d CC010000 		.4byte	.LASF3
 698 0041 03       		.uleb128 0x3
 699 0042 7A020000 		.4byte	.LASF9
 700 0046 02       		.byte	0x2
 701 0047 3F       		.byte	0x3f
 702 0048 4C000000 		.4byte	0x4c
 703 004c 02       		.uleb128 0x2
 704 004d 04       		.byte	0x4
 705 004e 05       		.byte	0x5
 706 004f 1C010000 		.4byte	.LASF4
 707 0053 02       		.uleb128 0x2
 708 0054 04       		.byte	0x4
 709 0055 07       		.byte	0x7
 710 0056 61020000 		.4byte	.LASF5
 711 005a 02       		.uleb128 0x2
 712 005b 08       		.byte	0x8
 713 005c 05       		.byte	0x5
 714 005d 02010000 		.4byte	.LASF6
 715 0061 02       		.uleb128 0x2
 716 0062 08       		.byte	0x8
 717 0063 07       		.byte	0x7
 718 0064 66010000 		.4byte	.LASF7
 719 0068 04       		.uleb128 0x4
 720 0069 04       		.byte	0x4
 721 006a 05       		.byte	0x5
ARM GAS  C:\Users\David\AppData\Local\Temp\ccDSdk2u.s 			page 17


 722 006b 696E7400 		.ascii	"int\000"
 723 006f 02       		.uleb128 0x2
 724 0070 04       		.byte	0x4
 725 0071 07       		.byte	0x7
 726 0072 8C010000 		.4byte	.LASF8
 727 0076 03       		.uleb128 0x3
 728 0077 03020000 		.4byte	.LASF10
 729 007b 03       		.byte	0x3
 730 007c 2C       		.byte	0x2c
 731 007d 41000000 		.4byte	0x41
 732 0081 05       		.uleb128 0x5
 733 0082 D5000000 		.4byte	.LASF11
 734 0086 04       		.byte	0x4
 735 0087 E801     		.2byte	0x1e8
 736 0089 2C000000 		.4byte	0x2c
 737 008d 05       		.uleb128 0x5
 738 008e C8000000 		.4byte	.LASF12
 739 0092 04       		.byte	0x4
 740 0093 E901     		.2byte	0x1e9
 741 0095 3A000000 		.4byte	0x3a
 742 0099 05       		.uleb128 0x5
 743 009a 4F020000 		.4byte	.LASF13
 744 009e 04       		.byte	0x4
 745 009f EA01     		.2byte	0x1ea
 746 00a1 53000000 		.4byte	0x53
 747 00a5 05       		.uleb128 0x5
 748 00a6 CF000000 		.4byte	.LASF14
 749 00aa 04       		.byte	0x4
 750 00ab EC01     		.2byte	0x1ec
 751 00ad 33000000 		.4byte	0x33
 752 00b1 02       		.uleb128 0x2
 753 00b2 04       		.byte	0x4
 754 00b3 04       		.byte	0x4
 755 00b4 ED000000 		.4byte	.LASF15
 756 00b8 02       		.uleb128 0x2
 757 00b9 08       		.byte	0x8
 758 00ba 04       		.byte	0x4
 759 00bb 73020000 		.4byte	.LASF16
 760 00bf 02       		.uleb128 0x2
 761 00c0 01       		.byte	0x1
 762 00c1 08       		.byte	0x8
 763 00c2 E9010000 		.4byte	.LASF17
 764 00c6 02       		.uleb128 0x2
 765 00c7 08       		.byte	0x8
 766 00c8 04       		.byte	0x4
 767 00c9 31010000 		.4byte	.LASF18
 768 00cd 02       		.uleb128 0x2
 769 00ce 04       		.byte	0x4
 770 00cf 07       		.byte	0x7
 771 00d0 63000000 		.4byte	.LASF19
 772 00d4 06       		.uleb128 0x6
 773 00d5 04       		.byte	0x4
 774 00d6 BF000000 		.4byte	0xbf
 775 00da 06       		.uleb128 0x6
 776 00db 04       		.byte	0x4
 777 00dc E0000000 		.4byte	0xe0
 778 00e0 07       		.uleb128 0x7
ARM GAS  C:\Users\David\AppData\Local\Temp\ccDSdk2u.s 			page 18


 779 00e1 BF000000 		.4byte	0xbf
 780 00e5 08       		.uleb128 0x8
 781 00e6 00000000 		.4byte	.LASF25
 782 00ea 14       		.byte	0x14
 783 00eb 05       		.byte	0x5
 784 00ec 16       		.byte	0x16
 785 00ed 2E010000 		.4byte	0x12e
 786 00f1 09       		.uleb128 0x9
 787 00f2 F3000000 		.4byte	.LASF20
 788 00f6 05       		.byte	0x5
 789 00f7 17       		.byte	0x17
 790 00f8 39010000 		.4byte	0x139
 791 00fc 00       		.byte	0
 792 00fd 09       		.uleb128 0x9
 793 00fe 25010000 		.4byte	.LASF21
 794 0102 05       		.byte	0x5
 795 0103 18       		.byte	0x18
 796 0104 46010000 		.4byte	0x146
 797 0108 04       		.byte	0x4
 798 0109 09       		.uleb128 0x9
 799 010a A0000000 		.4byte	.LASF22
 800 010e 05       		.byte	0x5
 801 010f 19       		.byte	0x19
 802 0110 99000000 		.4byte	0x99
 803 0114 08       		.byte	0x8
 804 0115 09       		.uleb128 0x9
 805 0116 9B000000 		.4byte	.LASF23
 806 011a 05       		.byte	0x5
 807 011b 1A       		.byte	0x1a
 808 011c 8D000000 		.4byte	0x8d
 809 0120 0C       		.byte	0xc
 810 0121 09       		.uleb128 0x9
 811 0122 60030000 		.4byte	.LASF24
 812 0126 05       		.byte	0x5
 813 0127 1B       		.byte	0x1b
 814 0128 4C010000 		.4byte	0x14c
 815 012c 10       		.byte	0x10
 816 012d 00       		.byte	0
 817 012e 0A       		.uleb128 0xa
 818 012f 39010000 		.4byte	0x139
 819 0133 0B       		.uleb128 0xb
 820 0134 8D000000 		.4byte	0x8d
 821 0138 00       		.byte	0
 822 0139 06       		.uleb128 0x6
 823 013a 04       		.byte	0x4
 824 013b 2E010000 		.4byte	0x12e
 825 013f 0C       		.uleb128 0xc
 826 0140 46010000 		.4byte	0x146
 827 0144 0D       		.uleb128 0xd
 828 0145 00       		.byte	0
 829 0146 06       		.uleb128 0x6
 830 0147 04       		.byte	0x4
 831 0148 3F010000 		.4byte	0x13f
 832 014c 06       		.uleb128 0x6
 833 014d 04       		.byte	0x4
 834 014e E5000000 		.4byte	0xe5
 835 0152 03       		.uleb128 0x3
ARM GAS  C:\Users\David\AppData\Local\Temp\ccDSdk2u.s 			page 19


 836 0153 00000000 		.4byte	.LASF25
 837 0157 05       		.byte	0x5
 838 0158 1C       		.byte	0x1c
 839 0159 E5000000 		.4byte	0xe5
 840 015d 08       		.uleb128 0x8
 841 015e 5A000000 		.4byte	.LASF26
 842 0162 08       		.byte	0x8
 843 0163 05       		.byte	0x5
 844 0164 1E       		.byte	0x1e
 845 0165 82010000 		.4byte	0x182
 846 0169 09       		.uleb128 0x9
 847 016a C6010000 		.4byte	.LASF27
 848 016e 05       		.byte	0x5
 849 016f 1F       		.byte	0x1f
 850 0170 82010000 		.4byte	0x182
 851 0174 00       		.byte	0
 852 0175 0E       		.uleb128 0xe
 853 0176 656E6400 		.ascii	"end\000"
 854 017a 05       		.byte	0x5
 855 017b 1F       		.byte	0x1f
 856 017c 82010000 		.4byte	0x182
 857 0180 04       		.byte	0x4
 858 0181 00       		.byte	0
 859 0182 06       		.uleb128 0x6
 860 0183 04       		.byte	0x4
 861 0184 52010000 		.4byte	0x152
 862 0188 03       		.uleb128 0x3
 863 0189 5A000000 		.4byte	.LASF26
 864 018d 05       		.byte	0x5
 865 018e 20       		.byte	0x20
 866 018f 5D010000 		.4byte	0x15d
 867 0193 0F       		.uleb128 0xf
 868 0194 84020000 		.4byte	.LASF60
 869 0198 01       		.byte	0x1
 870 0199 0F       		.byte	0xf
 871 019a 81000000 		.4byte	0x81
 872 019e 00000000 		.4byte	.LFB63
 873 01a2 0E000000 		.4byte	.LFE63-.LFB63
 874 01a6 01       		.uleb128 0x1
 875 01a7 9C       		.byte	0x9c
 876 01a8 BA010000 		.4byte	0x1ba
 877 01ac 10       		.uleb128 0x10
 878 01ad 6400     		.ascii	"d\000"
 879 01af 01       		.byte	0x1
 880 01b0 0F       		.byte	0xf
 881 01b1 81000000 		.4byte	0x81
 882 01b5 00000000 		.4byte	.LLST0
 883 01b9 00       		.byte	0
 884 01ba 11       		.uleb128 0x11
 885 01bb A8010000 		.4byte	.LASF61
 886 01bf 01       		.byte	0x1
 887 01c0 14       		.byte	0x14
 888 01c1 A5000000 		.4byte	0xa5
 889 01c5 00000000 		.4byte	.LFB64
 890 01c9 70000000 		.4byte	.LFE64-.LFB64
 891 01cd 01       		.uleb128 0x1
 892 01ce 9C       		.byte	0x9c
ARM GAS  C:\Users\David\AppData\Local\Temp\ccDSdk2u.s 			page 20


 893 01cf 36020000 		.4byte	0x236
 894 01d3 12       		.uleb128 0x12
 895 01d4 5E010000 		.4byte	.LASF28
 896 01d8 01       		.byte	0x1
 897 01d9 16       		.byte	0x16
 898 01da 81000000 		.4byte	0x81
 899 01de 21000000 		.4byte	.LLST1
 900 01e2 13       		.uleb128 0x13
 901 01e3 00000000 		.4byte	.Ldebug_ranges0+0
 902 01e7 22020000 		.4byte	0x222
 903 01eb 12       		.uleb128 0x12
 904 01ec 60030000 		.4byte	.LASF24
 905 01f0 01       		.byte	0x1
 906 01f1 18       		.byte	0x18
 907 01f2 BF000000 		.4byte	0xbf
 908 01f6 56000000 		.4byte	.LLST2
 909 01fa 14       		.uleb128 0x14
 910 01fb 16000000 		.4byte	.LVL5
 911 01ff 93010000 		.4byte	0x193
 912 0203 0E020000 		.4byte	0x20e
 913 0207 15       		.uleb128 0x15
 914 0208 01       		.uleb128 0x1
 915 0209 50       		.byte	0x50
 916 020a 02       		.uleb128 0x2
 917 020b 74       		.byte	0x74
 918 020c 00       		.sleb128 0
 919 020d 00       		.byte	0
 920 020e 16       		.uleb128 0x16
 921 020f 34000000 		.4byte	.LVL8
 922 0213 30060000 		.4byte	0x630
 923 0217 15       		.uleb128 0x15
 924 0218 01       		.uleb128 0x1
 925 0219 50       		.byte	0x50
 926 021a 05       		.uleb128 0x5
 927 021b 03       		.byte	0x3
 928 021c 00000000 		.4byte	num_buffer
 929 0220 00       		.byte	0
 930 0221 00       		.byte	0
 931 0222 16       		.uleb128 0x16
 932 0223 54000000 		.4byte	.LVL10
 933 0227 30060000 		.4byte	0x630
 934 022b 15       		.uleb128 0x15
 935 022c 01       		.uleb128 0x1
 936 022d 50       		.byte	0x50
 937 022e 05       		.uleb128 0x5
 938 022f 03       		.byte	0x3
 939 0230 00000000 		.4byte	num_buffer
 940 0234 00       		.byte	0
 941 0235 00       		.byte	0
 942 0236 17       		.uleb128 0x17
 943 0237 56020000 		.4byte	.LASF29
 944 023b 01       		.byte	0x1
 945 023c 2C       		.byte	0x2c
 946 023d 00000000 		.4byte	.LFB65
 947 0241 16000000 		.4byte	.LFE65-.LFB65
 948 0245 01       		.uleb128 0x1
 949 0246 9C       		.byte	0x9c
ARM GAS  C:\Users\David\AppData\Local\Temp\ccDSdk2u.s 			page 21


 950 0247 7E020000 		.4byte	0x27e
 951 024b 18       		.uleb128 0x18
 952 024c 73747200 		.ascii	"str\000"
 953 0250 01       		.byte	0x1
 954 0251 2D       		.byte	0x2d
 955 0252 7E020000 		.4byte	0x27e
 956 0256 02       		.uleb128 0x2
 957 0257 91       		.byte	0x91
 958 0258 64       		.sleb128 -28
 959 0259 14       		.uleb128 0x14
 960 025a 0A000000 		.4byte	.LVL14
 961 025e 3B060000 		.4byte	0x63b
 962 0262 6D020000 		.4byte	0x26d
 963 0266 15       		.uleb128 0x15
 964 0267 01       		.uleb128 0x1
 965 0268 50       		.byte	0x50
 966 0269 02       		.uleb128 0x2
 967 026a 91       		.byte	0x91
 968 026b 64       		.sleb128 -28
 969 026c 00       		.byte	0
 970 026d 16       		.uleb128 0x16
 971 026e 10000000 		.4byte	.LVL15
 972 0272 46060000 		.4byte	0x646
 973 0276 15       		.uleb128 0x15
 974 0277 01       		.uleb128 0x1
 975 0278 50       		.byte	0x50
 976 0279 02       		.uleb128 0x2
 977 027a 91       		.byte	0x91
 978 027b 64       		.sleb128 -28
 979 027c 00       		.byte	0
 980 027d 00       		.byte	0
 981 027e 19       		.uleb128 0x19
 982 027f BF000000 		.4byte	0xbf
 983 0283 8E020000 		.4byte	0x28e
 984 0287 1A       		.uleb128 0x1a
 985 0288 CD000000 		.4byte	0xcd
 986 028c 13       		.byte	0x13
 987 028d 00       		.byte	0
 988 028e 17       		.uleb128 0x17
 989 028f 8F000000 		.4byte	.LASF30
 990 0293 01       		.byte	0x1
 991 0294 32       		.byte	0x32
 992 0295 00000000 		.4byte	.LFB66
 993 0299 48000000 		.4byte	.LFE66-.LFB66
 994 029d 01       		.uleb128 0x1
 995 029e 9C       		.byte	0x9c
 996 029f 26030000 		.4byte	0x326
 997 02a3 12       		.uleb128 0x12
 998 02a4 0C000000 		.4byte	.LASF31
 999 02a8 01       		.byte	0x1
 1000 02a9 34       		.byte	0x34
 1001 02aa A5000000 		.4byte	0xa5
 1002 02ae 74000000 		.4byte	.LLST3
 1003 02b2 12       		.uleb128 0x12
 1004 02b3 46020000 		.4byte	.LASF32
 1005 02b7 01       		.byte	0x1
 1006 02b8 35       		.byte	0x35
ARM GAS  C:\Users\David\AppData\Local\Temp\ccDSdk2u.s 			page 22


 1007 02b9 A5000000 		.4byte	0xa5
 1008 02bd 87000000 		.4byte	.LLST4
 1009 02c1 1B       		.uleb128 0x1b
 1010 02c2 0C000000 		.4byte	.LVL16
 1011 02c6 BA010000 		.4byte	0x1ba
 1012 02ca 1B       		.uleb128 0x1b
 1013 02cb 12000000 		.4byte	.LVL18
 1014 02cf BA010000 		.4byte	0x1ba
 1015 02d3 14       		.uleb128 0x14
 1016 02d4 1C000000 		.4byte	.LVL20
 1017 02d8 46060000 		.4byte	0x646
 1018 02dc EA020000 		.4byte	0x2ea
 1019 02e0 15       		.uleb128 0x15
 1020 02e1 01       		.uleb128 0x1
 1021 02e2 50       		.byte	0x50
 1022 02e3 05       		.uleb128 0x5
 1023 02e4 03       		.byte	0x3
 1024 02e5 00000000 		.4byte	.LC0
 1025 02e9 00       		.byte	0
 1026 02ea 14       		.uleb128 0x14
 1027 02eb 28000000 		.4byte	.LVL23
 1028 02ef 46060000 		.4byte	0x646
 1029 02f3 01030000 		.4byte	0x301
 1030 02f7 15       		.uleb128 0x15
 1031 02f8 01       		.uleb128 0x1
 1032 02f9 50       		.byte	0x50
 1033 02fa 05       		.uleb128 0x5
 1034 02fb 03       		.byte	0x3
 1035 02fc 18000000 		.4byte	.LC1
 1036 0300 00       		.byte	0
 1037 0301 14       		.uleb128 0x14
 1038 0302 32000000 		.4byte	.LVL26
 1039 0306 51060000 		.4byte	0x651
 1040 030a 15030000 		.4byte	0x315
 1041 030e 15       		.uleb128 0x15
 1042 030f 01       		.uleb128 0x1
 1043 0310 50       		.byte	0x50
 1044 0311 02       		.uleb128 0x2
 1045 0312 74       		.byte	0x74
 1046 0313 00       		.sleb128 0
 1047 0314 00       		.byte	0
 1048 0315 16       		.uleb128 0x16
 1049 0316 38000000 		.4byte	.LVL27
 1050 031a 5C060000 		.4byte	0x65c
 1051 031e 15       		.uleb128 0x15
 1052 031f 01       		.uleb128 0x1
 1053 0320 50       		.byte	0x50
 1054 0321 02       		.uleb128 0x2
 1055 0322 08       		.byte	0x8
 1056 0323 31       		.byte	0x31
 1057 0324 00       		.byte	0
 1058 0325 00       		.byte	0
 1059 0326 17       		.uleb128 0x17
 1060 0327 76000000 		.4byte	.LASF33
 1061 032b 01       		.byte	0x1
 1062 032c 49       		.byte	0x49
 1063 032d 00000000 		.4byte	.LFB67
ARM GAS  C:\Users\David\AppData\Local\Temp\ccDSdk2u.s 			page 23


 1064 0331 A8000000 		.4byte	.LFE67-.LFB67
 1065 0335 01       		.uleb128 0x1
 1066 0336 9C       		.byte	0x9c
 1067 0337 EC030000 		.4byte	0x3ec
 1068 033b 1C       		.uleb128 0x1c
 1069 033c 6C656E00 		.ascii	"len\000"
 1070 0340 01       		.byte	0x1
 1071 0341 4B       		.byte	0x4b
 1072 0342 A5000000 		.4byte	0xa5
 1073 0346 BB000000 		.4byte	.LLST5
 1074 034a 12       		.uleb128 0x12
 1075 034b 8F020000 		.4byte	.LASF34
 1076 034f 01       		.byte	0x1
 1077 0350 51       		.byte	0x51
 1078 0351 81000000 		.4byte	0x81
 1079 0355 CE000000 		.4byte	.LLST6
 1080 0359 1D       		.uleb128 0x1d
 1081 035a 2A000000 		.4byte	.LBB4
 1082 035e 1C000000 		.4byte	.LBE4-.LBB4
 1083 0362 74030000 		.4byte	0x374
 1084 0366 1C       		.uleb128 0x1c
 1085 0367 6900     		.ascii	"i\000"
 1086 0369 01       		.byte	0x1
 1087 036a 52       		.byte	0x52
 1088 036b 81000000 		.4byte	0x81
 1089 036f F7000000 		.4byte	.LLST7
 1090 0373 00       		.byte	0
 1091 0374 1D       		.uleb128 0x1d
 1092 0375 5C000000 		.4byte	.LBB5
 1093 0379 1C000000 		.4byte	.LBE5-.LBB5
 1094 037d 8F030000 		.4byte	0x38f
 1095 0381 1C       		.uleb128 0x1c
 1096 0382 6900     		.ascii	"i\000"
 1097 0384 01       		.byte	0x1
 1098 0385 58       		.byte	0x58
 1099 0386 81000000 		.4byte	0x81
 1100 038a 21010000 		.4byte	.LLST8
 1101 038e 00       		.byte	0
 1102 038f 1B       		.uleb128 0x1b
 1103 0390 0C000000 		.4byte	.LVL29
 1104 0394 BA010000 		.4byte	0x1ba
 1105 0398 14       		.uleb128 0x14
 1106 0399 1E000000 		.4byte	.LVL31
 1107 039d 46060000 		.4byte	0x646
 1108 03a1 AF030000 		.4byte	0x3af
 1109 03a5 15       		.uleb128 0x15
 1110 03a6 01       		.uleb128 0x1
 1111 03a7 50       		.byte	0x50
 1112 03a8 05       		.uleb128 0x5
 1113 03a9 03       		.byte	0x3
 1114 03aa 00000000 		.4byte	.LC0
 1115 03ae 00       		.byte	0
 1116 03af 14       		.uleb128 0x14
 1117 03b0 84000000 		.4byte	.LVL42
 1118 03b4 67060000 		.4byte	0x667
 1119 03b8 CF030000 		.4byte	0x3cf
 1120 03bc 15       		.uleb128 0x15
ARM GAS  C:\Users\David\AppData\Local\Temp\ccDSdk2u.s 			page 24


 1121 03bd 01       		.uleb128 0x1
 1122 03be 50       		.byte	0x50
 1123 03bf 05       		.uleb128 0x5
 1124 03c0 03       		.byte	0x3
 1125 03c1 00000000 		.4byte	first_row
 1126 03c5 15       		.uleb128 0x15
 1127 03c6 01       		.uleb128 0x1
 1128 03c7 51       		.byte	0x51
 1129 03c8 05       		.uleb128 0x5
 1130 03c9 03       		.byte	0x3
 1131 03ca 00000000 		.4byte	second_row
 1132 03ce 00       		.byte	0
 1133 03cf 16       		.uleb128 0x16
 1134 03d0 8E000000 		.4byte	.LVL44
 1135 03d4 67060000 		.4byte	0x667
 1136 03d8 15       		.uleb128 0x15
 1137 03d9 01       		.uleb128 0x1
 1138 03da 50       		.byte	0x50
 1139 03db 05       		.uleb128 0x5
 1140 03dc 03       		.byte	0x3
 1141 03dd 00000000 		.4byte	first_row
 1142 03e1 15       		.uleb128 0x15
 1143 03e2 01       		.uleb128 0x1
 1144 03e3 51       		.byte	0x51
 1145 03e4 05       		.uleb128 0x5
 1146 03e5 03       		.byte	0x3
 1147 03e6 30000000 		.4byte	.LC2
 1148 03ea 00       		.byte	0
 1149 03eb 00       		.byte	0
 1150 03ec 17       		.uleb128 0x17
 1151 03ed 55030000 		.4byte	.LASF35
 1152 03f1 01       		.byte	0x1
 1153 03f2 66       		.byte	0x66
 1154 03f3 00000000 		.4byte	.LFB68
 1155 03f7 F8000000 		.4byte	.LFE68-.LFB68
 1156 03fb 01       		.uleb128 0x1
 1157 03fc 9C       		.byte	0x9c
 1158 03fd 32050000 		.4byte	0x532
 1159 0401 1E       		.uleb128 0x1e
 1160 0402 F8000000 		.4byte	.LASF36
 1161 0406 01       		.byte	0x1
 1162 0407 68       		.byte	0x68
 1163 0408 32050000 		.4byte	0x532
 1164 040c 02       		.uleb128 0x2
 1165 040d 91       		.byte	0x91
 1166 040e 64       		.sleb128 -28
 1167 040f 12       		.uleb128 0x12
 1168 0410 81000000 		.4byte	.LASF37
 1169 0414 01       		.byte	0x1
 1170 0415 69       		.byte	0x69
 1171 0416 81000000 		.4byte	0x81
 1172 041a 4B010000 		.4byte	.LLST9
 1173 041e 1F       		.uleb128 0x1f
 1174 041f 4B010000 		.4byte	.LASF55
 1175 0423 0B       		.byte	0xb
 1176 0424 00       		.byte	0
 1177 0425 68000000 		.4byte	0x68
ARM GAS  C:\Users\David\AppData\Local\Temp\ccDSdk2u.s 			page 25


 1178 0429 39040000 		.4byte	0x439
 1179 042d 0B       		.uleb128 0xb
 1180 042e D4000000 		.4byte	0xd4
 1181 0432 0B       		.uleb128 0xb
 1182 0433 DA000000 		.4byte	0xda
 1183 0437 0D       		.uleb128 0xd
 1184 0438 00       		.byte	0
 1185 0439 12       		.uleb128 0x12
 1186 043a 7D010000 		.4byte	.LASF38
 1187 043e 01       		.byte	0x1
 1188 043f 83       		.byte	0x83
 1189 0440 81000000 		.4byte	0x81
 1190 0444 80010000 		.4byte	.LLST10
 1191 0448 1D       		.uleb128 0x1d
 1192 0449 94000000 		.4byte	.LBB6
 1193 044d 28000000 		.4byte	.LBE6-.LBB6
 1194 0451 76040000 		.4byte	0x476
 1195 0455 1C       		.uleb128 0x1c
 1196 0456 6900     		.ascii	"i\000"
 1197 0458 01       		.byte	0x1
 1198 0459 89       		.byte	0x89
 1199 045a 81000000 		.4byte	0x81
 1200 045e A9010000 		.4byte	.LLST11
 1201 0462 16       		.uleb128 0x16
 1202 0463 A8000000 		.4byte	.LVL66
 1203 0467 46060000 		.4byte	0x646
 1204 046b 15       		.uleb128 0x15
 1205 046c 01       		.uleb128 0x1
 1206 046d 50       		.byte	0x50
 1207 046e 05       		.uleb128 0x5
 1208 046f 03       		.byte	0x3
 1209 0470 A8000000 		.4byte	.LC8
 1210 0474 00       		.byte	0
 1211 0475 00       		.byte	0
 1212 0476 14       		.uleb128 0x14
 1213 0477 12000000 		.4byte	.LVL48
 1214 047b 93010000 		.4byte	0x193
 1215 047f 8A040000 		.4byte	0x48a
 1216 0483 15       		.uleb128 0x15
 1217 0484 01       		.uleb128 0x1
 1218 0485 50       		.byte	0x50
 1219 0486 02       		.uleb128 0x2
 1220 0487 74       		.byte	0x74
 1221 0488 00       		.sleb128 0
 1222 0489 00       		.byte	0
 1223 048a 14       		.uleb128 0x14
 1224 048b 48000000 		.4byte	.LVL52
 1225 048f 46060000 		.4byte	0x646
 1226 0493 A1040000 		.4byte	0x4a1
 1227 0497 15       		.uleb128 0x15
 1228 0498 01       		.uleb128 0x1
 1229 0499 50       		.byte	0x50
 1230 049a 05       		.uleb128 0x5
 1231 049b 03       		.byte	0x3
 1232 049c 44000000 		.4byte	.LC3
 1233 04a0 00       		.byte	0
 1234 04a1 14       		.uleb128 0x14
ARM GAS  C:\Users\David\AppData\Local\Temp\ccDSdk2u.s 			page 26


 1235 04a2 60000000 		.4byte	.LVL54
 1236 04a6 46060000 		.4byte	0x646
 1237 04aa B8040000 		.4byte	0x4b8
 1238 04ae 15       		.uleb128 0x15
 1239 04af 01       		.uleb128 0x1
 1240 04b0 50       		.byte	0x50
 1241 04b1 05       		.uleb128 0x5
 1242 04b2 03       		.byte	0x3
 1243 04b3 58000000 		.4byte	.LC4
 1244 04b7 00       		.byte	0
 1245 04b8 14       		.uleb128 0x14
 1246 04b9 72000000 		.4byte	.LVL56
 1247 04bd 46060000 		.4byte	0x646
 1248 04c1 CF040000 		.4byte	0x4cf
 1249 04c5 15       		.uleb128 0x15
 1250 04c6 01       		.uleb128 0x1
 1251 04c7 50       		.byte	0x50
 1252 04c8 05       		.uleb128 0x5
 1253 04c9 03       		.byte	0x3
 1254 04ca 70000000 		.4byte	.LC5
 1255 04ce 00       		.byte	0
 1256 04cf 14       		.uleb128 0x14
 1257 04d0 7E000000 		.4byte	.LVL57
 1258 04d4 72060000 		.4byte	0x672
 1259 04d8 F5040000 		.4byte	0x4f5
 1260 04dc 15       		.uleb128 0x15
 1261 04dd 01       		.uleb128 0x1
 1262 04de 50       		.byte	0x50
 1263 04df 05       		.uleb128 0x5
 1264 04e0 03       		.byte	0x3
 1265 04e1 00000000 		.4byte	full_phone_num
 1266 04e5 15       		.uleb128 0x15
 1267 04e6 01       		.uleb128 0x1
 1268 04e7 51       		.byte	0x51
 1269 04e8 05       		.uleb128 0x5
 1270 04e9 03       		.byte	0x3
 1271 04ea 88000000 		.4byte	.LC6
 1272 04ee 15       		.uleb128 0x15
 1273 04ef 01       		.uleb128 0x1
 1274 04f0 52       		.byte	0x52
 1275 04f1 02       		.uleb128 0x2
 1276 04f2 91       		.byte	0x91
 1277 04f3 64       		.sleb128 -28
 1278 04f4 00       		.byte	0
 1279 04f5 1B       		.uleb128 0x1b
 1280 04f6 82000000 		.4byte	.LVL58
 1281 04fa BA010000 		.4byte	0x1ba
 1282 04fe 14       		.uleb128 0x14
 1283 04ff 8C000000 		.4byte	.LVL61
 1284 0503 46060000 		.4byte	0x646
 1285 0507 15050000 		.4byte	0x515
 1286 050b 15       		.uleb128 0x15
 1287 050c 01       		.uleb128 0x1
 1288 050d 50       		.byte	0x50
 1289 050e 05       		.uleb128 0x5
 1290 050f 03       		.byte	0x3
 1291 0510 90000000 		.4byte	.LC7
ARM GAS  C:\Users\David\AppData\Local\Temp\ccDSdk2u.s 			page 27


 1292 0514 00       		.byte	0
 1293 0515 16       		.uleb128 0x16
 1294 0516 C6000000 		.4byte	.LVL71
 1295 051a 7D060000 		.4byte	0x67d
 1296 051e 15       		.uleb128 0x15
 1297 051f 01       		.uleb128 0x1
 1298 0520 51       		.byte	0x51
 1299 0521 05       		.uleb128 0x5
 1300 0522 03       		.byte	0x3
 1301 0523 00000000 		.4byte	sms_message
 1302 0527 15       		.uleb128 0x15
 1303 0528 01       		.uleb128 0x1
 1304 0529 52       		.byte	0x52
 1305 052a 05       		.uleb128 0x5
 1306 052b 03       		.byte	0x3
 1307 052c 00000000 		.4byte	full_phone_num
 1308 0530 00       		.byte	0
 1309 0531 00       		.byte	0
 1310 0532 19       		.uleb128 0x19
 1311 0533 BF000000 		.4byte	0xbf
 1312 0537 42050000 		.4byte	0x542
 1313 053b 1A       		.uleb128 0x1a
 1314 053c CD000000 		.4byte	0xcd
 1315 0540 09       		.byte	0x9
 1316 0541 00       		.byte	0
 1317 0542 20       		.uleb128 0x20
 1318 0543 BA020000 		.4byte	.LASF39
 1319 0547 06       		.byte	0x6
 1320 0548 1207     		.2byte	0x712
 1321 054a 4E050000 		.4byte	0x54e
 1322 054e 21       		.uleb128 0x21
 1323 054f 76000000 		.4byte	0x76
 1324 0553 19       		.uleb128 0x19
 1325 0554 BF000000 		.4byte	0xbf
 1326 0558 63050000 		.4byte	0x563
 1327 055c 1A       		.uleb128 0x1a
 1328 055d CD000000 		.4byte	0xcd
 1329 0561 FE       		.byte	0xfe
 1330 0562 00       		.byte	0
 1331 0563 22       		.uleb128 0x22
 1332 0564 26020000 		.4byte	.LASF40
 1333 0568 07       		.byte	0x7
 1334 0569 07       		.byte	0x7
 1335 056a 53050000 		.4byte	0x553
 1336 056e 22       		.uleb128 0x22
 1337 056f 65030000 		.4byte	.LASF41
 1338 0573 07       		.byte	0x7
 1339 0574 09       		.byte	0x9
 1340 0575 88010000 		.4byte	0x188
 1341 0579 19       		.uleb128 0x19
 1342 057a BF000000 		.4byte	0xbf
 1343 057e 89050000 		.4byte	0x589
 1344 0582 1A       		.uleb128 0x1a
 1345 0583 CD000000 		.4byte	0xcd
 1346 0587 05       		.byte	0x5
 1347 0588 00       		.byte	0
 1348 0589 23       		.uleb128 0x23
ARM GAS  C:\Users\David\AppData\Local\Temp\ccDSdk2u.s 			page 28


 1349 058a 53010000 		.4byte	.LASF42
 1350 058e 01       		.byte	0x1
 1351 058f 0A       		.byte	0xa
 1352 0590 79050000 		.4byte	0x579
 1353 0594 05       		.uleb128 0x5
 1354 0595 03       		.byte	0x3
 1355 0596 00000000 		.4byte	num_buffer
 1356 059a 23       		.uleb128 0x23
 1357 059b AF020000 		.4byte	.LASF43
 1358 059f 01       		.byte	0x1
 1359 05a0 0B       		.byte	0xb
 1360 05a1 BF000000 		.4byte	0xbf
 1361 05a5 05       		.uleb128 0x5
 1362 05a6 03       		.byte	0x3
 1363 05a7 00000000 		.4byte	lastNonNum
 1364 05ab 23       		.uleb128 0x23
 1365 05ac 6C000000 		.4byte	.LASF44
 1366 05b0 01       		.byte	0x1
 1367 05b1 0D       		.byte	0xd
 1368 05b2 81000000 		.4byte	0x81
 1369 05b6 05       		.uleb128 0x5
 1370 05b7 03       		.byte	0x3
 1371 05b8 00000000 		.4byte	cmd_index
 1372 05bc 19       		.uleb128 0x19
 1373 05bd BF000000 		.4byte	0xbf
 1374 05c1 CC050000 		.4byte	0x5cc
 1375 05c5 1A       		.uleb128 0x1a
 1376 05c6 CD000000 		.4byte	0xcd
 1377 05ca 10       		.byte	0x10
 1378 05cb 00       		.byte	0
 1379 05cc 23       		.uleb128 0x23
 1380 05cd EE010000 		.4byte	.LASF45
 1381 05d1 01       		.byte	0x1
 1382 05d2 46       		.byte	0x46
 1383 05d3 BC050000 		.4byte	0x5bc
 1384 05d7 05       		.uleb128 0x5
 1385 05d8 03       		.byte	0x3
 1386 05d9 00000000 		.4byte	first_row
 1387 05dd 23       		.uleb128 0x23
 1388 05de F8010000 		.4byte	.LASF46
 1389 05e2 01       		.byte	0x1
 1390 05e3 47       		.byte	0x47
 1391 05e4 BC050000 		.4byte	0x5bc
 1392 05e8 05       		.uleb128 0x5
 1393 05e9 03       		.byte	0x3
 1394 05ea 00000000 		.4byte	second_row
 1395 05ee 19       		.uleb128 0x19
 1396 05ef BF000000 		.4byte	0xbf
 1397 05f3 FE050000 		.4byte	0x5fe
 1398 05f7 1A       		.uleb128 0x1a
 1399 05f8 CD000000 		.4byte	0xcd
 1400 05fc 0C       		.byte	0xc
 1401 05fd 00       		.byte	0
 1402 05fe 23       		.uleb128 0x23
 1403 05ff 99010000 		.4byte	.LASF47
 1404 0603 01       		.byte	0x1
 1405 0604 63       		.byte	0x63
ARM GAS  C:\Users\David\AppData\Local\Temp\ccDSdk2u.s 			page 29


 1406 0605 EE050000 		.4byte	0x5ee
 1407 0609 05       		.uleb128 0x5
 1408 060a 03       		.byte	0x3
 1409 060b 00000000 		.4byte	full_phone_num
 1410 060f 19       		.uleb128 0x19
 1411 0610 BF000000 		.4byte	0xbf
 1412 0614 1F060000 		.4byte	0x61f
 1413 0618 1A       		.uleb128 0x1a
 1414 0619 CD000000 		.4byte	0xcd
 1415 061d DC       		.byte	0xdc
 1416 061e 00       		.byte	0
 1417 061f 23       		.uleb128 0x23
 1418 0620 10010000 		.4byte	.LASF48
 1419 0624 01       		.byte	0x1
 1420 0625 64       		.byte	0x64
 1421 0626 0F060000 		.4byte	0x60f
 1422 062a 05       		.uleb128 0x5
 1423 062b 03       		.byte	0x3
 1424 062c 00000000 		.4byte	sms_message
 1425 0630 24       		.uleb128 0x24
 1426 0631 DB000000 		.4byte	.LASF49
 1427 0635 DB000000 		.4byte	.LASF49
 1428 0639 08       		.byte	0x8
 1429 063a 65       		.byte	0x65
 1430 063b 24       		.uleb128 0x24
 1431 063c B9000000 		.4byte	.LASF50
 1432 0640 B9000000 		.4byte	.LASF50
 1433 0644 09       		.byte	0x9
 1434 0645 21       		.byte	0x21
 1435 0646 24       		.uleb128 0x24
 1436 0647 97020000 		.4byte	.LASF51
 1437 064b 97020000 		.4byte	.LASF51
 1438 064f 0A       		.byte	0xa
 1439 0650 8B       		.byte	0x8b
 1440 0651 24       		.uleb128 0x24
 1441 0652 AA020000 		.4byte	.LASF52
 1442 0656 AA020000 		.4byte	.LASF52
 1443 065a 07       		.byte	0x7
 1444 065b 0B       		.byte	0xb
 1445 065c 24       		.uleb128 0x24
 1446 065d 35020000 		.4byte	.LASF53
 1447 0661 35020000 		.4byte	.LASF53
 1448 0665 0A       		.byte	0xa
 1449 0666 8A       		.byte	0x8a
 1450 0667 24       		.uleb128 0x24
 1451 0668 A6000000 		.4byte	.LASF54
 1452 066c A6000000 		.4byte	.LASF54
 1453 0670 08       		.byte	0x8
 1454 0671 3B       		.byte	0x3b
 1455 0672 24       		.uleb128 0x24
 1456 0673 4B010000 		.4byte	.LASF55
 1457 0677 4B010000 		.4byte	.LASF55
 1458 067b 0B       		.byte	0xb
 1459 067c 00       		.byte	0
 1460 067d 24       		.uleb128 0x24
 1461 067e 0B020000 		.4byte	.LASF56
 1462 0682 0B020000 		.4byte	.LASF56
ARM GAS  C:\Users\David\AppData\Local\Temp\ccDSdk2u.s 			page 30


 1463 0686 0C       		.byte	0xc
 1464 0687 1A       		.byte	0x1a
 1465 0688 00       		.byte	0
 1466              		.section	.debug_abbrev,"",%progbits
 1467              	.Ldebug_abbrev0:
 1468 0000 01       		.uleb128 0x1
 1469 0001 11       		.uleb128 0x11
 1470 0002 01       		.byte	0x1
 1471 0003 25       		.uleb128 0x25
 1472 0004 0E       		.uleb128 0xe
 1473 0005 13       		.uleb128 0x13
 1474 0006 0B       		.uleb128 0xb
 1475 0007 03       		.uleb128 0x3
 1476 0008 0E       		.uleb128 0xe
 1477 0009 1B       		.uleb128 0x1b
 1478 000a 0E       		.uleb128 0xe
 1479 000b 55       		.uleb128 0x55
 1480 000c 17       		.uleb128 0x17
 1481 000d 11       		.uleb128 0x11
 1482 000e 01       		.uleb128 0x1
 1483 000f 10       		.uleb128 0x10
 1484 0010 17       		.uleb128 0x17
 1485 0011 00       		.byte	0
 1486 0012 00       		.byte	0
 1487 0013 02       		.uleb128 0x2
 1488 0014 24       		.uleb128 0x24
 1489 0015 00       		.byte	0
 1490 0016 0B       		.uleb128 0xb
 1491 0017 0B       		.uleb128 0xb
 1492 0018 3E       		.uleb128 0x3e
 1493 0019 0B       		.uleb128 0xb
 1494 001a 03       		.uleb128 0x3
 1495 001b 0E       		.uleb128 0xe
 1496 001c 00       		.byte	0
 1497 001d 00       		.byte	0
 1498 001e 03       		.uleb128 0x3
 1499 001f 16       		.uleb128 0x16
 1500 0020 00       		.byte	0
 1501 0021 03       		.uleb128 0x3
 1502 0022 0E       		.uleb128 0xe
 1503 0023 3A       		.uleb128 0x3a
 1504 0024 0B       		.uleb128 0xb
 1505 0025 3B       		.uleb128 0x3b
 1506 0026 0B       		.uleb128 0xb
 1507 0027 49       		.uleb128 0x49
 1508 0028 13       		.uleb128 0x13
 1509 0029 00       		.byte	0
 1510 002a 00       		.byte	0
 1511 002b 04       		.uleb128 0x4
 1512 002c 24       		.uleb128 0x24
 1513 002d 00       		.byte	0
 1514 002e 0B       		.uleb128 0xb
 1515 002f 0B       		.uleb128 0xb
 1516 0030 3E       		.uleb128 0x3e
 1517 0031 0B       		.uleb128 0xb
 1518 0032 03       		.uleb128 0x3
 1519 0033 08       		.uleb128 0x8
ARM GAS  C:\Users\David\AppData\Local\Temp\ccDSdk2u.s 			page 31


 1520 0034 00       		.byte	0
 1521 0035 00       		.byte	0
 1522 0036 05       		.uleb128 0x5
 1523 0037 16       		.uleb128 0x16
 1524 0038 00       		.byte	0
 1525 0039 03       		.uleb128 0x3
 1526 003a 0E       		.uleb128 0xe
 1527 003b 3A       		.uleb128 0x3a
 1528 003c 0B       		.uleb128 0xb
 1529 003d 3B       		.uleb128 0x3b
 1530 003e 05       		.uleb128 0x5
 1531 003f 49       		.uleb128 0x49
 1532 0040 13       		.uleb128 0x13
 1533 0041 00       		.byte	0
 1534 0042 00       		.byte	0
 1535 0043 06       		.uleb128 0x6
 1536 0044 0F       		.uleb128 0xf
 1537 0045 00       		.byte	0
 1538 0046 0B       		.uleb128 0xb
 1539 0047 0B       		.uleb128 0xb
 1540 0048 49       		.uleb128 0x49
 1541 0049 13       		.uleb128 0x13
 1542 004a 00       		.byte	0
 1543 004b 00       		.byte	0
 1544 004c 07       		.uleb128 0x7
 1545 004d 26       		.uleb128 0x26
 1546 004e 00       		.byte	0
 1547 004f 49       		.uleb128 0x49
 1548 0050 13       		.uleb128 0x13
 1549 0051 00       		.byte	0
 1550 0052 00       		.byte	0
 1551 0053 08       		.uleb128 0x8
 1552 0054 13       		.uleb128 0x13
 1553 0055 01       		.byte	0x1
 1554 0056 03       		.uleb128 0x3
 1555 0057 0E       		.uleb128 0xe
 1556 0058 0B       		.uleb128 0xb
 1557 0059 0B       		.uleb128 0xb
 1558 005a 3A       		.uleb128 0x3a
 1559 005b 0B       		.uleb128 0xb
 1560 005c 3B       		.uleb128 0x3b
 1561 005d 0B       		.uleb128 0xb
 1562 005e 01       		.uleb128 0x1
 1563 005f 13       		.uleb128 0x13
 1564 0060 00       		.byte	0
 1565 0061 00       		.byte	0
 1566 0062 09       		.uleb128 0x9
 1567 0063 0D       		.uleb128 0xd
 1568 0064 00       		.byte	0
 1569 0065 03       		.uleb128 0x3
 1570 0066 0E       		.uleb128 0xe
 1571 0067 3A       		.uleb128 0x3a
 1572 0068 0B       		.uleb128 0xb
 1573 0069 3B       		.uleb128 0x3b
 1574 006a 0B       		.uleb128 0xb
 1575 006b 49       		.uleb128 0x49
 1576 006c 13       		.uleb128 0x13
ARM GAS  C:\Users\David\AppData\Local\Temp\ccDSdk2u.s 			page 32


 1577 006d 38       		.uleb128 0x38
 1578 006e 0B       		.uleb128 0xb
 1579 006f 00       		.byte	0
 1580 0070 00       		.byte	0
 1581 0071 0A       		.uleb128 0xa
 1582 0072 15       		.uleb128 0x15
 1583 0073 01       		.byte	0x1
 1584 0074 27       		.uleb128 0x27
 1585 0075 19       		.uleb128 0x19
 1586 0076 01       		.uleb128 0x1
 1587 0077 13       		.uleb128 0x13
 1588 0078 00       		.byte	0
 1589 0079 00       		.byte	0
 1590 007a 0B       		.uleb128 0xb
 1591 007b 05       		.uleb128 0x5
 1592 007c 00       		.byte	0
 1593 007d 49       		.uleb128 0x49
 1594 007e 13       		.uleb128 0x13
 1595 007f 00       		.byte	0
 1596 0080 00       		.byte	0
 1597 0081 0C       		.uleb128 0xc
 1598 0082 15       		.uleb128 0x15
 1599 0083 01       		.byte	0x1
 1600 0084 01       		.uleb128 0x1
 1601 0085 13       		.uleb128 0x13
 1602 0086 00       		.byte	0
 1603 0087 00       		.byte	0
 1604 0088 0D       		.uleb128 0xd
 1605 0089 18       		.uleb128 0x18
 1606 008a 00       		.byte	0
 1607 008b 00       		.byte	0
 1608 008c 00       		.byte	0
 1609 008d 0E       		.uleb128 0xe
 1610 008e 0D       		.uleb128 0xd
 1611 008f 00       		.byte	0
 1612 0090 03       		.uleb128 0x3
 1613 0091 08       		.uleb128 0x8
 1614 0092 3A       		.uleb128 0x3a
 1615 0093 0B       		.uleb128 0xb
 1616 0094 3B       		.uleb128 0x3b
 1617 0095 0B       		.uleb128 0xb
 1618 0096 49       		.uleb128 0x49
 1619 0097 13       		.uleb128 0x13
 1620 0098 38       		.uleb128 0x38
 1621 0099 0B       		.uleb128 0xb
 1622 009a 00       		.byte	0
 1623 009b 00       		.byte	0
 1624 009c 0F       		.uleb128 0xf
 1625 009d 2E       		.uleb128 0x2e
 1626 009e 01       		.byte	0x1
 1627 009f 3F       		.uleb128 0x3f
 1628 00a0 19       		.uleb128 0x19
 1629 00a1 03       		.uleb128 0x3
 1630 00a2 0E       		.uleb128 0xe
 1631 00a3 3A       		.uleb128 0x3a
 1632 00a4 0B       		.uleb128 0xb
 1633 00a5 3B       		.uleb128 0x3b
ARM GAS  C:\Users\David\AppData\Local\Temp\ccDSdk2u.s 			page 33


 1634 00a6 0B       		.uleb128 0xb
 1635 00a7 27       		.uleb128 0x27
 1636 00a8 19       		.uleb128 0x19
 1637 00a9 49       		.uleb128 0x49
 1638 00aa 13       		.uleb128 0x13
 1639 00ab 11       		.uleb128 0x11
 1640 00ac 01       		.uleb128 0x1
 1641 00ad 12       		.uleb128 0x12
 1642 00ae 06       		.uleb128 0x6
 1643 00af 40       		.uleb128 0x40
 1644 00b0 18       		.uleb128 0x18
 1645 00b1 9742     		.uleb128 0x2117
 1646 00b3 19       		.uleb128 0x19
 1647 00b4 01       		.uleb128 0x1
 1648 00b5 13       		.uleb128 0x13
 1649 00b6 00       		.byte	0
 1650 00b7 00       		.byte	0
 1651 00b8 10       		.uleb128 0x10
 1652 00b9 05       		.uleb128 0x5
 1653 00ba 00       		.byte	0
 1654 00bb 03       		.uleb128 0x3
 1655 00bc 08       		.uleb128 0x8
 1656 00bd 3A       		.uleb128 0x3a
 1657 00be 0B       		.uleb128 0xb
 1658 00bf 3B       		.uleb128 0x3b
 1659 00c0 0B       		.uleb128 0xb
 1660 00c1 49       		.uleb128 0x49
 1661 00c2 13       		.uleb128 0x13
 1662 00c3 02       		.uleb128 0x2
 1663 00c4 17       		.uleb128 0x17
 1664 00c5 00       		.byte	0
 1665 00c6 00       		.byte	0
 1666 00c7 11       		.uleb128 0x11
 1667 00c8 2E       		.uleb128 0x2e
 1668 00c9 01       		.byte	0x1
 1669 00ca 3F       		.uleb128 0x3f
 1670 00cb 19       		.uleb128 0x19
 1671 00cc 03       		.uleb128 0x3
 1672 00cd 0E       		.uleb128 0xe
 1673 00ce 3A       		.uleb128 0x3a
 1674 00cf 0B       		.uleb128 0xb
 1675 00d0 3B       		.uleb128 0x3b
 1676 00d1 0B       		.uleb128 0xb
 1677 00d2 49       		.uleb128 0x49
 1678 00d3 13       		.uleb128 0x13
 1679 00d4 11       		.uleb128 0x11
 1680 00d5 01       		.uleb128 0x1
 1681 00d6 12       		.uleb128 0x12
 1682 00d7 06       		.uleb128 0x6
 1683 00d8 40       		.uleb128 0x40
 1684 00d9 18       		.uleb128 0x18
 1685 00da 9742     		.uleb128 0x2117
 1686 00dc 19       		.uleb128 0x19
 1687 00dd 01       		.uleb128 0x1
 1688 00de 13       		.uleb128 0x13
 1689 00df 00       		.byte	0
 1690 00e0 00       		.byte	0
ARM GAS  C:\Users\David\AppData\Local\Temp\ccDSdk2u.s 			page 34


 1691 00e1 12       		.uleb128 0x12
 1692 00e2 34       		.uleb128 0x34
 1693 00e3 00       		.byte	0
 1694 00e4 03       		.uleb128 0x3
 1695 00e5 0E       		.uleb128 0xe
 1696 00e6 3A       		.uleb128 0x3a
 1697 00e7 0B       		.uleb128 0xb
 1698 00e8 3B       		.uleb128 0x3b
 1699 00e9 0B       		.uleb128 0xb
 1700 00ea 49       		.uleb128 0x49
 1701 00eb 13       		.uleb128 0x13
 1702 00ec 02       		.uleb128 0x2
 1703 00ed 17       		.uleb128 0x17
 1704 00ee 00       		.byte	0
 1705 00ef 00       		.byte	0
 1706 00f0 13       		.uleb128 0x13
 1707 00f1 0B       		.uleb128 0xb
 1708 00f2 01       		.byte	0x1
 1709 00f3 55       		.uleb128 0x55
 1710 00f4 17       		.uleb128 0x17
 1711 00f5 01       		.uleb128 0x1
 1712 00f6 13       		.uleb128 0x13
 1713 00f7 00       		.byte	0
 1714 00f8 00       		.byte	0
 1715 00f9 14       		.uleb128 0x14
 1716 00fa 898201   		.uleb128 0x4109
 1717 00fd 01       		.byte	0x1
 1718 00fe 11       		.uleb128 0x11
 1719 00ff 01       		.uleb128 0x1
 1720 0100 31       		.uleb128 0x31
 1721 0101 13       		.uleb128 0x13
 1722 0102 01       		.uleb128 0x1
 1723 0103 13       		.uleb128 0x13
 1724 0104 00       		.byte	0
 1725 0105 00       		.byte	0
 1726 0106 15       		.uleb128 0x15
 1727 0107 8A8201   		.uleb128 0x410a
 1728 010a 00       		.byte	0
 1729 010b 02       		.uleb128 0x2
 1730 010c 18       		.uleb128 0x18
 1731 010d 9142     		.uleb128 0x2111
 1732 010f 18       		.uleb128 0x18
 1733 0110 00       		.byte	0
 1734 0111 00       		.byte	0
 1735 0112 16       		.uleb128 0x16
 1736 0113 898201   		.uleb128 0x4109
 1737 0116 01       		.byte	0x1
 1738 0117 11       		.uleb128 0x11
 1739 0118 01       		.uleb128 0x1
 1740 0119 31       		.uleb128 0x31
 1741 011a 13       		.uleb128 0x13
 1742 011b 00       		.byte	0
 1743 011c 00       		.byte	0
 1744 011d 17       		.uleb128 0x17
 1745 011e 2E       		.uleb128 0x2e
 1746 011f 01       		.byte	0x1
 1747 0120 3F       		.uleb128 0x3f
ARM GAS  C:\Users\David\AppData\Local\Temp\ccDSdk2u.s 			page 35


 1748 0121 19       		.uleb128 0x19
 1749 0122 03       		.uleb128 0x3
 1750 0123 0E       		.uleb128 0xe
 1751 0124 3A       		.uleb128 0x3a
 1752 0125 0B       		.uleb128 0xb
 1753 0126 3B       		.uleb128 0x3b
 1754 0127 0B       		.uleb128 0xb
 1755 0128 11       		.uleb128 0x11
 1756 0129 01       		.uleb128 0x1
 1757 012a 12       		.uleb128 0x12
 1758 012b 06       		.uleb128 0x6
 1759 012c 40       		.uleb128 0x40
 1760 012d 18       		.uleb128 0x18
 1761 012e 9742     		.uleb128 0x2117
 1762 0130 19       		.uleb128 0x19
 1763 0131 01       		.uleb128 0x1
 1764 0132 13       		.uleb128 0x13
 1765 0133 00       		.byte	0
 1766 0134 00       		.byte	0
 1767 0135 18       		.uleb128 0x18
 1768 0136 34       		.uleb128 0x34
 1769 0137 00       		.byte	0
 1770 0138 03       		.uleb128 0x3
 1771 0139 08       		.uleb128 0x8
 1772 013a 3A       		.uleb128 0x3a
 1773 013b 0B       		.uleb128 0xb
 1774 013c 3B       		.uleb128 0x3b
 1775 013d 0B       		.uleb128 0xb
 1776 013e 49       		.uleb128 0x49
 1777 013f 13       		.uleb128 0x13
 1778 0140 02       		.uleb128 0x2
 1779 0141 18       		.uleb128 0x18
 1780 0142 00       		.byte	0
 1781 0143 00       		.byte	0
 1782 0144 19       		.uleb128 0x19
 1783 0145 01       		.uleb128 0x1
 1784 0146 01       		.byte	0x1
 1785 0147 49       		.uleb128 0x49
 1786 0148 13       		.uleb128 0x13
 1787 0149 01       		.uleb128 0x1
 1788 014a 13       		.uleb128 0x13
 1789 014b 00       		.byte	0
 1790 014c 00       		.byte	0
 1791 014d 1A       		.uleb128 0x1a
 1792 014e 21       		.uleb128 0x21
 1793 014f 00       		.byte	0
 1794 0150 49       		.uleb128 0x49
 1795 0151 13       		.uleb128 0x13
 1796 0152 2F       		.uleb128 0x2f
 1797 0153 0B       		.uleb128 0xb
 1798 0154 00       		.byte	0
 1799 0155 00       		.byte	0
 1800 0156 1B       		.uleb128 0x1b
 1801 0157 898201   		.uleb128 0x4109
 1802 015a 00       		.byte	0
 1803 015b 11       		.uleb128 0x11
 1804 015c 01       		.uleb128 0x1
ARM GAS  C:\Users\David\AppData\Local\Temp\ccDSdk2u.s 			page 36


 1805 015d 31       		.uleb128 0x31
 1806 015e 13       		.uleb128 0x13
 1807 015f 00       		.byte	0
 1808 0160 00       		.byte	0
 1809 0161 1C       		.uleb128 0x1c
 1810 0162 34       		.uleb128 0x34
 1811 0163 00       		.byte	0
 1812 0164 03       		.uleb128 0x3
 1813 0165 08       		.uleb128 0x8
 1814 0166 3A       		.uleb128 0x3a
 1815 0167 0B       		.uleb128 0xb
 1816 0168 3B       		.uleb128 0x3b
 1817 0169 0B       		.uleb128 0xb
 1818 016a 49       		.uleb128 0x49
 1819 016b 13       		.uleb128 0x13
 1820 016c 02       		.uleb128 0x2
 1821 016d 17       		.uleb128 0x17
 1822 016e 00       		.byte	0
 1823 016f 00       		.byte	0
 1824 0170 1D       		.uleb128 0x1d
 1825 0171 0B       		.uleb128 0xb
 1826 0172 01       		.byte	0x1
 1827 0173 11       		.uleb128 0x11
 1828 0174 01       		.uleb128 0x1
 1829 0175 12       		.uleb128 0x12
 1830 0176 06       		.uleb128 0x6
 1831 0177 01       		.uleb128 0x1
 1832 0178 13       		.uleb128 0x13
 1833 0179 00       		.byte	0
 1834 017a 00       		.byte	0
 1835 017b 1E       		.uleb128 0x1e
 1836 017c 34       		.uleb128 0x34
 1837 017d 00       		.byte	0
 1838 017e 03       		.uleb128 0x3
 1839 017f 0E       		.uleb128 0xe
 1840 0180 3A       		.uleb128 0x3a
 1841 0181 0B       		.uleb128 0xb
 1842 0182 3B       		.uleb128 0x3b
 1843 0183 0B       		.uleb128 0xb
 1844 0184 49       		.uleb128 0x49
 1845 0185 13       		.uleb128 0x13
 1846 0186 02       		.uleb128 0x2
 1847 0187 18       		.uleb128 0x18
 1848 0188 00       		.byte	0
 1849 0189 00       		.byte	0
 1850 018a 1F       		.uleb128 0x1f
 1851 018b 2E       		.uleb128 0x2e
 1852 018c 01       		.byte	0x1
 1853 018d 3F       		.uleb128 0x3f
 1854 018e 19       		.uleb128 0x19
 1855 018f 03       		.uleb128 0x3
 1856 0190 0E       		.uleb128 0xe
 1857 0191 3A       		.uleb128 0x3a
 1858 0192 0B       		.uleb128 0xb
 1859 0193 3B       		.uleb128 0x3b
 1860 0194 0B       		.uleb128 0xb
 1861 0195 27       		.uleb128 0x27
ARM GAS  C:\Users\David\AppData\Local\Temp\ccDSdk2u.s 			page 37


 1862 0196 19       		.uleb128 0x19
 1863 0197 49       		.uleb128 0x49
 1864 0198 13       		.uleb128 0x13
 1865 0199 3C       		.uleb128 0x3c
 1866 019a 19       		.uleb128 0x19
 1867 019b 01       		.uleb128 0x1
 1868 019c 13       		.uleb128 0x13
 1869 019d 00       		.byte	0
 1870 019e 00       		.byte	0
 1871 019f 20       		.uleb128 0x20
 1872 01a0 34       		.uleb128 0x34
 1873 01a1 00       		.byte	0
 1874 01a2 03       		.uleb128 0x3
 1875 01a3 0E       		.uleb128 0xe
 1876 01a4 3A       		.uleb128 0x3a
 1877 01a5 0B       		.uleb128 0xb
 1878 01a6 3B       		.uleb128 0x3b
 1879 01a7 05       		.uleb128 0x5
 1880 01a8 49       		.uleb128 0x49
 1881 01a9 13       		.uleb128 0x13
 1882 01aa 3F       		.uleb128 0x3f
 1883 01ab 19       		.uleb128 0x19
 1884 01ac 3C       		.uleb128 0x3c
 1885 01ad 19       		.uleb128 0x19
 1886 01ae 00       		.byte	0
 1887 01af 00       		.byte	0
 1888 01b0 21       		.uleb128 0x21
 1889 01b1 35       		.uleb128 0x35
 1890 01b2 00       		.byte	0
 1891 01b3 49       		.uleb128 0x49
 1892 01b4 13       		.uleb128 0x13
 1893 01b5 00       		.byte	0
 1894 01b6 00       		.byte	0
 1895 01b7 22       		.uleb128 0x22
 1896 01b8 34       		.uleb128 0x34
 1897 01b9 00       		.byte	0
 1898 01ba 03       		.uleb128 0x3
 1899 01bb 0E       		.uleb128 0xe
 1900 01bc 3A       		.uleb128 0x3a
 1901 01bd 0B       		.uleb128 0xb
 1902 01be 3B       		.uleb128 0x3b
 1903 01bf 0B       		.uleb128 0xb
 1904 01c0 49       		.uleb128 0x49
 1905 01c1 13       		.uleb128 0x13
 1906 01c2 3F       		.uleb128 0x3f
 1907 01c3 19       		.uleb128 0x19
 1908 01c4 3C       		.uleb128 0x3c
 1909 01c5 19       		.uleb128 0x19
 1910 01c6 00       		.byte	0
 1911 01c7 00       		.byte	0
 1912 01c8 23       		.uleb128 0x23
 1913 01c9 34       		.uleb128 0x34
 1914 01ca 00       		.byte	0
 1915 01cb 03       		.uleb128 0x3
 1916 01cc 0E       		.uleb128 0xe
 1917 01cd 3A       		.uleb128 0x3a
 1918 01ce 0B       		.uleb128 0xb
ARM GAS  C:\Users\David\AppData\Local\Temp\ccDSdk2u.s 			page 38


 1919 01cf 3B       		.uleb128 0x3b
 1920 01d0 0B       		.uleb128 0xb
 1921 01d1 49       		.uleb128 0x49
 1922 01d2 13       		.uleb128 0x13
 1923 01d3 3F       		.uleb128 0x3f
 1924 01d4 19       		.uleb128 0x19
 1925 01d5 02       		.uleb128 0x2
 1926 01d6 18       		.uleb128 0x18
 1927 01d7 00       		.byte	0
 1928 01d8 00       		.byte	0
 1929 01d9 24       		.uleb128 0x24
 1930 01da 2E       		.uleb128 0x2e
 1931 01db 00       		.byte	0
 1932 01dc 3F       		.uleb128 0x3f
 1933 01dd 19       		.uleb128 0x19
 1934 01de 3C       		.uleb128 0x3c
 1935 01df 19       		.uleb128 0x19
 1936 01e0 6E       		.uleb128 0x6e
 1937 01e1 0E       		.uleb128 0xe
 1938 01e2 03       		.uleb128 0x3
 1939 01e3 0E       		.uleb128 0xe
 1940 01e4 3A       		.uleb128 0x3a
 1941 01e5 0B       		.uleb128 0xb
 1942 01e6 3B       		.uleb128 0x3b
 1943 01e7 0B       		.uleb128 0xb
 1944 01e8 00       		.byte	0
 1945 01e9 00       		.byte	0
 1946 01ea 00       		.byte	0
 1947              		.section	.debug_loc,"",%progbits
 1948              	.Ldebug_loc0:
 1949              	.LLST0:
 1950 0000 00000000 		.4byte	.LVL0
 1951 0004 02000000 		.4byte	.LVL1
 1952 0008 0100     		.2byte	0x1
 1953 000a 50       		.byte	0x50
 1954 000b 02000000 		.4byte	.LVL1
 1955 000f 0E000000 		.4byte	.LFE63
 1956 0013 0400     		.2byte	0x4
 1957 0015 F3       		.byte	0xf3
 1958 0016 01       		.uleb128 0x1
 1959 0017 50       		.byte	0x50
 1960 0018 9F       		.byte	0x9f
 1961 0019 00000000 		.4byte	0
 1962 001d 00000000 		.4byte	0
 1963              	.LLST1:
 1964 0021 08000000 		.4byte	.LVL2
 1965 0025 0A000000 		.4byte	.LVL3
 1966 0029 0200     		.2byte	0x2
 1967 002b 30       		.byte	0x30
 1968 002c 9F       		.byte	0x9f
 1969 002d 0A000000 		.4byte	.LVL3
 1970 0031 1C000000 		.4byte	.LVL6
 1971 0035 0100     		.2byte	0x1
 1972 0037 55       		.byte	0x55
 1973 0038 1C000000 		.4byte	.LVL6
 1974 003c 24000000 		.4byte	.LVL7
 1975 0040 0100     		.2byte	0x1
ARM GAS  C:\Users\David\AppData\Local\Temp\ccDSdk2u.s 			page 39


 1976 0042 53       		.byte	0x53
 1977 0043 24000000 		.4byte	.LVL7
 1978 0047 64000000 		.4byte	.LVL13
 1979 004b 0100     		.2byte	0x1
 1980 004d 55       		.byte	0x55
 1981 004e 00000000 		.4byte	0
 1982 0052 00000000 		.4byte	0
 1983              	.LLST2:
 1984 0056 10000000 		.4byte	.LVL4
 1985 005a 38000000 		.4byte	.LVL9
 1986 005e 0100     		.2byte	0x1
 1987 0060 54       		.byte	0x54
 1988 0061 58000000 		.4byte	.LVL11
 1989 0065 5E000000 		.4byte	.LVL12
 1990 0069 0100     		.2byte	0x1
 1991 006b 54       		.byte	0x54
 1992 006c 00000000 		.4byte	0
 1993 0070 00000000 		.4byte	0
 1994              	.LLST3:
 1995 0074 0E000000 		.4byte	.LVL17
 1996 0078 3A000000 		.4byte	.LVL28
 1997 007c 0100     		.2byte	0x1
 1998 007e 54       		.byte	0x54
 1999 007f 00000000 		.4byte	0
 2000 0083 00000000 		.4byte	0
 2001              	.LLST4:
 2002 0087 12000000 		.4byte	.LVL18
 2003 008b 18000000 		.4byte	.LVL19
 2004 008f 0100     		.2byte	0x1
 2005 0091 50       		.byte	0x50
 2006 0092 1E000000 		.4byte	.LVL21
 2007 0096 24000000 		.4byte	.LVL22
 2008 009a 0100     		.2byte	0x1
 2009 009c 50       		.byte	0x50
 2010 009d 2A000000 		.4byte	.LVL24
 2011 00a1 2E000000 		.4byte	.LVL25
 2012 00a5 0100     		.2byte	0x1
 2013 00a7 50       		.byte	0x50
 2014 00a8 2E000000 		.4byte	.LVL25
 2015 00ac 31000000 		.4byte	.LVL26-1
 2016 00b0 0100     		.2byte	0x1
 2017 00b2 51       		.byte	0x51
 2018 00b3 00000000 		.4byte	0
 2019 00b7 00000000 		.4byte	0
 2020              	.LLST5:
 2021 00bb 0C000000 		.4byte	.LVL29
 2022 00bf 0E000000 		.4byte	.LVL30
 2023 00c3 0100     		.2byte	0x1
 2024 00c5 50       		.byte	0x50
 2025 00c6 00000000 		.4byte	0
 2026 00ca 00000000 		.4byte	0
 2027              	.LLST6:
 2028 00ce 2A000000 		.4byte	.LVL32
 2029 00d2 5C000000 		.4byte	.LVL37
 2030 00d6 0100     		.2byte	0x1
 2031 00d8 55       		.byte	0x55
 2032 00d9 5C000000 		.4byte	.LVL37
ARM GAS  C:\Users\David\AppData\Local\Temp\ccDSdk2u.s 			page 40


 2033 00dd 86000000 		.4byte	.LVL43
 2034 00e1 0100     		.2byte	0x1
 2035 00e3 54       		.byte	0x54
 2036 00e4 86000000 		.4byte	.LVL43
 2037 00e8 90000000 		.4byte	.LVL45
 2038 00ec 0100     		.2byte	0x1
 2039 00ee 55       		.byte	0x55
 2040 00ef 00000000 		.4byte	0
 2041 00f3 00000000 		.4byte	0
 2042              	.LLST7:
 2043 00f7 2A000000 		.4byte	.LVL32
 2044 00fb 2E000000 		.4byte	.LVL33
 2045 00ff 0200     		.2byte	0x2
 2046 0101 30       		.byte	0x30
 2047 0102 9F       		.byte	0x9f
 2048 0103 2E000000 		.4byte	.LVL33
 2049 0107 40000000 		.4byte	.LVL34
 2050 010b 0100     		.2byte	0x1
 2051 010d 53       		.byte	0x53
 2052 010e 42000000 		.4byte	.LVL35
 2053 0112 4A000000 		.4byte	.LVL36
 2054 0116 0100     		.2byte	0x1
 2055 0118 53       		.byte	0x53
 2056 0119 00000000 		.4byte	0
 2057 011d 00000000 		.4byte	0
 2058              	.LLST8:
 2059 0121 5C000000 		.4byte	.LVL37
 2060 0125 60000000 		.4byte	.LVL38
 2061 0129 0200     		.2byte	0x2
 2062 012b 30       		.byte	0x30
 2063 012c 9F       		.byte	0x9f
 2064 012d 60000000 		.4byte	.LVL38
 2065 0131 72000000 		.4byte	.LVL39
 2066 0135 0100     		.2byte	0x1
 2067 0137 53       		.byte	0x53
 2068 0138 74000000 		.4byte	.LVL40
 2069 013c 7C000000 		.4byte	.LVL41
 2070 0140 0100     		.2byte	0x1
 2071 0142 53       		.byte	0x53
 2072 0143 00000000 		.4byte	0
 2073 0147 00000000 		.4byte	0
 2074              	.LLST9:
 2075 014b 0A000000 		.4byte	.LVL46
 2076 014f 0C000000 		.4byte	.LVL47
 2077 0153 0200     		.2byte	0x2
 2078 0155 30       		.byte	0x30
 2079 0156 9F       		.byte	0x9f
 2080 0157 0C000000 		.4byte	.LVL47
 2081 015b 16000000 		.4byte	.LVL49
 2082 015f 0100     		.2byte	0x1
 2083 0161 55       		.byte	0x55
 2084 0162 16000000 		.4byte	.LVL49
 2085 0166 28000000 		.4byte	.LVL50
 2086 016a 0100     		.2byte	0x1
 2087 016c 53       		.byte	0x53
 2088 016d 28000000 		.4byte	.LVL50
 2089 0171 66000000 		.4byte	.LVL55
ARM GAS  C:\Users\David\AppData\Local\Temp\ccDSdk2u.s 			page 41


 2090 0175 0100     		.2byte	0x1
 2091 0177 55       		.byte	0x55
 2092 0178 00000000 		.4byte	0
 2093 017c 00000000 		.4byte	0
 2094              	.LLST10:
 2095 0180 84000000 		.4byte	.LVL59
 2096 0184 88000000 		.4byte	.LVL60
 2097 0188 0100     		.2byte	0x1
 2098 018a 50       		.byte	0x50
 2099 018b 8E000000 		.4byte	.LVL62
 2100 018f A4000000 		.4byte	.LVL65
 2101 0193 0100     		.2byte	0x1
 2102 0195 50       		.byte	0x50
 2103 0196 AA000000 		.4byte	.LVL67
 2104 019a C2000000 		.4byte	.LVL70
 2105 019e 0100     		.2byte	0x1
 2106 01a0 50       		.byte	0x50
 2107 01a1 00000000 		.4byte	0
 2108 01a5 00000000 		.4byte	0
 2109              	.LLST11:
 2110 01a9 94000000 		.4byte	.LVL63
 2111 01ad 98000000 		.4byte	.LVL64
 2112 01b1 0200     		.2byte	0x2
 2113 01b3 30       		.byte	0x30
 2114 01b4 9F       		.byte	0x9f
 2115 01b5 98000000 		.4byte	.LVL64
 2116 01b9 A7000000 		.4byte	.LVL66-1
 2117 01bd 0100     		.2byte	0x1
 2118 01bf 53       		.byte	0x53
 2119 01c0 AA000000 		.4byte	.LVL67
 2120 01c4 B6000000 		.4byte	.LVL68
 2121 01c8 0100     		.2byte	0x1
 2122 01ca 53       		.byte	0x53
 2123 01cb B8000000 		.4byte	.LVL69
 2124 01cf C5000000 		.4byte	.LVL71-1
 2125 01d3 0100     		.2byte	0x1
 2126 01d5 53       		.byte	0x53
 2127 01d6 00000000 		.4byte	0
 2128 01da 00000000 		.4byte	0
 2129              		.section	.debug_aranges,"",%progbits
 2130 0000 44000000 		.4byte	0x44
 2131 0004 0200     		.2byte	0x2
 2132 0006 00000000 		.4byte	.Ldebug_info0
 2133 000a 04       		.byte	0x4
 2134 000b 00       		.byte	0
 2135 000c 0000     		.2byte	0
 2136 000e 0000     		.2byte	0
 2137 0010 00000000 		.4byte	.LFB63
 2138 0014 0E000000 		.4byte	.LFE63-.LFB63
 2139 0018 00000000 		.4byte	.LFB64
 2140 001c 70000000 		.4byte	.LFE64-.LFB64
 2141 0020 00000000 		.4byte	.LFB65
 2142 0024 16000000 		.4byte	.LFE65-.LFB65
 2143 0028 00000000 		.4byte	.LFB66
 2144 002c 48000000 		.4byte	.LFE66-.LFB66
 2145 0030 00000000 		.4byte	.LFB67
 2146 0034 A8000000 		.4byte	.LFE67-.LFB67
ARM GAS  C:\Users\David\AppData\Local\Temp\ccDSdk2u.s 			page 42


 2147 0038 00000000 		.4byte	.LFB68
 2148 003c F8000000 		.4byte	.LFE68-.LFB68
 2149 0040 00000000 		.4byte	0
 2150 0044 00000000 		.4byte	0
 2151              		.section	.debug_ranges,"",%progbits
 2152              	.Ldebug_ranges0:
 2153 0000 0A000000 		.4byte	.LBB2
 2154 0004 38000000 		.4byte	.LBE2
 2155 0008 58000000 		.4byte	.LBB3
 2156 000c 5E000000 		.4byte	.LBE3
 2157 0010 00000000 		.4byte	0
 2158 0014 00000000 		.4byte	0
 2159 0018 00000000 		.4byte	.LFB63
 2160 001c 0E000000 		.4byte	.LFE63
 2161 0020 00000000 		.4byte	.LFB64
 2162 0024 70000000 		.4byte	.LFE64
 2163 0028 00000000 		.4byte	.LFB65
 2164 002c 16000000 		.4byte	.LFE65
 2165 0030 00000000 		.4byte	.LFB66
 2166 0034 48000000 		.4byte	.LFE66
 2167 0038 00000000 		.4byte	.LFB67
 2168 003c A8000000 		.4byte	.LFE67
 2169 0040 00000000 		.4byte	.LFB68
 2170 0044 F8000000 		.4byte	.LFE68
 2171 0048 00000000 		.4byte	0
 2172 004c 00000000 		.4byte	0
 2173              		.section	.debug_line,"",%progbits
 2174              	.Ldebug_line0:
 2175 0000 B7020000 		.section	.debug_str,"MS",%progbits,1
 2175      0200B301 
 2175      00000201 
 2175      FB0E0D00 
 2175      01010101 
 2176              	.LASF25:
 2177 0000 4F6E6554 		.ascii	"OneTimeTask\000"
 2177      696D6554 
 2177      61736B00 
 2178              	.LASF31:
 2179 000c 66726571 		.ascii	"freq\000"
 2179      00
 2180              	.LASF59:
 2181 0011 433A5C55 		.ascii	"C:\\Users\\David\\Documents\\PSoC Creator\\Keypadte"
 2181      73657273 
 2181      5C446176 
 2181      69645C44 
 2181      6F63756D 
 2182 003f 73745C52 		.ascii	"st\\Riaszto.cydsn\000"
 2182      6961737A 
 2182      746F2E63 
 2182      7964736E 
 2182      00
 2183              	.LASF2:
 2184 0050 73686F72 		.ascii	"short int\000"
 2184      7420696E 
 2184      7400
 2185              	.LASF26:
 2186 005a 5461736B 		.ascii	"TaskFIFO\000"
ARM GAS  C:\Users\David\AppData\Local\Temp\ccDSdk2u.s 			page 43


 2186      4649464F 
 2186      00
 2187              	.LASF19:
 2188 0063 73697A65 		.ascii	"sizetype\000"
 2188      74797065 
 2188      00
 2189              	.LASF44:
 2190 006c 636D645F 		.ascii	"cmd_index\000"
 2190      696E6465 
 2190      7800
 2191              	.LASF33:
 2192 0076 6C636443 		.ascii	"lcdCommand\000"
 2192      6F6D6D61 
 2192      6E6400
 2193              	.LASF37:
 2194 0081 70686F6E 		.ascii	"phone_num_ind\000"
 2194      655F6E75 
 2194      6D5F696E 
 2194      6400
 2195              	.LASF30:
 2196 008f 62656570 		.ascii	"beepCommand\000"
 2196      436F6D6D 
 2196      616E6400 
 2197              	.LASF23:
 2198 009b 64617461 		.ascii	"data\000"
 2198      00
 2199              	.LASF22:
 2200 00a0 64656C61 		.ascii	"delay\000"
 2200      7900
 2201              	.LASF54:
 2202 00a6 7072696E 		.ascii	"print_lines_to_lcd\000"
 2202      745F6C69 
 2202      6E65735F 
 2202      746F5F6C 
 2202      636400
 2203              	.LASF50:
 2204 00b9 7072696E 		.ascii	"print_datetime\000"
 2204      745F6461 
 2204      74657469 
 2204      6D6500
 2205              	.LASF12:
 2206 00c8 75696E74 		.ascii	"uint16\000"
 2206      313600
 2207              	.LASF14:
 2208 00cf 696E7431 		.ascii	"int16\000"
 2208      3600
 2209              	.LASF11:
 2210 00d5 75696E74 		.ascii	"uint8\000"
 2210      3800
 2211              	.LASF49:
 2212 00db 746F496E 		.ascii	"toInt\000"
 2212      7400
 2213              	.LASF0:
 2214 00e1 7369676E 		.ascii	"signed char\000"
 2214      65642063 
 2214      68617200 
 2215              	.LASF15:
ARM GAS  C:\Users\David\AppData\Local\Temp\ccDSdk2u.s 			page 44


 2216 00ed 666C6F61 		.ascii	"float\000"
 2216      7400
 2217              	.LASF20:
 2218 00f3 66756E63 		.ascii	"func\000"
 2218      00
 2219              	.LASF36:
 2220 00f8 70686F6E 		.ascii	"phone_num\000"
 2220      655F6E75 
 2220      6D00
 2221              	.LASF6:
 2222 0102 6C6F6E67 		.ascii	"long long int\000"
 2222      206C6F6E 
 2222      6720696E 
 2222      7400
 2223              	.LASF48:
 2224 0110 736D735F 		.ascii	"sms_message\000"
 2224      6D657373 
 2224      61676500 
 2225              	.LASF4:
 2226 011c 6C6F6E67 		.ascii	"long int\000"
 2226      20696E74 
 2226      00
 2227              	.LASF21:
 2228 0125 66756E63 		.ascii	"funcnoparam\000"
 2228      6E6F7061 
 2228      72616D00 
 2229              	.LASF18:
 2230 0131 6C6F6E67 		.ascii	"long double\000"
 2230      20646F75 
 2230      626C6500 
 2231              	.LASF1:
 2232 013d 756E7369 		.ascii	"unsigned char\000"
 2232      676E6564 
 2232      20636861 
 2232      7200
 2233              	.LASF55:
 2234 014b 73707269 		.ascii	"sprintf\000"
 2234      6E746600 
 2235              	.LASF42:
 2236 0153 6E756D5F 		.ascii	"num_buffer\000"
 2236      62756666 
 2236      657200
 2237              	.LASF28:
 2238 015e 6E756D5F 		.ascii	"num_ind\000"
 2238      696E6400 
 2239              	.LASF7:
 2240 0166 6C6F6E67 		.ascii	"long long unsigned int\000"
 2240      206C6F6E 
 2240      6720756E 
 2240      7369676E 
 2240      65642069 
 2241              	.LASF38:
 2242 017d 6D657373 		.ascii	"message_length\000"
 2242      6167655F 
 2242      6C656E67 
 2242      746800
 2243              	.LASF8:
ARM GAS  C:\Users\David\AppData\Local\Temp\ccDSdk2u.s 			page 45


 2244 018c 756E7369 		.ascii	"unsigned int\000"
 2244      676E6564 
 2244      20696E74 
 2244      00
 2245              	.LASF47:
 2246 0199 66756C6C 		.ascii	"full_phone_num\000"
 2246      5F70686F 
 2246      6E655F6E 
 2246      756D00
 2247              	.LASF61:
 2248 01a8 72656164 		.ascii	"readNumFromCommandUntilNonNum\000"
 2248      4E756D46 
 2248      726F6D43 
 2248      6F6D6D61 
 2248      6E64556E 
 2249              	.LASF27:
 2250 01c6 73746172 		.ascii	"start\000"
 2250      7400
 2251              	.LASF3:
 2252 01cc 73686F72 		.ascii	"short unsigned int\000"
 2252      7420756E 
 2252      7369676E 
 2252      65642069 
 2252      6E7400
 2253              	.LASF58:
 2254 01df 4553505F 		.ascii	"ESP_API.c\000"
 2254      4150492E 
 2254      6300
 2255              	.LASF17:
 2256 01e9 63686172 		.ascii	"char\000"
 2256      00
 2257              	.LASF45:
 2258 01ee 66697273 		.ascii	"first_row\000"
 2258      745F726F 
 2258      7700
 2259              	.LASF46:
 2260 01f8 7365636F 		.ascii	"second_row\000"
 2260      6E645F72 
 2260      6F7700
 2261              	.LASF10:
 2262 0203 696E7433 		.ascii	"int32_t\000"
 2262      325F7400 
 2263              	.LASF56:
 2264 020b 73746172 		.ascii	"start_sms_sending_sequence\000"
 2264      745F736D 
 2264      735F7365 
 2264      6E64696E 
 2264      675F7365 
 2265              	.LASF40:
 2266 0226 636F6D6D 		.ascii	"command_buffer\000"
 2266      616E645F 
 2266      62756666 
 2266      657200
 2267              	.LASF53:
 2268 0235 55415254 		.ascii	"UART_ESP_PutChar\000"
 2268      5F455350 
 2268      5F507574 
ARM GAS  C:\Users\David\AppData\Local\Temp\ccDSdk2u.s 			page 46


 2268      43686172 
 2268      00
 2269              	.LASF32:
 2270 0246 64757261 		.ascii	"duration\000"
 2270      74696F6E 
 2270      00
 2271              	.LASF13:
 2272 024f 75696E74 		.ascii	"uint32\000"
 2272      333200
 2273              	.LASF29:
 2274 0256 67657453 		.ascii	"getSysTime\000"
 2274      79735469 
 2274      6D6500
 2275              	.LASF5:
 2276 0261 6C6F6E67 		.ascii	"long unsigned int\000"
 2276      20756E73 
 2276      69676E65 
 2276      6420696E 
 2276      7400
 2277              	.LASF16:
 2278 0273 646F7562 		.ascii	"double\000"
 2278      6C6500
 2279              	.LASF9:
 2280 027a 5F5F696E 		.ascii	"__int32_t\000"
 2280      7433325F 
 2280      7400
 2281              	.LASF60:
 2282 0284 69734E75 		.ascii	"isNumberic\000"
 2282      6D626572 
 2282      696300
 2283              	.LASF34:
 2284 028f 726F775F 		.ascii	"row_len\000"
 2284      6C656E00 
 2285              	.LASF51:
 2286 0297 55415254 		.ascii	"UART_ESP_PutString\000"
 2286      5F455350 
 2286      5F507574 
 2286      53747269 
 2286      6E6700
 2287              	.LASF52:
 2288 02aa 746F6E65 		.ascii	"tone\000"
 2288      00
 2289              	.LASF43:
 2290 02af 6C617374 		.ascii	"lastNonNum\000"
 2290      4E6F6E4E 
 2290      756D00
 2291              	.LASF39:
 2292 02ba 49544D5F 		.ascii	"ITM_RxBuffer\000"
 2292      52784275 
 2292      66666572 
 2292      00
 2293              	.LASF57:
 2294 02c7 474E5520 		.ascii	"GNU C11 5.4.1 20160609 (release) [ARM/embedded-5-br"
 2294      43313120 
 2294      352E342E 
 2294      31203230 
 2294      31363036 
ARM GAS  C:\Users\David\AppData\Local\Temp\ccDSdk2u.s 			page 47


 2295 02fa 616E6368 		.ascii	"anch revision 237715] -mcpu=cortex-m3 -mthumb -g -O"
 2295      20726576 
 2295      6973696F 
 2295      6E203233 
 2295      37373135 
 2296 032d 67202D66 		.ascii	"g -ffunction-sections -ffat-lto-objects\000"
 2296      66756E63 
 2296      74696F6E 
 2296      2D736563 
 2296      74696F6E 
 2297              	.LASF35:
 2298 0355 736D7343 		.ascii	"smsCommand\000"
 2298      6F6D6D61 
 2298      6E6400
 2299              	.LASF24:
 2300 0360 6E657874 		.ascii	"next\000"
 2300      00
 2301              	.LASF41:
 2302 0365 67736D5F 		.ascii	"gsm_fifo\000"
 2302      6669666F 
 2302      00
 2303              		.ident	"GCC: (GNU Tools for ARM Embedded Processors) 5.4.1 20160609 (release) [ARM/embedded-5-bran
